<?xml version="1.0" encoding="UTF-8" ?>
<testsuite tests="1" failures="1" name="ua.profitsoft.strymeneshenko.db.dao.InsuredPersonHibernateDAOTest" time="0.063" errors="0" skipped="0">
  <properties>
    <property name="idea.version" value="2018.3.3"/>
    <property name="java.runtime.name" value="Java(TM) SE Runtime Environment"/>
    <property name="sun.boot.library.path" value="C:\Program Files\Java\jdk1.8.0_201\jre\bin"/>
    <property name="java.vm.version" value="25.201-b09"/>
    <property name="java.vm.vendor" value="Oracle Corporation"/>
    <property name="maven.multiModuleProjectDirectory" value="C:\Users\user\workspace\ProfITsoftTasks-task8"/>
    <property name="java.vendor.url" value="http://java.oracle.com/"/>
    <property name="path.separator" value=";"/>
    <property name="guice.disable.misplaced.annotation.check" value="true"/>
    <property name="java.vm.name" value="Java HotSpot(TM) 64-Bit Server VM"/>
    <property name="file.encoding.pkg" value="sun.io"/>
    <property name="user.script" value=""/>
    <property name="user.country" value="RU"/>
    <property name="sun.java.launcher" value="SUN_STANDARD"/>
    <property name="sun.os.patch.level" value="Service Pack 1"/>
    <property name="java.vm.specification.name" value="Java Virtual Machine Specification"/>
    <property name="user.dir" value="C:\Users\user\workspace\ProfITsoftTasks-task8"/>
    <property name="java.runtime.version" value="1.8.0_201-b09"/>
    <property name="java.awt.graphicsenv" value="sun.awt.Win32GraphicsEnvironment"/>
    <property name="java.endorsed.dirs" value="C:\Program Files\Java\jdk1.8.0_201\jre\lib\endorsed"/>
    <property name="os.arch" value="amd64"/>
    <property name="java.io.tmpdir" value="C:\Users\user\AppData\Local\Temp\"/>
    <property name="line.separator" value="
"/>
    <property name="java.vm.specification.vendor" value="Oracle Corporation"/>
    <property name="user.variant" value=""/>
    <property name="os.name" value="Windows 7"/>
    <property name="classworlds.conf" value="C:\Program Files\JetBrains\IntelliJ IDEA 2018.3.3\plugins\maven\lib\maven3\bin\m2.conf"/>
    <property name="sun.jnu.encoding" value="Cp1251"/>
    <property name="java.library.path" value="C:\Program Files\Java\jdk1.8.0_201\bin;C:\Windows\Sun\Java\bin;C:\Windows\system32;C:\Windows;C:\Program Files (x86)\Common Files\Oracle\Java\javapath;C:\Program Files (x86)\Intel\iCLS Client\;C:\Program Files\Intel\iCLS Client\;C:\Windows\system32;C:\Windows;C:\Windows\System32\Wbem;C:\Windows\System32\WindowsPowerShell\v1.0\;C:\Program Files\Intel\Intel(R) Management Engine Components\DAL;C:\Program Files (x86)\Intel\Intel(R) Management Engine Components\DAL;C:\Program Files\Intel\Intel(R) Management Engine Components\IPT;C:\Program Files (x86)\Intel\Intel(R) Management Engine Components\IPT;C:\Program Files\TortoiseSVN\bin;C:\Users\user\AppData\Local\GitHubDesktop\bin;."/>
    <property name="java.specification.name" value="Java Platform API Specification"/>
    <property name="java.class.version" value="52.0"/>
    <property name="sun.management.compiler" value="HotSpot 64-Bit Tiered Compilers"/>
    <property name="os.version" value="6.1"/>
    <property name="user.home" value="C:\Users\user"/>
    <property name="user.timezone" value="Europe/Helsinki"/>
    <property name="java.awt.printerjob" value="sun.awt.windows.WPrinterJob"/>
    <property name="java.specification.version" value="1.8"/>
    <property name="file.encoding" value="UTF-8"/>
    <property name="user.name" value="user"/>
    <property name="java.class.path" value="C:\Program Files\JetBrains\IntelliJ IDEA 2018.3.3\plugins\maven\lib\maven3\boot\plexus-classworlds-2.5.2.jar;C:\Program Files\JetBrains\IntelliJ IDEA 2018.3.3\lib\idea_rt.jar"/>
    <property name="java.vm.specification.version" value="1.8"/>
    <property name="sun.arch.data.model" value="64"/>
    <property name="java.home" value="C:\Program Files\Java\jdk1.8.0_201\jre"/>
    <property name="sun.java.command" value="org.codehaus.classworlds.Launcher -Didea.version=2018.3.3 install"/>
    <property name="java.specification.vendor" value="Oracle Corporation"/>
    <property name="user.language" value="ru"/>
    <property name="awt.toolkit" value="sun.awt.windows.WToolkit"/>
    <property name="java.vm.info" value="mixed mode"/>
    <property name="java.version" value="1.8.0_201"/>
    <property name="java.ext.dirs" value="C:\Program Files\Java\jdk1.8.0_201\jre\lib\ext;C:\Windows\Sun\Java\lib\ext"/>
    <property name="sun.boot.class.path" value="C:\Program Files\Java\jdk1.8.0_201\jre\lib\resources.jar;C:\Program Files\Java\jdk1.8.0_201\jre\lib\rt.jar;C:\Program Files\Java\jdk1.8.0_201\jre\lib\sunrsasign.jar;C:\Program Files\Java\jdk1.8.0_201\jre\lib\jsse.jar;C:\Program Files\Java\jdk1.8.0_201\jre\lib\jce.jar;C:\Program Files\Java\jdk1.8.0_201\jre\lib\charsets.jar;C:\Program Files\Java\jdk1.8.0_201\jre\lib\jfr.jar;C:\Program Files\Java\jdk1.8.0_201\jre\classes"/>
    <property name="java.vendor" value="Oracle Corporation"/>
    <property name="maven.home" value="C:\Program Files\JetBrains\IntelliJ IDEA 2018.3.3\plugins\maven\lib\maven3"/>
    <property name="file.separator" value="\"/>
    <property name="java.vendor.url.bug" value="http://bugreport.sun.com/bugreport/"/>
    <property name="sun.cpu.endian" value="little"/>
    <property name="sun.io.unicode.encoding" value="UnicodeLittle"/>
    <property name="sun.desktop" value="windows"/>
    <property name="sun.cpu.isalist" value="amd64"/>
  </properties>
  <testcase classname="ua.profitsoft.strymeneshenko.db.dao.InsuredPersonHibernateDAOTest" name="CRUD" time="0.063">
    <failure message="expected:&lt;
InsuredPerson (id=30, firstName=Alex, lastName=Pierson, dateOfBirth=1987-08-12, cost=1423, identificationNumber=11111439)&gt; but was:&lt;
InsuredPerson (id=30, firstName=Alex, lastName=Pierson, dateOfBirth=1987-08-11 03:00:00.0, cost=1423, identificationNumber=11111439)&gt;" type="java.lang.AssertionError">java.lang.AssertionError: expected:&lt;
InsuredPerson (id=30, firstName=Alex, lastName=Pierson, dateOfBirth=1987-08-12, cost=1423, identificationNumber=11111439)&gt; but was:&lt;
InsuredPerson (id=30, firstName=Alex, lastName=Pierson, dateOfBirth=1987-08-11 03:00:00.0, cost=1423, identificationNumber=11111439)&gt;
	at org.junit.Assert.fail(Assert.java:89)
	at org.junit.Assert.failNotEquals(Assert.java:835)
	at org.junit.Assert.assertEquals(Assert.java:120)
	at org.junit.Assert.assertEquals(Assert.java:146)
	at ua.profitsoft.strymeneshenko.db.dao.InsuredPersonHibernateDAOTest.CRUD(InsuredPersonHibernateDAOTest.java:30)
	at sun.reflect.NativeMethodAccessorImpl.invoke0(Native Method)
	at sun.reflect.NativeMethodAccessorImpl.invoke(NativeMethodAccessorImpl.java:62)
	at sun.reflect.DelegatingMethodAccessorImpl.invoke(DelegatingMethodAccessorImpl.java:43)
	at java.lang.reflect.Method.invoke(Method.java:498)
	at org.junit.runners.model.FrameworkMethod$1.runReflectiveCall(FrameworkMethod.java:59)
	at org.junit.internal.runners.model.ReflectiveCallable.run(ReflectiveCallable.java:12)
	at org.junit.runners.model.FrameworkMethod.invokeExplosively(FrameworkMethod.java:56)
	at org.junit.internal.runners.statements.InvokeMethod.evaluate(InvokeMethod.java:17)
	at org.springframework.test.context.junit4.statements.RunBeforeTestMethodCallbacks.evaluate(RunBeforeTestMethodCallbacks.java:75)
	at org.springframework.test.context.junit4.statements.RunAfterTestMethodCallbacks.evaluate(RunAfterTestMethodCallbacks.java:86)
	at org.springframework.test.context.junit4.statements.SpringRepeat.evaluate(SpringRepeat.java:84)
	at org.junit.runners.ParentRunner.runLeaf(ParentRunner.java:365)
	at org.springframework.test.context.junit4.SpringJUnit4ClassRunner.runChild(SpringJUnit4ClassRunner.java:252)
	at org.springframework.test.context.junit4.SpringJUnit4ClassRunner.runChild(SpringJUnit4ClassRunner.java:94)
	at org.junit.runners.ParentRunner$4.run(ParentRunner.java:330)
	at org.junit.runners.ParentRunner$1.schedule(ParentRunner.java:78)
	at org.junit.runners.ParentRunner.runChildren(ParentRunner.java:328)
	at org.junit.runners.ParentRunner.access$100(ParentRunner.java:65)
	at org.junit.runners.ParentRunner$2.evaluate(ParentRunner.java:292)
	at org.springframework.test.context.junit4.statements.RunBeforeTestClassCallbacks.evaluate(RunBeforeTestClassCallbacks.java:61)
	at org.springframework.test.context.junit4.statements.RunAfterTestClassCallbacks.evaluate(RunAfterTestClassCallbacks.java:70)
	at org.junit.runners.ParentRunner$3.evaluate(ParentRunner.java:305)
	at org.junit.runners.ParentRunner.run(ParentRunner.java:412)
	at org.springframework.test.context.junit4.SpringJUnit4ClassRunner.run(SpringJUnit4ClassRunner.java:191)
	at org.apache.maven.surefire.junit4.JUnit4Provider.execute(JUnit4Provider.java:252)
	at org.apache.maven.surefire.junit4.JUnit4Provider.executeTestSet(JUnit4Provider.java:141)
	at org.apache.maven.surefire.junit4.JUnit4Provider.invoke(JUnit4Provider.java:112)
	at sun.reflect.NativeMethodAccessorImpl.invoke0(Native Method)
	at sun.reflect.NativeMethodAccessorImpl.invoke(NativeMethodAccessorImpl.java:62)
	at sun.reflect.DelegatingMethodAccessorImpl.invoke(DelegatingMethodAccessorImpl.java:43)
	at java.lang.reflect.Method.invoke(Method.java:498)
	at org.apache.maven.surefire.util.ReflectionUtils.invokeMethodWithArray(ReflectionUtils.java:189)
	at org.apache.maven.surefire.booter.ProviderFactory$ProviderProxy.invoke(ProviderFactory.java:165)
	at org.apache.maven.surefire.booter.ProviderFactory.invokeProvider(ProviderFactory.java:85)
	at org.apache.maven.surefire.booter.ForkedBooter.runSuitesInProcess(ForkedBooter.java:115)
	at org.apache.maven.surefire.booter.ForkedBooter.main(ForkedBooter.java:75)
</failure>
    <system-out>2019-02-07 12:11:38 DEBUG SpringJUnit4ClassRunner:140 - SpringJUnit4ClassRunner constructor called with [class ua.profitsoft.strymeneshenko.db.dao.InsuredPersonHibernateDAOTest]
2019-02-07 12:11:38 DEBUG BootstrapUtils:95 - Instantiating CacheAwareContextLoaderDelegate from class [org.springframework.test.context.cache.DefaultCacheAwareContextLoaderDelegate]
2019-02-07 12:11:38 DEBUG BootstrapUtils:78 - Instantiating BootstrapContext using constructor [public org.springframework.test.context.support.DefaultBootstrapContext(java.lang.Class,org.springframework.test.context.CacheAwareContextLoaderDelegate)]
2019-02-07 12:11:38 DEBUG BootstrapUtils:131 - Instantiating TestContextBootstrapper for test class [ua.profitsoft.strymeneshenko.db.dao.InsuredPersonHibernateDAOTest] from class [org.springframework.test.context.support.DefaultTestContextBootstrapper]
2019-02-07 12:11:38 DEBUG AbstractDelegatingSmartContextLoader:269 - Delegating to GenericXmlContextLoader to process context configuration [ContextConfigurationAttributes@273293c8 declaringClass = &apos;ua.profitsoft.strymeneshenko.db.dao.InsuredPersonHibernateDAOTest&apos;, classes = &apos;{}&apos;, locations = &apos;{file:./src/main/resources/spring-context.xml}&apos;, inheritLocations = true, initializers = &apos;{}&apos;, inheritInitializers = true, name = [null], contextLoaderClass = &apos;org.springframework.test.context.ContextLoader&apos;].
2019-02-07 12:11:38 DEBUG ActiveProfilesUtils:78 - Could not find an &apos;annotation declaring class&apos; for annotation type [org.springframework.test.context.ActiveProfiles] and class [ua.profitsoft.strymeneshenko.db.dao.InsuredPersonHibernateDAOTest]
2019-02-07 12:11:38 INFO  DefaultTestContextBootstrapper:174 - Using TestExecutionListeners: [org.springframework.test.context.support.DependencyInjectionTestExecutionListener@2804b13f]
2019-02-07 12:11:38 DEBUG ProfileValueUtils:68 - Retrieved @ProfileValueSourceConfiguration [null] for test class [ua.profitsoft.strymeneshenko.db.dao.InsuredPersonHibernateDAOTest]
2019-02-07 12:11:38 DEBUG ProfileValueUtils:80 - Retrieved ProfileValueSource type [class org.springframework.test.annotation.SystemProfileValueSource] for class [ua.profitsoft.strymeneshenko.db.dao.InsuredPersonHibernateDAOTest]
2019-02-07 12:11:38 DEBUG ProfileValueUtils:68 - Retrieved @ProfileValueSourceConfiguration [null] for test class [ua.profitsoft.strymeneshenko.db.dao.InsuredPersonHibernateDAOTest]
2019-02-07 12:11:38 DEBUG ProfileValueUtils:80 - Retrieved ProfileValueSource type [class org.springframework.test.annotation.SystemProfileValueSource] for class [ua.profitsoft.strymeneshenko.db.dao.InsuredPersonHibernateDAOTest]
2019-02-07 12:11:38 DEBUG ProfileValueUtils:68 - Retrieved @ProfileValueSourceConfiguration [null] for test class [ua.profitsoft.strymeneshenko.db.dao.InsuredPersonHibernateDAOTest]
2019-02-07 12:11:38 DEBUG ProfileValueUtils:80 - Retrieved ProfileValueSource type [class org.springframework.test.annotation.SystemProfileValueSource] for class [ua.profitsoft.strymeneshenko.db.dao.InsuredPersonHibernateDAOTest]
2019-02-07 12:11:38 DEBUG ProfileValueUtils:68 - Retrieved @ProfileValueSourceConfiguration [null] for test class [ua.profitsoft.strymeneshenko.db.dao.InsuredPersonHibernateDAOTest]
2019-02-07 12:11:38 DEBUG ProfileValueUtils:80 - Retrieved ProfileValueSource type [class org.springframework.test.annotation.SystemProfileValueSource] for class [ua.profitsoft.strymeneshenko.db.dao.InsuredPersonHibernateDAOTest]
2019-02-07 12:11:38 DEBUG ProfileValueUtils:68 - Retrieved @ProfileValueSourceConfiguration [null] for test class [ua.profitsoft.strymeneshenko.db.dao.InsuredPersonHibernateDAOTest]
2019-02-07 12:11:38 DEBUG ProfileValueUtils:80 - Retrieved ProfileValueSource type [class org.springframework.test.annotation.SystemProfileValueSource] for class [ua.profitsoft.strymeneshenko.db.dao.InsuredPersonHibernateDAOTest]
2019-02-07 12:11:38 DEBUG DependencyInjectionTestExecutionListener:81 - Performing dependency injection for test context [[DefaultTestContext@69069866 testClass = InsuredPersonHibernateDAOTest, testInstance = ua.profitsoft.strymeneshenko.db.dao.InsuredPersonHibernateDAOTest@ac417a2, testMethod = [null], testException = [null], mergedContextConfiguration = [MergedContextConfiguration@64c95480 testClass = InsuredPersonHibernateDAOTest, locations = &apos;{file:src/main/resources/spring-context.xml}&apos;, classes = &apos;{}&apos;, contextInitializerClasses = &apos;[]&apos;, activeProfiles = &apos;{}&apos;, propertySourceLocations = &apos;{}&apos;, propertySourceProperties = &apos;{}&apos;, contextCustomizers = set[[empty]], contextLoader = &apos;org.springframework.test.context.support.DelegatingSmartContextLoader&apos;, parent = [null]]]].
2019-02-07 12:11:38 DEBUG DefaultCacheAwareContextLoaderDelegate:129 - Retrieved ApplicationContext from cache with key [[MergedContextConfiguration@64c95480 testClass = InsuredPersonHibernateDAOTest, locations = &apos;{file:src/main/resources/spring-context.xml}&apos;, classes = &apos;{}&apos;, contextInitializerClasses = &apos;[]&apos;, activeProfiles = &apos;{}&apos;, propertySourceLocations = &apos;{}&apos;, propertySourceProperties = &apos;{}&apos;, contextCustomizers = set[[empty]], contextLoader = &apos;org.springframework.test.context.support.DelegatingSmartContextLoader&apos;, parent = [null]]]
2019-02-07 12:11:38 DEBUG cache:290 - Spring test ApplicationContext cache statistics: [DefaultContextCache@510689af size = 2, maxSize = 32, parentContextCount = 0, hitCount = 15, missCount = 2]
2019-02-07 12:11:38 DEBUG InjectionMetadata:85 - Processing injected element of bean &apos;ua.profitsoft.strymeneshenko.db.dao.InsuredPersonHibernateDAOTest&apos;: AutowiredFieldElement for private ua.profitsoft.strymeneshenko.db.dao.hibernate.InsuredPersonHibernateDAO ua.profitsoft.strymeneshenko.db.dao.InsuredPersonHibernateDAOTest.insuredPersonDAO
2019-02-07 12:11:38 DEBUG DefaultListableBeanFactory:251 - Returning cached instance of singleton bean &apos;insuredPersonHibernateDAO&apos;
2019-02-07 12:11:38 DEBUG AutowiredAnnotationBeanPostProcessor:533 - Autowiring by type from bean name &apos;ua.profitsoft.strymeneshenko.db.dao.InsuredPersonHibernateDAOTest&apos; to bean named &apos;insuredPersonHibernateDAO&apos;
2019-02-07 12:11:38 DEBUG DefaultListableBeanFactory:251 - Returning cached instance of singleton bean &apos;org.springframework.transaction.config.internalTransactionAdvisor&apos;
2019-02-07 12:11:38 DEBUG TransactionImpl:56 - On TransactionImpl creation, JpaCompliance#isJpaTransactionComplianceEnabled == false
2019-02-07 12:11:38 DEBUG TransactionImpl:78 - begin
2019-02-07 12:11:38 DEBUG ActionQueue:281 - Executing identity-insert immediately
2019-02-07 12:11:38 DEBUG SQL:94 - insert into insuredperson (firstName, lastName, dateOfBirth, cost, identificationNumber) values (?, ?, ?, ?, ?)
Hibernate: insert into insuredperson (firstName, lastName, dateOfBirth, cost, identificationNumber) values (?, ?, ?, ?, ?)
2019-02-07 12:11:38 DEBUG IdentifierGeneratorHelper:78 - Natively generated identity: 30
2019-02-07 12:11:38 DEBUG ResourceRegistryStandardImpl:87 - HHH000387: ResultSet&apos;s statement was not registered
2019-02-07 12:11:38 DEBUG TransactionImpl:95 - committing
2019-02-07 12:11:38 DEBUG AbstractFlushingEventListener:141 - Processing flush-time cascades
2019-02-07 12:11:38 DEBUG AbstractFlushingEventListener:193 - Dirty checking collections
2019-02-07 12:11:38 DEBUG AbstractFlushingEventListener:115 - Flushed: 0 insertions, 0 updates, 0 deletions to 1 objects
2019-02-07 12:11:38 DEBUG AbstractFlushingEventListener:122 - Flushed: 0 (re)creations, 0 updates, 0 removals to 0 collections
2019-02-07 12:11:38 DEBUG EntityPrinter:102 - Listing entities:
2019-02-07 12:11:38 DEBUG EntityPrinter:109 - ua.profitsoft.strymeneshenko.data.InsuredPerson{firstName=Alex, lastName=Pierson, cost=1423, identificationNumber=11111439, dateOfBirth=1987-08-12, id=30}
2019-02-07 12:11:38 DEBUG LogicalConnectionManagedImpl:161 - Initiating JDBC connection release from afterTransaction
2019-02-07 12:11:38 DEBUG LogicalConnectionManagedImpl:161 - Initiating JDBC connection release from afterTransaction
2019-02-07 12:11:38 DEBUG QueryTranslatorImpl:287 - parse() - HQL: SELECT ip FROM ua.profitsoft.strymeneshenko.data.InsuredPerson as ip WHERE ip.id = :id
2019-02-07 12:11:38 DEBUG ErrorTracker:97 - throwQueryException() : no errors
2019-02-07 12:11:38 DEBUG QueryTranslatorImpl:308 - --- HQL AST ---
 \-[QUERY] Node: &apos;query&apos;
    +-[SELECT_FROM] Node: &apos;SELECT_FROM&apos;
    |  +-[FROM] Node: &apos;FROM&apos;
    |  |  \-[RANGE] Node: &apos;RANGE&apos;
    |  |     +-[DOT] Node: &apos;.&apos;
    |  |     |  +-[DOT] Node: &apos;.&apos;
    |  |     |  |  +-[DOT] Node: &apos;.&apos;
    |  |     |  |  |  +-[DOT] Node: &apos;.&apos;
    |  |     |  |  |  |  +-[IDENT] Node: &apos;ua&apos;
    |  |     |  |  |  |  \-[IDENT] Node: &apos;profitsoft&apos;
    |  |     |  |  |  \-[IDENT] Node: &apos;strymeneshenko&apos;
    |  |     |  |  \-[IDENT] Node: &apos;data&apos;
    |  |     |  \-[IDENT] Node: &apos;InsuredPerson&apos;
    |  |     \-[ALIAS] Node: &apos;ip&apos;
    |  \-[SELECT] Node: &apos;SELECT&apos;
    |     \-[IDENT] Node: &apos;ip&apos;
    \-[WHERE] Node: &apos;WHERE&apos;
       \-[EQ] Node: &apos;=&apos;
          +-[DOT] Node: &apos;.&apos;
          |  +-[IDENT] Node: &apos;ip&apos;
          |  \-[IDENT] Node: &apos;id&apos;
          \-[COLON] Node: &apos;:&apos;
             \-[IDENT] Node: &apos;id&apos;

2019-02-07 12:11:38 DEBUG HqlSqlBaseWalker:124 - select &lt;&lt; begin [level=1, statement=select]
2019-02-07 12:11:38 DEBUG FromElement:146 - FromClause{level=1} : ua.profitsoft.strymeneshenko.data.InsuredPerson (ip) -&gt; insuredper0_
2019-02-07 12:11:38 DEBUG FromReferenceNode:60 - Resolved : ip -&gt; insuredper0_.id
2019-02-07 12:11:38 DEBUG FromReferenceNode:60 - Resolved : ip -&gt; insuredper0_.id
2019-02-07 12:11:38 DEBUG DotNode:688 - getDataType() : id -&gt; org.hibernate.type.LongType@62f4ff3b
2019-02-07 12:11:38 DEBUG FromReferenceNode:60 - Resolved : ip.id -&gt; insuredper0_.id
2019-02-07 12:11:38 DEBUG HqlSqlBaseWalker:128 - select : finishing up [level=1, statement=select]
2019-02-07 12:11:38 DEBUG HqlSqlWalker:752 - processQuery() :  ( SELECT ( {select clause} insuredper0_.id ) ( FromClause{level=1} insuredperson insuredper0_ ) ( WHERE ( = ( insuredper0_.id insuredper0_.id id ) ? ) ) )
2019-02-07 12:11:38 DEBUG JoinProcessor:192 - Using FROM fragment [insuredperson insuredper0_]
2019-02-07 12:11:38 DEBUG HqlSqlBaseWalker:132 - select &gt;&gt; end [level=1, statement=select]
2019-02-07 12:11:38 DEBUG QueryTranslatorImpl:274 - --- SQL AST ---
 \-[SELECT] QueryNode: &apos;SELECT&apos;  querySpaces (insuredperson)
    +-[SELECT_CLAUSE] SelectClause: &apos;{select clause}&apos;
    |  +-[ALIAS_REF] IdentNode: &apos;insuredper0_.id as id1_3_&apos; {alias=ip, className=ua.profitsoft.strymeneshenko.data.InsuredPerson, tableAlias=insuredper0_}
    |  \-[SQL_TOKEN] SqlFragment: &apos;insuredper0_.firstName as firstNam2_3_, insuredper0_.lastName as lastName3_3_, insuredper0_.dateOfBirth as dateOfBi4_3_, insuredper0_.cost as cost5_3_, insuredper0_.identificationNumber as identifi6_3_&apos;
    +-[FROM] FromClause: &apos;FROM&apos; FromClause{level=1, fromElementCounter=1, fromElements=1, fromElementByClassAlias=[ip], fromElementByTableAlias=[insuredper0_], fromElementsByPath=[], collectionJoinFromElementsByPath=[], impliedElements=[]}
    |  \-[FROM_FRAGMENT] FromElement: &apos;insuredperson insuredper0_&apos; FromElement{explicit,not a collection join,not a fetch join,fetch non-lazy properties,classAlias=ip,role=null,tableName=insuredperson,tableAlias=insuredper0_,origin=null,columns={,className=ua.profitsoft.strymeneshenko.data.InsuredPerson}}
    \-[WHERE] SqlNode: &apos;WHERE&apos;
       \-[EQ] BinaryLogicOperatorNode: &apos;=&apos;
          +-[DOT] DotNode: &apos;insuredper0_.id&apos; {propertyName=id,dereferenceType=PRIMITIVE,getPropertyPath=id,path=ip.id,tableAlias=insuredper0_,className=ua.profitsoft.strymeneshenko.data.InsuredPerson,classAlias=ip}
          |  +-[ALIAS_REF] IdentNode: &apos;insuredper0_.id&apos; {alias=ip, className=ua.profitsoft.strymeneshenko.data.InsuredPerson, tableAlias=insuredper0_}
          |  \-[IDENT] IdentNode: &apos;id&apos; {originalText=id}
          \-[NAMED_PARAM] ParameterNode: &apos;?&apos; {name=id, expectedType=org.hibernate.type.LongType@62f4ff3b}

2019-02-07 12:11:38 DEBUG ErrorTracker:97 - throwQueryException() : no errors
2019-02-07 12:11:38 DEBUG QueryTranslatorImpl:253 - HQL: SELECT ip FROM ua.profitsoft.strymeneshenko.data.InsuredPerson as ip WHERE ip.id = :id
2019-02-07 12:11:38 DEBUG QueryTranslatorImpl:254 - SQL: select insuredper0_.id as id1_3_, insuredper0_.firstName as firstNam2_3_, insuredper0_.lastName as lastName3_3_, insuredper0_.dateOfBirth as dateOfBi4_3_, insuredper0_.cost as cost5_3_, insuredper0_.identificationNumber as identifi6_3_ from insuredperson insuredper0_ where insuredper0_.id=?
2019-02-07 12:11:38 DEBUG ErrorTracker:97 - throwQueryException() : no errors
2019-02-07 12:11:38 DEBUG SQL:94 - select insuredper0_.id as id1_3_, insuredper0_.firstName as firstNam2_3_, insuredper0_.lastName as lastName3_3_, insuredper0_.dateOfBirth as dateOfBi4_3_, insuredper0_.cost as cost5_3_, insuredper0_.identificationNumber as identifi6_3_ from insuredperson insuredper0_ where insuredper0_.id=?
Hibernate: select insuredper0_.id as id1_3_, insuredper0_.firstName as firstNam2_3_, insuredper0_.lastName as lastName3_3_, insuredper0_.dateOfBirth as dateOfBi4_3_, insuredper0_.cost as cost5_3_, insuredper0_.identificationNumber as identifi6_3_ from insuredperson insuredper0_ where insuredper0_.id=?
2019-02-07 12:11:38 DEBUG Loader:384 - Result set row: 0
2019-02-07 12:11:38 DEBUG Loader:1532 - Result row: EntityKey[ua.profitsoft.strymeneshenko.data.InsuredPerson#30]
2019-02-07 12:11:38 DEBUG TwoPhaseLoad:145 - Resolving associations for [ua.profitsoft.strymeneshenko.data.InsuredPerson#30]
2019-02-07 12:11:38 DEBUG TwoPhaseLoad:290 - Done materializing entity [ua.profitsoft.strymeneshenko.data.InsuredPerson#30]
2019-02-07 12:11:38 DEBUG LogicalConnectionManagedImpl:161 - Initiating JDBC connection release from afterTransaction
</system-out>
  </testcase>
</testsuite>