<?xml version="1.0" encoding="UTF-8" ?>
<testsuite tests="1" failures="0" name="ua.profitsoft.strymeneshenko.controllers.mvc.AddInsuredPersonControllerTest" time="0.584" errors="1" skipped="0">
  <properties>
    <property name="idea.version" value="2018.3.4"/>
    <property name="java.runtime.name" value="Java(TM) SE Runtime Environment"/>
    <property name="sun.boot.library.path" value="C:\Program Files\Java\jdk1.8.0_201\jre\bin"/>
    <property name="java.vm.version" value="25.201-b09"/>
    <property name="java.vm.vendor" value="Oracle Corporation"/>
    <property name="maven.multiModuleProjectDirectory" value="C:\Users\user\workspace\ProfITsoftTasks-task8"/>
    <property name="java.vendor.url" value="http://java.oracle.com/"/>
    <property name="path.separator" value=";"/>
    <property name="guice.disable.misplaced.annotation.check" value="true"/>
    <property name="java.vm.name" value="Java HotSpot(TM) 64-Bit Server VM"/>
    <property name="file.encoding.pkg" value="sun.io"/>
    <property name="user.script" value=""/>
    <property name="user.country" value="RU"/>
    <property name="sun.java.launcher" value="SUN_STANDARD"/>
    <property name="sun.os.patch.level" value="Service Pack 1"/>
    <property name="java.vm.specification.name" value="Java Virtual Machine Specification"/>
    <property name="user.dir" value="C:\Users\user\workspace\ProfITsoftTasks-task8"/>
    <property name="java.runtime.version" value="1.8.0_201-b09"/>
    <property name="java.awt.graphicsenv" value="sun.awt.Win32GraphicsEnvironment"/>
    <property name="java.endorsed.dirs" value="C:\Program Files\Java\jdk1.8.0_201\jre\lib\endorsed"/>
    <property name="os.arch" value="amd64"/>
    <property name="java.io.tmpdir" value="C:\Users\user\AppData\Local\Temp\"/>
    <property name="line.separator" value="
"/>
    <property name="java.vm.specification.vendor" value="Oracle Corporation"/>
    <property name="user.variant" value=""/>
    <property name="os.name" value="Windows 7"/>
    <property name="classworlds.conf" value="C:\Program Files\JetBrains\IntelliJ IDEA 2018.3.4\plugins\maven\lib\maven3\bin\m2.conf"/>
    <property name="sun.jnu.encoding" value="Cp1251"/>
    <property name="java.library.path" value="C:\Program Files\Java\jdk1.8.0_201\bin;C:\Windows\Sun\Java\bin;C:\Windows\system32;C:\Windows;C:\Program Files (x86)\Common Files\Oracle\Java\javapath;C:\Program Files (x86)\Intel\iCLS Client\;C:\Program Files\Intel\iCLS Client\;C:\Windows\system32;C:\Windows;C:\Windows\System32\Wbem;C:\Windows\System32\WindowsPowerShell\v1.0\;C:\Program Files\Intel\Intel(R) Management Engine Components\DAL;C:\Program Files (x86)\Intel\Intel(R) Management Engine Components\DAL;C:\Program Files\Intel\Intel(R) Management Engine Components\IPT;C:\Program Files (x86)\Intel\Intel(R) Management Engine Components\IPT;C:\Program Files\TortoiseSVN\bin;C:\Users\user\AppData\Local\GitHubDesktop\bin;."/>
    <property name="java.specification.name" value="Java Platform API Specification"/>
    <property name="java.class.version" value="52.0"/>
    <property name="sun.management.compiler" value="HotSpot 64-Bit Tiered Compilers"/>
    <property name="os.version" value="6.1"/>
    <property name="user.home" value="C:\Users\user"/>
    <property name="user.timezone" value="Europe/Helsinki"/>
    <property name="java.awt.printerjob" value="sun.awt.windows.WPrinterJob"/>
    <property name="java.specification.version" value="1.8"/>
    <property name="file.encoding" value="UTF-8"/>
    <property name="user.name" value="user"/>
    <property name="java.class.path" value="C:\Program Files\JetBrains\IntelliJ IDEA 2018.3.4\plugins\maven\lib\maven3\boot\plexus-classworlds-2.5.2.jar;C:\Program Files\JetBrains\IntelliJ IDEA 2018.3.4\lib\idea_rt.jar"/>
    <property name="java.vm.specification.version" value="1.8"/>
    <property name="sun.arch.data.model" value="64"/>
    <property name="java.home" value="C:\Program Files\Java\jdk1.8.0_201\jre"/>
    <property name="sun.java.command" value="org.codehaus.classworlds.Launcher -Didea.version=2018.3.4 install"/>
    <property name="java.specification.vendor" value="Oracle Corporation"/>
    <property name="user.language" value="ru"/>
    <property name="awt.toolkit" value="sun.awt.windows.WToolkit"/>
    <property name="java.vm.info" value="mixed mode"/>
    <property name="java.version" value="1.8.0_201"/>
    <property name="java.ext.dirs" value="C:\Program Files\Java\jdk1.8.0_201\jre\lib\ext;C:\Windows\Sun\Java\lib\ext"/>
    <property name="sun.boot.class.path" value="C:\Program Files\Java\jdk1.8.0_201\jre\lib\resources.jar;C:\Program Files\Java\jdk1.8.0_201\jre\lib\rt.jar;C:\Program Files\Java\jdk1.8.0_201\jre\lib\sunrsasign.jar;C:\Program Files\Java\jdk1.8.0_201\jre\lib\jsse.jar;C:\Program Files\Java\jdk1.8.0_201\jre\lib\jce.jar;C:\Program Files\Java\jdk1.8.0_201\jre\lib\charsets.jar;C:\Program Files\Java\jdk1.8.0_201\jre\lib\jfr.jar;C:\Program Files\Java\jdk1.8.0_201\jre\classes"/>
    <property name="java.vendor" value="Oracle Corporation"/>
    <property name="maven.home" value="C:\Program Files\JetBrains\IntelliJ IDEA 2018.3.4\plugins\maven\lib\maven3"/>
    <property name="file.separator" value="\"/>
    <property name="java.vendor.url.bug" value="http://bugreport.sun.com/bugreport/"/>
    <property name="sun.cpu.endian" value="little"/>
    <property name="sun.io.unicode.encoding" value="UnicodeLittle"/>
    <property name="sun.desktop" value="windows"/>
    <property name="sun.cpu.isalist" value="amd64"/>
  </properties>
  <testcase classname="ua.profitsoft.strymeneshenko.controllers.mvc.AddInsuredPersonControllerTest" name="goEdit" time="0.584">
    <error message="Request processing failed; nested exception is org.hibernate.exception.ConstraintViolationException: could not execute statement" type="org.springframework.web.util.NestedServletException">org.springframework.web.util.NestedServletException: Request processing failed; nested exception is org.hibernate.exception.ConstraintViolationException: could not execute statement
	at org.springframework.web.servlet.FrameworkServlet.processRequest(FrameworkServlet.java:982)
	at org.springframework.web.servlet.FrameworkServlet.doPost(FrameworkServlet.java:872)
	at javax.servlet.http.HttpServlet.service(HttpServlet.java:707)
	at org.springframework.web.servlet.FrameworkServlet.service(FrameworkServlet.java:846)
	at org.springframework.test.web.servlet.TestDispatcherServlet.service(TestDispatcherServlet.java:71)
	at javax.servlet.http.HttpServlet.service(HttpServlet.java:790)
	at org.springframework.mock.web.MockFilterChain$ServletFilterProxy.doFilter(MockFilterChain.java:160)
	at org.springframework.mock.web.MockFilterChain.doFilter(MockFilterChain.java:127)
	at org.springframework.test.web.servlet.MockMvc.perform(MockMvc.java:151)
	at ua.profitsoft.strymeneshenko.controllers.mvc.AddInsuredPersonControllerTest.goEdit(AddInsuredPersonControllerTest.java:37)
	at sun.reflect.NativeMethodAccessorImpl.invoke0(Native Method)
	at sun.reflect.NativeMethodAccessorImpl.invoke(NativeMethodAccessorImpl.java:62)
	at sun.reflect.DelegatingMethodAccessorImpl.invoke(DelegatingMethodAccessorImpl.java:43)
	at java.lang.reflect.Method.invoke(Method.java:498)
	at org.junit.runners.model.FrameworkMethod$1.runReflectiveCall(FrameworkMethod.java:59)
	at org.junit.internal.runners.model.ReflectiveCallable.run(ReflectiveCallable.java:12)
	at org.junit.runners.model.FrameworkMethod.invokeExplosively(FrameworkMethod.java:56)
	at org.junit.internal.runners.statements.InvokeMethod.evaluate(InvokeMethod.java:17)
	at org.junit.internal.runners.statements.RunBefores.evaluate(RunBefores.java:26)
	at org.springframework.test.context.junit4.statements.RunBeforeTestMethodCallbacks.evaluate(RunBeforeTestMethodCallbacks.java:75)
	at org.springframework.test.context.junit4.statements.RunAfterTestMethodCallbacks.evaluate(RunAfterTestMethodCallbacks.java:86)
	at org.springframework.test.context.junit4.statements.SpringRepeat.evaluate(SpringRepeat.java:84)
	at org.junit.runners.ParentRunner.runLeaf(ParentRunner.java:365)
	at org.springframework.test.context.junit4.SpringJUnit4ClassRunner.runChild(SpringJUnit4ClassRunner.java:252)
	at org.springframework.test.context.junit4.SpringJUnit4ClassRunner.runChild(SpringJUnit4ClassRunner.java:94)
	at org.junit.runners.ParentRunner$4.run(ParentRunner.java:330)
	at org.junit.runners.ParentRunner$1.schedule(ParentRunner.java:78)
	at org.junit.runners.ParentRunner.runChildren(ParentRunner.java:328)
	at org.junit.runners.ParentRunner.access$100(ParentRunner.java:65)
	at org.junit.runners.ParentRunner$2.evaluate(ParentRunner.java:292)
	at org.springframework.test.context.junit4.statements.RunBeforeTestClassCallbacks.evaluate(RunBeforeTestClassCallbacks.java:61)
	at org.springframework.test.context.junit4.statements.RunAfterTestClassCallbacks.evaluate(RunAfterTestClassCallbacks.java:70)
	at org.junit.runners.ParentRunner$3.evaluate(ParentRunner.java:305)
	at org.junit.runners.ParentRunner.run(ParentRunner.java:412)
	at org.springframework.test.context.junit4.SpringJUnit4ClassRunner.run(SpringJUnit4ClassRunner.java:191)
	at org.apache.maven.surefire.junit4.JUnit4Provider.execute(JUnit4Provider.java:252)
	at org.apache.maven.surefire.junit4.JUnit4Provider.executeTestSet(JUnit4Provider.java:141)
	at org.apache.maven.surefire.junit4.JUnit4Provider.invoke(JUnit4Provider.java:112)
	at sun.reflect.NativeMethodAccessorImpl.invoke0(Native Method)
	at sun.reflect.NativeMethodAccessorImpl.invoke(NativeMethodAccessorImpl.java:62)
	at sun.reflect.DelegatingMethodAccessorImpl.invoke(DelegatingMethodAccessorImpl.java:43)
	at java.lang.reflect.Method.invoke(Method.java:498)
	at org.apache.maven.surefire.util.ReflectionUtils.invokeMethodWithArray(ReflectionUtils.java:189)
	at org.apache.maven.surefire.booter.ProviderFactory$ProviderProxy.invoke(ProviderFactory.java:165)
	at org.apache.maven.surefire.booter.ProviderFactory.invokeProvider(ProviderFactory.java:85)
	at org.apache.maven.surefire.booter.ForkedBooter.runSuitesInProcess(ForkedBooter.java:115)
	at org.apache.maven.surefire.booter.ForkedBooter.main(ForkedBooter.java:75)
Caused by: org.hibernate.exception.ConstraintViolationException: could not execute statement
	at org.hibernate.exception.internal.SQLExceptionTypeDelegate.convert(SQLExceptionTypeDelegate.java:59)
	at org.hibernate.exception.internal.StandardSQLExceptionConverter.convert(StandardSQLExceptionConverter.java:42)
	at org.hibernate.engine.jdbc.spi.SqlExceptionHelper.convert(SqlExceptionHelper.java:113)
	at org.hibernate.engine.jdbc.spi.SqlExceptionHelper.convert(SqlExceptionHelper.java:99)
	at org.hibernate.engine.jdbc.internal.ResultSetReturnImpl.executeUpdate(ResultSetReturnImpl.java:178)
	at org.hibernate.dialect.identity.GetGeneratedKeysDelegate.executeAndExtract(GetGeneratedKeysDelegate.java:57)
	at org.hibernate.id.insert.AbstractReturningDelegate.performInsert(AbstractReturningDelegate.java:42)
	at org.hibernate.persister.entity.AbstractEntityPersister.insert(AbstractEntityPersister.java:3072)
	at org.hibernate.persister.entity.AbstractEntityPersister.insert(AbstractEntityPersister.java:3663)
	at org.hibernate.action.internal.EntityIdentityInsertAction.execute(EntityIdentityInsertAction.java:81)
	at org.hibernate.engine.spi.ActionQueue.execute(ActionQueue.java:645)
	at org.hibernate.engine.spi.ActionQueue.addResolvedEntityInsertAction(ActionQueue.java:282)
	at org.hibernate.engine.spi.ActionQueue.addInsertAction(ActionQueue.java:263)
	at org.hibernate.engine.spi.ActionQueue.addAction(ActionQueue.java:317)
	at org.hibernate.event.internal.AbstractSaveEventListener.addInsertAction(AbstractSaveEventListener.java:359)
	at org.hibernate.event.internal.AbstractSaveEventListener.performSaveOrReplicate(AbstractSaveEventListener.java:292)
	at org.hibernate.event.internal.AbstractSaveEventListener.performSave(AbstractSaveEventListener.java:200)
	at org.hibernate.event.internal.AbstractSaveEventListener.saveWithGeneratedId(AbstractSaveEventListener.java:131)
	at org.hibernate.event.internal.DefaultSaveOrUpdateEventListener.saveWithGeneratedOrRequestedId(DefaultSaveOrUpdateEventListener.java:192)
	at org.hibernate.event.internal.DefaultSaveEventListener.saveWithGeneratedOrRequestedId(DefaultSaveEventListener.java:38)
	at org.hibernate.event.internal.DefaultSaveOrUpdateEventListener.entityIsTransient(DefaultSaveOrUpdateEventListener.java:177)
	at org.hibernate.event.internal.DefaultSaveEventListener.performSaveOrUpdate(DefaultSaveEventListener.java:32)
	at org.hibernate.event.internal.DefaultSaveOrUpdateEventListener.onSaveOrUpdate(DefaultSaveOrUpdateEventListener.java:73)
	at org.hibernate.internal.SessionImpl.fireSave(SessionImpl.java:709)
	at org.hibernate.internal.SessionImpl.save(SessionImpl.java:701)
	at org.hibernate.internal.SessionImpl.save(SessionImpl.java:696)
	at ua.profitsoft.strymeneshenko.db.dao.hibernate.InsuredPersonHibernateDAO.create(InsuredPersonHibernateDAO.java:18)
	at ua.profitsoft.strymeneshenko.db.dao.hibernate.InsuredPersonHibernateDAO.create(InsuredPersonHibernateDAO.java:13)
	at ua.profitsoft.strymeneshenko.service.IService.create(IService.java:12)
	at ua.profitsoft.strymeneshenko.service.IService$$FastClassBySpringCGLIB$$e5fe419c.invoke(&lt;generated&gt;)
	at org.springframework.cglib.proxy.MethodProxy.invoke(MethodProxy.java:204)
	at org.springframework.aop.framework.CglibAopProxy$CglibMethodInvocation.invokeJoinpoint(CglibAopProxy.java:736)
	at org.springframework.aop.framework.ReflectiveMethodInvocation.proceed(ReflectiveMethodInvocation.java:157)
	at org.springframework.transaction.interceptor.TransactionInterceptor$1.proceedWithInvocation(TransactionInterceptor.java:99)
	at org.springframework.transaction.interceptor.TransactionAspectSupport.invokeWithinTransaction(TransactionAspectSupport.java:282)
	at org.springframework.transaction.interceptor.TransactionInterceptor.invoke(TransactionInterceptor.java:96)
	at org.springframework.aop.framework.ReflectiveMethodInvocation.proceed(ReflectiveMethodInvocation.java:179)
	at org.springframework.aop.framework.CglibAopProxy$DynamicAdvisedInterceptor.intercept(CglibAopProxy.java:671)
	at ua.profitsoft.strymeneshenko.service.InsuredPersonService$$EnhancerBySpringCGLIB$$b1863283.create(&lt;generated&gt;)
	at ua.profitsoft.strymeneshenko.controllers.mvc.AddInsuredPersonController.goEdit(AddInsuredPersonController.java:38)
	at sun.reflect.NativeMethodAccessorImpl.invoke0(Native Method)
	at sun.reflect.NativeMethodAccessorImpl.invoke(NativeMethodAccessorImpl.java:62)
	at sun.reflect.DelegatingMethodAccessorImpl.invoke(DelegatingMethodAccessorImpl.java:43)
	at java.lang.reflect.Method.invoke(Method.java:498)
	at org.springframework.web.method.support.InvocableHandlerMethod.doInvoke(InvocableHandlerMethod.java:221)
	at org.springframework.web.method.support.InvocableHandlerMethod.invokeForRequest(InvocableHandlerMethod.java:137)
	at org.springframework.web.servlet.mvc.method.annotation.ServletInvocableHandlerMethod.invokeAndHandle(ServletInvocableHandlerMethod.java:110)
	at org.springframework.web.servlet.mvc.method.annotation.RequestMappingHandlerAdapter.invokeHandlerMethod(RequestMappingHandlerAdapter.java:806)
	at org.springframework.web.servlet.mvc.method.annotation.RequestMappingHandlerAdapter.handleInternal(RequestMappingHandlerAdapter.java:729)
	at org.springframework.web.servlet.mvc.method.AbstractHandlerMethodAdapter.handle(AbstractHandlerMethodAdapter.java:85)
	at org.springframework.web.servlet.DispatcherServlet.doDispatch(DispatcherServlet.java:959)
	at org.springframework.web.servlet.DispatcherServlet.doService(DispatcherServlet.java:893)
	at org.springframework.web.servlet.FrameworkServlet.processRequest(FrameworkServlet.java:970)
	... 46 more
Caused by: java.sql.SQLIntegrityConstraintViolationException: Column &apos;firstName&apos; cannot be null
	at com.mysql.cj.jdbc.exceptions.SQLError.createSQLException(SQLError.java:117)
	at com.mysql.cj.jdbc.exceptions.SQLError.createSQLException(SQLError.java:97)
	at com.mysql.cj.jdbc.exceptions.SQLExceptionsMapping.translateException(SQLExceptionsMapping.java:122)
	at com.mysql.cj.jdbc.ClientPreparedStatement.executeInternal(ClientPreparedStatement.java:974)
	at com.mysql.cj.jdbc.ClientPreparedStatement.executeUpdateInternal(ClientPreparedStatement.java:1113)
	at com.mysql.cj.jdbc.ClientPreparedStatement.executeUpdateInternal(ClientPreparedStatement.java:1061)
	at com.mysql.cj.jdbc.ClientPreparedStatement.executeLargeUpdate(ClientPreparedStatement.java:1381)
	at com.mysql.cj.jdbc.ClientPreparedStatement.executeUpdate(ClientPreparedStatement.java:1046)
	at org.hibernate.engine.jdbc.internal.ResultSetReturnImpl.executeUpdate(ResultSetReturnImpl.java:175)
	... 94 more
</error>
    <system-out>2019-02-08 12:52:11 DEBUG SpringJUnit4ClassRunner:140 - SpringJUnit4ClassRunner constructor called with [class ua.profitsoft.strymeneshenko.controllers.mvc.AddInsuredPersonControllerTest]
2019-02-08 12:52:11 DEBUG BootstrapUtils:95 - Instantiating CacheAwareContextLoaderDelegate from class [org.springframework.test.context.cache.DefaultCacheAwareContextLoaderDelegate]
2019-02-08 12:52:11 DEBUG BootstrapUtils:78 - Instantiating BootstrapContext using constructor [public org.springframework.test.context.support.DefaultBootstrapContext(java.lang.Class,org.springframework.test.context.CacheAwareContextLoaderDelegate)]
2019-02-08 12:52:11 DEBUG BootstrapUtils:131 - Instantiating TestContextBootstrapper for test class [ua.profitsoft.strymeneshenko.controllers.mvc.AddInsuredPersonControllerTest] from class [org.springframework.test.context.web.WebTestContextBootstrapper]
2019-02-08 12:52:11 DEBUG AbstractDelegatingSmartContextLoader:269 - Delegating to GenericXmlWebContextLoader to process context configuration [ContextConfigurationAttributes@754ba872 declaringClass = &apos;ua.profitsoft.strymeneshenko.controllers.mvc.AddInsuredPersonControllerTest&apos;, classes = &apos;{}&apos;, locations = &apos;{classpath:mvc-context.xml}&apos;, inheritLocations = true, initializers = &apos;{}&apos;, inheritInitializers = true, name = [null], contextLoaderClass = &apos;org.springframework.test.context.ContextLoader&apos;].
2019-02-08 12:52:11 DEBUG ActiveProfilesUtils:78 - Could not find an &apos;annotation declaring class&apos; for annotation type [org.springframework.test.context.ActiveProfiles] and class [ua.profitsoft.strymeneshenko.controllers.mvc.AddInsuredPersonControllerTest]
2019-02-08 12:52:11 DEBUG WebTestContextBootstrapper:122 - @TestExecutionListeners is not present for class [ua.profitsoft.strymeneshenko.controllers.mvc.AddInsuredPersonControllerTest]: using defaults.
2019-02-08 12:52:11 INFO  WebTestContextBootstrapper:248 - Loaded default TestExecutionListener class names from location [META-INF/spring.factories]: [org.springframework.test.context.web.ServletTestExecutionListener, org.springframework.test.context.support.DirtiesContextBeforeModesTestExecutionListener, org.springframework.test.context.support.DependencyInjectionTestExecutionListener, org.springframework.test.context.support.DirtiesContextTestExecutionListener, org.springframework.test.context.transaction.TransactionalTestExecutionListener, org.springframework.test.context.jdbc.SqlScriptsTestExecutionListener]
2019-02-08 12:52:11 INFO  WebTestContextBootstrapper:174 - Using TestExecutionListeners: [org.springframework.test.context.web.ServletTestExecutionListener@5b87ed94, org.springframework.test.context.support.DirtiesContextBeforeModesTestExecutionListener@6e0e048a, org.springframework.test.context.support.DependencyInjectionTestExecutionListener@5bc79255, org.springframework.test.context.support.DirtiesContextTestExecutionListener@47ef968d, org.springframework.test.context.transaction.TransactionalTestExecutionListener@23e028a9, org.springframework.test.context.jdbc.SqlScriptsTestExecutionListener@3dd4520b]
2019-02-08 12:52:11 DEBUG ProfileValueUtils:68 - Retrieved @ProfileValueSourceConfiguration [null] for test class [ua.profitsoft.strymeneshenko.controllers.mvc.AddInsuredPersonControllerTest]
2019-02-08 12:52:11 DEBUG ProfileValueUtils:80 - Retrieved ProfileValueSource type [class org.springframework.test.annotation.SystemProfileValueSource] for class [ua.profitsoft.strymeneshenko.controllers.mvc.AddInsuredPersonControllerTest]
2019-02-08 12:52:11 DEBUG ProfileValueUtils:68 - Retrieved @ProfileValueSourceConfiguration [null] for test class [ua.profitsoft.strymeneshenko.controllers.mvc.AddInsuredPersonControllerTest]
2019-02-08 12:52:11 DEBUG ProfileValueUtils:80 - Retrieved ProfileValueSource type [class org.springframework.test.annotation.SystemProfileValueSource] for class [ua.profitsoft.strymeneshenko.controllers.mvc.AddInsuredPersonControllerTest]
2019-02-08 12:52:11 DEBUG ProfileValueUtils:68 - Retrieved @ProfileValueSourceConfiguration [null] for test class [ua.profitsoft.strymeneshenko.controllers.mvc.AddInsuredPersonControllerTest]
2019-02-08 12:52:11 DEBUG ProfileValueUtils:80 - Retrieved ProfileValueSource type [class org.springframework.test.annotation.SystemProfileValueSource] for class [ua.profitsoft.strymeneshenko.controllers.mvc.AddInsuredPersonControllerTest]
2019-02-08 12:52:11 DEBUG ProfileValueUtils:68 - Retrieved @ProfileValueSourceConfiguration [null] for test class [ua.profitsoft.strymeneshenko.controllers.mvc.AddInsuredPersonControllerTest]
2019-02-08 12:52:11 DEBUG ProfileValueUtils:80 - Retrieved ProfileValueSource type [class org.springframework.test.annotation.SystemProfileValueSource] for class [ua.profitsoft.strymeneshenko.controllers.mvc.AddInsuredPersonControllerTest]
2019-02-08 12:52:11 DEBUG AbstractDirtiesContextTestExecutionListener:141 - Before test class: context [DefaultTestContext@30b8a058 testClass = AddInsuredPersonControllerTest, testInstance = [null], testMethod = [null], testException = [null], mergedContextConfiguration = [WebMergedContextConfiguration@7494e528 testClass = AddInsuredPersonControllerTest, locations = &apos;{classpath:mvc-context.xml}&apos;, classes = &apos;{}&apos;, contextInitializerClasses = &apos;[]&apos;, activeProfiles = &apos;{}&apos;, propertySourceLocations = &apos;{}&apos;, propertySourceProperties = &apos;{}&apos;, contextCustomizers = set[[empty]], resourceBasePath = &apos;src/main/webapp&apos;, contextLoader = &apos;org.springframework.test.context.web.WebDelegatingSmartContextLoader&apos;, parent = [null]]], class annotated with @DirtiesContext [false] with mode [null].
2019-02-08 12:52:11 DEBUG ProfileValueUtils:68 - Retrieved @ProfileValueSourceConfiguration [null] for test class [ua.profitsoft.strymeneshenko.controllers.mvc.AddInsuredPersonControllerTest]
2019-02-08 12:52:11 DEBUG ProfileValueUtils:80 - Retrieved ProfileValueSource type [class org.springframework.test.annotation.SystemProfileValueSource] for class [ua.profitsoft.strymeneshenko.controllers.mvc.AddInsuredPersonControllerTest]
2019-02-08 12:52:11 DEBUG AbstractDelegatingSmartContextLoader:279 - Delegating to GenericXmlWebContextLoader to load context from [WebMergedContextConfiguration@7494e528 testClass = AddInsuredPersonControllerTest, locations = &apos;{classpath:mvc-context.xml}&apos;, classes = &apos;{}&apos;, contextInitializerClasses = &apos;[]&apos;, activeProfiles = &apos;{}&apos;, propertySourceLocations = &apos;{}&apos;, propertySourceProperties = &apos;{}&apos;, contextCustomizers = set[[empty]], resourceBasePath = &apos;src/main/webapp&apos;, contextLoader = &apos;org.springframework.test.context.web.WebDelegatingSmartContextLoader&apos;, parent = [null]].
2019-02-08 12:52:11 DEBUG AbstractGenericWebContextLoader:112 - Loading WebApplicationContext for merged context configuration [WebMergedContextConfiguration@7494e528 testClass = AddInsuredPersonControllerTest, locations = &apos;{classpath:mvc-context.xml}&apos;, classes = &apos;{}&apos;, contextInitializerClasses = &apos;[]&apos;, activeProfiles = &apos;{}&apos;, propertySourceLocations = &apos;{}&apos;, propertySourceProperties = &apos;{}&apos;, contextCustomizers = set[[empty]], resourceBasePath = &apos;src/main/webapp&apos;, contextLoader = &apos;org.springframework.test.context.web.WebDelegatingSmartContextLoader&apos;, parent = [null]].
2019-02-08 12:52:11 DEBUG StandardServletEnvironment:106 - Adding PropertySource &apos;servletConfigInitParams&apos; with lowest search precedence
2019-02-08 12:52:11 DEBUG StandardServletEnvironment:106 - Adding PropertySource &apos;servletContextInitParams&apos; with lowest search precedence
2019-02-08 12:52:11 DEBUG StandardServletEnvironment:106 - Adding PropertySource &apos;systemProperties&apos; with lowest search precedence
2019-02-08 12:52:11 DEBUG StandardServletEnvironment:106 - Adding PropertySource &apos;systemEnvironment&apos; with lowest search precedence
2019-02-08 12:52:11 DEBUG StandardServletEnvironment:125 - Initialized StandardServletEnvironment with PropertySources [StubPropertySource@1134612201 {name=&apos;servletConfigInitParams&apos;, properties=java.lang.Object@eb21112}, StubPropertySource@786041152 {name=&apos;servletContextInitParams&apos;, properties=java.lang.Object@3578436e}, MapPropertySource@1885996206 {name=&apos;systemProperties&apos;, properties={idea.version=2018.3.4, java.runtime.name=Java(TM) SE Runtime Environment, sun.boot.library.path=C:\Program Files\Java\jdk1.8.0_201\jre\bin, java.vm.version=25.201-b09, java.vm.vendor=Oracle Corporation, java.vendor.url=http://java.oracle.com/, path.separator=;, java.vm.name=Java HotSpot(TM) 64-Bit Server VM, file.encoding.pkg=sun.io, user.country=RU, user.script=, sun.java.launcher=SUN_STANDARD, sun.os.patch.level=Service Pack 1, java.vm.specification.name=Java Virtual Machine Specification, user.dir=C:\Users\user\workspace\ProfITsoftTasks-task8, java.runtime.version=1.8.0_201-b09, basedir=C:\Users\user\workspace\ProfITsoftTasks-task8, java.awt.graphicsenv=sun.awt.Win32GraphicsEnvironment, java.endorsed.dirs=C:\Program Files\Java\jdk1.8.0_201\jre\lib\endorsed, os.arch=amd64, surefire.real.class.path=C:\Users\user\workspace\ProfITsoftTasks-task8\target\surefire\surefirebooter4227925705341608614.jar, java.io.tmpdir=C:\Users\user\AppData\Local\Temp\, line.separator=
, java.vm.specification.vendor=Oracle Corporation, user.variant=, os.name=Windows 7, sun.jnu.encoding=Cp1251, java.library.path=C:\Program Files\Java\jdk1.8.0_201\jre\bin;C:\Windows\Sun\Java\bin;C:\Windows\system32;C:\Windows;C:\Program Files (x86)\Common Files\Oracle\Java\javapath;C:\Program Files (x86)\Intel\iCLS Client\;C:\Program Files\Intel\iCLS Client\;C:\Windows\system32;C:\Windows;C:\Windows\System32\Wbem;C:\Windows\System32\WindowsPowerShell\v1.0\;C:\Program Files\Intel\Intel(R) Management Engine Components\DAL;C:\Program Files (x86)\Intel\Intel(R) Management Engine Components\DAL;C:\Program Files\Intel\Intel(R) Management Engine Components\IPT;C:\Program Files (x86)\Intel\Intel(R) Management Engine Components\IPT;C:\Program Files\TortoiseSVN\bin;C:\Users\user\AppData\Local\GitHubDesktop\bin;., surefire.test.class.path=C:\Users\user\workspace\ProfITsoftTasks-task8\target\test-classes;C:\Users\user\workspace\ProfITsoftTasks-task8\target\classes;C:\Users\user\.m2\repository\junit\junit\4.13-beta-2\junit-4.13-beta-2.jar;C:\Users\user\.m2\repository\org\hamcrest\hamcrest-core\1.3\hamcrest-core-1.3.jar;C:\Users\user\.m2\repository\org\apache\commons\commons-csv\1.6\commons-csv-1.6.jar;C:\Users\user\.m2\repository\log4j\log4j\1.2.17\log4j-1.2.17.jar;C:\Users\user\.m2\repository\commons-dbcp\commons-dbcp\1.2.2\commons-dbcp-1.2.2.jar;C:\Users\user\.m2\repository\commons-pool\commons-pool\1.3\commons-pool-1.3.jar;C:\Users\user\.m2\repository\mysql\mysql-connector-java\8.0.13\mysql-connector-java-8.0.13.jar;C:\Users\user\.m2\repository\com\google\protobuf\protobuf-java\3.6.1\protobuf-java-3.6.1.jar;C:\Users\user\.m2\repository\org\springframework\spring-context\4.3.21.RELEASE\spring-context-4.3.21.RELEASE.jar;C:\Users\user\.m2\repository\org\springframework\spring-aop\4.3.21.RELEASE\spring-aop-4.3.21.RELEASE.jar;C:\Users\user\.m2\repository\org\springframework\spring-beans\4.3.21.RELEASE\spring-beans-4.3.21.RELEASE.jar;C:\Users\user\.m2\repository\org\springframework\spring-expression\4.3.21.RELEASE\spring-expression-4.3.21.RELEASE.jar;C:\Users\user\.m2\repository\org\springframework\spring-orm\4.3.21.RELEASE\spring-orm-4.3.21.RELEASE.jar;C:\Users\user\.m2\repository\org\springframework\spring-tx\4.3.21.RELEASE\spring-tx-4.3.21.RELEASE.jar;C:\Users\user\.m2\repository\org\springframework\spring-core\4.3.21.RELEASE\spring-core-4.3.21.RELEASE.jar;C:\Users\user\.m2\repository\org\springframework\spring-jdbc\4.3.21.RELEASE\spring-jdbc-4.3.21.RELEASE.jar;C:\Users\user\.m2\repository\org\springframework\spring-test\4.3.21.RELEASE\spring-test-4.3.21.RELEASE.jar;C:\Users\user\.m2\repository\org\hibernate\hibernate-core\5.3.5.Final\hibernate-core-5.3.5.Final.jar;C:\Users\user\.m2\repository\org\jboss\logging\jboss-logging\3.3.2.Final\jboss-logging-3.3.2.Final.jar;C:\Users\user\.m2\repository\javax\persistence\javax.persistence-api\2.2\javax.persistence-api-2.2.jar;C:\Users\user\.m2\repository\org\javassist\javassist\3.23.1-GA\javassist-3.23.1-GA.jar;C:\Users\user\.m2\repository\net\bytebuddy\byte-buddy\1.8.17\byte-buddy-1.8.17.jar;C:\Users\user\.m2\repository\antlr\antlr\2.7.7\antlr-2.7.7.jar;C:\Users\user\.m2\repository\org\jboss\spec\javax\transaction\jboss-transaction-api_1.2_spec\1.1.1.Final\jboss-transaction-api_1.2_spec-1.1.1.Final.jar;C:\Users\user\.m2\repository\org\jboss\jandex\2.0.5.Final\jandex-2.0.5.Final.jar;C:\Users\user\.m2\repository\com\fasterxml\classmate\1.3.4\classmate-1.3.4.jar;C:\Users\user\.m2\repository\javax\activation\javax.activation-api\1.2.0\javax.activation-api-1.2.0.jar;C:\Users\user\.m2\repository\dom4j\dom4j\1.6.1\dom4j-1.6.1.jar;C:\Users\user\.m2\repository\org\hibernate\common\hibernate-commons-annotations\5.0.4.Final\hibernate-commons-annotations-5.0.4.Final.jar;C:\Users\user\.m2\repository\org\springframework\spring-aspects\4.3.21.RELEASE\spring-aspects-4.3.21.RELEASE.jar;C:\Users\user\.m2\repository\org\aspectj\aspectjweaver\1.8.9\aspectjweaver-1.8.9.jar;C:\Users\user\.m2\repository\org\springframework\ws\spring-ws-core\3.0.6.RELEASE\spring-ws-core-3.0.6.RELEASE.jar;C:\Users\user\.m2\repository\org\springframework\ws\spring-xml\3.0.6.RELEASE\spring-xml-3.0.6.RELEASE.jar;C:\Users\user\.m2\repository\org\springframework\spring-oxm\5.0.10.RELEASE\spring-oxm-5.0.10.RELEASE.jar;C:\Users\user\.m2\repository\commons-io\commons-io\2.5\commons-io-2.5.jar;C:\Users\user\.m2\repository\wsdl4j\wsdl4j\1.6.3\wsdl4j-1.6.3.jar;C:\Users\user\.m2\repository\javax\servlet\javax.servlet-api\3.1.0\javax.servlet-api-3.1.0.jar;C:\Users\user\.m2\repository\javax\servlet\jstl\1.2\jstl-1.2.jar;C:\Users\user\.m2\repository\org\springframework\spring-web\4.2.2.RELEASE\spring-web-4.2.2.RELEASE.jar;C:\Users\user\.m2\repository\commons-logging\commons-logging\1.1.1\commons-logging-1.1.1.jar;C:\Users\user\.m2\repository\taglibs\standard\1.0\standard-1.0.jar;C:\Users\user\.m2\repository\org\springframework\spring-webmvc\4.2.2.RELEASE\spring-webmvc-4.2.2.RELEASE.jar;C:\Users\user\.m2\repository\org\hibernate\hibernate-validator\5.3.5.Final\hibernate-validator-5.3.5.Final.jar;C:\Users\user\.m2\repository\javax\validation\validation-api\1.1.0.Final\validation-api-1.1.0.Final.jar;C:\Users\user\.m2\repository\org\junit\jupiter\junit-jupiter-api\5.3.2\junit-jupiter-api-5.3.2.jar;C:\Users\user\.m2\repository\org\apiguardian\apiguardian-api\1.0.0\apiguardian-api-1.0.0.jar;C:\Users\user\.m2\repository\org\opentest4j\opentest4j\1.1.1\opentest4j-1.1.1.jar;C:\Users\user\.m2\repository\org\junit\platform\junit-platform-commons\1.3.2\junit-platform-commons-1.3.2.jar;C:\Users\user\.m2\repository\com\fasterxml\jackson\core\jackson-core\2.9.8\jackson-core-2.9.8.jar;C:\Users\user\.m2\repository\com\fasterxml\jackson\core\jackson-databind\2.9.8\jackson-databind-2.9.8.jar;C:\Users\user\.m2\repository\com\fasterxml\jackson\core\jackson-annotations\2.9.0\jackson-annotations-2.9.0.jar;C:\Users\user\.m2\repository\org\mapstruct\mapstruct\1.2.0.Final\mapstruct-1.2.0.Final.jar;C:\Users\user\.m2\repository\org\mapstruct\mapstruct-processor\1.2.0.Final\mapstruct-processor-1.2.0.Final.jar;, java.specification.name=Java Platform API Specification, java.class.version=52.0, sun.management.compiler=HotSpot 64-Bit Tiered Compilers, os.version=6.1, user.home=C:\Users\user, user.timezone=Europe/Helsinki, java.awt.printerjob=sun.awt.windows.WPrinterJob, file.encoding=Cp1251, java.specification.version=1.8, java.class.path=C:\Users\user\workspace\ProfITsoftTasks-task8\target\test-classes;C:\Users\user\workspace\ProfITsoftTasks-task8\target\classes;C:\Users\user\.m2\repository\junit\junit\4.13-beta-2\junit-4.13-beta-2.jar;C:\Users\user\.m2\repository\org\hamcrest\hamcrest-core\1.3\hamcrest-core-1.3.jar;C:\Users\user\.m2\repository\org\apache\commons\commons-csv\1.6\commons-csv-1.6.jar;C:\Users\user\.m2\repository\log4j\log4j\1.2.17\log4j-1.2.17.jar;C:\Users\user\.m2\repository\commons-dbcp\commons-dbcp\1.2.2\commons-dbcp-1.2.2.jar;C:\Users\user\.m2\repository\commons-pool\commons-pool\1.3\commons-pool-1.3.jar;C:\Users\user\.m2\repository\mysql\mysql-connector-java\8.0.13\mysql-connector-java-8.0.13.jar;C:\Users\user\.m2\repository\com\google\protobuf\protobuf-java\3.6.1\protobuf-java-3.6.1.jar;C:\Users\user\.m2\repository\org\springframework\spring-context\4.3.21.RELEASE\spring-context-4.3.21.RELEASE.jar;C:\Users\user\.m2\repository\org\springframework\spring-aop\4.3.21.RELEASE\spring-aop-4.3.21.RELEASE.jar;C:\Users\user\.m2\repository\org\springframework\spring-beans\4.3.21.RELEASE\spring-beans-4.3.21.RELEASE.jar;C:\Users\user\.m2\repository\org\springframework\spring-expression\4.3.21.RELEASE\spring-expression-4.3.21.RELEASE.jar;C:\Users\user\.m2\repository\org\springframework\spring-orm\4.3.21.RELEASE\spring-orm-4.3.21.RELEASE.jar;C:\Users\user\.m2\repository\org\springframework\spring-tx\4.3.21.RELEASE\spring-tx-4.3.21.RELEASE.jar;C:\Users\user\.m2\repository\org\springframework\spring-core\4.3.21.RELEASE\spring-core-4.3.21.RELEASE.jar;C:\Users\user\.m2\repository\org\springframework\spring-jdbc\4.3.21.RELEASE\spring-jdbc-4.3.21.RELEASE.jar;C:\Users\user\.m2\repository\org\springframework\spring-test\4.3.21.RELEASE\spring-test-4.3.21.RELEASE.jar;C:\Users\user\.m2\repository\org\hibernate\hibernate-core\5.3.5.Final\hibernate-core-5.3.5.Final.jar;C:\Users\user\.m2\repository\org\jboss\logging\jboss-logging\3.3.2.Final\jboss-logging-3.3.2.Final.jar;C:\Users\user\.m2\repository\javax\persistence\javax.persistence-api\2.2\javax.persistence-api-2.2.jar;C:\Users\user\.m2\repository\org\javassist\javassist\3.23.1-GA\javassist-3.23.1-GA.jar;C:\Users\user\.m2\repository\net\bytebuddy\byte-buddy\1.8.17\byte-buddy-1.8.17.jar;C:\Users\user\.m2\repository\antlr\antlr\2.7.7\antlr-2.7.7.jar;C:\Users\user\.m2\repository\org\jboss\spec\javax\transaction\jboss-transaction-api_1.2_spec\1.1.1.Final\jboss-transaction-api_1.2_spec-1.1.1.Final.jar;C:\Users\user\.m2\repository\org\jboss\jandex\2.0.5.Final\jandex-2.0.5.Final.jar;C:\Users\user\.m2\repository\com\fasterxml\classmate\1.3.4\classmate-1.3.4.jar;C:\Users\user\.m2\repository\javax\activation\javax.activation-api\1.2.0\javax.activation-api-1.2.0.jar;C:\Users\user\.m2\repository\dom4j\dom4j\1.6.1\dom4j-1.6.1.jar;C:\Users\user\.m2\repository\org\hibernate\common\hibernate-commons-annotations\5.0.4.Final\hibernate-commons-annotations-5.0.4.Final.jar;C:\Users\user\.m2\repository\org\springframework\spring-aspects\4.3.21.RELEASE\spring-aspects-4.3.21.RELEASE.jar;C:\Users\user\.m2\repository\org\aspectj\aspectjweaver\1.8.9\aspectjweaver-1.8.9.jar;C:\Users\user\.m2\repository\org\springframework\ws\spring-ws-core\3.0.6.RELEASE\spring-ws-core-3.0.6.RELEASE.jar;C:\Users\user\.m2\repository\org\springframework\ws\spring-xml\3.0.6.RELEASE\spring-xml-3.0.6.RELEASE.jar;C:\Users\user\.m2\repository\org\springframework\spring-oxm\5.0.10.RELEASE\spring-oxm-5.0.10.RELEASE.jar;C:\Users\user\.m2\repository\commons-io\commons-io\2.5\commons-io-2.5.jar;C:\Users\user\.m2\repository\wsdl4j\wsdl4j\1.6.3\wsdl4j-1.6.3.jar;C:\Users\user\.m2\repository\javax\servlet\javax.servlet-api\3.1.0\javax.servlet-api-3.1.0.jar;C:\Users\user\.m2\repository\javax\servlet\jstl\1.2\jstl-1.2.jar;C:\Users\user\.m2\repository\org\springframework\spring-web\4.2.2.RELEASE\spring-web-4.2.2.RELEASE.jar;C:\Users\user\.m2\repository\commons-logging\commons-logging\1.1.1\commons-logging-1.1.1.jar;C:\Users\user\.m2\repository\taglibs\standard\1.0\standard-1.0.jar;C:\Users\user\.m2\repository\org\springframework\spring-webmvc\4.2.2.RELEASE\spring-webmvc-4.2.2.RELEASE.jar;C:\Users\user\.m2\repository\org\hibernate\hibernate-validator\5.3.5.Final\hibernate-validator-5.3.5.Final.jar;C:\Users\user\.m2\repository\javax\validation\validation-api\1.1.0.Final\validation-api-1.1.0.Final.jar;C:\Users\user\.m2\repository\org\junit\jupiter\junit-jupiter-api\5.3.2\junit-jupiter-api-5.3.2.jar;C:\Users\user\.m2\repository\org\apiguardian\apiguardian-api\1.0.0\apiguardian-api-1.0.0.jar;C:\Users\user\.m2\repository\org\opentest4j\opentest4j\1.1.1\opentest4j-1.1.1.jar;C:\Users\user\.m2\repository\org\junit\platform\junit-platform-commons\1.3.2\junit-platform-commons-1.3.2.jar;C:\Users\user\.m2\repository\com\fasterxml\jackson\core\jackson-core\2.9.8\jackson-core-2.9.8.jar;C:\Users\user\.m2\repository\com\fasterxml\jackson\core\jackson-databind\2.9.8\jackson-databind-2.9.8.jar;C:\Users\user\.m2\repository\com\fasterxml\jackson\core\jackson-annotations\2.9.0\jackson-annotations-2.9.0.jar;C:\Users\user\.m2\repository\org\mapstruct\mapstruct\1.2.0.Final\mapstruct-1.2.0.Final.jar;C:\Users\user\.m2\repository\org\mapstruct\mapstruct-processor\1.2.0.Final\mapstruct-processor-1.2.0.Final.jar;, user.name=user, java.vm.specification.version=1.8, sun.java.command=C:\Users\user\workspace\ProfITsoftTasks-task8\target\surefire\surefirebooter4227925705341608614.jar C:\Users\user\workspace\ProfITsoftTasks-task8\target\surefire\surefire9148846104882782049tmp C:\Users\user\workspace\ProfITsoftTasks-task8\target\surefire\surefire_0634498095086772429tmp, java.home=C:\Program Files\Java\jdk1.8.0_201\jre, sun.arch.data.model=64, user.language=ru, java.specification.vendor=Oracle Corporation, awt.toolkit=sun.awt.windows.WToolkit, java.vm.info=mixed mode, java.version=1.8.0_201, java.ext.dirs=C:\Program Files\Java\jdk1.8.0_201\jre\lib\ext;C:\Windows\Sun\Java\lib\ext, sun.boot.class.path=C:\Program Files\Java\jdk1.8.0_201\jre\lib\resources.jar;C:\Program Files\Java\jdk1.8.0_201\jre\lib\rt.jar;C:\Program Files\Java\jdk1.8.0_201\jre\lib\sunrsasign.jar;C:\Program Files\Java\jdk1.8.0_201\jre\lib\jsse.jar;C:\Program Files\Java\jdk1.8.0_201\jre\lib\jce.jar;C:\Program Files\Java\jdk1.8.0_201\jre\lib\charsets.jar;C:\Program Files\Java\jdk1.8.0_201\jre\lib\jfr.jar;C:\Program Files\Java\jdk1.8.0_201\jre\classes, java.vendor=Oracle Corporation, localRepository=C:\Users\user\.m2\repository, file.separator=\, java.vendor.url.bug=http://bugreport.sun.com/bugreport/, sun.io.unicode.encoding=UnicodeLittle, sun.cpu.endian=little, sun.desktop=windows, sun.cpu.isalist=amd64}}, SystemEnvironmentPropertySource@1859039536 {name=&apos;systemEnvironment&apos;, properties={PATH=C:\Program Files (x86)\Common Files\Oracle\Java\javapath;C:\Program Files (x86)\Intel\iCLS Client\;C:\Program Files\Intel\iCLS Client\;C:\Windows\system32;C:\Windows;C:\Windows\System32\Wbem;C:\Windows\System32\WindowsPowerShell\v1.0\;C:\Program Files\Intel\Intel(R) Management Engine Components\DAL;C:\Program Files (x86)\Intel\Intel(R) Management Engine Components\DAL;C:\Program Files\Intel\Intel(R) Management Engine Components\IPT;C:\Program Files (x86)\Intel\Intel(R) Management Engine Components\IPT;C:\Program Files\TortoiseSVN\bin;C:\Users\user\AppData\Local\GitHubDesktop\bin, LOCALAPPDATA=C:\Users\user\AppData\Local, PROCESSOR_LEVEL=6, SYSTEMDRIVE=C:, COMMONPROGRAMFILES(X86)=C:\Program Files (x86)\Common Files, FP_NO_HOST_CHECK=NO, USERDOMAIN=ws14, LOGONSERVER=\\WS14, JAVA_HOME=C:\Program Files\Java\jdk1.8.0_201, PROMPT=$P$G, SESSIONNAME=Console, ALLUSERSPROFILE=C:\ProgramData, PROGRAMFILES(X86)=C:\Program Files (x86), PROCESSOR_ARCHITECTURE=AMD64, JRE_HOME=C:\Program Files\Java\jre1.8.0_201, PROGRAMFILES=C:\Program Files, WINDOWS_TRACING_FLAGS=3, =C:=C:\Users\user\workspace\ProfITsoftTasks-task8, APPDATA=C:\Users\user\AppData\Roaming, PSMODULEPATH=C:\Windows\system32\WindowsPowerShell\v1.0\Modules\, PROGRAMW6432=C:\Program Files, PROGRAMDATA=C:\ProgramData, SYSTEMROOT=C:\Windows, USERNAME=user, PATHEXT=.COM;.EXE;.BAT;.CMD;.VBS;.VBE;.JS;.JSE;.WSF;.WSH;.MSC, OS=Windows_NT, COMMONPROGRAMW6432=C:\Program Files\Common Files, COMPUTERNAME=WS14, COMMONPROGRAMFILES=C:\Program Files\Common Files, COMSPEC=C:\Windows\system32\cmd.exe, PROCESSOR_REVISION=3c03, WINDIR=C:\Windows, HOMEPATH=\Users\user, TEMP=C:\Users\user\AppData\Local\Temp, HOMEDRIVE=C:, PROCESSOR_IDENTIFIER=Intel64 Family 6 Model 60 Stepping 3, GenuineIntel, USERPROFILE=C:\Users\user, TMP=C:\Users\user\AppData\Local\Temp, WINDOWS_TRACING_LOGFILE=C:\BVTBin\Tests\installpackage\csilogfile.log, PUBLIC=C:\Users\Public, NUMBER_OF_PROCESSORS=4, =::=::\}}]
2019-02-08 12:52:11 DEBUG StandardServletEnvironment:254 - Activating profiles []
2019-02-08 12:52:11 INFO  XmlBeanDefinitionReader:317 - Loading XML bean definitions from class path resource [mvc-context.xml]
2019-02-08 12:52:11 DEBUG DefaultDocumentLoader:73 - Using JAXP provider [com.sun.org.apache.xerces.internal.jaxp.DocumentBuilderFactoryImpl]
2019-02-08 12:52:11 DEBUG PluggableSchemaResolver:143 - Loading schema mappings from [META-INF/spring.schemas]
2019-02-08 12:52:11 DEBUG PluggableSchemaResolver:149 - Loaded schema mappings: {http://www.springframework.org/schema/tx/spring-tx-4.3.xsd=org/springframework/transaction/config/spring-tx-4.3.xsd, http://www.springframework.org/schema/tx/spring-tx-2.5.xsd=org/springframework/transaction/config/spring-tx-2.5.xsd, http://www.springframework.org/schema/cache/spring-cache-4.2.xsd=org/springframework/cache/config/spring-cache-4.2.xsd, http://www.springframework.org/schema/aop/spring-aop-4.1.xsd=org/springframework/aop/config/spring-aop-4.1.xsd, http://www.springframework.org/schema/context/spring-context-3.1.xsd=org/springframework/context/config/spring-context-3.1.xsd, http://www.springframework.org/schema/jdbc/spring-jdbc-4.1.xsd=org/springframework/jdbc/config/spring-jdbc-4.1.xsd, http://www.springframework.org/schema/mvc/spring-mvc-4.1.xsd=org/springframework/web/servlet/config/spring-mvc-4.1.xsd, http://www.springframework.org/schema/util/spring-util-3.0.xsd=org/springframework/beans/factory/xml/spring-util-3.0.xsd, http://www.springframework.org/schema/tool/spring-tool.xsd=org/springframework/beans/factory/xml/spring-tool-4.3.xsd, http://www.springframework.org/schema/aop/spring-aop-3.2.xsd=org/springframework/aop/config/spring-aop-3.2.xsd, http://www.springframework.org/schema/lang/spring-lang-4.1.xsd=org/springframework/scripting/config/spring-lang-4.1.xsd, http://www.springframework.org/schema/context/spring-context-4.0.xsd=org/springframework/context/config/spring-context-4.0.xsd, http://www.springframework.org/schema/mvc/spring-mvc-3.2.xsd=org/springframework/web/servlet/config/spring-mvc-3.2.xsd, http://www.springframework.org/schema/beans/spring-beans-4.2.xsd=org/springframework/beans/factory/xml/spring-beans-4.2.xsd, http://www.springframework.org/schema/oxm/spring-oxm-3.0.xsd=org/springframework/oxm/config/spring-oxm.xsd, http://www.springframework.org/schema/tool/spring-tool-4.1.xsd=org/springframework/beans/factory/xml/spring-tool-4.1.xsd, http://www.springframework.org/schema/lang/spring-lang-3.2.xsd=org/springframework/scripting/config/spring-lang-3.2.xsd, http://www.springframework.org/schema/cache/spring-cache-3.2.xsd=org/springframework/cache/config/spring-cache-3.2.xsd, http://www.springframework.org/schema/jee/spring-jee-4.1.xsd=org/springframework/ejb/config/spring-jee-4.1.xsd, http://www.springframework.org/schema/jdbc/spring-jdbc-3.1.xsd=org/springframework/jdbc/config/spring-jdbc-3.1.xsd, http://www.springframework.org/schema/util/spring-util-2.0.xsd=org/springframework/beans/factory/xml/spring-util-2.0.xsd, http://www.springframework.org/schema/task/spring-task-4.2.xsd=org/springframework/scheduling/config/spring-task-4.2.xsd, http://www.springframework.org/schema/tool/spring-tool-3.2.xsd=org/springframework/beans/factory/xml/spring-tool-3.2.xsd, http://www.springframework.org/schema/context/spring-context.xsd=org/springframework/context/config/spring-context-4.3.xsd, http://www.springframework.org/schema/tx/spring-tx-4.2.xsd=org/springframework/transaction/config/spring-tx-4.2.xsd, http://www.springframework.org/schema/cache/spring-cache-4.1.xsd=org/springframework/cache/config/spring-cache-4.1.xsd, http://www.springframework.org/schema/aop/spring-aop-4.0.xsd=org/springframework/aop/config/spring-aop-4.0.xsd, http://www.springframework.org/schema/jee/spring-jee-3.2.xsd=org/springframework/ejb/config/spring-jee-3.2.xsd, http://www.springframework.org/schema/context/spring-context-3.0.xsd=org/springframework/context/config/spring-context-3.0.xsd, http://www.springframework.org/schema/jdbc/spring-jdbc-4.0.xsd=org/springframework/jdbc/config/spring-jdbc-4.0.xsd, http://www.springframework.org/schema/mvc/spring-mvc-4.0.xsd=org/springframework/web/servlet/config/spring-mvc-4.0.xsd, http://www.springframework.org/schema/util/spring-util-4.3.xsd=org/springframework/beans/factory/xml/spring-util-4.3.xsd, http://www.springframework.org/schema/util/spring-util-2.5.xsd=org/springframework/beans/factory/xml/spring-util-2.5.xsd, http://www.springframework.org/schema/beans/spring-beans-3.2.xsd=org/springframework/beans/factory/xml/spring-beans-3.2.xsd, http://www.springframework.org/schema/aop/spring-aop-3.1.xsd=org/springframework/aop/config/spring-aop-3.1.xsd, http://www.springframework.org/schema/lang/spring-lang-4.0.xsd=org/springframework/scripting/config/spring-lang-4.0.xsd, http://www.springframework.org/schema/mvc/spring-mvc.xsd=org/springframework/web/servlet/config/spring-mvc-4.2.xsd, http://www.springframework.org/schema/mvc/spring-mvc-3.1.xsd=org/springframework/web/servlet/config/spring-mvc-3.1.xsd, http://www.springframework.org/schema/beans/spring-beans-4.1.xsd=org/springframework/beans/factory/xml/spring-beans-4.1.xsd, http://www.springframework.org/schema/oxm/spring-oxm-4.3.xsd=org/springframework/oxm/config/spring-oxm.xsd, http://www.springframework.org/schema/tool/spring-tool-4.0.xsd=org/springframework/beans/factory/xml/spring-tool-4.0.xsd, http://www.springframework.org/schema/tx/spring-tx-3.2.xsd=org/springframework/transaction/config/spring-tx-3.2.xsd, http://www.springframework.org/schema/lang/spring-lang-3.1.xsd=org/springframework/scripting/config/spring-lang-3.1.xsd, http://www.springframework.org/schema/cache/spring-cache-3.1.xsd=org/springframework/cache/config/spring-cache-3.1.xsd, http://www.springframework.org/schema/jee/spring-jee-4.0.xsd=org/springframework/ejb/config/spring-jee-4.0.xsd, http://www.springframework.org/schema/jdbc/spring-jdbc-3.0.xsd=org/springframework/jdbc/config/spring-jdbc-3.0.xsd, http://www.springframework.org/schema/task/spring-task-4.1.xsd=org/springframework/scheduling/config/spring-task-4.1.xsd, http://www.springframework.org/schema/jdbc/spring-jdbc.xsd=org/springframework/jdbc/config/spring-jdbc-4.3.xsd, http://www.springframework.org/schema/tool/spring-tool-3.1.xsd=org/springframework/beans/factory/xml/spring-tool-3.1.xsd, http://www.springframework.org/schema/tx/spring-tx-4.1.xsd=org/springframework/transaction/config/spring-tx-4.1.xsd, http://www.springframework.org/schema/cache/spring-cache-4.0.xsd=org/springframework/cache/config/spring-cache-4.0.xsd, http://www.springframework.org/schema/jee/spring-jee-3.1.xsd=org/springframework/ejb/config/spring-jee-3.1.xsd, http://www.springframework.org/schema/util/spring-util-4.2.xsd=org/springframework/beans/factory/xml/spring-util-4.2.xsd, http://www.springframework.org/schema/task/spring-task-3.2.xsd=org/springframework/scheduling/config/spring-task-3.2.xsd, http://www.springframework.org/schema/beans/spring-beans-3.1.xsd=org/springframework/beans/factory/xml/spring-beans-3.1.xsd, http://www.springframework.org/schema/util/spring-util.xsd=org/springframework/beans/factory/xml/spring-util-4.3.xsd, http://www.springframework.org/schema/aop/spring-aop-3.0.xsd=org/springframework/aop/config/spring-aop-3.0.xsd, http://www.springframework.org/schema/mvc/spring-mvc-3.0.xsd=org/springframework/web/servlet/config/spring-mvc-3.0.xsd, http://www.springframework.org/schema/beans/spring-beans-4.0.xsd=org/springframework/beans/factory/xml/spring-beans-4.0.xsd, http://www.springframework.org/schema/oxm/spring-oxm-4.2.xsd=org/springframework/oxm/config/spring-oxm.xsd, http://www.springframework.org/schema/beans/spring-beans.xsd=org/springframework/beans/factory/xml/spring-beans-4.3.xsd, http://www.springframework.org/schema/web-services/web-services.xsd=/org/springframework/ws/config/web-services-2.0.xsd, http://www.springframework.org/schema/tx/spring-tx-3.1.xsd=org/springframework/transaction/config/spring-tx-3.1.xsd, http://www.springframework.org/schema/lang/spring-lang-3.0.xsd=org/springframework/scripting/config/spring-lang-3.0.xsd, http://www.springframework.org/schema/context/spring-context-2.5.xsd=org/springframework/context/config/spring-context-2.5.xsd, http://www.springframework.org/schema/context/spring-context-4.3.xsd=org/springframework/context/config/spring-context-4.3.xsd, http://www.springframework.org/schema/task/spring-task-4.0.xsd=org/springframework/scheduling/config/spring-task-4.0.xsd, http://www.springframework.org/schema/tool/spring-tool-3.0.xsd=org/springframework/beans/factory/xml/spring-tool-3.0.xsd, http://www.springframework.org/schema/tx/spring-tx-4.0.xsd=org/springframework/transaction/config/spring-tx-4.0.xsd, http://www.springframework.org/schema/aop/spring-aop-2.0.xsd=org/springframework/aop/config/spring-aop-2.0.xsd, http://www.springframework.org/schema/jee/spring-jee-3.0.xsd=org/springframework/ejb/config/spring-jee-3.0.xsd, http://www.springframework.org/schema/util/spring-util-4.1.xsd=org/springframework/beans/factory/xml/spring-util-4.1.xsd, http://www.springframework.org/schema/task/spring-task-3.1.xsd=org/springframework/scheduling/config/spring-task-3.1.xsd, http://www.springframework.org/schema/beans/spring-beans-3.0.xsd=org/springframework/beans/factory/xml/spring-beans-3.0.xsd, http://www.springframework.org/schema/jee/spring-jee.xsd=org/springframework/ejb/config/spring-jee-4.3.xsd, http://www.springframework.org/schema/aop/spring-aop-2.5.xsd=org/springframework/aop/config/spring-aop-2.5.xsd, http://www.springframework.org/schema/aop/spring-aop-4.3.xsd=org/springframework/aop/config/spring-aop-4.3.xsd, http://www.springframework.org/schema/lang/spring-lang-2.0.xsd=org/springframework/scripting/config/spring-lang-2.0.xsd, http://www.springframework.org/schema/jdbc/spring-jdbc-4.3.xsd=org/springframework/jdbc/config/spring-jdbc-4.3.xsd, http://www.springframework.org/schema/oxm/spring-oxm.xsd=org/springframework/oxm/config/spring-oxm.xsd, http://www.springframework.org/schema/util/spring-util-3.2.xsd=org/springframework/beans/factory/xml/spring-util-3.2.xsd, http://www.springframework.org/schema/oxm/spring-oxm-4.1.xsd=org/springframework/oxm/config/spring-oxm.xsd, http://www.springframework.org/schema/task/spring-task.xsd=org/springframework/scheduling/config/spring-task-4.3.xsd, http://www.springframework.org/schema/tool/spring-tool-2.0.xsd=org/springframework/beans/factory/xml/spring-tool-2.0.xsd, http://www.springframework.org/schema/tx/spring-tx-3.0.xsd=org/springframework/transaction/config/spring-tx-3.0.xsd, http://www.springframework.org/schema/lang/spring-lang-2.5.xsd=org/springframework/scripting/config/spring-lang-2.5.xsd, http://www.springframework.org/schema/lang/spring-lang-4.3.xsd=org/springframework/scripting/config/spring-lang-4.3.xsd, http://www.springframework.org/schema/context/spring-context-4.2.xsd=org/springframework/context/config/spring-context-4.2.xsd, http://www.springframework.org/schema/jee/spring-jee-2.0.xsd=org/springframework/ejb/config/spring-jee-2.0.xsd, http://www.springframework.org/schema/oxm/spring-oxm-3.2.xsd=org/springframework/oxm/config/spring-oxm.xsd, http://www.springframework.org/schema/tool/spring-tool-4.3.xsd=org/springframework/beans/factory/xml/spring-tool-4.3.xsd, http://www.springframework.org/schema/tool/spring-tool-2.5.xsd=org/springframework/beans/factory/xml/spring-tool-2.5.xsd, http://www.springframework.org/schema/jee/spring-jee-4.3.xsd=org/springframework/ejb/config/spring-jee-4.3.xsd, http://www.springframework.org/schema/jee/spring-jee-2.5.xsd=org/springframework/ejb/config/spring-jee-2.5.xsd, http://www.springframework.org/schema/web-services/web-services-2.0.xsd=/org/springframework/ws/config/web-services-2.0.xsd, http://www.springframework.org/schema/util/spring-util-4.0.xsd=org/springframework/beans/factory/xml/spring-util-4.0.xsd, http://www.springframework.org/schema/task/spring-task-3.0.xsd=org/springframework/scheduling/config/spring-task-3.0.xsd, http://www.springframework.org/schema/cache/spring-cache-4.3.xsd=org/springframework/cache/config/spring-cache-4.3.xsd, http://www.springframework.org/schema/aop/spring-aop-4.2.xsd=org/springframework/aop/config/spring-aop-4.2.xsd, http://www.springframework.org/schema/lang/spring-lang.xsd=org/springframework/scripting/config/spring-lang-4.3.xsd, http://www.springframework.org/schema/context/spring-context-3.2.xsd=org/springframework/context/config/spring-context-3.2.xsd, http://www.springframework.org/schema/jdbc/spring-jdbc-4.2.xsd=org/springframework/jdbc/config/spring-jdbc-4.2.xsd, http://www.springframework.org/schema/mvc/spring-mvc-4.2.xsd=org/springframework/web/servlet/config/spring-mvc-4.2.xsd, http://www.springframework.org/schema/util/spring-util-3.1.xsd=org/springframework/beans/factory/xml/spring-util-3.1.xsd, http://www.springframework.org/schema/beans/spring-beans-2.0.xsd=org/springframework/beans/factory/xml/spring-beans-2.0.xsd, http://www.springframework.org/schema/oxm/spring-oxm-4.0.xsd=org/springframework/oxm/config/spring-oxm.xsd, http://www.springframework.org/schema/cache/spring-cache.xsd=org/springframework/cache/config/spring-cache-4.3.xsd, http://www.springframework.org/schema/tx/spring-tx.xsd=org/springframework/transaction/config/spring-tx-4.3.xsd, http://www.springframework.org/schema/lang/spring-lang-4.2.xsd=org/springframework/scripting/config/spring-lang-4.2.xsd, http://www.springframework.org/schema/context/spring-context-4.1.xsd=org/springframework/context/config/spring-context-4.1.xsd, http://www.springframework.org/schema/beans/spring-beans-2.5.xsd=org/springframework/beans/factory/xml/spring-beans-2.5.xsd, http://www.springframework.org/schema/beans/spring-beans-4.3.xsd=org/springframework/beans/factory/xml/spring-beans-4.3.xsd, http://www.springframework.org/schema/oxm/spring-oxm-3.1.xsd=org/springframework/oxm/config/spring-oxm.xsd, http://www.springframework.org/schema/tool/spring-tool-4.2.xsd=org/springframework/beans/factory/xml/spring-tool-4.2.xsd, http://www.springframework.org/schema/tx/spring-tx-2.0.xsd=org/springframework/transaction/config/spring-tx-2.0.xsd, http://www.springframework.org/schema/jee/spring-jee-4.2.xsd=org/springframework/ejb/config/spring-jee-4.2.xsd, http://www.springframework.org/schema/web-services/web-services-1.5.xsd=/org/springframework/ws/config/web-services-1.5.xsd, http://www.springframework.org/schema/jdbc/spring-jdbc-3.2.xsd=org/springframework/jdbc/config/spring-jdbc-3.2.xsd, http://www.springframework.org/schema/task/spring-task-4.3.xsd=org/springframework/scheduling/config/spring-task-4.3.xsd, http://www.springframework.org/schema/aop/spring-aop.xsd=org/springframework/aop/config/spring-aop-4.3.xsd}
2019-02-08 12:52:11 DEBUG PluggableSchemaResolver:119 - Found XML schema [http://www.springframework.org/schema/beans/spring-beans.xsd] in classpath: org/springframework/beans/factory/xml/spring-beans-4.3.xsd
2019-02-08 12:52:11 DEBUG PluggableSchemaResolver:119 - Found XML schema [http://www.springframework.org/schema/context/spring-context.xsd] in classpath: org/springframework/context/config/spring-context-4.3.xsd
2019-02-08 12:52:11 DEBUG PluggableSchemaResolver:119 - Found XML schema [http://www.springframework.org/schema/tool/spring-tool-4.3.xsd] in classpath: org/springframework/beans/factory/xml/spring-tool-4.3.xsd
2019-02-08 12:52:11 DEBUG PluggableSchemaResolver:119 - Found XML schema [http://www.springframework.org/schema/mvc/spring-mvc.xsd] in classpath: org/springframework/web/servlet/config/spring-mvc-4.2.xsd
2019-02-08 12:52:11 DEBUG DefaultBeanDefinitionDocumentReader:92 - Loading bean definitions
2019-02-08 12:52:11 INFO  XmlBeanDefinitionReader:317 - Loading XML bean definitions from class path resource [spring-context.xml]
2019-02-08 12:52:11 DEBUG DefaultDocumentLoader:73 - Using JAXP provider [com.sun.org.apache.xerces.internal.jaxp.DocumentBuilderFactoryImpl]
2019-02-08 12:52:11 DEBUG PluggableSchemaResolver:119 - Found XML schema [http://www.springframework.org/schema/beans/spring-beans.xsd] in classpath: org/springframework/beans/factory/xml/spring-beans-4.3.xsd
2019-02-08 12:52:11 DEBUG PluggableSchemaResolver:119 - Found XML schema [http://www.springframework.org/schema/context/spring-context.xsd] in classpath: org/springframework/context/config/spring-context-4.3.xsd
2019-02-08 12:52:11 DEBUG PluggableSchemaResolver:119 - Found XML schema [http://www.springframework.org/schema/tool/spring-tool-4.3.xsd] in classpath: org/springframework/beans/factory/xml/spring-tool-4.3.xsd
2019-02-08 12:52:11 DEBUG DefaultBeanDefinitionDocumentReader:92 - Loading bean definitions
2019-02-08 12:52:11 INFO  XmlBeanDefinitionReader:317 - Loading XML bean definitions from class path resource [spring-db.xml]
2019-02-08 12:52:11 DEBUG DefaultDocumentLoader:73 - Using JAXP provider [com.sun.org.apache.xerces.internal.jaxp.DocumentBuilderFactoryImpl]
2019-02-08 12:52:11 DEBUG PluggableSchemaResolver:119 - Found XML schema [http://www.springframework.org/schema/beans/spring-beans-3.0.xsd] in classpath: org/springframework/beans/factory/xml/spring-beans-3.0.xsd
2019-02-08 12:52:11 DEBUG PluggableSchemaResolver:119 - Found XML schema [http://www.springframework.org/schema/tx/spring-tx-3.0.xsd] in classpath: org/springframework/transaction/config/spring-tx-3.0.xsd
2019-02-08 12:52:11 DEBUG PluggableSchemaResolver:119 - Found XML schema [http://www.springframework.org/schema/tool/spring-tool-3.0.xsd] in classpath: org/springframework/beans/factory/xml/spring-tool-3.0.xsd
2019-02-08 12:52:11 DEBUG DefaultBeanDefinitionDocumentReader:92 - Loading bean definitions
2019-02-08 12:52:11 DEBUG DefaultNamespaceHandlerResolver:156 - Loading NamespaceHandler mappings from [META-INF/spring.handlers]
2019-02-08 12:52:11 DEBUG DefaultNamespaceHandlerResolver:162 - Loaded NamespaceHandler mappings: {http://www.springframework.org/schema/p=org.springframework.beans.factory.xml.SimplePropertyNamespaceHandler, http://www.springframework.org/schema/mvc=org.springframework.web.servlet.config.MvcNamespaceHandler, http://www.springframework.org/schema/web-services=org.springframework.ws.config.WebServicesNamespaceHandler, http://www.springframework.org/schema/util=org.springframework.beans.factory.xml.UtilNamespaceHandler, http://www.springframework.org/schema/jee=org.springframework.ejb.config.JeeNamespaceHandler, http://www.springframework.org/schema/aop=org.springframework.aop.config.AopNamespaceHandler, http://www.springframework.org/schema/oxm=org.springframework.oxm.config.OxmNamespaceHandler, http://www.springframework.org/schema/jdbc=org.springframework.jdbc.config.JdbcNamespaceHandler, http://www.springframework.org/schema/cache=org.springframework.cache.config.CacheNamespaceHandler, http://www.springframework.org/schema/c=org.springframework.beans.factory.xml.SimpleConstructorNamespaceHandler, http://www.springframework.org/schema/tx=org.springframework.transaction.config.TxNamespaceHandler, http://www.springframework.org/schema/task=org.springframework.scheduling.config.TaskNamespaceHandler, http://www.springframework.org/schema/lang=org.springframework.scripting.config.LangNamespaceHandler, http://www.springframework.org/schema/context=org.springframework.context.config.ContextNamespaceHandler}
2019-02-08 12:52:11 DEBUG DefaultBeanDefinitionDocumentReader:252 - Imported 9 bean definitions from relative location [spring-db.xml]
2019-02-08 12:52:11 DEBUG PathMatchingResourcePatternResolver:319 - Resolved classpath location [ua/profitsoft/strymeneshenko/] to resources [URL [file:/C:/Users/user/workspace/ProfITsoftTasks-task8/target/test-classes/ua/profitsoft/strymeneshenko/], URL [file:/C:/Users/user/workspace/ProfITsoftTasks-task8/target/classes/ua/profitsoft/strymeneshenko/]]
2019-02-08 12:52:11 DEBUG PathMatchingResourcePatternResolver:748 - Looking for matching resources in directory tree [C:\Users\user\workspace\ProfITsoftTasks-task8\target\test-classes\ua\profitsoft\strymeneshenko]
2019-02-08 12:52:11 DEBUG PathMatchingResourcePatternResolver:810 - Searching directory [C:\Users\user\workspace\ProfITsoftTasks-task8\target\test-classes\ua\profitsoft\strymeneshenko] for files matching pattern [C:/Users/user/workspace/ProfITsoftTasks-task8/target/test-classes/ua/profitsoft/strymeneshenko/**/*.class]
2019-02-08 12:52:11 DEBUG PathMatchingResourcePatternResolver:810 - Searching directory [C:\Users\user\workspace\ProfITsoftTasks-task8\target\test-classes\ua\profitsoft\strymeneshenko\controllers] for files matching pattern [C:/Users/user/workspace/ProfITsoftTasks-task8/target/test-classes/ua/profitsoft/strymeneshenko/**/*.class]
2019-02-08 12:52:11 DEBUG PathMatchingResourcePatternResolver:810 - Searching directory [C:\Users\user\workspace\ProfITsoftTasks-task8\target\test-classes\ua\profitsoft\strymeneshenko\controllers\mvc] for files matching pattern [C:/Users/user/workspace/ProfITsoftTasks-task8/target/test-classes/ua/profitsoft/strymeneshenko/**/*.class]
2019-02-08 12:52:11 DEBUG PathMatchingResourcePatternResolver:810 - Searching directory [C:\Users\user\workspace\ProfITsoftTasks-task8\target\test-classes\ua\profitsoft\strymeneshenko\data] for files matching pattern [C:/Users/user/workspace/ProfITsoftTasks-task8/target/test-classes/ua/profitsoft/strymeneshenko/**/*.class]
2019-02-08 12:52:11 DEBUG PathMatchingResourcePatternResolver:810 - Searching directory [C:\Users\user\workspace\ProfITsoftTasks-task8\target\test-classes\ua\profitsoft\strymeneshenko\db] for files matching pattern [C:/Users/user/workspace/ProfITsoftTasks-task8/target/test-classes/ua/profitsoft/strymeneshenko/**/*.class]
2019-02-08 12:52:11 DEBUG PathMatchingResourcePatternResolver:810 - Searching directory [C:\Users\user\workspace\ProfITsoftTasks-task8\target\test-classes\ua\profitsoft\strymeneshenko\db\dao] for files matching pattern [C:/Users/user/workspace/ProfITsoftTasks-task8/target/test-classes/ua/profitsoft/strymeneshenko/**/*.class]
2019-02-08 12:52:11 DEBUG PathMatchingResourcePatternResolver:810 - Searching directory [C:\Users\user\workspace\ProfITsoftTasks-task8\target\test-classes\ua\profitsoft\strymeneshenko\service] for files matching pattern [C:/Users/user/workspace/ProfITsoftTasks-task8/target/test-classes/ua/profitsoft/strymeneshenko/**/*.class]
2019-02-08 12:52:11 DEBUG PathMatchingResourcePatternResolver:748 - Looking for matching resources in directory tree [C:\Users\user\workspace\ProfITsoftTasks-task8\target\classes\ua\profitsoft\strymeneshenko]
2019-02-08 12:52:11 DEBUG PathMatchingResourcePatternResolver:810 - Searching directory [C:\Users\user\workspace\ProfITsoftTasks-task8\target\classes\ua\profitsoft\strymeneshenko] for files matching pattern [C:/Users/user/workspace/ProfITsoftTasks-task8/target/classes/ua/profitsoft/strymeneshenko/**/*.class]
2019-02-08 12:52:11 DEBUG PathMatchingResourcePatternResolver:810 - Searching directory [C:\Users\user\workspace\ProfITsoftTasks-task8\target\classes\ua\profitsoft\strymeneshenko\controllers] for files matching pattern [C:/Users/user/workspace/ProfITsoftTasks-task8/target/classes/ua/profitsoft/strymeneshenko/**/*.class]
2019-02-08 12:52:11 DEBUG PathMatchingResourcePatternResolver:810 - Searching directory [C:\Users\user\workspace\ProfITsoftTasks-task8\target\classes\ua\profitsoft\strymeneshenko\controllers\mvc] for files matching pattern [C:/Users/user/workspace/ProfITsoftTasks-task8/target/classes/ua/profitsoft/strymeneshenko/**/*.class]
2019-02-08 12:52:11 DEBUG PathMatchingResourcePatternResolver:810 - Searching directory [C:\Users\user\workspace\ProfITsoftTasks-task8\target\classes\ua\profitsoft\strymeneshenko\controllers\servlets] for files matching pattern [C:/Users/user/workspace/ProfITsoftTasks-task8/target/classes/ua/profitsoft/strymeneshenko/**/*.class]
2019-02-08 12:52:11 DEBUG PathMatchingResourcePatternResolver:810 - Searching directory [C:\Users\user\workspace\ProfITsoftTasks-task8\target\classes\ua\profitsoft\strymeneshenko\data] for files matching pattern [C:/Users/user/workspace/ProfITsoftTasks-task8/target/classes/ua/profitsoft/strymeneshenko/**/*.class]
2019-02-08 12:52:11 DEBUG PathMatchingResourcePatternResolver:810 - Searching directory [C:\Users\user\workspace\ProfITsoftTasks-task8\target\classes\ua\profitsoft\strymeneshenko\db] for files matching pattern [C:/Users/user/workspace/ProfITsoftTasks-task8/target/classes/ua/profitsoft/strymeneshenko/**/*.class]
2019-02-08 12:52:11 DEBUG PathMatchingResourcePatternResolver:810 - Searching directory [C:\Users\user\workspace\ProfITsoftTasks-task8\target\classes\ua\profitsoft\strymeneshenko\db\dao] for files matching pattern [C:/Users/user/workspace/ProfITsoftTasks-task8/target/classes/ua/profitsoft/strymeneshenko/**/*.class]
2019-02-08 12:52:11 DEBUG PathMatchingResourcePatternResolver:810 - Searching directory [C:\Users\user\workspace\ProfITsoftTasks-task8\target\classes\ua\profitsoft\strymeneshenko\db\dao\file] for files matching pattern [C:/Users/user/workspace/ProfITsoftTasks-task8/target/classes/ua/profitsoft/strymeneshenko/**/*.class]
2019-02-08 12:52:11 DEBUG PathMatchingResourcePatternResolver:810 - Searching directory [C:\Users\user\workspace\ProfITsoftTasks-task8\target\classes\ua\profitsoft\strymeneshenko\db\dao\hibernate] for files matching pattern [C:/Users/user/workspace/ProfITsoftTasks-task8/target/classes/ua/profitsoft/strymeneshenko/**/*.class]
2019-02-08 12:52:11 DEBUG PathMatchingResourcePatternResolver:810 - Searching directory [C:\Users\user\workspace\ProfITsoftTasks-task8\target\classes\ua\profitsoft\strymeneshenko\db\dao\jdbctemplate] for files matching pattern [C:/Users/user/workspace/ProfITsoftTasks-task8/target/classes/ua/profitsoft/strymeneshenko/**/*.class]
2019-02-08 12:52:11 DEBUG PathMatchingResourcePatternResolver:810 - Searching directory [C:\Users\user\workspace\ProfITsoftTasks-task8\target\classes\ua\profitsoft\strymeneshenko\dict] for files matching pattern [C:/Users/user/workspace/ProfITsoftTasks-task8/target/classes/ua/profitsoft/strymeneshenko/**/*.class]
2019-02-08 12:52:11 DEBUG PathMatchingResourcePatternResolver:810 - Searching directory [C:\Users\user\workspace\ProfITsoftTasks-task8\target\classes\ua\profitsoft\strymeneshenko\endpoint] for files matching pattern [C:/Users/user/workspace/ProfITsoftTasks-task8/target/classes/ua/profitsoft/strymeneshenko/**/*.class]
2019-02-08 12:52:11 DEBUG PathMatchingResourcePatternResolver:810 - Searching directory [C:\Users\user\workspace\ProfITsoftTasks-task8\target\classes\ua\profitsoft\strymeneshenko\generate] for files matching pattern [C:/Users/user/workspace/ProfITsoftTasks-task8/target/classes/ua/profitsoft/strymeneshenko/**/*.class]
2019-02-08 12:52:11 DEBUG PathMatchingResourcePatternResolver:810 - Searching directory [C:\Users\user\workspace\ProfITsoftTasks-task8\target\classes\ua\profitsoft\strymeneshenko\mappers] for files matching pattern [C:/Users/user/workspace/ProfITsoftTasks-task8/target/classes/ua/profitsoft/strymeneshenko/**/*.class]
2019-02-08 12:52:11 DEBUG PathMatchingResourcePatternResolver:810 - Searching directory [C:\Users\user\workspace\ProfITsoftTasks-task8\target\classes\ua\profitsoft\strymeneshenko\service] for files matching pattern [C:/Users/user/workspace/ProfITsoftTasks-task8/target/classes/ua/profitsoft/strymeneshenko/**/*.class]
2019-02-08 12:52:11 DEBUG PathMatchingResourcePatternResolver:810 - Searching directory [C:\Users\user\workspace\ProfITsoftTasks-task8\target\classes\ua\profitsoft\strymeneshenko\util] for files matching pattern [C:/Users/user/workspace/ProfITsoftTasks-task8/target/classes/ua/profitsoft/strymeneshenko/**/*.class]
2019-02-08 12:52:11 DEBUG PathMatchingResourcePatternResolver:810 - Searching directory [C:\Users\user\workspace\ProfITsoftTasks-task8\target\classes\ua\profitsoft\strymeneshenko\util\hibernate] for files matching pattern [C:/Users/user/workspace/ProfITsoftTasks-task8/target/classes/ua/profitsoft/strymeneshenko/**/*.class]
2019-02-08 12:52:11 DEBUG PathMatchingResourcePatternResolver:810 - Searching directory [C:\Users\user\workspace\ProfITsoftTasks-task8\target\classes\ua\profitsoft\strymeneshenko\validate] for files matching pattern [C:/Users/user/workspace/ProfITsoftTasks-task8/target/classes/ua/profitsoft/strymeneshenko/**/*.class]
2019-02-08 12:52:11 DEBUG PathMatchingResourcePatternResolver:511 - Resolved location pattern [classpath*:ua/profitsoft/strymeneshenko/**/*.class] to resources [file [C:\Users\user\workspace\ProfITsoftTasks-task8\target\test-classes\ua\profitsoft\strymeneshenko\controllers\mvc\AddInsuredPersonControllerTest.class], file [C:\Users\user\workspace\ProfITsoftTasks-task8\target\test-classes\ua\profitsoft\strymeneshenko\controllers\mvc\DeleteContractControllerTest.class], file [C:\Users\user\workspace\ProfITsoftTasks-task8\target\test-classes\ua\profitsoft\strymeneshenko\controllers\mvc\EditContractControllerTest.class], file [C:\Users\user\workspace\ProfITsoftTasks-task8\target\test-classes\ua\profitsoft\strymeneshenko\controllers\mvc\ShowContractsControllerTest.class], file [C:\Users\user\workspace\ProfITsoftTasks-task8\target\test-classes\ua\profitsoft\strymeneshenko\controllers\mvc\ShowInfoContractControllerTest.class], file [C:\Users\user\workspace\ProfITsoftTasks-task8\target\test-classes\ua\profitsoft\strymeneshenko\data\ContractTest.class], file [C:\Users\user\workspace\ProfITsoftTasks-task8\target\test-classes\ua\profitsoft\strymeneshenko\data\InsuredPersonTest.class], file [C:\Users\user\workspace\ProfITsoftTasks-task8\target\test-classes\ua\profitsoft\strymeneshenko\db\dao\ClientHibernateDAOTest.class], file [C:\Users\user\workspace\ProfITsoftTasks-task8\target\test-classes\ua\profitsoft\strymeneshenko\db\dao\ConractsFileDAOTest.class], file [C:\Users\user\workspace\ProfITsoftTasks-task8\target\test-classes\ua\profitsoft\strymeneshenko\db\dao\ContractHibernateDAOTest.class], file [C:\Users\user\workspace\ProfITsoftTasks-task8\target\test-classes\ua\profitsoft\strymeneshenko\db\dao\InsuredPersonHibernateDAOTest.class], file [C:\Users\user\workspace\ProfITsoftTasks-task8\target\test-classes\ua\profitsoft\strymeneshenko\service\ClientServiceTest.class], file [C:\Users\user\workspace\ProfITsoftTasks-task8\target\test-classes\ua\profitsoft\strymeneshenko\service\ContractServiceTest.class], file [C:\Users\user\workspace\ProfITsoftTasks-task8\target\test-classes\ua\profitsoft\strymeneshenko\service\InsuredPersonServiceTest.class], file [C:\Users\user\workspace\ProfITsoftTasks-task8\target\classes\ua\profitsoft\strymeneshenko\controllers\mvc\AddClientController.class], file [C:\Users\user\workspace\ProfITsoftTasks-task8\target\classes\ua\profitsoft\strymeneshenko\controllers\mvc\AddContractController.class], file [C:\Users\user\workspace\ProfITsoftTasks-task8\target\classes\ua\profitsoft\strymeneshenko\controllers\mvc\AddInsuredPersonController.class], file [C:\Users\user\workspace\ProfITsoftTasks-task8\target\classes\ua\profitsoft\strymeneshenko\controllers\mvc\DeleteContractController.class], file [C:\Users\user\workspace\ProfITsoftTasks-task8\target\classes\ua\profitsoft\strymeneshenko\controllers\mvc\EditContractController.class], file [C:\Users\user\workspace\ProfITsoftTasks-task8\target\classes\ua\profitsoft\strymeneshenko\controllers\mvc\GetContractsFromWebServiceController.class], file [C:\Users\user\workspace\ProfITsoftTasks-task8\target\classes\ua\profitsoft\strymeneshenko\controllers\mvc\ShowContractsController.class], file [C:\Users\user\workspace\ProfITsoftTasks-task8\target\classes\ua\profitsoft\strymeneshenko\controllers\mvc\ShowInfoContractController.class], file [C:\Users\user\workspace\ProfITsoftTasks-task8\target\classes\ua\profitsoft\strymeneshenko\controllers\servlets\AddClientServlet.class], file [C:\Users\user\workspace\ProfITsoftTasks-task8\target\classes\ua\profitsoft\strymeneshenko\controllers\servlets\AddContractServlet.class], file [C:\Users\user\workspace\ProfITsoftTasks-task8\target\classes\ua\profitsoft\strymeneshenko\controllers\servlets\AddInsuredPersonServlet.class], file [C:\Users\user\workspace\ProfITsoftTasks-task8\target\classes\ua\profitsoft\strymeneshenko\controllers\servlets\DeleteContractServlet.class], file [C:\Users\user\workspace\ProfITsoftTasks-task8\target\classes\ua\profitsoft\strymeneshenko\controllers\servlets\EditContractServlet.class], file [C:\Users\user\workspace\ProfITsoftTasks-task8\target\classes\ua\profitsoft\strymeneshenko\controllers\servlets\ShowContractsServlet.class], file [C:\Users\user\workspace\ProfITsoftTasks-task8\target\classes\ua\profitsoft\strymeneshenko\controllers\servlets\ShowInfoContractServlet.class], file [C:\Users\user\workspace\ProfITsoftTasks-task8\target\classes\ua\profitsoft\strymeneshenko\data\Client.class], file [C:\Users\user\workspace\ProfITsoftTasks-task8\target\classes\ua\profitsoft\strymeneshenko\data\Contract$1.class], file [C:\Users\user\workspace\ProfITsoftTasks-task8\target\classes\ua\profitsoft\strymeneshenko\data\Contract$SortByDateOfBirth.class], file [C:\Users\user\workspace\ProfITsoftTasks-task8\target\classes\ua\profitsoft\strymeneshenko\data\Contract$SortByName.class], file [C:\Users\user\workspace\ProfITsoftTasks-task8\target\classes\ua\profitsoft\strymeneshenko\data\Contract.class], file [C:\Users\user\workspace\ProfITsoftTasks-task8\target\classes\ua\profitsoft\strymeneshenko\data\ContractResponse.class], file [C:\Users\user\workspace\ProfITsoftTasks-task8\target\classes\ua\profitsoft\strymeneshenko\data\Individual.class], file [C:\Users\user\workspace\ProfITsoftTasks-task8\target\classes\ua\profitsoft\strymeneshenko\data\InsuredPerson.class], file [C:\Users\user\workspace\ProfITsoftTasks-task8\target\classes\ua\profitsoft\strymeneshenko\data\LegalEntity.class], file [C:\Users\user\workspace\ProfITsoftTasks-task8\target\classes\ua\profitsoft\strymeneshenko\db\ConnectionFactory.class], file [C:\Users\user\workspace\ProfITsoftTasks-task8\target\classes\ua\profitsoft\strymeneshenko\db\dao\file\ConractsFileDAO.class], file [C:\Users\user\workspace\ProfITsoftTasks-task8\target\classes\ua\profitsoft\strymeneshenko\db\dao\hibernate\ClientHibernateDAO.class], file [C:\Users\user\workspace\ProfITsoftTasks-task8\target\classes\ua\profitsoft\strymeneshenko\db\dao\hibernate\ContractHibernateDAO.class], file [C:\Users\user\workspace\ProfITsoftTasks-task8\target\classes\ua\profitsoft\strymeneshenko\db\dao\hibernate\InsuredPersonHibernateDAO.class], file [C:\Users\user\workspace\ProfITsoftTasks-task8\target\classes\ua\profitsoft\strymeneshenko\db\dao\IDao.class], file [C:\Users\user\workspace\ProfITsoftTasks-task8\target\classes\ua\profitsoft\strymeneshenko\db\dao\jdbctemplate\ClientDAO$1.class], file [C:\Users\user\workspace\ProfITsoftTasks-task8\target\classes\ua\profitsoft\strymeneshenko\db\dao\jdbctemplate\ClientDAO.class], file [C:\Users\user\workspace\ProfITsoftTasks-task8\target\classes\ua\profitsoft\strymeneshenko\db\dao\jdbctemplate\ContractDAO$1.class], file [C:\Users\user\workspace\ProfITsoftTasks-task8\target\classes\ua\profitsoft\strymeneshenko\db\dao\jdbctemplate\ContractDAO$2.class], file [C:\Users\user\workspace\ProfITsoftTasks-task8\target\classes\ua\profitsoft\strymeneshenko\db\dao\jdbctemplate\ContractDAO$3.class], file [C:\Users\user\workspace\ProfITsoftTasks-task8\target\classes\ua\profitsoft\strymeneshenko\db\dao\jdbctemplate\ContractDAO.class], file [C:\Users\user\workspace\ProfITsoftTasks-task8\target\classes\ua\profitsoft\strymeneshenko\db\dao\jdbctemplate\InsuredPersonDAO$1.class], file [C:\Users\user\workspace\ProfITsoftTasks-task8\target\classes\ua\profitsoft\strymeneshenko\db\dao\jdbctemplate\InsuredPersonDAO.class], file [C:\Users\user\workspace\ProfITsoftTasks-task8\target\classes\ua\profitsoft\strymeneshenko\Demo.class], file [C:\Users\user\workspace\ProfITsoftTasks-task8\target\classes\ua\profitsoft\strymeneshenko\dict\IterationType.class], file [C:\Users\user\workspace\ProfITsoftTasks-task8\target\classes\ua\profitsoft\strymeneshenko\endpoint\ContractEndPoint.class], file [C:\Users\user\workspace\ProfITsoftTasks-task8\target\classes\ua\profitsoft\strymeneshenko\generate\Client.class], file [C:\Users\user\workspace\ProfITsoftTasks-task8\target\classes\ua\profitsoft\strymeneshenko\generate\Contract.class], file [C:\Users\user\workspace\ProfITsoftTasks-task8\target\classes\ua\profitsoft\strymeneshenko\generate\Evo.class], file [C:\Users\user\workspace\ProfITsoftTasks-task8\target\classes\ua\profitsoft\strymeneshenko\generate\EvoService.class], file [C:\Users\user\workspace\ProfITsoftTasks-task8\target\classes\ua\profitsoft\strymeneshenko\generate\GetAllContractsResponse.class], file [C:\Users\user\workspace\ProfITsoftTasks-task8\target\classes\ua\profitsoft\strymeneshenko\generate\Individual.class], file [C:\Users\user\workspace\ProfITsoftTasks-task8\target\classes\ua\profitsoft\strymeneshenko\generate\InsuredPerson.class], file [C:\Users\user\workspace\ProfITsoftTasks-task8\target\classes\ua\profitsoft\strymeneshenko\generate\LegalEntity.class], file [C:\Users\user\workspace\ProfITsoftTasks-task8\target\classes\ua\profitsoft\strymeneshenko\generate\ObjectFactory.class], file [C:\Users\user\workspace\ProfITsoftTasks-task8\target\classes\ua\profitsoft\strymeneshenko\generate\package-info.class], file [C:\Users\user\workspace\ProfITsoftTasks-task8\target\classes\ua\profitsoft\strymeneshenko\mappers\ClientMapper.class], file [C:\Users\user\workspace\ProfITsoftTasks-task8\target\classes\ua\profitsoft\strymeneshenko\mappers\ClientMapperImpl.class], file [C:\Users\user\workspace\ProfITsoftTasks-task8\target\classes\ua\profitsoft\strymeneshenko\mappers\ContractMapper.class], file [C:\Users\user\workspace\ProfITsoftTasks-task8\target\classes\ua\profitsoft\strymeneshenko\mappers\ContractMapperImpl.class], file [C:\Users\user\workspace\ProfITsoftTasks-task8\target\classes\ua\profitsoft\strymeneshenko\mappers\ContractResponseMapper.class], file [C:\Users\user\workspace\ProfITsoftTasks-task8\target\classes\ua\profitsoft\strymeneshenko\mappers\ContractResponseMapperImpl.class], file [C:\Users\user\workspace\ProfITsoftTasks-task8\target\classes\ua\profitsoft\strymeneshenko\mappers\InsuredPersonMapper.class], file [C:\Users\user\workspace\ProfITsoftTasks-task8\target\classes\ua\profitsoft\strymeneshenko\mappers\InsuredPersonMapperImpl.class], file [C:\Users\user\workspace\ProfITsoftTasks-task8\target\classes\ua\profitsoft\strymeneshenko\service\ClientService.class], file [C:\Users\user\workspace\ProfITsoftTasks-task8\target\classes\ua\profitsoft\strymeneshenko\service\ContractService.class], file [C:\Users\user\workspace\ProfITsoftTasks-task8\target\classes\ua\profitsoft\strymeneshenko\service\InsuredPersonService.class], file [C:\Users\user\workspace\ProfITsoftTasks-task8\target\classes\ua\profitsoft\strymeneshenko\service\IService.class], file [C:\Users\user\workspace\ProfITsoftTasks-task8\target\classes\ua\profitsoft\strymeneshenko\util\hibernate\HibernateUtil.class], file [C:\Users\user\workspace\ProfITsoftTasks-task8\target\classes\ua\profitsoft\strymeneshenko\util\UtilDate.class], file [C:\Users\user\workspace\ProfITsoftTasks-task8\target\classes\ua\profitsoft\strymeneshenko\validate\ClientValidate.class], file [C:\Users\user\workspace\ProfITsoftTasks-task8\target\classes\ua\profitsoft\strymeneshenko\validate\ContractValidate.class], file [C:\Users\user\workspace\ProfITsoftTasks-task8\target\classes\ua\profitsoft\strymeneshenko\validate\InsuredPersonValidate.class], file [C:\Users\user\workspace\ProfITsoftTasks-task8\target\classes\ua\profitsoft\strymeneshenko\validate\IValidate.class]]
2019-02-08 12:52:11 DEBUG ClassPathBeanDefinitionScanner:294 - Identified candidate component class: file [C:\Users\user\workspace\ProfITsoftTasks-task8\target\classes\ua\profitsoft\strymeneshenko\controllers\mvc\AddClientController.class]
2019-02-08 12:52:11 DEBUG ClassPathBeanDefinitionScanner:294 - Identified candidate component class: file [C:\Users\user\workspace\ProfITsoftTasks-task8\target\classes\ua\profitsoft\strymeneshenko\controllers\mvc\AddContractController.class]
2019-02-08 12:52:11 DEBUG ClassPathBeanDefinitionScanner:294 - Identified candidate component class: file [C:\Users\user\workspace\ProfITsoftTasks-task8\target\classes\ua\profitsoft\strymeneshenko\controllers\mvc\AddInsuredPersonController.class]
2019-02-08 12:52:11 DEBUG ClassPathBeanDefinitionScanner:294 - Identified candidate component class: file [C:\Users\user\workspace\ProfITsoftTasks-task8\target\classes\ua\profitsoft\strymeneshenko\controllers\mvc\DeleteContractController.class]
2019-02-08 12:52:11 DEBUG ClassPathBeanDefinitionScanner:294 - Identified candidate component class: file [C:\Users\user\workspace\ProfITsoftTasks-task8\target\classes\ua\profitsoft\strymeneshenko\controllers\mvc\EditContractController.class]
2019-02-08 12:52:11 DEBUG ClassPathBeanDefinitionScanner:294 - Identified candidate component class: file [C:\Users\user\workspace\ProfITsoftTasks-task8\target\classes\ua\profitsoft\strymeneshenko\controllers\mvc\GetContractsFromWebServiceController.class]
2019-02-08 12:52:11 DEBUG ClassPathBeanDefinitionScanner:294 - Identified candidate component class: file [C:\Users\user\workspace\ProfITsoftTasks-task8\target\classes\ua\profitsoft\strymeneshenko\controllers\mvc\ShowContractsController.class]
2019-02-08 12:52:11 DEBUG ClassPathBeanDefinitionScanner:294 - Identified candidate component class: file [C:\Users\user\workspace\ProfITsoftTasks-task8\target\classes\ua\profitsoft\strymeneshenko\controllers\mvc\ShowInfoContractController.class]
2019-02-08 12:52:11 DEBUG ClassPathBeanDefinitionScanner:294 - Identified candidate component class: file [C:\Users\user\workspace\ProfITsoftTasks-task8\target\classes\ua\profitsoft\strymeneshenko\endpoint\ContractEndPoint.class]
2019-02-08 12:52:11 DEBUG DefaultBeanDefinitionDocumentReader:252 - Imported 40 bean definitions from relative location [spring-context.xml]
2019-02-08 12:52:11 DEBUG PathMatchingResourcePatternResolver:319 - Resolved classpath location [ua/profitsoft/strymeneshenko/] to resources [URL [file:/C:/Users/user/workspace/ProfITsoftTasks-task8/target/test-classes/ua/profitsoft/strymeneshenko/], URL [file:/C:/Users/user/workspace/ProfITsoftTasks-task8/target/classes/ua/profitsoft/strymeneshenko/]]
2019-02-08 12:52:11 DEBUG PathMatchingResourcePatternResolver:748 - Looking for matching resources in directory tree [C:\Users\user\workspace\ProfITsoftTasks-task8\target\test-classes\ua\profitsoft\strymeneshenko]
2019-02-08 12:52:11 DEBUG PathMatchingResourcePatternResolver:810 - Searching directory [C:\Users\user\workspace\ProfITsoftTasks-task8\target\test-classes\ua\profitsoft\strymeneshenko] for files matching pattern [C:/Users/user/workspace/ProfITsoftTasks-task8/target/test-classes/ua/profitsoft/strymeneshenko/**/*.class]
2019-02-08 12:52:11 DEBUG PathMatchingResourcePatternResolver:810 - Searching directory [C:\Users\user\workspace\ProfITsoftTasks-task8\target\test-classes\ua\profitsoft\strymeneshenko\controllers] for files matching pattern [C:/Users/user/workspace/ProfITsoftTasks-task8/target/test-classes/ua/profitsoft/strymeneshenko/**/*.class]
2019-02-08 12:52:11 DEBUG PathMatchingResourcePatternResolver:810 - Searching directory [C:\Users\user\workspace\ProfITsoftTasks-task8\target\test-classes\ua\profitsoft\strymeneshenko\controllers\mvc] for files matching pattern [C:/Users/user/workspace/ProfITsoftTasks-task8/target/test-classes/ua/profitsoft/strymeneshenko/**/*.class]
2019-02-08 12:52:11 DEBUG PathMatchingResourcePatternResolver:810 - Searching directory [C:\Users\user\workspace\ProfITsoftTasks-task8\target\test-classes\ua\profitsoft\strymeneshenko\data] for files matching pattern [C:/Users/user/workspace/ProfITsoftTasks-task8/target/test-classes/ua/profitsoft/strymeneshenko/**/*.class]
2019-02-08 12:52:11 DEBUG PathMatchingResourcePatternResolver:810 - Searching directory [C:\Users\user\workspace\ProfITsoftTasks-task8\target\test-classes\ua\profitsoft\strymeneshenko\db] for files matching pattern [C:/Users/user/workspace/ProfITsoftTasks-task8/target/test-classes/ua/profitsoft/strymeneshenko/**/*.class]
2019-02-08 12:52:11 DEBUG PathMatchingResourcePatternResolver:810 - Searching directory [C:\Users\user\workspace\ProfITsoftTasks-task8\target\test-classes\ua\profitsoft\strymeneshenko\db\dao] for files matching pattern [C:/Users/user/workspace/ProfITsoftTasks-task8/target/test-classes/ua/profitsoft/strymeneshenko/**/*.class]
2019-02-08 12:52:11 DEBUG PathMatchingResourcePatternResolver:810 - Searching directory [C:\Users\user\workspace\ProfITsoftTasks-task8\target\test-classes\ua\profitsoft\strymeneshenko\service] for files matching pattern [C:/Users/user/workspace/ProfITsoftTasks-task8/target/test-classes/ua/profitsoft/strymeneshenko/**/*.class]
2019-02-08 12:52:11 DEBUG PathMatchingResourcePatternResolver:748 - Looking for matching resources in directory tree [C:\Users\user\workspace\ProfITsoftTasks-task8\target\classes\ua\profitsoft\strymeneshenko]
2019-02-08 12:52:11 DEBUG PathMatchingResourcePatternResolver:810 - Searching directory [C:\Users\user\workspace\ProfITsoftTasks-task8\target\classes\ua\profitsoft\strymeneshenko] for files matching pattern [C:/Users/user/workspace/ProfITsoftTasks-task8/target/classes/ua/profitsoft/strymeneshenko/**/*.class]
2019-02-08 12:52:11 DEBUG PathMatchingResourcePatternResolver:810 - Searching directory [C:\Users\user\workspace\ProfITsoftTasks-task8\target\classes\ua\profitsoft\strymeneshenko\controllers] for files matching pattern [C:/Users/user/workspace/ProfITsoftTasks-task8/target/classes/ua/profitsoft/strymeneshenko/**/*.class]
2019-02-08 12:52:11 DEBUG PathMatchingResourcePatternResolver:810 - Searching directory [C:\Users\user\workspace\ProfITsoftTasks-task8\target\classes\ua\profitsoft\strymeneshenko\controllers\mvc] for files matching pattern [C:/Users/user/workspace/ProfITsoftTasks-task8/target/classes/ua/profitsoft/strymeneshenko/**/*.class]
2019-02-08 12:52:11 DEBUG PathMatchingResourcePatternResolver:810 - Searching directory [C:\Users\user\workspace\ProfITsoftTasks-task8\target\classes\ua\profitsoft\strymeneshenko\controllers\servlets] for files matching pattern [C:/Users/user/workspace/ProfITsoftTasks-task8/target/classes/ua/profitsoft/strymeneshenko/**/*.class]
2019-02-08 12:52:11 DEBUG PathMatchingResourcePatternResolver:810 - Searching directory [C:\Users\user\workspace\ProfITsoftTasks-task8\target\classes\ua\profitsoft\strymeneshenko\data] for files matching pattern [C:/Users/user/workspace/ProfITsoftTasks-task8/target/classes/ua/profitsoft/strymeneshenko/**/*.class]
2019-02-08 12:52:11 DEBUG PathMatchingResourcePatternResolver:810 - Searching directory [C:\Users\user\workspace\ProfITsoftTasks-task8\target\classes\ua\profitsoft\strymeneshenko\db] for files matching pattern [C:/Users/user/workspace/ProfITsoftTasks-task8/target/classes/ua/profitsoft/strymeneshenko/**/*.class]
2019-02-08 12:52:11 DEBUG PathMatchingResourcePatternResolver:810 - Searching directory [C:\Users\user\workspace\ProfITsoftTasks-task8\target\classes\ua\profitsoft\strymeneshenko\db\dao] for files matching pattern [C:/Users/user/workspace/ProfITsoftTasks-task8/target/classes/ua/profitsoft/strymeneshenko/**/*.class]
2019-02-08 12:52:11 DEBUG PathMatchingResourcePatternResolver:810 - Searching directory [C:\Users\user\workspace\ProfITsoftTasks-task8\target\classes\ua\profitsoft\strymeneshenko\db\dao\file] for files matching pattern [C:/Users/user/workspace/ProfITsoftTasks-task8/target/classes/ua/profitsoft/strymeneshenko/**/*.class]
2019-02-08 12:52:11 DEBUG PathMatchingResourcePatternResolver:810 - Searching directory [C:\Users\user\workspace\ProfITsoftTasks-task8\target\classes\ua\profitsoft\strymeneshenko\db\dao\hibernate] for files matching pattern [C:/Users/user/workspace/ProfITsoftTasks-task8/target/classes/ua/profitsoft/strymeneshenko/**/*.class]
2019-02-08 12:52:11 DEBUG PathMatchingResourcePatternResolver:810 - Searching directory [C:\Users\user\workspace\ProfITsoftTasks-task8\target\classes\ua\profitsoft\strymeneshenko\db\dao\jdbctemplate] for files matching pattern [C:/Users/user/workspace/ProfITsoftTasks-task8/target/classes/ua/profitsoft/strymeneshenko/**/*.class]
2019-02-08 12:52:11 DEBUG PathMatchingResourcePatternResolver:810 - Searching directory [C:\Users\user\workspace\ProfITsoftTasks-task8\target\classes\ua\profitsoft\strymeneshenko\dict] for files matching pattern [C:/Users/user/workspace/ProfITsoftTasks-task8/target/classes/ua/profitsoft/strymeneshenko/**/*.class]
2019-02-08 12:52:11 DEBUG PathMatchingResourcePatternResolver:810 - Searching directory [C:\Users\user\workspace\ProfITsoftTasks-task8\target\classes\ua\profitsoft\strymeneshenko\endpoint] for files matching pattern [C:/Users/user/workspace/ProfITsoftTasks-task8/target/classes/ua/profitsoft/strymeneshenko/**/*.class]
2019-02-08 12:52:11 DEBUG PathMatchingResourcePatternResolver:810 - Searching directory [C:\Users\user\workspace\ProfITsoftTasks-task8\target\classes\ua\profitsoft\strymeneshenko\generate] for files matching pattern [C:/Users/user/workspace/ProfITsoftTasks-task8/target/classes/ua/profitsoft/strymeneshenko/**/*.class]
2019-02-08 12:52:11 DEBUG PathMatchingResourcePatternResolver:810 - Searching directory [C:\Users\user\workspace\ProfITsoftTasks-task8\target\classes\ua\profitsoft\strymeneshenko\mappers] for files matching pattern [C:/Users/user/workspace/ProfITsoftTasks-task8/target/classes/ua/profitsoft/strymeneshenko/**/*.class]
2019-02-08 12:52:11 DEBUG PathMatchingResourcePatternResolver:810 - Searching directory [C:\Users\user\workspace\ProfITsoftTasks-task8\target\classes\ua\profitsoft\strymeneshenko\service] for files matching pattern [C:/Users/user/workspace/ProfITsoftTasks-task8/target/classes/ua/profitsoft/strymeneshenko/**/*.class]
2019-02-08 12:52:11 DEBUG PathMatchingResourcePatternResolver:810 - Searching directory [C:\Users\user\workspace\ProfITsoftTasks-task8\target\classes\ua\profitsoft\strymeneshenko\util] for files matching pattern [C:/Users/user/workspace/ProfITsoftTasks-task8/target/classes/ua/profitsoft/strymeneshenko/**/*.class]
2019-02-08 12:52:11 DEBUG PathMatchingResourcePatternResolver:810 - Searching directory [C:\Users\user\workspace\ProfITsoftTasks-task8\target\classes\ua\profitsoft\strymeneshenko\util\hibernate] for files matching pattern [C:/Users/user/workspace/ProfITsoftTasks-task8/target/classes/ua/profitsoft/strymeneshenko/**/*.class]
2019-02-08 12:52:11 DEBUG PathMatchingResourcePatternResolver:810 - Searching directory [C:\Users\user\workspace\ProfITsoftTasks-task8\target\classes\ua\profitsoft\strymeneshenko\validate] for files matching pattern [C:/Users/user/workspace/ProfITsoftTasks-task8/target/classes/ua/profitsoft/strymeneshenko/**/*.class]
2019-02-08 12:52:11 DEBUG PathMatchingResourcePatternResolver:511 - Resolved location pattern [classpath*:ua/profitsoft/strymeneshenko/**/*.class] to resources [file [C:\Users\user\workspace\ProfITsoftTasks-task8\target\test-classes\ua\profitsoft\strymeneshenko\controllers\mvc\AddInsuredPersonControllerTest.class], file [C:\Users\user\workspace\ProfITsoftTasks-task8\target\test-classes\ua\profitsoft\strymeneshenko\controllers\mvc\DeleteContractControllerTest.class], file [C:\Users\user\workspace\ProfITsoftTasks-task8\target\test-classes\ua\profitsoft\strymeneshenko\controllers\mvc\EditContractControllerTest.class], file [C:\Users\user\workspace\ProfITsoftTasks-task8\target\test-classes\ua\profitsoft\strymeneshenko\controllers\mvc\ShowContractsControllerTest.class], file [C:\Users\user\workspace\ProfITsoftTasks-task8\target\test-classes\ua\profitsoft\strymeneshenko\controllers\mvc\ShowInfoContractControllerTest.class], file [C:\Users\user\workspace\ProfITsoftTasks-task8\target\test-classes\ua\profitsoft\strymeneshenko\data\ContractTest.class], file [C:\Users\user\workspace\ProfITsoftTasks-task8\target\test-classes\ua\profitsoft\strymeneshenko\data\InsuredPersonTest.class], file [C:\Users\user\workspace\ProfITsoftTasks-task8\target\test-classes\ua\profitsoft\strymeneshenko\db\dao\ClientHibernateDAOTest.class], file [C:\Users\user\workspace\ProfITsoftTasks-task8\target\test-classes\ua\profitsoft\strymeneshenko\db\dao\ConractsFileDAOTest.class], file [C:\Users\user\workspace\ProfITsoftTasks-task8\target\test-classes\ua\profitsoft\strymeneshenko\db\dao\ContractHibernateDAOTest.class], file [C:\Users\user\workspace\ProfITsoftTasks-task8\target\test-classes\ua\profitsoft\strymeneshenko\db\dao\InsuredPersonHibernateDAOTest.class], file [C:\Users\user\workspace\ProfITsoftTasks-task8\target\test-classes\ua\profitsoft\strymeneshenko\service\ClientServiceTest.class], file [C:\Users\user\workspace\ProfITsoftTasks-task8\target\test-classes\ua\profitsoft\strymeneshenko\service\ContractServiceTest.class], file [C:\Users\user\workspace\ProfITsoftTasks-task8\target\test-classes\ua\profitsoft\strymeneshenko\service\InsuredPersonServiceTest.class], file [C:\Users\user\workspace\ProfITsoftTasks-task8\target\classes\ua\profitsoft\strymeneshenko\controllers\mvc\AddClientController.class], file [C:\Users\user\workspace\ProfITsoftTasks-task8\target\classes\ua\profitsoft\strymeneshenko\controllers\mvc\AddContractController.class], file [C:\Users\user\workspace\ProfITsoftTasks-task8\target\classes\ua\profitsoft\strymeneshenko\controllers\mvc\AddInsuredPersonController.class], file [C:\Users\user\workspace\ProfITsoftTasks-task8\target\classes\ua\profitsoft\strymeneshenko\controllers\mvc\DeleteContractController.class], file [C:\Users\user\workspace\ProfITsoftTasks-task8\target\classes\ua\profitsoft\strymeneshenko\controllers\mvc\EditContractController.class], file [C:\Users\user\workspace\ProfITsoftTasks-task8\target\classes\ua\profitsoft\strymeneshenko\controllers\mvc\GetContractsFromWebServiceController.class], file [C:\Users\user\workspace\ProfITsoftTasks-task8\target\classes\ua\profitsoft\strymeneshenko\controllers\mvc\ShowContractsController.class], file [C:\Users\user\workspace\ProfITsoftTasks-task8\target\classes\ua\profitsoft\strymeneshenko\controllers\mvc\ShowInfoContractController.class], file [C:\Users\user\workspace\ProfITsoftTasks-task8\target\classes\ua\profitsoft\strymeneshenko\controllers\servlets\AddClientServlet.class], file [C:\Users\user\workspace\ProfITsoftTasks-task8\target\classes\ua\profitsoft\strymeneshenko\controllers\servlets\AddContractServlet.class], file [C:\Users\user\workspace\ProfITsoftTasks-task8\target\classes\ua\profitsoft\strymeneshenko\controllers\servlets\AddInsuredPersonServlet.class], file [C:\Users\user\workspace\ProfITsoftTasks-task8\target\classes\ua\profitsoft\strymeneshenko\controllers\servlets\DeleteContractServlet.class], file [C:\Users\user\workspace\ProfITsoftTasks-task8\target\classes\ua\profitsoft\strymeneshenko\controllers\servlets\EditContractServlet.class], file [C:\Users\user\workspace\ProfITsoftTasks-task8\target\classes\ua\profitsoft\strymeneshenko\controllers\servlets\ShowContractsServlet.class], file [C:\Users\user\workspace\ProfITsoftTasks-task8\target\classes\ua\profitsoft\strymeneshenko\controllers\servlets\ShowInfoContractServlet.class], file [C:\Users\user\workspace\ProfITsoftTasks-task8\target\classes\ua\profitsoft\strymeneshenko\data\Client.class], file [C:\Users\user\workspace\ProfITsoftTasks-task8\target\classes\ua\profitsoft\strymeneshenko\data\Contract$1.class], file [C:\Users\user\workspace\ProfITsoftTasks-task8\target\classes\ua\profitsoft\strymeneshenko\data\Contract$SortByDateOfBirth.class], file [C:\Users\user\workspace\ProfITsoftTasks-task8\target\classes\ua\profitsoft\strymeneshenko\data\Contract$SortByName.class], file [C:\Users\user\workspace\ProfITsoftTasks-task8\target\classes\ua\profitsoft\strymeneshenko\data\Contract.class], file [C:\Users\user\workspace\ProfITsoftTasks-task8\target\classes\ua\profitsoft\strymeneshenko\data\ContractResponse.class], file [C:\Users\user\workspace\ProfITsoftTasks-task8\target\classes\ua\profitsoft\strymeneshenko\data\Individual.class], file [C:\Users\user\workspace\ProfITsoftTasks-task8\target\classes\ua\profitsoft\strymeneshenko\data\InsuredPerson.class], file [C:\Users\user\workspace\ProfITsoftTasks-task8\target\classes\ua\profitsoft\strymeneshenko\data\LegalEntity.class], file [C:\Users\user\workspace\ProfITsoftTasks-task8\target\classes\ua\profitsoft\strymeneshenko\db\ConnectionFactory.class], file [C:\Users\user\workspace\ProfITsoftTasks-task8\target\classes\ua\profitsoft\strymeneshenko\db\dao\file\ConractsFileDAO.class], file [C:\Users\user\workspace\ProfITsoftTasks-task8\target\classes\ua\profitsoft\strymeneshenko\db\dao\hibernate\ClientHibernateDAO.class], file [C:\Users\user\workspace\ProfITsoftTasks-task8\target\classes\ua\profitsoft\strymeneshenko\db\dao\hibernate\ContractHibernateDAO.class], file [C:\Users\user\workspace\ProfITsoftTasks-task8\target\classes\ua\profitsoft\strymeneshenko\db\dao\hibernate\InsuredPersonHibernateDAO.class], file [C:\Users\user\workspace\ProfITsoftTasks-task8\target\classes\ua\profitsoft\strymeneshenko\db\dao\IDao.class], file [C:\Users\user\workspace\ProfITsoftTasks-task8\target\classes\ua\profitsoft\strymeneshenko\db\dao\jdbctemplate\ClientDAO$1.class], file [C:\Users\user\workspace\ProfITsoftTasks-task8\target\classes\ua\profitsoft\strymeneshenko\db\dao\jdbctemplate\ClientDAO.class], file [C:\Users\user\workspace\ProfITsoftTasks-task8\target\classes\ua\profitsoft\strymeneshenko\db\dao\jdbctemplate\ContractDAO$1.class], file [C:\Users\user\workspace\ProfITsoftTasks-task8\target\classes\ua\profitsoft\strymeneshenko\db\dao\jdbctemplate\ContractDAO$2.class], file [C:\Users\user\workspace\ProfITsoftTasks-task8\target\classes\ua\profitsoft\strymeneshenko\db\dao\jdbctemplate\ContractDAO$3.class], file [C:\Users\user\workspace\ProfITsoftTasks-task8\target\classes\ua\profitsoft\strymeneshenko\db\dao\jdbctemplate\ContractDAO.class], file [C:\Users\user\workspace\ProfITsoftTasks-task8\target\classes\ua\profitsoft\strymeneshenko\db\dao\jdbctemplate\InsuredPersonDAO$1.class], file [C:\Users\user\workspace\ProfITsoftTasks-task8\target\classes\ua\profitsoft\strymeneshenko\db\dao\jdbctemplate\InsuredPersonDAO.class], file [C:\Users\user\workspace\ProfITsoftTasks-task8\target\classes\ua\profitsoft\strymeneshenko\Demo.class], file [C:\Users\user\workspace\ProfITsoftTasks-task8\target\classes\ua\profitsoft\strymeneshenko\dict\IterationType.class], file [C:\Users\user\workspace\ProfITsoftTasks-task8\target\classes\ua\profitsoft\strymeneshenko\endpoint\ContractEndPoint.class], file [C:\Users\user\workspace\ProfITsoftTasks-task8\target\classes\ua\profitsoft\strymeneshenko\generate\Client.class], file [C:\Users\user\workspace\ProfITsoftTasks-task8\target\classes\ua\profitsoft\strymeneshenko\generate\Contract.class], file [C:\Users\user\workspace\ProfITsoftTasks-task8\target\classes\ua\profitsoft\strymeneshenko\generate\Evo.class], file [C:\Users\user\workspace\ProfITsoftTasks-task8\target\classes\ua\profitsoft\strymeneshenko\generate\EvoService.class], file [C:\Users\user\workspace\ProfITsoftTasks-task8\target\classes\ua\profitsoft\strymeneshenko\generate\GetAllContractsResponse.class], file [C:\Users\user\workspace\ProfITsoftTasks-task8\target\classes\ua\profitsoft\strymeneshenko\generate\Individual.class], file [C:\Users\user\workspace\ProfITsoftTasks-task8\target\classes\ua\profitsoft\strymeneshenko\generate\InsuredPerson.class], file [C:\Users\user\workspace\ProfITsoftTasks-task8\target\classes\ua\profitsoft\strymeneshenko\generate\LegalEntity.class], file [C:\Users\user\workspace\ProfITsoftTasks-task8\target\classes\ua\profitsoft\strymeneshenko\generate\ObjectFactory.class], file [C:\Users\user\workspace\ProfITsoftTasks-task8\target\classes\ua\profitsoft\strymeneshenko\generate\package-info.class], file [C:\Users\user\workspace\ProfITsoftTasks-task8\target\classes\ua\profitsoft\strymeneshenko\mappers\ClientMapper.class], file [C:\Users\user\workspace\ProfITsoftTasks-task8\target\classes\ua\profitsoft\strymeneshenko\mappers\ClientMapperImpl.class], file [C:\Users\user\workspace\ProfITsoftTasks-task8\target\classes\ua\profitsoft\strymeneshenko\mappers\ContractMapper.class], file [C:\Users\user\workspace\ProfITsoftTasks-task8\target\classes\ua\profitsoft\strymeneshenko\mappers\ContractMapperImpl.class], file [C:\Users\user\workspace\ProfITsoftTasks-task8\target\classes\ua\profitsoft\strymeneshenko\mappers\ContractResponseMapper.class], file [C:\Users\user\workspace\ProfITsoftTasks-task8\target\classes\ua\profitsoft\strymeneshenko\mappers\ContractResponseMapperImpl.class], file [C:\Users\user\workspace\ProfITsoftTasks-task8\target\classes\ua\profitsoft\strymeneshenko\mappers\InsuredPersonMapper.class], file [C:\Users\user\workspace\ProfITsoftTasks-task8\target\classes\ua\profitsoft\strymeneshenko\mappers\InsuredPersonMapperImpl.class], file [C:\Users\user\workspace\ProfITsoftTasks-task8\target\classes\ua\profitsoft\strymeneshenko\service\ClientService.class], file [C:\Users\user\workspace\ProfITsoftTasks-task8\target\classes\ua\profitsoft\strymeneshenko\service\ContractService.class], file [C:\Users\user\workspace\ProfITsoftTasks-task8\target\classes\ua\profitsoft\strymeneshenko\service\InsuredPersonService.class], file [C:\Users\user\workspace\ProfITsoftTasks-task8\target\classes\ua\profitsoft\strymeneshenko\service\IService.class], file [C:\Users\user\workspace\ProfITsoftTasks-task8\target\classes\ua\profitsoft\strymeneshenko\util\hibernate\HibernateUtil.class], file [C:\Users\user\workspace\ProfITsoftTasks-task8\target\classes\ua\profitsoft\strymeneshenko\util\UtilDate.class], file [C:\Users\user\workspace\ProfITsoftTasks-task8\target\classes\ua\profitsoft\strymeneshenko\validate\ClientValidate.class], file [C:\Users\user\workspace\ProfITsoftTasks-task8\target\classes\ua\profitsoft\strymeneshenko\validate\ContractValidate.class], file [C:\Users\user\workspace\ProfITsoftTasks-task8\target\classes\ua\profitsoft\strymeneshenko\validate\InsuredPersonValidate.class], file [C:\Users\user\workspace\ProfITsoftTasks-task8\target\classes\ua\profitsoft\strymeneshenko\validate\IValidate.class]]
2019-02-08 12:52:11 DEBUG ClassPathBeanDefinitionScanner:294 - Identified candidate component class: file [C:\Users\user\workspace\ProfITsoftTasks-task8\target\classes\ua\profitsoft\strymeneshenko\controllers\mvc\AddClientController.class]
2019-02-08 12:52:11 DEBUG ClassPathBeanDefinitionScanner:294 - Identified candidate component class: file [C:\Users\user\workspace\ProfITsoftTasks-task8\target\classes\ua\profitsoft\strymeneshenko\controllers\mvc\AddContractController.class]
2019-02-08 12:52:11 DEBUG ClassPathBeanDefinitionScanner:294 - Identified candidate component class: file [C:\Users\user\workspace\ProfITsoftTasks-task8\target\classes\ua\profitsoft\strymeneshenko\controllers\mvc\AddInsuredPersonController.class]
2019-02-08 12:52:11 DEBUG ClassPathBeanDefinitionScanner:294 - Identified candidate component class: file [C:\Users\user\workspace\ProfITsoftTasks-task8\target\classes\ua\profitsoft\strymeneshenko\controllers\mvc\DeleteContractController.class]
2019-02-08 12:52:11 DEBUG ClassPathBeanDefinitionScanner:294 - Identified candidate component class: file [C:\Users\user\workspace\ProfITsoftTasks-task8\target\classes\ua\profitsoft\strymeneshenko\controllers\mvc\EditContractController.class]
2019-02-08 12:52:11 DEBUG ClassPathBeanDefinitionScanner:294 - Identified candidate component class: file [C:\Users\user\workspace\ProfITsoftTasks-task8\target\classes\ua\profitsoft\strymeneshenko\controllers\mvc\GetContractsFromWebServiceController.class]
2019-02-08 12:52:11 DEBUG ClassPathBeanDefinitionScanner:294 - Identified candidate component class: file [C:\Users\user\workspace\ProfITsoftTasks-task8\target\classes\ua\profitsoft\strymeneshenko\controllers\mvc\ShowContractsController.class]
2019-02-08 12:52:11 DEBUG ClassPathBeanDefinitionScanner:294 - Identified candidate component class: file [C:\Users\user\workspace\ProfITsoftTasks-task8\target\classes\ua\profitsoft\strymeneshenko\controllers\mvc\ShowInfoContractController.class]
2019-02-08 12:52:11 DEBUG XmlBeanDefinitionReader:224 - Loaded 62 bean definitions from location pattern [classpath:mvc-context.xml]
2019-02-08 12:52:11 INFO  GenericWebApplicationContext:583 - Refreshing org.springframework.web.context.support.GenericWebApplicationContext@458c1321: startup date [Fri Feb 08 12:52:11 EET 2019]; root of context hierarchy
2019-02-08 12:52:11 DEBUG StandardServletEnvironment:170 - Replacing PropertySource &apos;servletContextInitParams&apos; with &apos;servletContextInitParams&apos;
2019-02-08 12:52:11 DEBUG GenericWebApplicationContext:617 - Bean factory for org.springframework.web.context.support.GenericWebApplicationContext@458c1321: org.springframework.beans.factory.support.DefaultListableBeanFactory@34123d65: defining beans [PropertyConfigurer,DataSource,org.springframework.transaction.config.internalTransactionalEventListenerFactory,org.springframework.aop.config.internalAutoProxyCreator,org.springframework.transaction.annotation.AnnotationTransactionAttributeSource#0,org.springframework.transaction.interceptor.TransactionInterceptor#0,org.springframework.transaction.config.internalTransactionAdvisor,sessionFactory,txManager,addClientController,addContractController,addInsuredPersonController,deleteContractController,editContractController,getContractsFromWebServiceController,showContractsController,showInfoContractController,contractEndPoint,org.springframework.context.annotation.internalConfigurationAnnotationProcessor,org.springframework.context.annotation.internalAutowiredAnnotationProcessor,org.springframework.context.annotation.internalRequiredAnnotationProcessor,org.springframework.context.annotation.internalCommonAnnotationProcessor,org.springframework.context.annotation.internalPersistenceAnnotationProcessor,org.springframework.context.event.internalEventListenerProcessor,org.springframework.context.event.internalEventListenerFactory,client-1,individual-1,legal-entity,insured-person-1,insured-person-2,contract-1,clientService,contractService,insuredPersonService,clientDAO,contractDAO,insuredPersonDAO,clientHibernateDAO,contractHibernateDAO,insuredPersonHibernateDAO,mvcContentNegotiationManager,org.springframework.web.servlet.mvc.method.annotation.RequestMappingHandlerMapping#0,mvcCorsConfigurations,org.springframework.format.support.FormattingConversionServiceFactoryBean#0,org.springframework.validation.beanvalidation.OptionalValidatorFactoryBean#0,org.springframework.web.servlet.mvc.method.annotation.RequestMappingHandlerAdapter#0,mvcUriComponentsContributor,org.springframework.web.servlet.handler.MappedInterceptor#0,org.springframework.web.servlet.mvc.method.annotation.ExceptionHandlerExceptionResolver#0,org.springframework.web.servlet.mvc.annotation.ResponseStatusExceptionResolver#0,org.springframework.web.servlet.mvc.support.DefaultHandlerExceptionResolver#0,org.springframework.web.servlet.handler.BeanNameUrlHandlerMapping,org.springframework.web.servlet.mvc.HttpRequestHandlerAdapter,org.springframework.web.servlet.mvc.SimpleControllerHandlerAdapter,mvcViewResolver,mvcResourceUrlProvider,org.springframework.web.servlet.handler.MappedInterceptor#1,org.springframework.web.servlet.resource.ResourceHttpRequestHandler#0,mvcPathMatcher,mvcUrlPathHelper,org.springframework.web.servlet.handler.SimpleUrlHandlerMapping#0,objectMapper]; root of factory hierarchy
2019-02-08 12:52:11 DEBUG DefaultListableBeanFactory:915 - Registering scope &apos;request&apos; with implementation [org.springframework.web.context.request.RequestScope@dd05255]
2019-02-08 12:52:11 DEBUG DefaultListableBeanFactory:915 - Registering scope &apos;session&apos; with implementation [org.springframework.web.context.request.SessionScope@1f2586d6]
2019-02-08 12:52:11 DEBUG DefaultListableBeanFactory:915 - Registering scope &apos;globalSession&apos; with implementation [org.springframework.web.context.request.SessionScope@10683d9d]
2019-02-08 12:52:11 DEBUG DefaultListableBeanFactory:915 - Registering scope &apos;application&apos; with implementation [org.springframework.web.context.support.ServletContextScope@6989da5e]
2019-02-08 12:52:11 DEBUG DefaultListableBeanFactory:221 - Creating shared instance of singleton bean &apos;org.springframework.context.annotation.internalConfigurationAnnotationProcessor&apos;
2019-02-08 12:52:11 DEBUG DefaultListableBeanFactory:447 - Creating instance of bean &apos;org.springframework.context.annotation.internalConfigurationAnnotationProcessor&apos;
2019-02-08 12:52:11 DEBUG DefaultListableBeanFactory:537 - Eagerly caching bean &apos;org.springframework.context.annotation.internalConfigurationAnnotationProcessor&apos; to allow for resolving potential circular references
2019-02-08 12:52:11 DEBUG DefaultListableBeanFactory:483 - Finished creating instance of bean &apos;org.springframework.context.annotation.internalConfigurationAnnotationProcessor&apos;
2019-02-08 12:52:11 DEBUG DefaultListableBeanFactory:221 - Creating shared instance of singleton bean &apos;PropertyConfigurer&apos;
2019-02-08 12:52:11 DEBUG DefaultListableBeanFactory:447 - Creating instance of bean &apos;PropertyConfigurer&apos;
2019-02-08 12:52:11 DEBUG DefaultListableBeanFactory:537 - Eagerly caching bean &apos;PropertyConfigurer&apos; to allow for resolving potential circular references
2019-02-08 12:52:11 DEBUG DefaultListableBeanFactory:483 - Finished creating instance of bean &apos;PropertyConfigurer&apos;
2019-02-08 12:52:11 DEBUG PropertyPlaceholderConfigurer:174 - Loading properties file from class path resource [db.properties]
2019-02-08 12:52:11 DEBUG DefaultListableBeanFactory:221 - Creating shared instance of singleton bean &apos;org.springframework.context.annotation.internalAutowiredAnnotationProcessor&apos;
2019-02-08 12:52:11 DEBUG DefaultListableBeanFactory:447 - Creating instance of bean &apos;org.springframework.context.annotation.internalAutowiredAnnotationProcessor&apos;
2019-02-08 12:52:11 DEBUG DefaultListableBeanFactory:537 - Eagerly caching bean &apos;org.springframework.context.annotation.internalAutowiredAnnotationProcessor&apos; to allow for resolving potential circular references
2019-02-08 12:52:11 DEBUG DefaultListableBeanFactory:483 - Finished creating instance of bean &apos;org.springframework.context.annotation.internalAutowiredAnnotationProcessor&apos;
2019-02-08 12:52:11 DEBUG DefaultListableBeanFactory:221 - Creating shared instance of singleton bean &apos;org.springframework.context.annotation.internalRequiredAnnotationProcessor&apos;
2019-02-08 12:52:11 DEBUG DefaultListableBeanFactory:447 - Creating instance of bean &apos;org.springframework.context.annotation.internalRequiredAnnotationProcessor&apos;
2019-02-08 12:52:11 DEBUG DefaultListableBeanFactory:537 - Eagerly caching bean &apos;org.springframework.context.annotation.internalRequiredAnnotationProcessor&apos; to allow for resolving potential circular references
2019-02-08 12:52:11 DEBUG DefaultListableBeanFactory:483 - Finished creating instance of bean &apos;org.springframework.context.annotation.internalRequiredAnnotationProcessor&apos;
2019-02-08 12:52:11 DEBUG DefaultListableBeanFactory:221 - Creating shared instance of singleton bean &apos;org.springframework.context.annotation.internalCommonAnnotationProcessor&apos;
2019-02-08 12:52:11 DEBUG DefaultListableBeanFactory:447 - Creating instance of bean &apos;org.springframework.context.annotation.internalCommonAnnotationProcessor&apos;
2019-02-08 12:52:11 DEBUG DefaultListableBeanFactory:537 - Eagerly caching bean &apos;org.springframework.context.annotation.internalCommonAnnotationProcessor&apos; to allow for resolving potential circular references
2019-02-08 12:52:11 DEBUG DefaultListableBeanFactory:483 - Finished creating instance of bean &apos;org.springframework.context.annotation.internalCommonAnnotationProcessor&apos;
2019-02-08 12:52:11 DEBUG DefaultListableBeanFactory:221 - Creating shared instance of singleton bean &apos;org.springframework.context.annotation.internalPersistenceAnnotationProcessor&apos;
2019-02-08 12:52:11 DEBUG DefaultListableBeanFactory:447 - Creating instance of bean &apos;org.springframework.context.annotation.internalPersistenceAnnotationProcessor&apos;
2019-02-08 12:52:11 DEBUG DefaultListableBeanFactory:537 - Eagerly caching bean &apos;org.springframework.context.annotation.internalPersistenceAnnotationProcessor&apos; to allow for resolving potential circular references
2019-02-08 12:52:11 DEBUG DefaultListableBeanFactory:483 - Finished creating instance of bean &apos;org.springframework.context.annotation.internalPersistenceAnnotationProcessor&apos;
2019-02-08 12:52:11 DEBUG DefaultListableBeanFactory:221 - Creating shared instance of singleton bean &apos;org.springframework.aop.config.internalAutoProxyCreator&apos;
2019-02-08 12:52:11 DEBUG DefaultListableBeanFactory:447 - Creating instance of bean &apos;org.springframework.aop.config.internalAutoProxyCreator&apos;
2019-02-08 12:52:11 DEBUG DefaultListableBeanFactory:537 - Eagerly caching bean &apos;org.springframework.aop.config.internalAutoProxyCreator&apos; to allow for resolving potential circular references
2019-02-08 12:52:11 DEBUG DefaultListableBeanFactory:483 - Finished creating instance of bean &apos;org.springframework.aop.config.internalAutoProxyCreator&apos;
2019-02-08 12:52:11 DEBUG GenericWebApplicationContext:734 - Unable to locate MessageSource with name &apos;messageSource&apos;: using default [org.springframework.context.support.DelegatingMessageSource@470734c3]
2019-02-08 12:52:11 DEBUG GenericWebApplicationContext:758 - Unable to locate ApplicationEventMulticaster with name &apos;applicationEventMulticaster&apos;: using default [org.springframework.context.event.SimpleApplicationEventMulticaster@27406a17]
2019-02-08 12:52:11 DEBUG UiApplicationContextUtils:85 - Unable to locate ThemeSource with name &apos;themeSource&apos;: using default [org.springframework.ui.context.support.ResourceBundleThemeSource@117159c0]
2019-02-08 12:52:11 DEBUG DefaultListableBeanFactory:730 - Pre-instantiating singletons in org.springframework.beans.factory.support.DefaultListableBeanFactory@34123d65: defining beans [PropertyConfigurer,DataSource,org.springframework.transaction.config.internalTransactionalEventListenerFactory,org.springframework.aop.config.internalAutoProxyCreator,org.springframework.transaction.annotation.AnnotationTransactionAttributeSource#0,org.springframework.transaction.interceptor.TransactionInterceptor#0,org.springframework.transaction.config.internalTransactionAdvisor,sessionFactory,txManager,addClientController,addContractController,addInsuredPersonController,deleteContractController,editContractController,getContractsFromWebServiceController,showContractsController,showInfoContractController,contractEndPoint,org.springframework.context.annotation.internalConfigurationAnnotationProcessor,org.springframework.context.annotation.internalAutowiredAnnotationProcessor,org.springframework.context.annotation.internalRequiredAnnotationProcessor,org.springframework.context.annotation.internalCommonAnnotationProcessor,org.springframework.context.annotation.internalPersistenceAnnotationProcessor,org.springframework.context.event.internalEventListenerProcessor,org.springframework.context.event.internalEventListenerFactory,client-1,individual-1,legal-entity,insured-person-1,insured-person-2,contract-1,clientService,contractService,insuredPersonService,clientDAO,contractDAO,insuredPersonDAO,clientHibernateDAO,contractHibernateDAO,insuredPersonHibernateDAO,mvcContentNegotiationManager,org.springframework.web.servlet.mvc.method.annotation.RequestMappingHandlerMapping#0,mvcCorsConfigurations,org.springframework.format.support.FormattingConversionServiceFactoryBean#0,org.springframework.validation.beanvalidation.OptionalValidatorFactoryBean#0,org.springframework.web.servlet.mvc.method.annotation.RequestMappingHandlerAdapter#0,mvcUriComponentsContributor,org.springframework.web.servlet.handler.MappedInterceptor#0,org.springframework.web.servlet.mvc.method.annotation.ExceptionHandlerExceptionResolver#0,org.springframework.web.servlet.mvc.annotation.ResponseStatusExceptionResolver#0,org.springframework.web.servlet.mvc.support.DefaultHandlerExceptionResolver#0,org.springframework.web.servlet.handler.BeanNameUrlHandlerMapping,org.springframework.web.servlet.mvc.HttpRequestHandlerAdapter,org.springframework.web.servlet.mvc.SimpleControllerHandlerAdapter,mvcViewResolver,mvcResourceUrlProvider,org.springframework.web.servlet.handler.MappedInterceptor#1,org.springframework.web.servlet.resource.ResourceHttpRequestHandler#0,mvcPathMatcher,mvcUrlPathHelper,org.springframework.web.servlet.handler.SimpleUrlHandlerMapping#0,objectMapper]; root of factory hierarchy
2019-02-08 12:52:11 DEBUG DefaultListableBeanFactory:251 - Returning cached instance of singleton bean &apos;PropertyConfigurer&apos;
2019-02-08 12:52:11 DEBUG DefaultListableBeanFactory:221 - Creating shared instance of singleton bean &apos;DataSource&apos;
2019-02-08 12:52:11 DEBUG DefaultListableBeanFactory:447 - Creating instance of bean &apos;DataSource&apos;
2019-02-08 12:52:11 DEBUG DefaultListableBeanFactory:537 - Eagerly caching bean &apos;DataSource&apos; to allow for resolving potential circular references
2019-02-08 12:52:12 INFO  DriverManagerDataSource:133 - Loaded JDBC driver: com.mysql.cj.jdbc.Driver
2019-02-08 12:52:12 DEBUG DefaultListableBeanFactory:221 - Creating shared instance of singleton bean &apos;org.springframework.transaction.config.internalTransactionAdvisor&apos;
2019-02-08 12:52:12 DEBUG DefaultListableBeanFactory:447 - Creating instance of bean &apos;org.springframework.transaction.config.internalTransactionAdvisor&apos;
2019-02-08 12:52:12 DEBUG DefaultListableBeanFactory:537 - Eagerly caching bean &apos;org.springframework.transaction.config.internalTransactionAdvisor&apos; to allow for resolving potential circular references
2019-02-08 12:52:12 DEBUG DefaultListableBeanFactory:221 - Creating shared instance of singleton bean &apos;org.springframework.transaction.annotation.AnnotationTransactionAttributeSource#0&apos;
2019-02-08 12:52:12 DEBUG DefaultListableBeanFactory:447 - Creating instance of bean &apos;org.springframework.transaction.annotation.AnnotationTransactionAttributeSource#0&apos;
2019-02-08 12:52:12 DEBUG DefaultListableBeanFactory:537 - Eagerly caching bean &apos;org.springframework.transaction.annotation.AnnotationTransactionAttributeSource#0&apos; to allow for resolving potential circular references
2019-02-08 12:52:12 DEBUG BeanFactoryAdvisorRetrievalHelper:84 - Skipping currently created advisor &apos;org.springframework.transaction.config.internalTransactionAdvisor&apos;
2019-02-08 12:52:12 DEBUG DefaultListableBeanFactory:483 - Finished creating instance of bean &apos;org.springframework.transaction.annotation.AnnotationTransactionAttributeSource#0&apos;
2019-02-08 12:52:12 DEBUG DefaultListableBeanFactory:483 - Finished creating instance of bean &apos;org.springframework.transaction.config.internalTransactionAdvisor&apos;
2019-02-08 12:52:12 DEBUG DefaultListableBeanFactory:483 - Finished creating instance of bean &apos;DataSource&apos;
2019-02-08 12:52:12 DEBUG DefaultListableBeanFactory:221 - Creating shared instance of singleton bean &apos;org.springframework.transaction.config.internalTransactionalEventListenerFactory&apos;
2019-02-08 12:52:12 DEBUG DefaultListableBeanFactory:447 - Creating instance of bean &apos;org.springframework.transaction.config.internalTransactionalEventListenerFactory&apos;
2019-02-08 12:52:12 DEBUG DefaultListableBeanFactory:537 - Eagerly caching bean &apos;org.springframework.transaction.config.internalTransactionalEventListenerFactory&apos; to allow for resolving potential circular references
2019-02-08 12:52:12 DEBUG DefaultListableBeanFactory:251 - Returning cached instance of singleton bean &apos;org.springframework.transaction.config.internalTransactionAdvisor&apos;
2019-02-08 12:52:12 DEBUG DefaultListableBeanFactory:483 - Finished creating instance of bean &apos;org.springframework.transaction.config.internalTransactionalEventListenerFactory&apos;
2019-02-08 12:52:12 DEBUG DefaultListableBeanFactory:251 - Returning cached instance of singleton bean &apos;org.springframework.aop.config.internalAutoProxyCreator&apos;
2019-02-08 12:52:12 DEBUG DefaultListableBeanFactory:251 - Returning cached instance of singleton bean &apos;org.springframework.transaction.annotation.AnnotationTransactionAttributeSource#0&apos;
2019-02-08 12:52:12 DEBUG DefaultListableBeanFactory:221 - Creating shared instance of singleton bean &apos;org.springframework.transaction.interceptor.TransactionInterceptor#0&apos;
2019-02-08 12:52:12 DEBUG DefaultListableBeanFactory:447 - Creating instance of bean &apos;org.springframework.transaction.interceptor.TransactionInterceptor#0&apos;
2019-02-08 12:52:12 DEBUG DefaultListableBeanFactory:537 - Eagerly caching bean &apos;org.springframework.transaction.interceptor.TransactionInterceptor#0&apos; to allow for resolving potential circular references
2019-02-08 12:52:12 DEBUG DefaultListableBeanFactory:251 - Returning cached instance of singleton bean &apos;org.springframework.transaction.annotation.AnnotationTransactionAttributeSource#0&apos;
2019-02-08 12:52:12 DEBUG DefaultListableBeanFactory:1672 - Invoking afterPropertiesSet() on bean with name &apos;org.springframework.transaction.interceptor.TransactionInterceptor#0&apos;
2019-02-08 12:52:12 DEBUG DefaultListableBeanFactory:483 - Finished creating instance of bean &apos;org.springframework.transaction.interceptor.TransactionInterceptor#0&apos;
2019-02-08 12:52:12 DEBUG DefaultListableBeanFactory:251 - Returning cached instance of singleton bean &apos;org.springframework.transaction.config.internalTransactionAdvisor&apos;
2019-02-08 12:52:12 DEBUG DefaultListableBeanFactory:221 - Creating shared instance of singleton bean &apos;sessionFactory&apos;
2019-02-08 12:52:12 DEBUG DefaultListableBeanFactory:447 - Creating instance of bean &apos;sessionFactory&apos;
2019-02-08 12:52:12 DEBUG DefaultListableBeanFactory:537 - Eagerly caching bean &apos;sessionFactory&apos; to allow for resolving potential circular references
2019-02-08 12:52:12 DEBUG DefaultListableBeanFactory:251 - Returning cached instance of singleton bean &apos;DataSource&apos;
2019-02-08 12:52:12 DEBUG DefaultListableBeanFactory:1672 - Invoking afterPropertiesSet() on bean with name &apos;sessionFactory&apos;
2019-02-08 12:52:12 DEBUG logging:28 - Logging Provider: org.jboss.logging.Log4jLoggerProvider
2019-02-08 12:52:12 DEBUG IntegratorServiceImpl:46 - Adding Integrator [org.hibernate.cfg.beanvalidation.BeanValidationIntegrator].
2019-02-08 12:52:12 DEBUG IntegratorServiceImpl:46 - Adding Integrator [org.hibernate.secure.spi.JaccIntegrator].
2019-02-08 12:52:12 DEBUG IntegratorServiceImpl:46 - Adding Integrator [org.hibernate.cache.internal.CollectionCacheInvalidator].
2019-02-08 12:52:12 INFO  Version:46 - HHH000412: Hibernate Core {5.3.5.Final}
2019-02-08 12:52:12 INFO  Environment:213 - HHH000206: hibernate.properties not found
2019-02-08 12:52:12 DEBUG LocalXmlResourceResolver:57 - Interpreting public/system identifier : [-//Hibernate/Hibernate Configuration DTD 3.0//EN] - [http://hibernate.sourceforge.net/hibernate-configuration-3.0.dtd]
2019-02-08 12:52:12 WARN  deprecation:91 - HHH90000012: Recognized obsolete hibernate namespace http://hibernate.sourceforge.net/hibernate-configuration. Use namespace http://www.hibernate.org/dtd/hibernate-configuration instead.  Support for obsolete DTD/XSD namespaces may be removed at any time.
2019-02-08 12:52:12 DEBUG LocalXmlResourceResolver:95 - Recognized hibernate-configuration identifier; attempting to resolve on classpath under org/hibernate/
2019-02-08 12:52:12 DEBUG JaxbCfgProcessor:116 - cfg.xml document did not define namespaces; wrapping in custom event reader to introduce namespace information
2019-02-08 12:52:12 DEBUG Configuration:722 - Building session factory using internal StandardServiceRegistryBuilder
2019-02-08 12:52:12 DEBUG ServiceBinding:68 - Overriding existing service binding [org.hibernate.secure.spi.JaccService]
2019-02-08 12:52:12 DEBUG Configuration:652 - Building session factory using provided StandardServiceRegistry
2019-02-08 12:52:12 DEBUG RegionFactoryInitiator:118 - Cannot default RegionFactory based on registered strategies as `[]` RegionFactory strategies were registered
2019-02-08 12:52:12 DEBUG RegionFactoryInitiator:49 - Cache region factory : org.hibernate.cache.internal.NoCachingRegionFactory
2019-02-08 12:52:12 INFO  Version:49 - HCANN000001: Hibernate Commons Annotations {5.0.4.Final}
2019-02-08 12:52:12 DEBUG BasicTypeRegistry:156 - Adding type registration boolean -&gt; org.hibernate.type.BooleanType@52045dbe
2019-02-08 12:52:12 DEBUG BasicTypeRegistry:156 - Adding type registration boolean -&gt; org.hibernate.type.BooleanType@52045dbe
2019-02-08 12:52:12 DEBUG BasicTypeRegistry:156 - Adding type registration java.lang.Boolean -&gt; org.hibernate.type.BooleanType@52045dbe
2019-02-08 12:52:12 DEBUG BasicTypeRegistry:156 - Adding type registration numeric_boolean -&gt; org.hibernate.type.NumericBooleanType@565b064f
2019-02-08 12:52:12 DEBUG BasicTypeRegistry:156 - Adding type registration true_false -&gt; org.hibernate.type.TrueFalseType@58c34bb3
2019-02-08 12:52:12 DEBUG BasicTypeRegistry:156 - Adding type registration yes_no -&gt; org.hibernate.type.YesNoType@20a8a64e
2019-02-08 12:52:12 DEBUG BasicTypeRegistry:156 - Adding type registration byte -&gt; org.hibernate.type.ByteType@65b3a85a
2019-02-08 12:52:12 DEBUG BasicTypeRegistry:156 - Adding type registration byte -&gt; org.hibernate.type.ByteType@65b3a85a
2019-02-08 12:52:12 DEBUG BasicTypeRegistry:156 - Adding type registration java.lang.Byte -&gt; org.hibernate.type.ByteType@65b3a85a
2019-02-08 12:52:12 DEBUG BasicTypeRegistry:156 - Adding type registration character -&gt; org.hibernate.type.CharacterType@2cae1042
2019-02-08 12:52:12 DEBUG BasicTypeRegistry:156 - Adding type registration char -&gt; org.hibernate.type.CharacterType@2cae1042
2019-02-08 12:52:12 DEBUG BasicTypeRegistry:156 - Adding type registration java.lang.Character -&gt; org.hibernate.type.CharacterType@2cae1042
2019-02-08 12:52:12 DEBUG BasicTypeRegistry:156 - Adding type registration short -&gt; org.hibernate.type.ShortType@f667fe
2019-02-08 12:52:12 DEBUG BasicTypeRegistry:156 - Adding type registration short -&gt; org.hibernate.type.ShortType@f667fe
2019-02-08 12:52:12 DEBUG BasicTypeRegistry:156 - Adding type registration java.lang.Short -&gt; org.hibernate.type.ShortType@f667fe
2019-02-08 12:52:12 DEBUG BasicTypeRegistry:156 - Adding type registration integer -&gt; org.hibernate.type.IntegerType@10c626be
2019-02-08 12:52:12 DEBUG BasicTypeRegistry:156 - Adding type registration int -&gt; org.hibernate.type.IntegerType@10c626be
2019-02-08 12:52:12 DEBUG BasicTypeRegistry:156 - Adding type registration java.lang.Integer -&gt; org.hibernate.type.IntegerType@10c626be
2019-02-08 12:52:12 DEBUG BasicTypeRegistry:156 - Adding type registration long -&gt; org.hibernate.type.LongType@201b6b6f
2019-02-08 12:52:12 DEBUG BasicTypeRegistry:156 - Adding type registration long -&gt; org.hibernate.type.LongType@201b6b6f
2019-02-08 12:52:12 DEBUG BasicTypeRegistry:156 - Adding type registration java.lang.Long -&gt; org.hibernate.type.LongType@201b6b6f
2019-02-08 12:52:12 DEBUG BasicTypeRegistry:156 - Adding type registration float -&gt; org.hibernate.type.FloatType@67ab1c47
2019-02-08 12:52:12 DEBUG BasicTypeRegistry:156 - Adding type registration float -&gt; org.hibernate.type.FloatType@67ab1c47
2019-02-08 12:52:12 DEBUG BasicTypeRegistry:156 - Adding type registration java.lang.Float -&gt; org.hibernate.type.FloatType@67ab1c47
2019-02-08 12:52:12 DEBUG BasicTypeRegistry:156 - Adding type registration double -&gt; org.hibernate.type.DoubleType@5b444398
2019-02-08 12:52:12 DEBUG BasicTypeRegistry:156 - Adding type registration double -&gt; org.hibernate.type.DoubleType@5b444398
2019-02-08 12:52:12 DEBUG BasicTypeRegistry:156 - Adding type registration java.lang.Double -&gt; org.hibernate.type.DoubleType@5b444398
2019-02-08 12:52:12 DEBUG BasicTypeRegistry:156 - Adding type registration big_decimal -&gt; org.hibernate.type.BigDecimalType@79145d5a
2019-02-08 12:52:12 DEBUG BasicTypeRegistry:156 - Adding type registration java.math.BigDecimal -&gt; org.hibernate.type.BigDecimalType@79145d5a
2019-02-08 12:52:12 DEBUG BasicTypeRegistry:156 - Adding type registration big_integer -&gt; org.hibernate.type.BigIntegerType@505a9d7c
2019-02-08 12:52:12 DEBUG BasicTypeRegistry:156 - Adding type registration java.math.BigInteger -&gt; org.hibernate.type.BigIntegerType@505a9d7c
2019-02-08 12:52:12 DEBUG BasicTypeRegistry:156 - Adding type registration string -&gt; org.hibernate.type.StringType@10993713
2019-02-08 12:52:12 DEBUG BasicTypeRegistry:156 - Adding type registration java.lang.String -&gt; org.hibernate.type.StringType@10993713
2019-02-08 12:52:12 DEBUG BasicTypeRegistry:156 - Adding type registration nstring -&gt; org.hibernate.type.StringNVarcharType@72cf2de5
2019-02-08 12:52:12 DEBUG BasicTypeRegistry:156 - Adding type registration ncharacter -&gt; org.hibernate.type.CharacterNCharType@4ee37ca3
2019-02-08 12:52:12 DEBUG BasicTypeRegistry:156 - Adding type registration url -&gt; org.hibernate.type.UrlType@422c3c7a
2019-02-08 12:52:12 DEBUG BasicTypeRegistry:156 - Adding type registration java.net.URL -&gt; org.hibernate.type.UrlType@422c3c7a
2019-02-08 12:52:12 DEBUG BasicTypeRegistry:156 - Adding type registration Duration -&gt; org.hibernate.type.DurationType@75e91545
2019-02-08 12:52:12 DEBUG BasicTypeRegistry:156 - Adding type registration java.time.Duration -&gt; org.hibernate.type.DurationType@75e91545
2019-02-08 12:52:12 DEBUG BasicTypeRegistry:156 - Adding type registration Instant -&gt; org.hibernate.type.InstantType@4fbda97b
2019-02-08 12:52:12 DEBUG BasicTypeRegistry:156 - Adding type registration java.time.Instant -&gt; org.hibernate.type.InstantType@4fbda97b
2019-02-08 12:52:12 DEBUG BasicTypeRegistry:156 - Adding type registration LocalDateTime -&gt; org.hibernate.type.LocalDateTimeType@4879f0f2
2019-02-08 12:52:12 DEBUG BasicTypeRegistry:156 - Adding type registration java.time.LocalDateTime -&gt; org.hibernate.type.LocalDateTimeType@4879f0f2
2019-02-08 12:52:12 DEBUG BasicTypeRegistry:156 - Adding type registration LocalDate -&gt; org.hibernate.type.LocalDateType@5b43fbf6
2019-02-08 12:52:12 DEBUG BasicTypeRegistry:156 - Adding type registration java.time.LocalDate -&gt; org.hibernate.type.LocalDateType@5b43fbf6
2019-02-08 12:52:12 DEBUG BasicTypeRegistry:156 - Adding type registration LocalTime -&gt; org.hibernate.type.LocalTimeType@a4b2d8f
2019-02-08 12:52:12 DEBUG BasicTypeRegistry:156 - Adding type registration java.time.LocalTime -&gt; org.hibernate.type.LocalTimeType@a4b2d8f
2019-02-08 12:52:12 DEBUG BasicTypeRegistry:156 - Adding type registration OffsetDateTime -&gt; org.hibernate.type.OffsetDateTimeType@2fea7088
2019-02-08 12:52:12 DEBUG BasicTypeRegistry:156 - Adding type registration java.time.OffsetDateTime -&gt; org.hibernate.type.OffsetDateTimeType@2fea7088
2019-02-08 12:52:12 DEBUG BasicTypeRegistry:156 - Adding type registration OffsetTime -&gt; org.hibernate.type.OffsetTimeType@40f1be1b
2019-02-08 12:52:12 DEBUG BasicTypeRegistry:156 - Adding type registration java.time.OffsetTime -&gt; org.hibernate.type.OffsetTimeType@40f1be1b
2019-02-08 12:52:12 DEBUG BasicTypeRegistry:156 - Adding type registration ZonedDateTime -&gt; org.hibernate.type.ZonedDateTimeType@66ce957f
2019-02-08 12:52:12 DEBUG BasicTypeRegistry:156 - Adding type registration java.time.ZonedDateTime -&gt; org.hibernate.type.ZonedDateTimeType@66ce957f
2019-02-08 12:52:12 DEBUG BasicTypeRegistry:156 - Adding type registration date -&gt; org.hibernate.type.DateType@3b220bcb
2019-02-08 12:52:12 DEBUG BasicTypeRegistry:156 - Adding type registration java.sql.Date -&gt; org.hibernate.type.DateType@3b220bcb
2019-02-08 12:52:12 DEBUG BasicTypeRegistry:156 - Adding type registration time -&gt; org.hibernate.type.TimeType@12bfd80d
2019-02-08 12:52:12 DEBUG BasicTypeRegistry:156 - Adding type registration java.sql.Time -&gt; org.hibernate.type.TimeType@12bfd80d
2019-02-08 12:52:12 DEBUG BasicTypeRegistry:156 - Adding type registration timestamp -&gt; org.hibernate.type.TimestampType@6c6c5427
2019-02-08 12:52:12 DEBUG BasicTypeRegistry:156 - Adding type registration java.sql.Timestamp -&gt; org.hibernate.type.TimestampType@6c6c5427
2019-02-08 12:52:12 DEBUG BasicTypeRegistry:156 - Adding type registration java.util.Date -&gt; org.hibernate.type.TimestampType@6c6c5427
2019-02-08 12:52:12 DEBUG BasicTypeRegistry:156 - Adding type registration dbtimestamp -&gt; org.hibernate.type.DbTimestampType@13c3c1e1
2019-02-08 12:52:12 DEBUG BasicTypeRegistry:156 - Adding type registration calendar -&gt; org.hibernate.type.CalendarType@285c08c8
2019-02-08 12:52:12 DEBUG BasicTypeRegistry:156 - Adding type registration java.util.Calendar -&gt; org.hibernate.type.CalendarType@285c08c8
2019-02-08 12:52:12 DEBUG BasicTypeRegistry:156 - Adding type registration java.util.GregorianCalendar -&gt; org.hibernate.type.CalendarType@285c08c8
2019-02-08 12:52:12 DEBUG BasicTypeRegistry:156 - Adding type registration calendar_date -&gt; org.hibernate.type.CalendarDateType@2c88b9fc
2019-02-08 12:52:12 DEBUG BasicTypeRegistry:156 - Adding type registration locale -&gt; org.hibernate.type.LocaleType@1dd0e7c4
2019-02-08 12:52:12 DEBUG BasicTypeRegistry:156 - Adding type registration java.util.Locale -&gt; org.hibernate.type.LocaleType@1dd0e7c4
2019-02-08 12:52:12 DEBUG BasicTypeRegistry:156 - Adding type registration currency -&gt; org.hibernate.type.CurrencyType@242aa8d9
2019-02-08 12:52:12 DEBUG BasicTypeRegistry:156 - Adding type registration java.util.Currency -&gt; org.hibernate.type.CurrencyType@242aa8d9
2019-02-08 12:52:12 DEBUG BasicTypeRegistry:156 - Adding type registration timezone -&gt; org.hibernate.type.TimeZoneType@4721d212
2019-02-08 12:52:12 DEBUG BasicTypeRegistry:156 - Adding type registration java.util.TimeZone -&gt; org.hibernate.type.TimeZoneType@4721d212
2019-02-08 12:52:12 DEBUG BasicTypeRegistry:156 - Adding type registration class -&gt; org.hibernate.type.ClassType@62dae540
2019-02-08 12:52:12 DEBUG BasicTypeRegistry:156 - Adding type registration java.lang.Class -&gt; org.hibernate.type.ClassType@62dae540
2019-02-08 12:52:12 DEBUG BasicTypeRegistry:156 - Adding type registration uuid-binary -&gt; org.hibernate.type.UUIDBinaryType@636e8cc
2019-02-08 12:52:12 DEBUG BasicTypeRegistry:156 - Adding type registration java.util.UUID -&gt; org.hibernate.type.UUIDBinaryType@636e8cc
2019-02-08 12:52:12 DEBUG BasicTypeRegistry:156 - Adding type registration uuid-char -&gt; org.hibernate.type.UUIDCharType@12dae582
2019-02-08 12:52:12 DEBUG BasicTypeRegistry:156 - Adding type registration binary -&gt; org.hibernate.type.BinaryType@652a7737
2019-02-08 12:52:12 DEBUG BasicTypeRegistry:156 - Adding type registration byte[] -&gt; org.hibernate.type.BinaryType@652a7737
2019-02-08 12:52:12 DEBUG BasicTypeRegistry:156 - Adding type registration [B -&gt; org.hibernate.type.BinaryType@652a7737
2019-02-08 12:52:12 DEBUG BasicTypeRegistry:156 - Adding type registration wrapper-binary -&gt; org.hibernate.type.WrapperBinaryType@1e1d3956
2019-02-08 12:52:12 DEBUG BasicTypeRegistry:156 - Adding type registration Byte[] -&gt; org.hibernate.type.WrapperBinaryType@1e1d3956
2019-02-08 12:52:12 DEBUG BasicTypeRegistry:156 - Adding type registration [Ljava.lang.Byte; -&gt; org.hibernate.type.WrapperBinaryType@1e1d3956
2019-02-08 12:52:12 DEBUG BasicTypeRegistry:156 - Adding type registration row_version -&gt; org.hibernate.type.RowVersionType@f0e995e
2019-02-08 12:52:12 DEBUG BasicTypeRegistry:156 - Adding type registration image -&gt; org.hibernate.type.ImageType@71b3bc45
2019-02-08 12:52:12 DEBUG BasicTypeRegistry:156 - Adding type registration characters -&gt; org.hibernate.type.CharArrayType@3a62c01e
2019-02-08 12:52:12 DEBUG BasicTypeRegistry:156 - Adding type registration char[] -&gt; org.hibernate.type.CharArrayType@3a62c01e
2019-02-08 12:52:12 DEBUG BasicTypeRegistry:156 - Adding type registration [C -&gt; org.hibernate.type.CharArrayType@3a62c01e
2019-02-08 12:52:12 DEBUG BasicTypeRegistry:156 - Adding type registration wrapper-characters -&gt; org.hibernate.type.CharacterArrayType@5357c287
2019-02-08 12:52:12 DEBUG BasicTypeRegistry:156 - Adding type registration [Ljava.lang.Character; -&gt; org.hibernate.type.CharacterArrayType@5357c287
2019-02-08 12:52:12 DEBUG BasicTypeRegistry:156 - Adding type registration Character[] -&gt; org.hibernate.type.CharacterArrayType@5357c287
2019-02-08 12:52:12 DEBUG BasicTypeRegistry:156 - Adding type registration text -&gt; org.hibernate.type.TextType@485a3466
2019-02-08 12:52:12 DEBUG BasicTypeRegistry:156 - Adding type registration ntext -&gt; org.hibernate.type.NTextType@4264b240
2019-02-08 12:52:12 DEBUG BasicTypeRegistry:156 - Adding type registration blob -&gt; org.hibernate.type.BlobType@76f7d241
2019-02-08 12:52:12 DEBUG BasicTypeRegistry:156 - Adding type registration java.sql.Blob -&gt; org.hibernate.type.BlobType@76f7d241
2019-02-08 12:52:12 DEBUG BasicTypeRegistry:156 - Adding type registration materialized_blob -&gt; org.hibernate.type.MaterializedBlobType@3829ac1
2019-02-08 12:52:12 DEBUG BasicTypeRegistry:156 - Adding type registration clob -&gt; org.hibernate.type.ClobType@44828f6b
2019-02-08 12:52:12 DEBUG BasicTypeRegistry:156 - Adding type registration java.sql.Clob -&gt; org.hibernate.type.ClobType@44828f6b
2019-02-08 12:52:12 DEBUG BasicTypeRegistry:156 - Adding type registration nclob -&gt; org.hibernate.type.NClobType@4de41af9
2019-02-08 12:52:12 DEBUG BasicTypeRegistry:156 - Adding type registration java.sql.NClob -&gt; org.hibernate.type.NClobType@4de41af9
2019-02-08 12:52:12 DEBUG BasicTypeRegistry:156 - Adding type registration materialized_clob -&gt; org.hibernate.type.MaterializedClobType@305f7627
2019-02-08 12:52:12 DEBUG BasicTypeRegistry:156 - Adding type registration materialized_nclob -&gt; org.hibernate.type.MaterializedNClobType@29e6eb25
2019-02-08 12:52:12 DEBUG BasicTypeRegistry:156 - Adding type registration serializable -&gt; org.hibernate.type.SerializableType@7bc10d84
2019-02-08 12:52:12 DEBUG BasicTypeRegistry:156 - Adding type registration object -&gt; org.hibernate.type.ObjectType@2f9a01c1
2019-02-08 12:52:12 DEBUG BasicTypeRegistry:156 - Adding type registration java.lang.Object -&gt; org.hibernate.type.ObjectType@2f9a01c1
2019-02-08 12:52:12 DEBUG BasicTypeRegistry:156 - Adding type registration imm_date -&gt; org.hibernate.type.AdaptedImmutableType@6b5894c8
2019-02-08 12:52:12 DEBUG BasicTypeRegistry:156 - Adding type registration imm_time -&gt; org.hibernate.type.AdaptedImmutableType@1433046b
2019-02-08 12:52:12 DEBUG BasicTypeRegistry:156 - Adding type registration imm_timestamp -&gt; org.hibernate.type.AdaptedImmutableType@3f446bef
2019-02-08 12:52:12 DEBUG BasicTypeRegistry:156 - Adding type registration imm_dbtimestamp -&gt; org.hibernate.type.AdaptedImmutableType@7829b776
2019-02-08 12:52:12 DEBUG BasicTypeRegistry:156 - Adding type registration imm_calendar -&gt; org.hibernate.type.AdaptedImmutableType@5778826f
2019-02-08 12:52:12 DEBUG BasicTypeRegistry:156 - Adding type registration imm_calendar_date -&gt; org.hibernate.type.AdaptedImmutableType@5b64c4b7
2019-02-08 12:52:12 DEBUG BasicTypeRegistry:156 - Adding type registration imm_binary -&gt; org.hibernate.type.AdaptedImmutableType@4763c727
2019-02-08 12:52:12 DEBUG BasicTypeRegistry:156 - Adding type registration imm_serializable -&gt; org.hibernate.type.AdaptedImmutableType@72445aba
2019-02-08 12:52:12 DEBUG LocalXmlResourceResolver:57 - Interpreting public/system identifier : [-//Hibernate/Hibernate Mapping DTD 3.0//EN] - [http://hibernate.sourceforge.net/hibernate-mapping-3.0.dtd]
2019-02-08 12:52:12 WARN  deprecation:75 - HHH90000012: Recognized obsolete hibernate namespace http://hibernate.sourceforge.net/hibernate-mapping. Use namespace http://www.hibernate.org/dtd/hibernate-mapping instead.  Support for obsolete DTD/XSD namespaces may be removed at any time.
2019-02-08 12:52:12 DEBUG LocalXmlResourceResolver:79 - Recognized legacy hibernate-mapping identifier; attempting to resolve on classpath under org/hibernate/
2019-02-08 12:52:12 DEBUG MappingBinder:59 - Performing JAXB binding of hbm.xml document : Origin(name=mapping/Client.xbm.xml,type=RESOURCE)
2019-02-08 12:52:13 DEBUG LocalXmlResourceResolver:57 - Interpreting public/system identifier : [-//Hibernate/Hibernate Mapping DTD 3.0//EN] - [http://hibernate.sourceforge.net/hibernate-mapping-3.0.dtd]
2019-02-08 12:52:13 WARN  deprecation:75 - HHH90000012: Recognized obsolete hibernate namespace http://hibernate.sourceforge.net/hibernate-mapping. Use namespace http://www.hibernate.org/dtd/hibernate-mapping instead.  Support for obsolete DTD/XSD namespaces may be removed at any time.
2019-02-08 12:52:13 DEBUG LocalXmlResourceResolver:79 - Recognized legacy hibernate-mapping identifier; attempting to resolve on classpath under org/hibernate/
2019-02-08 12:52:13 DEBUG MappingBinder:59 - Performing JAXB binding of hbm.xml document : Origin(name=mapping/InsuredPerson.xbm.xml,type=RESOURCE)
2019-02-08 12:52:13 DEBUG LocalXmlResourceResolver:57 - Interpreting public/system identifier : [-//Hibernate/Hibernate Mapping DTD 3.0//EN] - [http://hibernate.sourceforge.net/hibernate-mapping-3.0.dtd]
2019-02-08 12:52:13 WARN  deprecation:75 - HHH90000012: Recognized obsolete hibernate namespace http://hibernate.sourceforge.net/hibernate-mapping. Use namespace http://www.hibernate.org/dtd/hibernate-mapping instead.  Support for obsolete DTD/XSD namespaces may be removed at any time.
2019-02-08 12:52:13 DEBUG LocalXmlResourceResolver:79 - Recognized legacy hibernate-mapping identifier; attempting to resolve on classpath under org/hibernate/
2019-02-08 12:52:13 DEBUG MappingBinder:59 - Performing JAXB binding of hbm.xml document : Origin(name=mapping/Contract.xbm.xml,type=RESOURCE)
2019-02-08 12:52:13 DEBUG DefaultIdentifierGeneratorFactory:81 - Registering IdentifierGenerator strategy [uuid2] -&gt; [org.hibernate.id.UUIDGenerator]
2019-02-08 12:52:13 DEBUG DefaultIdentifierGeneratorFactory:81 - Registering IdentifierGenerator strategy [guid] -&gt; [org.hibernate.id.GUIDGenerator]
2019-02-08 12:52:13 DEBUG DefaultIdentifierGeneratorFactory:81 - Registering IdentifierGenerator strategy [uuid] -&gt; [org.hibernate.id.UUIDHexGenerator]
2019-02-08 12:52:13 DEBUG DefaultIdentifierGeneratorFactory:81 - Registering IdentifierGenerator strategy [uuid.hex] -&gt; [org.hibernate.id.UUIDHexGenerator]
2019-02-08 12:52:13 DEBUG DefaultIdentifierGeneratorFactory:81 - Registering IdentifierGenerator strategy [assigned] -&gt; [org.hibernate.id.Assigned]
2019-02-08 12:52:13 DEBUG DefaultIdentifierGeneratorFactory:81 - Registering IdentifierGenerator strategy [identity] -&gt; [org.hibernate.id.IdentityGenerator]
2019-02-08 12:52:13 DEBUG DefaultIdentifierGeneratorFactory:81 - Registering IdentifierGenerator strategy [select] -&gt; [org.hibernate.id.SelectGenerator]
2019-02-08 12:52:13 DEBUG DefaultIdentifierGeneratorFactory:81 - Registering IdentifierGenerator strategy [sequence] -&gt; [org.hibernate.id.enhanced.SequenceStyleGenerator]
2019-02-08 12:52:13 DEBUG DefaultIdentifierGeneratorFactory:81 - Registering IdentifierGenerator strategy [seqhilo] -&gt; [org.hibernate.id.SequenceHiLoGenerator]
2019-02-08 12:52:13 DEBUG DefaultIdentifierGeneratorFactory:81 - Registering IdentifierGenerator strategy [increment] -&gt; [org.hibernate.id.IncrementGenerator]
2019-02-08 12:52:13 DEBUG DefaultIdentifierGeneratorFactory:81 - Registering IdentifierGenerator strategy [foreign] -&gt; [org.hibernate.id.ForeignGenerator]
2019-02-08 12:52:13 DEBUG DefaultIdentifierGeneratorFactory:81 - Registering IdentifierGenerator strategy [sequence-identity] -&gt; [org.hibernate.id.SequenceIdentityGenerator]
2019-02-08 12:52:13 DEBUG DefaultIdentifierGeneratorFactory:81 - Registering IdentifierGenerator strategy [enhanced-sequence] -&gt; [org.hibernate.id.enhanced.SequenceStyleGenerator]
2019-02-08 12:52:13 DEBUG DefaultIdentifierGeneratorFactory:81 - Registering IdentifierGenerator strategy [enhanced-table] -&gt; [org.hibernate.id.enhanced.TableGenerator]
2019-02-08 12:52:13 DEBUG DriverManagerDataSource:142 - Creating new JDBC DriverManager Connection to [jdbc:mysql://localhost:3306/insurance?serverTimezone=UTC]
2019-02-08 12:52:13 DEBUG JdbcEnvironmentInitiator:72 - Database -&gt;
       name : MySQL
    version : 5.7.25-log
      major : 5
      minor : 7
2019-02-08 12:52:13 DEBUG JdbcEnvironmentInitiator:83 - Driver -&gt;
       name : MySQL Connector/J
    version : mysql-connector-java-8.0.13 (Revision: 66459e9d39c8fd09767992bc592acd2053279be6)
      major : 8
      minor : 0
2019-02-08 12:52:13 DEBUG JdbcEnvironmentInitiator:389 - JDBC version : 4.2
2019-02-08 12:52:13 INFO  Dialect:157 - HHH000400: Using dialect: org.hibernate.dialect.MySQLDialect
2019-02-08 12:52:13 DEBUG IdentifierHelperBuilder:117 - JDBC driver metadata reported database stores quoted identifiers in more than one case
2019-02-08 12:52:13 DEBUG IdentifierHelperBuilder:191 - IdentifierCaseStrategy for both quoted and unquoted identifiers was set to the same strategy [LOWER]; that will likely lead to problems in schema update and validation if using quoted identifiers
2019-02-08 12:52:13 DEBUG Namespace:47 - Created database namespace [logicalName=Name{catalog=null, schema=null}, physicalName=Name{catalog=null, schema=null}]
2019-02-08 12:52:13 DEBUG TypeConfiguration$Scope:142 - Scoping TypeConfiguration [org.hibernate.type.spi.TypeConfiguration@3d43fe] to MetadataBuildingContext [org.hibernate.boot.internal.MetadataBuildingContextRootImpl@74ad8d05]
2019-02-08 12:52:13 DEBUG ModelBinder:236 - Mapping class: ua.profitsoft.strymeneshenko.data.Client -&gt; client
2019-02-08 12:52:13 DEBUG ModelBinder:2552 - Mapped property: id -&gt; [id]
2019-02-08 12:52:13 DEBUG PrimaryKey:35 - Forcing column [id] to be non-null as it is part of the primary key for table [client]
2019-02-08 12:52:13 DEBUG ModelBinder:2552 - Mapped property: adress -&gt; [adress]
2019-02-08 12:52:13 DEBUG ModelBinder:2552 - Mapped property: firstName -&gt; [firstName]
2019-02-08 12:52:13 DEBUG ModelBinder:2552 - Mapped property: lastName -&gt; [lastName]
2019-02-08 12:52:13 DEBUG ModelBinder:2552 - Mapped property: nameOrganization -&gt; [nameOrganization]
2019-02-08 12:52:13 DEBUG ModelBinder:236 - Mapping class: ua.profitsoft.strymeneshenko.data.InsuredPerson -&gt; insuredperson
2019-02-08 12:52:13 DEBUG ModelBinder:2552 - Mapped property: id -&gt; [id]
2019-02-08 12:52:13 DEBUG PrimaryKey:35 - Forcing column [id] to be non-null as it is part of the primary key for table [insuredperson]
2019-02-08 12:52:13 DEBUG ModelBinder:2552 - Mapped property: firstName -&gt; [firstName]
2019-02-08 12:52:13 DEBUG ModelBinder:2552 - Mapped property: lastName -&gt; [lastName]
2019-02-08 12:52:13 DEBUG ModelBinder:2552 - Mapped property: dateOfBirth -&gt; [dateOfBirth]
2019-02-08 12:52:13 DEBUG ModelBinder:2552 - Mapped property: cost -&gt; [cost]
2019-02-08 12:52:13 DEBUG ModelBinder:2552 - Mapped property: identificationNumber -&gt; [identificationNumber]
2019-02-08 12:52:13 DEBUG ModelBinder:236 - Mapping class: ua.profitsoft.strymeneshenko.data.Contract -&gt; contract
2019-02-08 12:52:13 DEBUG ModelBinder:2552 - Mapped property: number -&gt; [number]
2019-02-08 12:52:13 DEBUG PrimaryKey:35 - Forcing column [number] to be non-null as it is part of the primary key for table [contract]
2019-02-08 12:52:13 DEBUG ModelBinder:2552 - Mapped property: dateConclusion -&gt; [dateConclusion]
2019-02-08 12:52:13 DEBUG ModelBinder:2552 - Mapped property: startDate -&gt; [startDate]
2019-02-08 12:52:13 DEBUG ModelBinder:2552 - Mapped property: endDate -&gt; [endDate]
2019-02-08 12:52:13 DEBUG ModelBinder:2552 - Mapped property: persons -&gt; []
2019-02-08 12:52:13 DEBUG ModelBinder:2552 - Mapped property: client -&gt; [Client_id]
2019-02-08 12:52:13 DEBUG ModelBinder:3262 - Mapping collection: ua.profitsoft.strymeneshenko.data.Contract.persons -&gt; contract_insuredperson
2019-02-08 12:52:13 DEBUG PrimaryKey:35 - Forcing column [contract_number] to be non-null as it is part of the primary key for table [contract_insuredperson]
2019-02-08 12:52:13 DEBUG PrimaryKey:35 - Forcing column [insuredperson_id] to be non-null as it is part of the primary key for table [contract_insuredperson]
2019-02-08 12:52:13 DEBUG ModelBinder:3137 - Mapped collection : ua.profitsoft.strymeneshenko.data.Contract.persons
2019-02-08 12:52:13 DEBUG ModelBinder:3138 -    + table -&gt; contract
2019-02-08 12:52:13 DEBUG ModelBinder:3139 -    + key -&gt; Contract_number
2019-02-08 12:52:13 DEBUG ModelBinder:3147 -    + element -&gt; InsuredPerson_id
2019-02-08 12:52:13 DEBUG InFlightMetadataCollectorImpl:1873 - Resolving reference to class: ua.profitsoft.strymeneshenko.data.Client
2019-02-08 12:52:13 DEBUG InFlightMetadataCollectorImpl:1873 - Resolving reference to class: ua.profitsoft.strymeneshenko.data.InsuredPerson
2019-02-08 12:52:13 DEBUG InFlightMetadataCollectorImpl:1873 - Resolving reference to class: ua.profitsoft.strymeneshenko.data.Contract
2019-02-08 12:52:13 DEBUG InFlightMetadataCollectorImpl:1873 - Resolving reference to class: ua.profitsoft.strymeneshenko.data.Client
2019-02-08 12:52:13 DEBUG InFlightMetadataCollectorImpl:1873 - Resolving reference to class: ua.profitsoft.strymeneshenko.data.InsuredPerson
2019-02-08 12:52:13 DEBUG InFlightMetadataCollectorImpl:1873 - Resolving reference to class: ua.profitsoft.strymeneshenko.data.Contract
2019-02-08 12:52:13 DEBUG SessionFactoryImpl:197 - Building session factory
2019-02-08 12:52:13 DEBUG Settings:70 - SessionFactory name : null
2019-02-08 12:52:13 DEBUG Settings:71 - Automatic flush during beforeCompletion(): enabled
2019-02-08 12:52:13 DEBUG Settings:72 - Automatic session close at end of transaction: disabled
2019-02-08 12:52:13 DEBUG Settings:74 - Statistics: disabled
2019-02-08 12:52:13 DEBUG Settings:76 - Deleted entity synthetic identifier rollback: disabled
2019-02-08 12:52:13 DEBUG Settings:77 - Default entity-mode: pojo
2019-02-08 12:52:13 DEBUG Settings:78 - Check Nullability in Core (should be disabled when Bean Validation is on): enabled
2019-02-08 12:52:13 DEBUG Settings:79 - Allow initialization of lazy state outside session : enabled
2019-02-08 12:52:13 DEBUG Settings:81 - Using BatchFetchStyle : LEGACY
2019-02-08 12:52:13 DEBUG Settings:82 - Default batch fetch size: -1
2019-02-08 12:52:13 DEBUG Settings:83 - Maximum outer join fetch depth: 2
2019-02-08 12:52:13 DEBUG Settings:84 - Default null ordering: NONE
2019-02-08 12:52:13 DEBUG Settings:85 - Order SQL updates by primary key: disabled
2019-02-08 12:52:13 DEBUG Settings:86 - Order SQL inserts for batching: disabled
2019-02-08 12:52:13 DEBUG Settings:88 - multi-tenancy strategy : NONE
2019-02-08 12:52:13 DEBUG Settings:90 - JTA Track by Thread: enabled
2019-02-08 12:52:13 DEBUG Settings:92 - Query language substitutions: {}
2019-02-08 12:52:13 DEBUG Settings:93 - Named query checking : enabled
2019-02-08 12:52:13 DEBUG Settings:95 - Second-level cache: disabled
2019-02-08 12:52:13 DEBUG Settings:96 - Second-level query cache: disabled
2019-02-08 12:52:13 DEBUG Settings:97 - Second-level query cache factory: null
2019-02-08 12:52:13 DEBUG Settings:98 - Second-level cache region prefix: null
2019-02-08 12:52:13 DEBUG Settings:99 - Optimize second-level cache for minimal puts: disabled
2019-02-08 12:52:13 DEBUG Settings:100 - Structured second-level cache entries: disabled
2019-02-08 12:52:13 DEBUG Settings:101 - Second-level cache direct-reference entries: disabled
2019-02-08 12:52:13 DEBUG Settings:102 - Automatic eviction of collection cache: disabled
2019-02-08 12:52:13 DEBUG Settings:104 - JDBC batch size: 15
2019-02-08 12:52:13 DEBUG Settings:105 - JDBC batch updates for versioned data: enabled
2019-02-08 12:52:13 DEBUG Settings:106 - Scrollable result sets: enabled
2019-02-08 12:52:13 DEBUG Settings:107 - Wrap result sets: disabled
2019-02-08 12:52:13 DEBUG Settings:108 - JDBC3 getGeneratedKeys(): enabled
2019-02-08 12:52:13 DEBUG Settings:109 - JDBC result set fetch size: null
2019-02-08 12:52:13 DEBUG Settings:110 - Connection release mode: ON_CLOSE
2019-02-08 12:52:13 DEBUG Settings:111 - Generate SQL with comments: disabled
2019-02-08 12:52:13 DEBUG Settings:113 - JPA compliance - query : 
2019-02-08 12:52:13 DEBUG Settings:114 - JPA compliance - closed-handling : 
2019-02-08 12:52:13 DEBUG Settings:115 - JPA compliance - lists : 
2019-02-08 12:52:13 DEBUG Settings:116 - JPA compliance - transactions : 
2019-02-08 12:52:13 DEBUG SessionFactoryImpl:252 - Session factory constructed with filter configurations : {}
2019-02-08 12:52:13 DEBUG SessionFactoryImpl:253 - Instantiating session factory with properties: {sun.desktop=windows, awt.toolkit=sun.awt.windows.WToolkit, file.encoding.pkg=sun.io, java.specification.version=1.8, sun.cpu.isalist=amd64, hibernate.connection.handling_mode=DELAYED_ACQUISITION_AND_HOLD, sun.jnu.encoding=Cp1251, hibernate.dialect=org.hibernate.dialect.MySQLDialect, java.class.path=C:\Users\user\workspace\ProfITsoftTasks-task8\target\test-classes;C:\Users\user\workspace\ProfITsoftTasks-task8\target\classes;C:\Users\user\.m2\repository\junit\junit\4.13-beta-2\junit-4.13-beta-2.jar;C:\Users\user\.m2\repository\org\hamcrest\hamcrest-core\1.3\hamcrest-core-1.3.jar;C:\Users\user\.m2\repository\org\apache\commons\commons-csv\1.6\commons-csv-1.6.jar;C:\Users\user\.m2\repository\log4j\log4j\1.2.17\log4j-1.2.17.jar;C:\Users\user\.m2\repository\commons-dbcp\commons-dbcp\1.2.2\commons-dbcp-1.2.2.jar;C:\Users\user\.m2\repository\commons-pool\commons-pool\1.3\commons-pool-1.3.jar;C:\Users\user\.m2\repository\mysql\mysql-connector-java\8.0.13\mysql-connector-java-8.0.13.jar;C:\Users\user\.m2\repository\com\google\protobuf\protobuf-java\3.6.1\protobuf-java-3.6.1.jar;C:\Users\user\.m2\repository\org\springframework\spring-context\4.3.21.RELEASE\spring-context-4.3.21.RELEASE.jar;C:\Users\user\.m2\repository\org\springframework\spring-aop\4.3.21.RELEASE\spring-aop-4.3.21.RELEASE.jar;C:\Users\user\.m2\repository\org\springframework\spring-beans\4.3.21.RELEASE\spring-beans-4.3.21.RELEASE.jar;C:\Users\user\.m2\repository\org\springframework\spring-expression\4.3.21.RELEASE\spring-expression-4.3.21.RELEASE.jar;C:\Users\user\.m2\repository\org\springframework\spring-orm\4.3.21.RELEASE\spring-orm-4.3.21.RELEASE.jar;C:\Users\user\.m2\repository\org\springframework\spring-tx\4.3.21.RELEASE\spring-tx-4.3.21.RELEASE.jar;C:\Users\user\.m2\repository\org\springframework\spring-core\4.3.21.RELEASE\spring-core-4.3.21.RELEASE.jar;C:\Users\user\.m2\repository\org\springframework\spring-jdbc\4.3.21.RELEASE\spring-jdbc-4.3.21.RELEASE.jar;C:\Users\user\.m2\repository\org\springframework\spring-test\4.3.21.RELEASE\spring-test-4.3.21.RELEASE.jar;C:\Users\user\.m2\repository\org\hibernate\hibernate-core\5.3.5.Final\hibernate-core-5.3.5.Final.jar;C:\Users\user\.m2\repository\org\jboss\logging\jboss-logging\3.3.2.Final\jboss-logging-3.3.2.Final.jar;C:\Users\user\.m2\repository\javax\persistence\javax.persistence-api\2.2\javax.persistence-api-2.2.jar;C:\Users\user\.m2\repository\org\javassist\javassist\3.23.1-GA\javassist-3.23.1-GA.jar;C:\Users\user\.m2\repository\net\bytebuddy\byte-buddy\1.8.17\byte-buddy-1.8.17.jar;C:\Users\user\.m2\repository\antlr\antlr\2.7.7\antlr-2.7.7.jar;C:\Users\user\.m2\repository\org\jboss\spec\javax\transaction\jboss-transaction-api_1.2_spec\1.1.1.Final\jboss-transaction-api_1.2_spec-1.1.1.Final.jar;C:\Users\user\.m2\repository\org\jboss\jandex\2.0.5.Final\jandex-2.0.5.Final.jar;C:\Users\user\.m2\repository\com\fasterxml\classmate\1.3.4\classmate-1.3.4.jar;C:\Users\user\.m2\repository\javax\activation\javax.activation-api\1.2.0\javax.activation-api-1.2.0.jar;C:\Users\user\.m2\repository\dom4j\dom4j\1.6.1\dom4j-1.6.1.jar;C:\Users\user\.m2\repository\org\hibernate\common\hibernate-commons-annotations\5.0.4.Final\hibernate-commons-annotations-5.0.4.Final.jar;C:\Users\user\.m2\repository\org\springframework\spring-aspects\4.3.21.RELEASE\spring-aspects-4.3.21.RELEASE.jar;C:\Users\user\.m2\repository\org\aspectj\aspectjweaver\1.8.9\aspectjweaver-1.8.9.jar;C:\Users\user\.m2\repository\org\springframework\ws\spring-ws-core\3.0.6.RELEASE\spring-ws-core-3.0.6.RELEASE.jar;C:\Users\user\.m2\repository\org\springframework\ws\spring-xml\3.0.6.RELEASE\spring-xml-3.0.6.RELEASE.jar;C:\Users\user\.m2\repository\org\springframework\spring-oxm\5.0.10.RELEASE\spring-oxm-5.0.10.RELEASE.jar;C:\Users\user\.m2\repository\commons-io\commons-io\2.5\commons-io-2.5.jar;C:\Users\user\.m2\repository\wsdl4j\wsdl4j\1.6.3\wsdl4j-1.6.3.jar;C:\Users\user\.m2\repository\javax\servlet\javax.servlet-api\3.1.0\javax.servlet-api-3.1.0.jar;C:\Users\user\.m2\repository\javax\servlet\jstl\1.2\jstl-1.2.jar;C:\Users\user\.m2\repository\org\springframework\spring-web\4.2.2.RELEASE\spring-web-4.2.2.RELEASE.jar;C:\Users\user\.m2\repository\commons-logging\commons-logging\1.1.1\commons-logging-1.1.1.jar;C:\Users\user\.m2\repository\taglibs\standard\1.0\standard-1.0.jar;C:\Users\user\.m2\repository\org\springframework\spring-webmvc\4.2.2.RELEASE\spring-webmvc-4.2.2.RELEASE.jar;C:\Users\user\.m2\repository\org\hibernate\hibernate-validator\5.3.5.Final\hibernate-validator-5.3.5.Final.jar;C:\Users\user\.m2\repository\javax\validation\validation-api\1.1.0.Final\validation-api-1.1.0.Final.jar;C:\Users\user\.m2\repository\org\junit\jupiter\junit-jupiter-api\5.3.2\junit-jupiter-api-5.3.2.jar;C:\Users\user\.m2\repository\org\apiguardian\apiguardian-api\1.0.0\apiguardian-api-1.0.0.jar;C:\Users\user\.m2\repository\org\opentest4j\opentest4j\1.1.1\opentest4j-1.1.1.jar;C:\Users\user\.m2\repository\org\junit\platform\junit-platform-commons\1.3.2\junit-platform-commons-1.3.2.jar;C:\Users\user\.m2\repository\com\fasterxml\jackson\core\jackson-core\2.9.8\jackson-core-2.9.8.jar;C:\Users\user\.m2\repository\com\fasterxml\jackson\core\jackson-databind\2.9.8\jackson-databind-2.9.8.jar;C:\Users\user\.m2\repository\com\fasterxml\jackson\core\jackson-annotations\2.9.0\jackson-annotations-2.9.0.jar;C:\Users\user\.m2\repository\org\mapstruct\mapstruct\1.2.0.Final\mapstruct-1.2.0.Final.jar;C:\Users\user\.m2\repository\org\mapstruct\mapstruct-processor\1.2.0.Final\mapstruct-processor-1.2.0.Final.jar;, java.vm.vendor=Oracle Corporation, sun.arch.data.model=64, hbm2ddl.auto=update, user.variant=, java.vendor.url=http://java.oracle.com/, user.timezone=Europe/Helsinki, os.name=Windows 7, java.vm.specification.version=1.8, hibernate.jdbc.batch_versioned_data=true, sun.java.launcher=SUN_STANDARD, user.country=RU, sun.boot.library.path=C:\Program Files\Java\jdk1.8.0_201\jre\bin, sun.java.command=C:\Users\user\workspace\ProfITsoftTasks-task8\target\surefire\surefirebooter4227925705341608614.jar C:\Users\user\workspace\ProfITsoftTasks-task8\target\surefire\surefire9148846104882782049tmp C:\Users\user\workspace\ProfITsoftTasks-task8\target\surefire\surefire_0634498095086772429tmp, surefire.test.class.path=C:\Users\user\workspace\ProfITsoftTasks-task8\target\test-classes;C:\Users\user\workspace\ProfITsoftTasks-task8\target\classes;C:\Users\user\.m2\repository\junit\junit\4.13-beta-2\junit-4.13-beta-2.jar;C:\Users\user\.m2\repository\org\hamcrest\hamcrest-core\1.3\hamcrest-core-1.3.jar;C:\Users\user\.m2\repository\org\apache\commons\commons-csv\1.6\commons-csv-1.6.jar;C:\Users\user\.m2\repository\log4j\log4j\1.2.17\log4j-1.2.17.jar;C:\Users\user\.m2\repository\commons-dbcp\commons-dbcp\1.2.2\commons-dbcp-1.2.2.jar;C:\Users\user\.m2\repository\commons-pool\commons-pool\1.3\commons-pool-1.3.jar;C:\Users\user\.m2\repository\mysql\mysql-connector-java\8.0.13\mysql-connector-java-8.0.13.jar;C:\Users\user\.m2\repository\com\google\protobuf\protobuf-java\3.6.1\protobuf-java-3.6.1.jar;C:\Users\user\.m2\repository\org\springframework\spring-context\4.3.21.RELEASE\spring-context-4.3.21.RELEASE.jar;C:\Users\user\.m2\repository\org\springframework\spring-aop\4.3.21.RELEASE\spring-aop-4.3.21.RELEASE.jar;C:\Users\user\.m2\repository\org\springframework\spring-beans\4.3.21.RELEASE\spring-beans-4.3.21.RELEASE.jar;C:\Users\user\.m2\repository\org\springframework\spring-expression\4.3.21.RELEASE\spring-expression-4.3.21.RELEASE.jar;C:\Users\user\.m2\repository\org\springframework\spring-orm\4.3.21.RELEASE\spring-orm-4.3.21.RELEASE.jar;C:\Users\user\.m2\repository\org\springframework\spring-tx\4.3.21.RELEASE\spring-tx-4.3.21.RELEASE.jar;C:\Users\user\.m2\repository\org\springframework\spring-core\4.3.21.RELEASE\spring-core-4.3.21.RELEASE.jar;C:\Users\user\.m2\repository\org\springframework\spring-jdbc\4.3.21.RELEASE\spring-jdbc-4.3.21.RELEASE.jar;C:\Users\user\.m2\repository\org\springframework\spring-test\4.3.21.RELEASE\spring-test-4.3.21.RELEASE.jar;C:\Users\user\.m2\repository\org\hibernate\hibernate-core\5.3.5.Final\hibernate-core-5.3.5.Final.jar;C:\Users\user\.m2\repository\org\jboss\logging\jboss-logging\3.3.2.Final\jboss-logging-3.3.2.Final.jar;C:\Users\user\.m2\repository\javax\persistence\javax.persistence-api\2.2\javax.persistence-api-2.2.jar;C:\Users\user\.m2\repository\org\javassist\javassist\3.23.1-GA\javassist-3.23.1-GA.jar;C:\Users\user\.m2\repository\net\bytebuddy\byte-buddy\1.8.17\byte-buddy-1.8.17.jar;C:\Users\user\.m2\repository\antlr\antlr\2.7.7\antlr-2.7.7.jar;C:\Users\user\.m2\repository\org\jboss\spec\javax\transaction\jboss-transaction-api_1.2_spec\1.1.1.Final\jboss-transaction-api_1.2_spec-1.1.1.Final.jar;C:\Users\user\.m2\repository\org\jboss\jandex\2.0.5.Final\jandex-2.0.5.Final.jar;C:\Users\user\.m2\repository\com\fasterxml\classmate\1.3.4\classmate-1.3.4.jar;C:\Users\user\.m2\repository\javax\activation\javax.activation-api\1.2.0\javax.activation-api-1.2.0.jar;C:\Users\user\.m2\repository\dom4j\dom4j\1.6.1\dom4j-1.6.1.jar;C:\Users\user\.m2\repository\org\hibernate\common\hibernate-commons-annotations\5.0.4.Final\hibernate-commons-annotations-5.0.4.Final.jar;C:\Users\user\.m2\repository\org\springframework\spring-aspects\4.3.21.RELEASE\spring-aspects-4.3.21.RELEASE.jar;C:\Users\user\.m2\repository\org\aspectj\aspectjweaver\1.8.9\aspectjweaver-1.8.9.jar;C:\Users\user\.m2\repository\org\springframework\ws\spring-ws-core\3.0.6.RELEASE\spring-ws-core-3.0.6.RELEASE.jar;C:\Users\user\.m2\repository\org\springframework\ws\spring-xml\3.0.6.RELEASE\spring-xml-3.0.6.RELEASE.jar;C:\Users\user\.m2\repository\org\springframework\spring-oxm\5.0.10.RELEASE\spring-oxm-5.0.10.RELEASE.jar;C:\Users\user\.m2\repository\commons-io\commons-io\2.5\commons-io-2.5.jar;C:\Users\user\.m2\repository\wsdl4j\wsdl4j\1.6.3\wsdl4j-1.6.3.jar;C:\Users\user\.m2\repository\javax\servlet\javax.servlet-api\3.1.0\javax.servlet-api-3.1.0.jar;C:\Users\user\.m2\repository\javax\servlet\jstl\1.2\jstl-1.2.jar;C:\Users\user\.m2\repository\org\springframework\spring-web\4.2.2.RELEASE\spring-web-4.2.2.RELEASE.jar;C:\Users\user\.m2\repository\commons-logging\commons-logging\1.1.1\commons-logging-1.1.1.jar;C:\Users\user\.m2\repository\taglibs\standard\1.0\standard-1.0.jar;C:\Users\user\.m2\repository\org\springframework\spring-webmvc\4.2.2.RELEASE\spring-webmvc-4.2.2.RELEASE.jar;C:\Users\user\.m2\repository\org\hibernate\hibernate-validator\5.3.5.Final\hibernate-validator-5.3.5.Final.jar;C:\Users\user\.m2\repository\javax\validation\validation-api\1.1.0.Final\validation-api-1.1.0.Final.jar;C:\Users\user\.m2\repository\org\junit\jupiter\junit-jupiter-api\5.3.2\junit-jupiter-api-5.3.2.jar;C:\Users\user\.m2\repository\org\apiguardian\apiguardian-api\1.0.0\apiguardian-api-1.0.0.jar;C:\Users\user\.m2\repository\org\opentest4j\opentest4j\1.1.1\opentest4j-1.1.1.jar;C:\Users\user\.m2\repository\org\junit\platform\junit-platform-commons\1.3.2\junit-platform-commons-1.3.2.jar;C:\Users\user\.m2\repository\com\fasterxml\jackson\core\jackson-core\2.9.8\jackson-core-2.9.8.jar;C:\Users\user\.m2\repository\com\fasterxml\jackson\core\jackson-databind\2.9.8\jackson-databind-2.9.8.jar;C:\Users\user\.m2\repository\com\fasterxml\jackson\core\jackson-annotations\2.9.0\jackson-annotations-2.9.0.jar;C:\Users\user\.m2\repository\org\mapstruct\mapstruct\1.2.0.Final\mapstruct-1.2.0.Final.jar;C:\Users\user\.m2\repository\org\mapstruct\mapstruct-processor\1.2.0.Final\mapstruct-processor-1.2.0.Final.jar;, sun.cpu.endian=little, user.home=C:\Users\user, user.language=ru, java.specification.vendor=Oracle Corporation, java.home=C:\Program Files\Java\jdk1.8.0_201\jre, file.separator=\, basedir=C:\Users\user\workspace\ProfITsoftTasks-task8, line.separator=
, java.vm.specification.vendor=Oracle Corporation, java.specification.name=Java Platform API Specification, java.awt.graphicsenv=sun.awt.Win32GraphicsEnvironment, surefire.real.class.path=C:\Users\user\workspace\ProfITsoftTasks-task8\target\surefire\surefirebooter4227925705341608614.jar, sun.boot.class.path=C:\Program Files\Java\jdk1.8.0_201\jre\lib\resources.jar;C:\Program Files\Java\jdk1.8.0_201\jre\lib\rt.jar;C:\Program Files\Java\jdk1.8.0_201\jre\lib\sunrsasign.jar;C:\Program Files\Java\jdk1.8.0_201\jre\lib\jsse.jar;C:\Program Files\Java\jdk1.8.0_201\jre\lib\jce.jar;C:\Program Files\Java\jdk1.8.0_201\jre\lib\charsets.jar;C:\Program Files\Java\jdk1.8.0_201\jre\lib\jfr.jar;C:\Program Files\Java\jdk1.8.0_201\jre\classes, hibernate.hbm2ddl.auto=update, user.script=, connection.password=root, sun.management.compiler=HotSpot 64-Bit Tiered Compilers, java.runtime.version=1.8.0_201-b09, user.name=user, path.separator=;, hibernate.connection.username=****, os.version=6.1, java.endorsed.dirs=C:\Program Files\Java\jdk1.8.0_201\jre\lib\endorsed, hibernate.enable_lazy_load_no_trans=true, java.runtime.name=Java(TM) SE Runtime Environment, hibernate.connection.url=jdbc:mysql://localhost:3306/insurance?serverTimezone=UTC, file.encoding=Cp1251, java.vm.name=Java HotSpot(TM) 64-Bit Server VM, hibernate.show_sql=true, hibernate.classLoaders=[sun.misc.Launcher$AppClassLoader@42a57993], hibernate.current_session_context_class=org.springframework.orm.hibernate5.SpringSessionContext, show_sql=true, localRepository=C:\Users\user\.m2\repository, hibernate.connection.driver_class=com.mysql.cj.jdbc.Driver, java.vendor.url.bug=http://bugreport.sun.com/bugreport/, java.io.tmpdir=C:\Users\user\AppData\Local\Temp\, idea.version=2018.3.4, java.version=1.8.0_201, user.dir=C:\Users\user\workspace\ProfITsoftTasks-task8, os.arch=amd64, connection.username=root, java.vm.specification.name=Java Virtual Machine Specification, hibernate.connection.password=****, java.awt.printerjob=sun.awt.windows.WPrinterJob, sun.os.patch.level=Service Pack 1, hibernate.boot.CfgXmlAccessService.key=org.hibernate.boot.cfgxml.spi.LoadedConfig@1c6c6f24, java.library.path=C:\Program Files\Java\jdk1.8.0_201\jre\bin;C:\Windows\Sun\Java\bin;C:\Windows\system32;C:\Windows;C:\Program Files (x86)\Common Files\Oracle\Java\javapath;C:\Program Files (x86)\Intel\iCLS Client\;C:\Program Files\Intel\iCLS Client\;C:\Windows\system32;C:\Windows;C:\Windows\System32\Wbem;C:\Windows\System32\WindowsPowerShell\v1.0\;C:\Program Files\Intel\Intel(R) Management Engine Components\DAL;C:\Program Files (x86)\Intel\Intel(R) Management Engine Components\DAL;C:\Program Files\Intel\Intel(R) Management Engine Components\IPT;C:\Program Files (x86)\Intel\Intel(R) Management Engine Components\IPT;C:\Program Files\TortoiseSVN\bin;C:\Users\user\AppData\Local\GitHubDesktop\bin;., java.vendor=Oracle Corporation, java.vm.info=mixed mode, java.vm.version=25.201-b09, hibernate.bytecode.use_reflection_optimizer=true, hibernate.connection.datasource=org.springframework.jdbc.datasource.DriverManagerDataSource@273444fe, sun.io.unicode.encoding=UnicodeLittle, java.ext.dirs=C:\Program Files\Java\jdk1.8.0_201\jre\lib\ext;C:\Windows\Sun\Java\lib\ext, java.class.version=52.0}
2019-02-08 12:52:13 INFO  Version:30 - HV000001: Hibernate Validator 5.3.5.Final
2019-02-08 12:52:13 DEBUG DefaultTraversableResolver:103 - Found javax.persistence.Persistence on classpath containing &apos;getPersistenceUtil&apos;. Assuming JPA 2 environment. Trying to instantiate JPA aware TraversableResolver
2019-02-08 12:52:13 DEBUG DefaultTraversableResolver:114 - Instantiated JPA aware TraversableResolver of type org.hibernate.validator.internal.engine.resolver.JPATraversableResolver.
2019-02-08 12:52:13 DEBUG ValidationXmlParser:99 - Trying to load META-INF/validation.xml for XML based Validator configuration.
2019-02-08 12:52:13 DEBUG ResourceLoaderHelper:54 - Trying to load META-INF/validation.xml via TCCL
2019-02-08 12:52:13 DEBUG ResourceLoaderHelper:60 - Trying to load META-INF/validation.xml via Hibernate Validator&apos;s class loader
2019-02-08 12:52:13 DEBUG ValidationXmlParser:106 - No META-INF/validation.xml found. Using annotation based configuration only.
2019-02-08 12:52:13 DEBUG TypeSafeActivator:94 - Unable to acquire Bean Validation ValidatorFactory, skipping activation
2019-02-08 12:52:13 DEBUG JaccIntegrator:80 - Skipping JACC integration as it was not enabled
2019-02-08 12:52:13 DEBUG SessionFactoryImpl:292 - Instantiated session factory
2019-02-08 12:52:13 DEBUG TypeConfiguration$Scope:147 - Scoping TypeConfiguration [org.hibernate.type.spi.TypeConfiguration@3d43fe] to SessionFactoryImpl [org.hibernate.internal.SessionFactoryImpl@fabb651]
2019-02-08 12:52:13 DEBUG ClassLoaderAccessImpl:60 - Not known whether passed class name [ua.profitsoft.strymeneshenko.data.InsuredPerson] is safe
2019-02-08 12:52:13 DEBUG ClassLoaderAccessImpl:62 - No temp ClassLoader provided; using live ClassLoader for loading potentially unsafe class : ua.profitsoft.strymeneshenko.data.InsuredPerson
2019-02-08 12:52:13 DEBUG ClassLoaderAccessImpl:60 - Not known whether passed class name [ua.profitsoft.strymeneshenko.data.InsuredPerson] is safe
2019-02-08 12:52:13 DEBUG ClassLoaderAccessImpl:62 - No temp ClassLoader provided; using live ClassLoader for loading potentially unsafe class : ua.profitsoft.strymeneshenko.data.InsuredPerson
2019-02-08 12:52:13 DEBUG ClassLoaderAccessImpl:60 - Not known whether passed class name [ua.profitsoft.strymeneshenko.data.Contract] is safe
2019-02-08 12:52:13 DEBUG ClassLoaderAccessImpl:62 - No temp ClassLoader provided; using live ClassLoader for loading potentially unsafe class : ua.profitsoft.strymeneshenko.data.Contract
2019-02-08 12:52:13 DEBUG ClassLoaderAccessImpl:60 - Not known whether passed class name [ua.profitsoft.strymeneshenko.data.Contract] is safe
2019-02-08 12:52:13 DEBUG ClassLoaderAccessImpl:62 - No temp ClassLoader provided; using live ClassLoader for loading potentially unsafe class : ua.profitsoft.strymeneshenko.data.Contract
2019-02-08 12:52:13 DEBUG ClassLoaderAccessImpl:60 - Not known whether passed class name [ua.profitsoft.strymeneshenko.data.Client] is safe
2019-02-08 12:52:13 DEBUG ClassLoaderAccessImpl:62 - No temp ClassLoader provided; using live ClassLoader for loading potentially unsafe class : ua.profitsoft.strymeneshenko.data.Client
2019-02-08 12:52:13 DEBUG ClassLoaderAccessImpl:60 - Not known whether passed class name [ua.profitsoft.strymeneshenko.data.Individual] is safe
2019-02-08 12:52:13 DEBUG ClassLoaderAccessImpl:62 - No temp ClassLoader provided; using live ClassLoader for loading potentially unsafe class : ua.profitsoft.strymeneshenko.data.Individual
2019-02-08 12:52:13 DEBUG ClassLoaderAccessImpl:60 - Not known whether passed class name [ua.profitsoft.strymeneshenko.data.Individual] is safe
2019-02-08 12:52:13 DEBUG ClassLoaderAccessImpl:62 - No temp ClassLoader provided; using live ClassLoader for loading potentially unsafe class : ua.profitsoft.strymeneshenko.data.Individual
2019-02-08 12:52:13 DEBUG ClassLoaderAccessImpl:60 - Not known whether passed class name [ua.profitsoft.strymeneshenko.data.LegalEntity] is safe
2019-02-08 12:52:13 DEBUG ClassLoaderAccessImpl:62 - No temp ClassLoader provided; using live ClassLoader for loading potentially unsafe class : ua.profitsoft.strymeneshenko.data.LegalEntity
2019-02-08 12:52:13 DEBUG ClassLoaderAccessImpl:60 - Not known whether passed class name [ua.profitsoft.strymeneshenko.data.LegalEntity] is safe
2019-02-08 12:52:13 DEBUG ClassLoaderAccessImpl:62 - No temp ClassLoader provided; using live ClassLoader for loading potentially unsafe class : ua.profitsoft.strymeneshenko.data.LegalEntity
2019-02-08 12:52:13 DEBUG ClassLoaderAccessImpl:60 - Not known whether passed class name [ua.profitsoft.strymeneshenko.data.Client] is safe
2019-02-08 12:52:13 DEBUG ClassLoaderAccessImpl:62 - No temp ClassLoader provided; using live ClassLoader for loading potentially unsafe class : ua.profitsoft.strymeneshenko.data.Client
2019-02-08 12:52:13 DEBUG AbstractCollectionPersister:673 - Static SQL for collection: ua.profitsoft.strymeneshenko.data.Contract.persons
2019-02-08 12:52:13 DEBUG AbstractCollectionPersister:675 -  Row insert: insert into contract_insuredperson (Contract_number, InsuredPerson_id) values (?, ?)
2019-02-08 12:52:13 DEBUG AbstractCollectionPersister:678 -  Row update: update contract_insuredperson set InsuredPerson_id=? where Contract_number=? and InsuredPerson_id=?
2019-02-08 12:52:13 DEBUG AbstractCollectionPersister:681 -  Row delete: delete from contract_insuredperson where Contract_number=? and InsuredPerson_id=?
2019-02-08 12:52:13 DEBUG AbstractCollectionPersister:684 -  One-shot delete: delete from contract_insuredperson where Contract_number=?
2019-02-08 12:52:13 DEBUG AbstractEntityPersister:3781 - Static SQL for entity: ua.profitsoft.strymeneshenko.data.InsuredPerson
2019-02-08 12:52:13 DEBUG AbstractEntityPersister:3786 -  Version select: select id from insuredperson where id =?
2019-02-08 12:52:13 DEBUG AbstractEntityPersister:3789 -  Snapshot select: select insuredper_.id, insuredper_.firstName as firstNam2_3_, insuredper_.lastName as lastName3_3_, insuredper_.dateOfBirth as dateOfBi4_3_, insuredper_.cost as cost5_3_, insuredper_.identificationNumber as identifi6_3_ from insuredperson insuredper_ where insuredper_.id=?
2019-02-08 12:52:13 DEBUG AbstractEntityPersister:394 -  Insert 0: insert into insuredperson (firstName, lastName, dateOfBirth, cost, identificationNumber, id) values (?, ?, ?, ?, ?, ?)
2019-02-08 12:52:13 DEBUG AbstractEntityPersister:394 -  Update 0: update insuredperson set firstName=?, lastName=?, dateOfBirth=?, cost=?, identificationNumber=? where id=?
2019-02-08 12:52:13 DEBUG AbstractEntityPersister:394 -  Delete 0: delete from insuredperson where id=?
2019-02-08 12:52:13 DEBUG AbstractEntityPersister:3797 -  Identity insert: insert into insuredperson (firstName, lastName, dateOfBirth, cost, identificationNumber) values (?, ?, ?, ?, ?)
2019-02-08 12:52:13 DEBUG QuerySpacesImpl:174 - Adding QuerySpace : uid = &lt;gen:0&gt; -&gt; org.hibernate.loader.plan.build.internal.spaces.EntityQuerySpaceImpl@24d61e4]
2019-02-08 12:52:13 DEBUG MetamodelGraphWalker:139 - Visiting attribute path : firstName
2019-02-08 12:52:13 DEBUG MetamodelGraphWalker:139 - Visiting attribute path : lastName
2019-02-08 12:52:13 DEBUG MetamodelGraphWalker:139 - Visiting attribute path : dateOfBirth
2019-02-08 12:52:13 DEBUG MetamodelGraphWalker:139 - Visiting attribute path : cost
2019-02-08 12:52:13 DEBUG MetamodelGraphWalker:139 - Visiting attribute path : identificationNumber
2019-02-08 12:52:13 DEBUG FetchStyleLoadPlanBuildingAssociationVisitationStrategy:150 - Building LoadPlan...
2019-02-08 12:52:13 DEBUG LoadQueryJoinAndFetchProcessor:119 - processing queryspace &lt;gen:0&gt;
2019-02-08 12:52:13 DEBUG LoadPlanTreePrinter:55 - LoadPlan(entity=ua.profitsoft.strymeneshenko.data.InsuredPerson)
    - Returns
       - EntityReturnImpl(entity=ua.profitsoft.strymeneshenko.data.InsuredPerson, querySpaceUid=&lt;gen:0&gt;, path=ua.profitsoft.strymeneshenko.data.InsuredPerson)
    - QuerySpaces
       - EntityQuerySpaceImpl(uid=&lt;gen:0&gt;, entity=ua.profitsoft.strymeneshenko.data.InsuredPerson)
          - SQL table alias mapping - insuredper0_
          - alias suffix - 0_
          - suffixed key columns - {id1_3_0_}

2019-02-08 12:52:13 DEBUG EntityLoader:137 - Static select for entity ua.profitsoft.strymeneshenko.data.InsuredPerson [NONE]: select insuredper0_.id as id1_3_0_, insuredper0_.firstName as firstNam2_3_0_, insuredper0_.lastName as lastName3_3_0_, insuredper0_.dateOfBirth as dateOfBi4_3_0_, insuredper0_.cost as cost5_3_0_, insuredper0_.identificationNumber as identifi6_3_0_ from insuredperson insuredper0_ where insuredper0_.id=?
2019-02-08 12:52:13 DEBUG QuerySpacesImpl:174 - Adding QuerySpace : uid = &lt;gen:0&gt; -&gt; org.hibernate.loader.plan.build.internal.spaces.EntityQuerySpaceImpl@35e26d05]
2019-02-08 12:52:13 DEBUG MetamodelGraphWalker:139 - Visiting attribute path : firstName
2019-02-08 12:52:13 DEBUG MetamodelGraphWalker:139 - Visiting attribute path : lastName
2019-02-08 12:52:13 DEBUG MetamodelGraphWalker:139 - Visiting attribute path : dateOfBirth
2019-02-08 12:52:13 DEBUG MetamodelGraphWalker:139 - Visiting attribute path : cost
2019-02-08 12:52:13 DEBUG MetamodelGraphWalker:139 - Visiting attribute path : identificationNumber
2019-02-08 12:52:13 DEBUG FetchStyleLoadPlanBuildingAssociationVisitationStrategy:150 - Building LoadPlan...
2019-02-08 12:52:13 DEBUG LoadQueryJoinAndFetchProcessor:119 - processing queryspace &lt;gen:0&gt;
2019-02-08 12:52:13 DEBUG LoadPlanTreePrinter:55 - LoadPlan(entity=ua.profitsoft.strymeneshenko.data.InsuredPerson)
    - Returns
       - EntityReturnImpl(entity=ua.profitsoft.strymeneshenko.data.InsuredPerson, querySpaceUid=&lt;gen:0&gt;, path=ua.profitsoft.strymeneshenko.data.InsuredPerson)
    - QuerySpaces
       - EntityQuerySpaceImpl(uid=&lt;gen:0&gt;, entity=ua.profitsoft.strymeneshenko.data.InsuredPerson)
          - SQL table alias mapping - insuredper0_
          - alias suffix - 0_
          - suffixed key columns - {id1_3_0_}

2019-02-08 12:52:13 DEBUG EntityLoader:137 - Static select for entity ua.profitsoft.strymeneshenko.data.InsuredPerson [READ]: select insuredper0_.id as id1_3_0_, insuredper0_.firstName as firstNam2_3_0_, insuredper0_.lastName as lastName3_3_0_, insuredper0_.dateOfBirth as dateOfBi4_3_0_, insuredper0_.cost as cost5_3_0_, insuredper0_.identificationNumber as identifi6_3_0_ from insuredperson insuredper0_ where insuredper0_.id=?
2019-02-08 12:52:13 DEBUG Loader:38 - Static select for action ACTION_MERGE on entity ua.profitsoft.strymeneshenko.data.InsuredPerson: select insuredper0_.id as id1_3_0_, insuredper0_.firstName as firstNam2_3_0_, insuredper0_.lastName as lastName3_3_0_, insuredper0_.dateOfBirth as dateOfBi4_3_0_, insuredper0_.cost as cost5_3_0_, insuredper0_.identificationNumber as identifi6_3_0_ from insuredperson insuredper0_ where insuredper0_.id=?
2019-02-08 12:52:13 DEBUG Loader:38 - Static select for action ACTION_REFRESH on entity ua.profitsoft.strymeneshenko.data.InsuredPerson: select insuredper0_.id as id1_3_0_, insuredper0_.firstName as firstNam2_3_0_, insuredper0_.lastName as lastName3_3_0_, insuredper0_.dateOfBirth as dateOfBi4_3_0_, insuredper0_.cost as cost5_3_0_, insuredper0_.identificationNumber as identifi6_3_0_ from insuredperson insuredper0_ where insuredper0_.id=?
2019-02-08 12:52:13 DEBUG AbstractEntityPersister:3781 - Static SQL for entity: ua.profitsoft.strymeneshenko.data.Contract
2019-02-08 12:52:13 DEBUG AbstractEntityPersister:3786 -  Version select: select number from contract where number =?
2019-02-08 12:52:13 DEBUG AbstractEntityPersister:3789 -  Snapshot select: select contract_.number, contract_.dateConclusion as dateConc2_1_, contract_.startDate as startDat3_1_, contract_.endDate as endDate4_1_, contract_.Client_id as Client_i5_1_ from contract contract_ where contract_.number=?
2019-02-08 12:52:13 DEBUG AbstractEntityPersister:394 -  Insert 0: insert into contract (dateConclusion, startDate, endDate, Client_id, number) values (?, ?, ?, ?, ?)
2019-02-08 12:52:13 DEBUG AbstractEntityPersister:394 -  Update 0: update contract set dateConclusion=?, startDate=?, endDate=?, Client_id=? where number=?
2019-02-08 12:52:13 DEBUG AbstractEntityPersister:394 -  Delete 0: delete from contract where number=?
2019-02-08 12:52:13 DEBUG AbstractEntityPersister:3797 -  Identity insert: insert into contract (dateConclusion, startDate, endDate, Client_id) values (?, ?, ?, ?)
2019-02-08 12:52:13 DEBUG QuerySpacesImpl:174 - Adding QuerySpace : uid = &lt;gen:0&gt; -&gt; org.hibernate.loader.plan.build.internal.spaces.EntityQuerySpaceImpl@63a28987]
2019-02-08 12:52:13 DEBUG MetamodelGraphWalker:139 - Visiting attribute path : dateConclusion
2019-02-08 12:52:13 DEBUG MetamodelGraphWalker:139 - Visiting attribute path : startDate
2019-02-08 12:52:13 DEBUG MetamodelGraphWalker:139 - Visiting attribute path : endDate
2019-02-08 12:52:13 DEBUG MetamodelGraphWalker:139 - Visiting attribute path : persons
2019-02-08 12:52:13 DEBUG QuerySpacesImpl:174 - Adding QuerySpace : uid = &lt;gen:1&gt; -&gt; org.hibernate.loader.plan.build.internal.spaces.CollectionQuerySpaceImpl@15d42ccb]
2019-02-08 12:52:13 DEBUG QuerySpacesImpl:174 - Adding QuerySpace : uid = &lt;gen:2&gt; -&gt; org.hibernate.loader.plan.build.internal.spaces.EntityQuerySpaceImpl@554c4eaa]
2019-02-08 12:52:13 DEBUG MetamodelGraphWalker:139 - Visiting attribute path : client
2019-02-08 12:52:13 DEBUG QuerySpacesImpl:174 - Adding QuerySpace : uid = &lt;gen:3&gt; -&gt; org.hibernate.loader.plan.build.internal.spaces.EntityQuerySpaceImpl@4bd5849e]
2019-02-08 12:52:13 DEBUG FetchStyleLoadPlanBuildingAssociationVisitationStrategy:150 - Building LoadPlan...
2019-02-08 12:52:13 DEBUG LoadQueryJoinAndFetchProcessor:119 - processing queryspace &lt;gen:0&gt;
2019-02-08 12:52:13 DEBUG LoadPlanTreePrinter:55 - LoadPlan(entity=ua.profitsoft.strymeneshenko.data.Contract)
    - Returns
       - EntityReturnImpl(entity=ua.profitsoft.strymeneshenko.data.Contract, querySpaceUid=&lt;gen:0&gt;, path=ua.profitsoft.strymeneshenko.data.Contract)
          - CollectionAttributeFetchImpl(collection=ua.profitsoft.strymeneshenko.data.Contract.persons, querySpaceUid=&lt;gen:1&gt;, path=ua.profitsoft.strymeneshenko.data.Contract.persons)
             - (collection element) CollectionFetchableElementEntityGraph(entity=ua.profitsoft.strymeneshenko.data.InsuredPerson, querySpaceUid=&lt;gen:2&gt;, path=ua.profitsoft.strymeneshenko.data.Contract.persons.&lt;elements&gt;)
          - EntityAttributeFetchImpl(entity=ua.profitsoft.strymeneshenko.data.Client, querySpaceUid=&lt;gen:3&gt;, path=ua.profitsoft.strymeneshenko.data.Contract.client)
    - QuerySpaces
       - EntityQuerySpaceImpl(uid=&lt;gen:0&gt;, entity=ua.profitsoft.strymeneshenko.data.Contract)
          - SQL table alias mapping - contract0_
          - alias suffix - 0_
          - suffixed key columns - {number1_1_0_}

2019-02-08 12:52:13 DEBUG EntityLoader:137 - Static select for entity ua.profitsoft.strymeneshenko.data.Contract [NONE]: select contract0_.number as number1_1_0_, contract0_.dateConclusion as dateConc2_1_0_, contract0_.startDate as startDat3_1_0_, contract0_.endDate as endDate4_1_0_, contract0_.Client_id as Client_i5_1_0_ from contract contract0_ where contract0_.number=?
2019-02-08 12:52:13 DEBUG QuerySpacesImpl:174 - Adding QuerySpace : uid = &lt;gen:0&gt; -&gt; org.hibernate.loader.plan.build.internal.spaces.EntityQuerySpaceImpl@1455154c]
2019-02-08 12:52:13 DEBUG MetamodelGraphWalker:139 - Visiting attribute path : dateConclusion
2019-02-08 12:52:13 DEBUG MetamodelGraphWalker:139 - Visiting attribute path : startDate
2019-02-08 12:52:13 DEBUG MetamodelGraphWalker:139 - Visiting attribute path : endDate
2019-02-08 12:52:13 DEBUG MetamodelGraphWalker:139 - Visiting attribute path : persons
2019-02-08 12:52:13 DEBUG QuerySpacesImpl:174 - Adding QuerySpace : uid = &lt;gen:1&gt; -&gt; org.hibernate.loader.plan.build.internal.spaces.CollectionQuerySpaceImpl@526b2f3e]
2019-02-08 12:52:13 DEBUG QuerySpacesImpl:174 - Adding QuerySpace : uid = &lt;gen:2&gt; -&gt; org.hibernate.loader.plan.build.internal.spaces.EntityQuerySpaceImpl@6f2e1024]
2019-02-08 12:52:13 DEBUG MetamodelGraphWalker:139 - Visiting attribute path : client
2019-02-08 12:52:13 DEBUG QuerySpacesImpl:174 - Adding QuerySpace : uid = &lt;gen:3&gt; -&gt; org.hibernate.loader.plan.build.internal.spaces.EntityQuerySpaceImpl@536d97f8]
2019-02-08 12:52:13 DEBUG FetchStyleLoadPlanBuildingAssociationVisitationStrategy:150 - Building LoadPlan...
2019-02-08 12:52:13 DEBUG LoadQueryJoinAndFetchProcessor:119 - processing queryspace &lt;gen:0&gt;
2019-02-08 12:52:13 DEBUG LoadPlanTreePrinter:55 - LoadPlan(entity=ua.profitsoft.strymeneshenko.data.Contract)
    - Returns
       - EntityReturnImpl(entity=ua.profitsoft.strymeneshenko.data.Contract, querySpaceUid=&lt;gen:0&gt;, path=ua.profitsoft.strymeneshenko.data.Contract)
          - CollectionAttributeFetchImpl(collection=ua.profitsoft.strymeneshenko.data.Contract.persons, querySpaceUid=&lt;gen:1&gt;, path=ua.profitsoft.strymeneshenko.data.Contract.persons)
             - (collection element) CollectionFetchableElementEntityGraph(entity=ua.profitsoft.strymeneshenko.data.InsuredPerson, querySpaceUid=&lt;gen:2&gt;, path=ua.profitsoft.strymeneshenko.data.Contract.persons.&lt;elements&gt;)
          - EntityAttributeFetchImpl(entity=ua.profitsoft.strymeneshenko.data.Client, querySpaceUid=&lt;gen:3&gt;, path=ua.profitsoft.strymeneshenko.data.Contract.client)
    - QuerySpaces
       - EntityQuerySpaceImpl(uid=&lt;gen:0&gt;, entity=ua.profitsoft.strymeneshenko.data.Contract)
          - SQL table alias mapping - contract0_
          - alias suffix - 0_
          - suffixed key columns - {number1_1_0_}

2019-02-08 12:52:13 DEBUG EntityLoader:137 - Static select for entity ua.profitsoft.strymeneshenko.data.Contract [READ]: select contract0_.number as number1_1_0_, contract0_.dateConclusion as dateConc2_1_0_, contract0_.startDate as startDat3_1_0_, contract0_.endDate as endDate4_1_0_, contract0_.Client_id as Client_i5_1_0_ from contract contract0_ where contract0_.number=?
2019-02-08 12:52:13 DEBUG Loader:38 - Static select for action ACTION_MERGE on entity ua.profitsoft.strymeneshenko.data.Contract: select contract0_.number as number1_1_2_, contract0_.dateConclusion as dateConc2_1_2_, contract0_.startDate as startDat3_1_2_, contract0_.endDate as endDate4_1_2_, contract0_.Client_id as Client_i5_1_2_, persons1_.Contract_number as Contract1_2_4_, insuredper2_.id as InsuredP2_2_4_, insuredper2_.id as id1_3_0_, insuredper2_.firstName as firstNam2_3_0_, insuredper2_.lastName as lastName3_3_0_, insuredper2_.dateOfBirth as dateOfBi4_3_0_, insuredper2_.cost as cost5_3_0_, insuredper2_.identificationNumber as identifi6_3_0_, client3_.id as id1_0_1_, client3_.adress as adress3_0_1_, client3_.firstName as firstNam4_0_1_, client3_.lastName as lastName5_0_1_, client3_.nameOrganization as nameOrga6_0_1_, client3_.CLIENT_TYPE as CLIENT_T2_0_1_ from contract contract0_ left outer join contract_insuredperson persons1_ on contract0_.number=persons1_.Contract_number left outer join insuredperson insuredper2_ on persons1_.InsuredPerson_id=insuredper2_.id inner join client client3_ on contract0_.Client_id=client3_.id where contract0_.number=?
2019-02-08 12:52:13 DEBUG Loader:38 - Static select for action ACTION_REFRESH on entity ua.profitsoft.strymeneshenko.data.Contract: select contract0_.number as number1_1_2_, contract0_.dateConclusion as dateConc2_1_2_, contract0_.startDate as startDat3_1_2_, contract0_.endDate as endDate4_1_2_, contract0_.Client_id as Client_i5_1_2_, persons1_.Contract_number as Contract1_2_4_, insuredper2_.id as InsuredP2_2_4_, insuredper2_.id as id1_3_0_, insuredper2_.firstName as firstNam2_3_0_, insuredper2_.lastName as lastName3_3_0_, insuredper2_.dateOfBirth as dateOfBi4_3_0_, insuredper2_.cost as cost5_3_0_, insuredper2_.identificationNumber as identifi6_3_0_, client3_.id as id1_0_1_, client3_.adress as adress3_0_1_, client3_.firstName as firstNam4_0_1_, client3_.lastName as lastName5_0_1_, client3_.nameOrganization as nameOrga6_0_1_, client3_.CLIENT_TYPE as CLIENT_T2_0_1_ from contract contract0_ left outer join contract_insuredperson persons1_ on contract0_.number=persons1_.Contract_number left outer join insuredperson insuredper2_ on persons1_.InsuredPerson_id=insuredper2_.id inner join client client3_ on contract0_.Client_id=client3_.id where contract0_.number=?
2019-02-08 12:52:13 DEBUG AbstractEntityPersister:3781 - Static SQL for entity: ua.profitsoft.strymeneshenko.data.Individual
2019-02-08 12:52:13 DEBUG AbstractEntityPersister:3786 -  Version select: select id from client where id =?
2019-02-08 12:52:13 DEBUG AbstractEntityPersister:3789 -  Snapshot select: select individual_.id, individual_.adress as adress3_0_, individual_.firstName as firstNam4_0_, individual_.lastName as lastName5_0_ from client individual_ where individual_.id=?
2019-02-08 12:52:13 DEBUG AbstractEntityPersister:394 -  Insert 0: insert into client (adress, firstName, lastName, CLIENT_TYPE, id) values (?, ?, ?, &apos;Individual&apos;, ?)
2019-02-08 12:52:13 DEBUG AbstractEntityPersister:394 -  Update 0: update client set adress=?, firstName=?, lastName=? where id=?
2019-02-08 12:52:13 DEBUG AbstractEntityPersister:394 -  Delete 0: delete from client where id=?
2019-02-08 12:52:13 DEBUG AbstractEntityPersister:3797 -  Identity insert: insert into client (adress, firstName, lastName, CLIENT_TYPE) values (?, ?, ?, &apos;Individual&apos;)
2019-02-08 12:52:13 DEBUG QuerySpacesImpl:174 - Adding QuerySpace : uid = &lt;gen:0&gt; -&gt; org.hibernate.loader.plan.build.internal.spaces.EntityQuerySpaceImpl@123d7057]
2019-02-08 12:52:13 DEBUG MetamodelGraphWalker:139 - Visiting attribute path : adress
2019-02-08 12:52:13 DEBUG MetamodelGraphWalker:139 - Visiting attribute path : firstName
2019-02-08 12:52:13 DEBUG MetamodelGraphWalker:139 - Visiting attribute path : lastName
2019-02-08 12:52:13 DEBUG FetchStyleLoadPlanBuildingAssociationVisitationStrategy:150 - Building LoadPlan...
2019-02-08 12:52:13 DEBUG LoadQueryJoinAndFetchProcessor:119 - processing queryspace &lt;gen:0&gt;
2019-02-08 12:52:13 DEBUG LoadPlanTreePrinter:55 - LoadPlan(entity=ua.profitsoft.strymeneshenko.data.Individual)
    - Returns
       - EntityReturnImpl(entity=ua.profitsoft.strymeneshenko.data.Individual, querySpaceUid=&lt;gen:0&gt;, path=ua.profitsoft.strymeneshenko.data.Individual)
    - QuerySpaces
       - EntityQuerySpaceImpl(uid=&lt;gen:0&gt;, entity=ua.profitsoft.strymeneshenko.data.Individual)
          - SQL table alias mapping - individual0_
          - alias suffix - 0_
          - suffixed key columns - {id1_0_0_}

2019-02-08 12:52:13 DEBUG EntityLoader:137 - Static select for entity ua.profitsoft.strymeneshenko.data.Individual [NONE]: select individual0_.id as id1_0_0_, individual0_.adress as adress3_0_0_, individual0_.firstName as firstNam4_0_0_, individual0_.lastName as lastName5_0_0_ from client individual0_ where individual0_.id=? and individual0_.CLIENT_TYPE=&apos;Individual&apos;
2019-02-08 12:52:13 DEBUG QuerySpacesImpl:174 - Adding QuerySpace : uid = &lt;gen:0&gt; -&gt; org.hibernate.loader.plan.build.internal.spaces.EntityQuerySpaceImpl@35ee466f]
2019-02-08 12:52:13 DEBUG MetamodelGraphWalker:139 - Visiting attribute path : adress
2019-02-08 12:52:13 DEBUG MetamodelGraphWalker:139 - Visiting attribute path : firstName
2019-02-08 12:52:13 DEBUG MetamodelGraphWalker:139 - Visiting attribute path : lastName
2019-02-08 12:52:14 DEBUG FetchStyleLoadPlanBuildingAssociationVisitationStrategy:150 - Building LoadPlan...
2019-02-08 12:52:14 DEBUG LoadQueryJoinAndFetchProcessor:119 - processing queryspace &lt;gen:0&gt;
2019-02-08 12:52:14 DEBUG LoadPlanTreePrinter:55 - LoadPlan(entity=ua.profitsoft.strymeneshenko.data.Individual)
    - Returns
       - EntityReturnImpl(entity=ua.profitsoft.strymeneshenko.data.Individual, querySpaceUid=&lt;gen:0&gt;, path=ua.profitsoft.strymeneshenko.data.Individual)
    - QuerySpaces
       - EntityQuerySpaceImpl(uid=&lt;gen:0&gt;, entity=ua.profitsoft.strymeneshenko.data.Individual)
          - SQL table alias mapping - individual0_
          - alias suffix - 0_
          - suffixed key columns - {id1_0_0_}

2019-02-08 12:52:14 DEBUG EntityLoader:137 - Static select for entity ua.profitsoft.strymeneshenko.data.Individual [READ]: select individual0_.id as id1_0_0_, individual0_.adress as adress3_0_0_, individual0_.firstName as firstNam4_0_0_, individual0_.lastName as lastName5_0_0_ from client individual0_ where individual0_.id=? and individual0_.CLIENT_TYPE=&apos;Individual&apos;
2019-02-08 12:52:14 DEBUG Loader:38 - Static select for action ACTION_MERGE on entity ua.profitsoft.strymeneshenko.data.Individual: select individual0_.id as id1_0_0_, individual0_.adress as adress3_0_0_, individual0_.firstName as firstNam4_0_0_, individual0_.lastName as lastName5_0_0_ from client individual0_ where individual0_.id=? and individual0_.CLIENT_TYPE=&apos;Individual&apos;
2019-02-08 12:52:14 DEBUG Loader:38 - Static select for action ACTION_REFRESH on entity ua.profitsoft.strymeneshenko.data.Individual: select individual0_.id as id1_0_0_, individual0_.adress as adress3_0_0_, individual0_.firstName as firstNam4_0_0_, individual0_.lastName as lastName5_0_0_ from client individual0_ where individual0_.id=? and individual0_.CLIENT_TYPE=&apos;Individual&apos;
2019-02-08 12:52:14 DEBUG AbstractEntityPersister:3781 - Static SQL for entity: ua.profitsoft.strymeneshenko.data.LegalEntity
2019-02-08 12:52:14 DEBUG AbstractEntityPersister:3786 -  Version select: select id from client where id =?
2019-02-08 12:52:14 DEBUG AbstractEntityPersister:3789 -  Snapshot select: select legalentit_.id, legalentit_.adress as adress3_0_, legalentit_.nameOrganization as nameOrga6_0_ from client legalentit_ where legalentit_.id=?
2019-02-08 12:52:14 DEBUG AbstractEntityPersister:394 -  Insert 0: insert into client (adress, nameOrganization, CLIENT_TYPE, id) values (?, ?, &apos;LegalEntity&apos;, ?)
2019-02-08 12:52:14 DEBUG AbstractEntityPersister:394 -  Update 0: update client set adress=?, nameOrganization=? where id=?
2019-02-08 12:52:14 DEBUG AbstractEntityPersister:394 -  Delete 0: delete from client where id=?
2019-02-08 12:52:14 DEBUG AbstractEntityPersister:3797 -  Identity insert: insert into client (adress, nameOrganization, CLIENT_TYPE) values (?, ?, &apos;LegalEntity&apos;)
2019-02-08 12:52:14 DEBUG QuerySpacesImpl:174 - Adding QuerySpace : uid = &lt;gen:0&gt; -&gt; org.hibernate.loader.plan.build.internal.spaces.EntityQuerySpaceImpl@4ba02375]
2019-02-08 12:52:14 DEBUG MetamodelGraphWalker:139 - Visiting attribute path : adress
2019-02-08 12:52:14 DEBUG MetamodelGraphWalker:139 - Visiting attribute path : nameOrganization
2019-02-08 12:52:14 DEBUG FetchStyleLoadPlanBuildingAssociationVisitationStrategy:150 - Building LoadPlan...
2019-02-08 12:52:14 DEBUG LoadQueryJoinAndFetchProcessor:119 - processing queryspace &lt;gen:0&gt;
2019-02-08 12:52:14 DEBUG LoadPlanTreePrinter:55 - LoadPlan(entity=ua.profitsoft.strymeneshenko.data.LegalEntity)
    - Returns
       - EntityReturnImpl(entity=ua.profitsoft.strymeneshenko.data.LegalEntity, querySpaceUid=&lt;gen:0&gt;, path=ua.profitsoft.strymeneshenko.data.LegalEntity)
    - QuerySpaces
       - EntityQuerySpaceImpl(uid=&lt;gen:0&gt;, entity=ua.profitsoft.strymeneshenko.data.LegalEntity)
          - SQL table alias mapping - legalentit0_
          - alias suffix - 0_
          - suffixed key columns - {id1_0_0_}

2019-02-08 12:52:14 DEBUG EntityLoader:137 - Static select for entity ua.profitsoft.strymeneshenko.data.LegalEntity [NONE]: select legalentit0_.id as id1_0_0_, legalentit0_.adress as adress3_0_0_, legalentit0_.nameOrganization as nameOrga6_0_0_ from client legalentit0_ where legalentit0_.id=? and legalentit0_.CLIENT_TYPE=&apos;LegalEntity&apos;
2019-02-08 12:52:14 DEBUG QuerySpacesImpl:174 - Adding QuerySpace : uid = &lt;gen:0&gt; -&gt; org.hibernate.loader.plan.build.internal.spaces.EntityQuerySpaceImpl@3289079a]
2019-02-08 12:52:14 DEBUG MetamodelGraphWalker:139 - Visiting attribute path : adress
2019-02-08 12:52:14 DEBUG MetamodelGraphWalker:139 - Visiting attribute path : nameOrganization
2019-02-08 12:52:14 DEBUG FetchStyleLoadPlanBuildingAssociationVisitationStrategy:150 - Building LoadPlan...
2019-02-08 12:52:14 DEBUG LoadQueryJoinAndFetchProcessor:119 - processing queryspace &lt;gen:0&gt;
2019-02-08 12:52:14 DEBUG LoadPlanTreePrinter:55 - LoadPlan(entity=ua.profitsoft.strymeneshenko.data.LegalEntity)
    - Returns
       - EntityReturnImpl(entity=ua.profitsoft.strymeneshenko.data.LegalEntity, querySpaceUid=&lt;gen:0&gt;, path=ua.profitsoft.strymeneshenko.data.LegalEntity)
    - QuerySpaces
       - EntityQuerySpaceImpl(uid=&lt;gen:0&gt;, entity=ua.profitsoft.strymeneshenko.data.LegalEntity)
          - SQL table alias mapping - legalentit0_
          - alias suffix - 0_
          - suffixed key columns - {id1_0_0_}

2019-02-08 12:52:14 DEBUG EntityLoader:137 - Static select for entity ua.profitsoft.strymeneshenko.data.LegalEntity [READ]: select legalentit0_.id as id1_0_0_, legalentit0_.adress as adress3_0_0_, legalentit0_.nameOrganization as nameOrga6_0_0_ from client legalentit0_ where legalentit0_.id=? and legalentit0_.CLIENT_TYPE=&apos;LegalEntity&apos;
2019-02-08 12:52:14 DEBUG Loader:38 - Static select for action ACTION_MERGE on entity ua.profitsoft.strymeneshenko.data.LegalEntity: select legalentit0_.id as id1_0_0_, legalentit0_.adress as adress3_0_0_, legalentit0_.nameOrganization as nameOrga6_0_0_ from client legalentit0_ where legalentit0_.id=? and legalentit0_.CLIENT_TYPE=&apos;LegalEntity&apos;
2019-02-08 12:52:14 DEBUG Loader:38 - Static select for action ACTION_REFRESH on entity ua.profitsoft.strymeneshenko.data.LegalEntity: select legalentit0_.id as id1_0_0_, legalentit0_.adress as adress3_0_0_, legalentit0_.nameOrganization as nameOrga6_0_0_ from client legalentit0_ where legalentit0_.id=? and legalentit0_.CLIENT_TYPE=&apos;LegalEntity&apos;
2019-02-08 12:52:14 DEBUG AbstractEntityPersister:3781 - Static SQL for entity: ua.profitsoft.strymeneshenko.data.Client
2019-02-08 12:52:14 DEBUG AbstractEntityPersister:3786 -  Version select: select id from client where id =?
2019-02-08 12:52:14 DEBUG AbstractEntityPersister:3789 -  Snapshot select: select client_.id, client_.adress as adress3_0_ from client client_ where client_.id=?
2019-02-08 12:52:14 DEBUG AbstractEntityPersister:394 -  Insert 0: insert into client (adress, CLIENT_TYPE, id) values (?, &apos;ua.profitsoft.strymeneshenko.data.Client&apos;, ?)
2019-02-08 12:52:14 DEBUG AbstractEntityPersister:394 -  Update 0: update client set adress=? where id=?
2019-02-08 12:52:14 DEBUG AbstractEntityPersister:394 -  Delete 0: delete from client where id=?
2019-02-08 12:52:14 DEBUG AbstractEntityPersister:3797 -  Identity insert: insert into client (adress, CLIENT_TYPE) values (?, &apos;ua.profitsoft.strymeneshenko.data.Client&apos;)
2019-02-08 12:52:14 DEBUG QuerySpacesImpl:174 - Adding QuerySpace : uid = &lt;gen:0&gt; -&gt; org.hibernate.loader.plan.build.internal.spaces.EntityQuerySpaceImpl@788ba63e]
2019-02-08 12:52:14 DEBUG MetamodelGraphWalker:139 - Visiting attribute path : adress
2019-02-08 12:52:14 DEBUG MetamodelGraphWalker:139 - Visiting attribute path : firstName
2019-02-08 12:52:14 DEBUG MetamodelGraphWalker:139 - Visiting attribute path : lastName
2019-02-08 12:52:14 DEBUG MetamodelGraphWalker:139 - Visiting attribute path : nameOrganization
2019-02-08 12:52:14 DEBUG FetchStyleLoadPlanBuildingAssociationVisitationStrategy:150 - Building LoadPlan...
2019-02-08 12:52:14 DEBUG LoadQueryJoinAndFetchProcessor:119 - processing queryspace &lt;gen:0&gt;
2019-02-08 12:52:14 DEBUG LoadPlanTreePrinter:55 - LoadPlan(entity=ua.profitsoft.strymeneshenko.data.Client)
    - Returns
       - EntityReturnImpl(entity=ua.profitsoft.strymeneshenko.data.Client, querySpaceUid=&lt;gen:0&gt;, path=ua.profitsoft.strymeneshenko.data.Client)
    - QuerySpaces
       - EntityQuerySpaceImpl(uid=&lt;gen:0&gt;, entity=ua.profitsoft.strymeneshenko.data.Client)
          - SQL table alias mapping - client0_
          - alias suffix - 0_
          - suffixed key columns - {id1_0_0_}

2019-02-08 12:52:14 DEBUG EntityLoader:137 - Static select for entity ua.profitsoft.strymeneshenko.data.Client [NONE]: select client0_.id as id1_0_0_, client0_.adress as adress3_0_0_, client0_.firstName as firstNam4_0_0_, client0_.lastName as lastName5_0_0_, client0_.nameOrganization as nameOrga6_0_0_, client0_.CLIENT_TYPE as CLIENT_T2_0_0_ from client client0_ where client0_.id=?
2019-02-08 12:52:14 DEBUG QuerySpacesImpl:174 - Adding QuerySpace : uid = &lt;gen:0&gt; -&gt; org.hibernate.loader.plan.build.internal.spaces.EntityQuerySpaceImpl@68ee3b6d]
2019-02-08 12:52:14 DEBUG MetamodelGraphWalker:139 - Visiting attribute path : adress
2019-02-08 12:52:14 DEBUG MetamodelGraphWalker:139 - Visiting attribute path : firstName
2019-02-08 12:52:14 DEBUG MetamodelGraphWalker:139 - Visiting attribute path : lastName
2019-02-08 12:52:14 DEBUG MetamodelGraphWalker:139 - Visiting attribute path : nameOrganization
2019-02-08 12:52:14 DEBUG FetchStyleLoadPlanBuildingAssociationVisitationStrategy:150 - Building LoadPlan...
2019-02-08 12:52:14 DEBUG LoadQueryJoinAndFetchProcessor:119 - processing queryspace &lt;gen:0&gt;
2019-02-08 12:52:14 DEBUG LoadPlanTreePrinter:55 - LoadPlan(entity=ua.profitsoft.strymeneshenko.data.Client)
    - Returns
       - EntityReturnImpl(entity=ua.profitsoft.strymeneshenko.data.Client, querySpaceUid=&lt;gen:0&gt;, path=ua.profitsoft.strymeneshenko.data.Client)
    - QuerySpaces
       - EntityQuerySpaceImpl(uid=&lt;gen:0&gt;, entity=ua.profitsoft.strymeneshenko.data.Client)
          - SQL table alias mapping - client0_
          - alias suffix - 0_
          - suffixed key columns - {id1_0_0_}

2019-02-08 12:52:14 DEBUG EntityLoader:137 - Static select for entity ua.profitsoft.strymeneshenko.data.Client [READ]: select client0_.id as id1_0_0_, client0_.adress as adress3_0_0_, client0_.firstName as firstNam4_0_0_, client0_.lastName as lastName5_0_0_, client0_.nameOrganization as nameOrga6_0_0_, client0_.CLIENT_TYPE as CLIENT_T2_0_0_ from client client0_ where client0_.id=?
2019-02-08 12:52:14 DEBUG Loader:38 - Static select for action ACTION_MERGE on entity ua.profitsoft.strymeneshenko.data.Client: select client0_.id as id1_0_0_, client0_.adress as adress3_0_0_, client0_.firstName as firstNam4_0_0_, client0_.lastName as lastName5_0_0_, client0_.nameOrganization as nameOrga6_0_0_, client0_.CLIENT_TYPE as CLIENT_T2_0_0_ from client client0_ where client0_.id=?
2019-02-08 12:52:14 DEBUG Loader:38 - Static select for action ACTION_REFRESH on entity ua.profitsoft.strymeneshenko.data.Client: select client0_.id as id1_0_0_, client0_.adress as adress3_0_0_, client0_.firstName as firstNam4_0_0_, client0_.lastName as lastName5_0_0_, client0_.nameOrganization as nameOrga6_0_0_, client0_.CLIENT_TYPE as CLIENT_T2_0_0_ from client client0_ where client0_.id=?
2019-02-08 12:52:14 DEBUG QuerySpacesImpl:174 - Adding QuerySpace : uid = &lt;gen:0&gt; -&gt; org.hibernate.loader.plan.build.internal.spaces.CollectionQuerySpaceImpl@6056232d]
2019-02-08 12:52:14 DEBUG QuerySpacesImpl:174 - Adding QuerySpace : uid = &lt;gen:1&gt; -&gt; org.hibernate.loader.plan.build.internal.spaces.EntityQuerySpaceImpl@33f2df51]
2019-02-08 12:52:14 DEBUG MetamodelGraphWalker:139 - Visiting attribute path : firstName
2019-02-08 12:52:14 DEBUG MetamodelGraphWalker:139 - Visiting attribute path : lastName
2019-02-08 12:52:14 DEBUG MetamodelGraphWalker:139 - Visiting attribute path : dateOfBirth
2019-02-08 12:52:14 DEBUG MetamodelGraphWalker:139 - Visiting attribute path : cost
2019-02-08 12:52:14 DEBUG MetamodelGraphWalker:139 - Visiting attribute path : identificationNumber
2019-02-08 12:52:14 DEBUG FetchStyleLoadPlanBuildingAssociationVisitationStrategy:150 - Building LoadPlan...
2019-02-08 12:52:14 DEBUG LoadQueryJoinAndFetchProcessor:119 - processing queryspace &lt;gen:0&gt;
2019-02-08 12:52:14 DEBUG LoadPlanTreePrinter:55 - LoadPlan(collection=ua.profitsoft.strymeneshenko.data.Contract.persons)
    - Returns
       - CollectionReturnImpl(collection=ua.profitsoft.strymeneshenko.data.Contract.persons, querySpaceUid=&lt;gen:0&gt;, path=[ua.profitsoft.strymeneshenko.data.Contract.persons])
          - (collection element) CollectionFetchableElementEntityGraph(entity=ua.profitsoft.strymeneshenko.data.InsuredPerson, querySpaceUid=&lt;gen:1&gt;, path=[ua.profitsoft.strymeneshenko.data.Contract.persons].&lt;elements&gt;)
    - QuerySpaces
       - CollectionQuerySpaceImpl(uid=&lt;gen:0&gt;, collection=ua.profitsoft.strymeneshenko.data.Contract.persons)
          - SQL table alias mapping - persons0_
          - alias suffix - 0_
          - suffixed key columns - {Contract1_2_0_}
          - entity-element alias suffix - 1_
          - 1_entity-element suffixed key columns - id1_3_1_
          - JOIN (JoinDefinedByMetadata(elements)) : &lt;gen:0&gt; -&gt; &lt;gen:1&gt;
             - EntityQuerySpaceImpl(uid=&lt;gen:1&gt;, entity=ua.profitsoft.strymeneshenko.data.InsuredPerson)
                - SQL table alias mapping - insuredper1_
                - alias suffix - 1_
                - suffixed key columns - {id1_3_1_}

2019-02-08 12:52:14 DEBUG CollectionLoader:83 - Static select for collection ua.profitsoft.strymeneshenko.data.Contract.persons: select persons0_.Contract_number as Contract1_2_0_, persons0_.InsuredPerson_id as InsuredP2_2_0_, insuredper1_.id as id1_3_1_, insuredper1_.firstName as firstNam2_3_1_, insuredper1_.lastName as lastName3_3_1_, insuredper1_.dateOfBirth as dateOfBi4_3_1_, insuredper1_.cost as cost5_3_1_, insuredper1_.identificationNumber as identifi6_3_1_ from contract_insuredperson persons0_ inner join insuredperson insuredper1_ on persons0_.InsuredPerson_id=insuredper1_.id where persons0_.Contract_number=?
2019-02-08 12:52:14 DEBUG DriverManagerDataSource:142 - Creating new JDBC DriverManager Connection to [jdbc:mysql://localhost:3306/insurance?serverTimezone=UTC]
2019-02-08 12:52:14 DEBUG Table:528 - No alter strings for table : client
2019-02-08 12:52:14 DEBUG Table:528 - No alter strings for table : contract
2019-02-08 12:52:14 DEBUG Table:528 - No alter strings for table : contract_insuredperson
2019-02-08 12:52:14 DEBUG Table:528 - No alter strings for table : insuredperson
2019-02-08 12:52:14 DEBUG JtaPlatformInitiator:43 - No JtaPlatform was specified, checking resolver
2019-02-08 12:52:14 DEBUG JtaPlatformResolverInitiator:33 - No JtaPlatformResolver was specified, using default [org.hibernate.engine.transaction.jta.platform.internal.StandardJtaPlatformResolver]
2019-02-08 12:52:14 DEBUG StandardJtaPlatformResolver:129 - Could not resolve JtaPlatform, using default [org.hibernate.engine.transaction.jta.platform.internal.NoJtaPlatform]
2019-02-08 12:52:14 DEBUG NamedQueryRepository:151 - Checking 0 named HQL queries
2019-02-08 12:52:14 DEBUG NamedQueryRepository:167 - Checking 0 named SQL queries
2019-02-08 12:52:14 DEBUG SessionFactoryRegistry:52 - Initializing SessionFactoryRegistry : org.hibernate.internal.SessionFactoryRegistry@56f730b2
2019-02-08 12:52:14 DEBUG SessionFactoryRegistry:74 - Registering SessionFactory: 6549a10f-58ba-47f8-bef9-07d9e47b785f (&lt;unnamed&gt;)
2019-02-08 12:52:14 DEBUG SessionFactoryRegistry:81 - Not binding SessionFactory to JNDI, no JNDI name configured
2019-02-08 12:52:14 DEBUG DefaultListableBeanFactory:251 - Returning cached instance of singleton bean &apos;org.springframework.transaction.config.internalTransactionAdvisor&apos;
2019-02-08 12:52:14 DEBUG DefaultListableBeanFactory:483 - Finished creating instance of bean &apos;sessionFactory&apos;
2019-02-08 12:52:14 DEBUG DefaultListableBeanFactory:221 - Creating shared instance of singleton bean &apos;txManager&apos;
2019-02-08 12:52:14 DEBUG DefaultListableBeanFactory:447 - Creating instance of bean &apos;txManager&apos;
2019-02-08 12:52:14 DEBUG DefaultListableBeanFactory:537 - Eagerly caching bean &apos;txManager&apos; to allow for resolving potential circular references
2019-02-08 12:52:14 DEBUG DefaultListableBeanFactory:251 - Returning cached instance of singleton bean &apos;sessionFactory&apos;
2019-02-08 12:52:14 DEBUG DefaultListableBeanFactory:251 - Returning cached instance of singleton bean &apos;org.springframework.transaction.config.internalTransactionAdvisor&apos;
2019-02-08 12:52:14 DEBUG DefaultListableBeanFactory:1672 - Invoking afterPropertiesSet() on bean with name &apos;txManager&apos;
2019-02-08 12:52:14 INFO  HibernateTransactionManager:357 - Using DataSource [org.springframework.jdbc.datasource.DriverManagerDataSource@273444fe] of Hibernate SessionFactory for HibernateTransactionManager
2019-02-08 12:52:14 DEBUG DefaultListableBeanFactory:251 - Returning cached instance of singleton bean &apos;org.springframework.transaction.config.internalTransactionAdvisor&apos;
2019-02-08 12:52:14 DEBUG DefaultListableBeanFactory:483 - Finished creating instance of bean &apos;txManager&apos;
2019-02-08 12:52:14 DEBUG DefaultListableBeanFactory:221 - Creating shared instance of singleton bean &apos;addClientController&apos;
2019-02-08 12:52:14 DEBUG DefaultListableBeanFactory:447 - Creating instance of bean &apos;addClientController&apos;
2019-02-08 12:52:14 DEBUG InjectionMetadata:72 - Registered injected element on class [ua.profitsoft.strymeneshenko.controllers.mvc.AddClientController]: AutowiredFieldElement for ua.profitsoft.strymeneshenko.service.ClientService ua.profitsoft.strymeneshenko.controllers.mvc.AddClientController.clientService
2019-02-08 12:52:14 DEBUG DefaultListableBeanFactory:537 - Eagerly caching bean &apos;addClientController&apos; to allow for resolving potential circular references
2019-02-08 12:52:14 DEBUG InjectionMetadata:85 - Processing injected element of bean &apos;addClientController&apos;: AutowiredFieldElement for ua.profitsoft.strymeneshenko.service.ClientService ua.profitsoft.strymeneshenko.controllers.mvc.AddClientController.clientService
2019-02-08 12:52:14 DEBUG DefaultListableBeanFactory:221 - Creating shared instance of singleton bean &apos;objectMapper&apos;
2019-02-08 12:52:14 DEBUG DefaultListableBeanFactory:447 - Creating instance of bean &apos;objectMapper&apos;
2019-02-08 12:52:14 DEBUG DefaultListableBeanFactory:537 - Eagerly caching bean &apos;objectMapper&apos; to allow for resolving potential circular references
2019-02-08 12:52:14 DEBUG BeanUtils:450 - No property editor [com.fasterxml.jackson.core.JsonParser$FeatureEditor] found for type com.fasterxml.jackson.core.JsonParser$Feature according to &apos;Editor&apos; suffix convention
2019-02-08 12:52:14 DEBUG BeanUtils:450 - No property editor [com.fasterxml.jackson.databind.DeserializationFeatureEditor] found for type com.fasterxml.jackson.databind.DeserializationFeature according to &apos;Editor&apos; suffix convention
2019-02-08 12:52:14 DEBUG DefaultListableBeanFactory:1672 - Invoking afterPropertiesSet() on bean with name &apos;objectMapper&apos;
2019-02-08 12:52:14 DEBUG DefaultListableBeanFactory:251 - Returning cached instance of singleton bean &apos;org.springframework.transaction.config.internalTransactionAdvisor&apos;
2019-02-08 12:52:14 DEBUG DefaultListableBeanFactory:483 - Finished creating instance of bean &apos;objectMapper&apos;
2019-02-08 12:52:14 DEBUG DefaultListableBeanFactory:221 - Creating shared instance of singleton bean &apos;clientService&apos;
2019-02-08 12:52:14 DEBUG DefaultListableBeanFactory:447 - Creating instance of bean &apos;clientService&apos;
2019-02-08 12:52:14 DEBUG InjectionMetadata:72 - Registered injected element on class [ua.profitsoft.strymeneshenko.service.ClientService]: AutowiredFieldElement for private ua.profitsoft.strymeneshenko.db.dao.IDao ua.profitsoft.strymeneshenko.service.ClientService.dao
2019-02-08 12:52:14 DEBUG DefaultListableBeanFactory:537 - Eagerly caching bean &apos;clientService&apos; to allow for resolving potential circular references
2019-02-08 12:52:14 DEBUG InjectionMetadata:85 - Processing injected element of bean &apos;clientService&apos;: AutowiredFieldElement for private ua.profitsoft.strymeneshenko.db.dao.IDao ua.profitsoft.strymeneshenko.service.ClientService.dao
2019-02-08 12:52:14 DEBUG DefaultListableBeanFactory:221 - Creating shared instance of singleton bean &apos;clientHibernateDAO&apos;
2019-02-08 12:52:14 DEBUG DefaultListableBeanFactory:447 - Creating instance of bean &apos;clientHibernateDAO&apos;
2019-02-08 12:52:14 DEBUG DefaultListableBeanFactory:537 - Eagerly caching bean &apos;clientHibernateDAO&apos; to allow for resolving potential circular references
2019-02-08 12:52:14 DEBUG DefaultListableBeanFactory:251 - Returning cached instance of singleton bean &apos;org.springframework.transaction.config.internalTransactionAdvisor&apos;
2019-02-08 12:52:14 DEBUG DefaultListableBeanFactory:483 - Finished creating instance of bean &apos;clientHibernateDAO&apos;
2019-02-08 12:52:14 DEBUG AutowiredAnnotationBeanPostProcessor:533 - Autowiring by type from bean name &apos;clientService&apos; to bean named &apos;clientHibernateDAO&apos;
2019-02-08 12:52:14 DEBUG DefaultListableBeanFactory:251 - Returning cached instance of singleton bean &apos;org.springframework.transaction.config.internalTransactionAdvisor&apos;
2019-02-08 12:52:14 DEBUG AnnotationTransactionAttributeSource:122 - Adding transactional method &apos;ua.profitsoft.strymeneshenko.service.ClientService.update&apos; with attribute: PROPAGATION_REQUIRED,ISOLATION_DEFAULT
2019-02-08 12:52:14 DEBUG InfrastructureAdvisorAutoProxyCreator:524 - Creating implicit proxy for bean &apos;clientService&apos; with 0 common interceptors and 1 specific interceptors
2019-02-08 12:52:14 DEBUG CglibAopProxy:157 - Creating CGLIB proxy: target source is SingletonTargetSource for target object [ua.profitsoft.strymeneshenko.service.ClientService@55fdf7f9]
2019-02-08 12:52:14 DEBUG DefaultListableBeanFactory:251 - Returning cached instance of singleton bean &apos;org.springframework.transaction.interceptor.TransactionInterceptor#0&apos;
2019-02-08 12:52:14 DEBUG CglibAopProxy:853 - Unable to apply any optimizations to advised method: public java.util.List ua.profitsoft.strymeneshenko.service.ClientService.getAllList() throws java.lang.Exception
2019-02-08 12:52:14 DEBUG CglibAopProxy:853 - Unable to apply any optimizations to advised method: public ua.profitsoft.strymeneshenko.db.dao.IDao ua.profitsoft.strymeneshenko.service.ClientService.getDao()
2019-02-08 12:52:14 DEBUG CglibAopProxy:814 - Found &apos;equals&apos; method: public boolean java.lang.Object.equals(java.lang.Object)
2019-02-08 12:52:14 DEBUG CglibAopProxy:853 - Unable to apply any optimizations to advised method: public java.lang.String java.lang.Object.toString()
2019-02-08 12:52:14 DEBUG CglibAopProxy:821 - Found &apos;hashCode&apos; method: public native int java.lang.Object.hashCode()
2019-02-08 12:52:14 DEBUG CglibAopProxy:853 - Unable to apply any optimizations to advised method: protected native java.lang.Object java.lang.Object.clone() throws java.lang.CloneNotSupportedException
2019-02-08 12:52:14 DEBUG CglibAopProxy:853 - Unable to apply any optimizations to advised method: public default void ua.profitsoft.strymeneshenko.service.IService.update(java.lang.Object) throws java.lang.Exception
2019-02-08 12:52:14 DEBUG AnnotationTransactionAttributeSource:122 - Adding transactional method &apos;ua.profitsoft.strymeneshenko.service.ClientService.delete&apos; with attribute: PROPAGATION_REQUIRED,ISOLATION_DEFAULT
2019-02-08 12:52:14 DEBUG CglibAopProxy:853 - Unable to apply any optimizations to advised method: public default void ua.profitsoft.strymeneshenko.service.IService.delete(long) throws java.lang.Exception
2019-02-08 12:52:14 DEBUG AnnotationTransactionAttributeSource:122 - Adding transactional method &apos;ua.profitsoft.strymeneshenko.service.ClientService.read&apos; with attribute: PROPAGATION_REQUIRED,ISOLATION_DEFAULT,readOnly
2019-02-08 12:52:14 DEBUG CglibAopProxy:853 - Unable to apply any optimizations to advised method: public default java.lang.Object ua.profitsoft.strymeneshenko.service.IService.read(long) throws java.lang.Exception
2019-02-08 12:52:14 DEBUG AnnotationTransactionAttributeSource:122 - Adding transactional method &apos;ua.profitsoft.strymeneshenko.service.ClientService.create&apos; with attribute: PROPAGATION_REQUIRED,ISOLATION_DEFAULT
2019-02-08 12:52:14 DEBUG CglibAopProxy:853 - Unable to apply any optimizations to advised method: public default void ua.profitsoft.strymeneshenko.service.IService.create(java.lang.Object) throws java.lang.Exception
2019-02-08 12:52:14 DEBUG CglibAopProxy:807 - Method is declared on Advised interface: public abstract int org.springframework.aop.framework.Advised.indexOf(org.aopalliance.aop.Advice)
2019-02-08 12:52:14 DEBUG CglibAopProxy:807 - Method is declared on Advised interface: public abstract int org.springframework.aop.framework.Advised.indexOf(org.springframework.aop.Advisor)
2019-02-08 12:52:14 DEBUG CglibAopProxy:807 - Method is declared on Advised interface: public abstract boolean org.springframework.aop.framework.Advised.isFrozen()
2019-02-08 12:52:14 DEBUG CglibAopProxy:807 - Method is declared on Advised interface: public abstract org.springframework.aop.TargetSource org.springframework.aop.framework.Advised.getTargetSource()
2019-02-08 12:52:14 DEBUG CglibAopProxy:807 - Method is declared on Advised interface: public abstract void org.springframework.aop.framework.Advised.setTargetSource(org.springframework.aop.TargetSource)
2019-02-08 12:52:14 DEBUG CglibAopProxy:807 - Method is declared on Advised interface: public abstract void org.springframework.aop.framework.Advised.setPreFiltered(boolean)
2019-02-08 12:52:14 DEBUG CglibAopProxy:807 - Method is declared on Advised interface: public abstract void org.springframework.aop.framework.Advised.setExposeProxy(boolean)
2019-02-08 12:52:14 DEBUG CglibAopProxy:807 - Method is declared on Advised interface: public abstract boolean org.springframework.aop.framework.Advised.isExposeProxy()
2019-02-08 12:52:14 DEBUG CglibAopProxy:807 - Method is declared on Advised interface: public abstract boolean org.springframework.aop.framework.Advised.isProxyTargetClass()
2019-02-08 12:52:14 DEBUG CglibAopProxy:807 - Method is declared on Advised interface: public abstract java.lang.Class[] org.springframework.aop.framework.Advised.getProxiedInterfaces()
2019-02-08 12:52:14 DEBUG CglibAopProxy:807 - Method is declared on Advised interface: public abstract boolean org.springframework.aop.framework.Advised.isInterfaceProxied(java.lang.Class)
2019-02-08 12:52:14 DEBUG CglibAopProxy:807 - Method is declared on Advised interface: public abstract java.lang.String org.springframework.aop.framework.Advised.toProxyConfigString()
2019-02-08 12:52:14 DEBUG CglibAopProxy:807 - Method is declared on Advised interface: public abstract void org.springframework.aop.framework.Advised.addAdvice(org.aopalliance.aop.Advice) throws org.springframework.aop.framework.AopConfigException
2019-02-08 12:52:14 DEBUG CglibAopProxy:807 - Method is declared on Advised interface: public abstract void org.springframework.aop.framework.Advised.addAdvice(int,org.aopalliance.aop.Advice) throws org.springframework.aop.framework.AopConfigException
2019-02-08 12:52:14 DEBUG CglibAopProxy:807 - Method is declared on Advised interface: public abstract boolean org.springframework.aop.framework.Advised.isPreFiltered()
2019-02-08 12:52:14 DEBUG CglibAopProxy:807 - Method is declared on Advised interface: public abstract org.springframework.aop.Advisor[] org.springframework.aop.framework.Advised.getAdvisors()
2019-02-08 12:52:14 DEBUG CglibAopProxy:807 - Method is declared on Advised interface: public abstract void org.springframework.aop.framework.Advised.addAdvisor(org.springframework.aop.Advisor) throws org.springframework.aop.framework.AopConfigException
2019-02-08 12:52:14 DEBUG CglibAopProxy:807 - Method is declared on Advised interface: public abstract void org.springframework.aop.framework.Advised.addAdvisor(int,org.springframework.aop.Advisor) throws org.springframework.aop.framework.AopConfigException
2019-02-08 12:52:14 DEBUG CglibAopProxy:807 - Method is declared on Advised interface: public abstract boolean org.springframework.aop.framework.Advised.removeAdvisor(org.springframework.aop.Advisor)
2019-02-08 12:52:14 DEBUG CglibAopProxy:807 - Method is declared on Advised interface: public abstract void org.springframework.aop.framework.Advised.removeAdvisor(int) throws org.springframework.aop.framework.AopConfigException
2019-02-08 12:52:14 DEBUG CglibAopProxy:807 - Method is declared on Advised interface: public abstract boolean org.springframework.aop.framework.Advised.replaceAdvisor(org.springframework.aop.Advisor,org.springframework.aop.Advisor) throws org.springframework.aop.framework.AopConfigException
2019-02-08 12:52:14 DEBUG CglibAopProxy:807 - Method is declared on Advised interface: public abstract boolean org.springframework.aop.framework.Advised.removeAdvice(org.aopalliance.aop.Advice)
2019-02-08 12:52:14 DEBUG CglibAopProxy:807 - Method is declared on Advised interface: public abstract java.lang.Class org.springframework.aop.TargetClassAware.getTargetClass()
2019-02-08 12:52:14 DEBUG DefaultListableBeanFactory:483 - Finished creating instance of bean &apos;clientService&apos;
2019-02-08 12:52:14 DEBUG AutowiredAnnotationBeanPostProcessor:533 - Autowiring by type from bean name &apos;addClientController&apos; to bean named &apos;clientService&apos;
2019-02-08 12:52:14 DEBUG DefaultListableBeanFactory:251 - Returning cached instance of singleton bean &apos;org.springframework.transaction.config.internalTransactionAdvisor&apos;
2019-02-08 12:52:14 DEBUG DefaultListableBeanFactory:483 - Finished creating instance of bean &apos;addClientController&apos;
2019-02-08 12:52:14 DEBUG DefaultListableBeanFactory:221 - Creating shared instance of singleton bean &apos;addContractController&apos;
2019-02-08 12:52:14 DEBUG DefaultListableBeanFactory:447 - Creating instance of bean &apos;addContractController&apos;
2019-02-08 12:52:14 DEBUG InjectionMetadata:72 - Registered injected element on class [ua.profitsoft.strymeneshenko.controllers.mvc.AddContractController]: AutowiredFieldElement for private ua.profitsoft.strymeneshenko.service.InsuredPersonService ua.profitsoft.strymeneshenko.controllers.mvc.AddContractController.insuredPersonService
2019-02-08 12:52:14 DEBUG InjectionMetadata:72 - Registered injected element on class [ua.profitsoft.strymeneshenko.controllers.mvc.AddContractController]: AutowiredFieldElement for private ua.profitsoft.strymeneshenko.service.ClientService ua.profitsoft.strymeneshenko.controllers.mvc.AddContractController.clientService
2019-02-08 12:52:14 DEBUG InjectionMetadata:72 - Registered injected element on class [ua.profitsoft.strymeneshenko.controllers.mvc.AddContractController]: AutowiredFieldElement for private ua.profitsoft.strymeneshenko.service.ContractService ua.profitsoft.strymeneshenko.controllers.mvc.AddContractController.contractService
2019-02-08 12:52:14 DEBUG DefaultListableBeanFactory:537 - Eagerly caching bean &apos;addContractController&apos; to allow for resolving potential circular references
2019-02-08 12:52:14 DEBUG InjectionMetadata:85 - Processing injected element of bean &apos;addContractController&apos;: AutowiredFieldElement for private ua.profitsoft.strymeneshenko.service.InsuredPersonService ua.profitsoft.strymeneshenko.controllers.mvc.AddContractController.insuredPersonService
2019-02-08 12:52:14 DEBUG DefaultListableBeanFactory:221 - Creating shared instance of singleton bean &apos;insuredPersonService&apos;
2019-02-08 12:52:14 DEBUG DefaultListableBeanFactory:447 - Creating instance of bean &apos;insuredPersonService&apos;
2019-02-08 12:52:14 DEBUG InjectionMetadata:72 - Registered injected element on class [ua.profitsoft.strymeneshenko.service.InsuredPersonService]: AutowiredFieldElement for private ua.profitsoft.strymeneshenko.db.dao.IDao ua.profitsoft.strymeneshenko.service.InsuredPersonService.dao
2019-02-08 12:52:14 DEBUG DefaultListableBeanFactory:537 - Eagerly caching bean &apos;insuredPersonService&apos; to allow for resolving potential circular references
2019-02-08 12:52:14 DEBUG InjectionMetadata:85 - Processing injected element of bean &apos;insuredPersonService&apos;: AutowiredFieldElement for private ua.profitsoft.strymeneshenko.db.dao.IDao ua.profitsoft.strymeneshenko.service.InsuredPersonService.dao
2019-02-08 12:52:14 DEBUG DefaultListableBeanFactory:221 - Creating shared instance of singleton bean &apos;insuredPersonHibernateDAO&apos;
2019-02-08 12:52:14 DEBUG DefaultListableBeanFactory:447 - Creating instance of bean &apos;insuredPersonHibernateDAO&apos;
2019-02-08 12:52:14 DEBUG DefaultListableBeanFactory:537 - Eagerly caching bean &apos;insuredPersonHibernateDAO&apos; to allow for resolving potential circular references
2019-02-08 12:52:14 DEBUG DefaultListableBeanFactory:251 - Returning cached instance of singleton bean &apos;org.springframework.transaction.config.internalTransactionAdvisor&apos;
2019-02-08 12:52:14 DEBUG DefaultListableBeanFactory:483 - Finished creating instance of bean &apos;insuredPersonHibernateDAO&apos;
2019-02-08 12:52:14 DEBUG AutowiredAnnotationBeanPostProcessor:533 - Autowiring by type from bean name &apos;insuredPersonService&apos; to bean named &apos;insuredPersonHibernateDAO&apos;
2019-02-08 12:52:14 DEBUG DefaultListableBeanFactory:251 - Returning cached instance of singleton bean &apos;org.springframework.transaction.config.internalTransactionAdvisor&apos;
2019-02-08 12:52:14 DEBUG AnnotationTransactionAttributeSource:122 - Adding transactional method &apos;ua.profitsoft.strymeneshenko.service.InsuredPersonService.update&apos; with attribute: PROPAGATION_REQUIRED,ISOLATION_DEFAULT
2019-02-08 12:52:14 DEBUG InfrastructureAdvisorAutoProxyCreator:524 - Creating implicit proxy for bean &apos;insuredPersonService&apos; with 0 common interceptors and 1 specific interceptors
2019-02-08 12:52:14 DEBUG CglibAopProxy:157 - Creating CGLIB proxy: target source is SingletonTargetSource for target object [ua.profitsoft.strymeneshenko.service.InsuredPersonService@b9d018b]
2019-02-08 12:52:14 DEBUG CglibAopProxy:853 - Unable to apply any optimizations to advised method: public java.util.List ua.profitsoft.strymeneshenko.service.InsuredPersonService.getAllList() throws java.lang.Exception
2019-02-08 12:52:14 DEBUG CglibAopProxy:853 - Unable to apply any optimizations to advised method: public ua.profitsoft.strymeneshenko.db.dao.IDao ua.profitsoft.strymeneshenko.service.InsuredPersonService.getDao()
2019-02-08 12:52:14 DEBUG CglibAopProxy:814 - Found &apos;equals&apos; method: public boolean java.lang.Object.equals(java.lang.Object)
2019-02-08 12:52:14 DEBUG CglibAopProxy:853 - Unable to apply any optimizations to advised method: public java.lang.String java.lang.Object.toString()
2019-02-08 12:52:14 DEBUG CglibAopProxy:821 - Found &apos;hashCode&apos; method: public native int java.lang.Object.hashCode()
2019-02-08 12:52:14 DEBUG CglibAopProxy:853 - Unable to apply any optimizations to advised method: protected native java.lang.Object java.lang.Object.clone() throws java.lang.CloneNotSupportedException
2019-02-08 12:52:14 DEBUG CglibAopProxy:853 - Unable to apply any optimizations to advised method: public default void ua.profitsoft.strymeneshenko.service.IService.update(java.lang.Object) throws java.lang.Exception
2019-02-08 12:52:14 DEBUG AnnotationTransactionAttributeSource:122 - Adding transactional method &apos;ua.profitsoft.strymeneshenko.service.InsuredPersonService.delete&apos; with attribute: PROPAGATION_REQUIRED,ISOLATION_DEFAULT
2019-02-08 12:52:14 DEBUG CglibAopProxy:853 - Unable to apply any optimizations to advised method: public default void ua.profitsoft.strymeneshenko.service.IService.delete(long) throws java.lang.Exception
2019-02-08 12:52:14 DEBUG AnnotationTransactionAttributeSource:122 - Adding transactional method &apos;ua.profitsoft.strymeneshenko.service.InsuredPersonService.read&apos; with attribute: PROPAGATION_REQUIRED,ISOLATION_DEFAULT,readOnly
2019-02-08 12:52:14 DEBUG CglibAopProxy:853 - Unable to apply any optimizations to advised method: public default java.lang.Object ua.profitsoft.strymeneshenko.service.IService.read(long) throws java.lang.Exception
2019-02-08 12:52:14 DEBUG AnnotationTransactionAttributeSource:122 - Adding transactional method &apos;ua.profitsoft.strymeneshenko.service.InsuredPersonService.create&apos; with attribute: PROPAGATION_REQUIRED,ISOLATION_DEFAULT
2019-02-08 12:52:14 DEBUG CglibAopProxy:853 - Unable to apply any optimizations to advised method: public default void ua.profitsoft.strymeneshenko.service.IService.create(java.lang.Object) throws java.lang.Exception
2019-02-08 12:52:14 DEBUG CglibAopProxy:807 - Method is declared on Advised interface: public abstract int org.springframework.aop.framework.Advised.indexOf(org.aopalliance.aop.Advice)
2019-02-08 12:52:14 DEBUG CglibAopProxy:807 - Method is declared on Advised interface: public abstract int org.springframework.aop.framework.Advised.indexOf(org.springframework.aop.Advisor)
2019-02-08 12:52:14 DEBUG CglibAopProxy:807 - Method is declared on Advised interface: public abstract boolean org.springframework.aop.framework.Advised.isFrozen()
2019-02-08 12:52:14 DEBUG CglibAopProxy:807 - Method is declared on Advised interface: public abstract org.springframework.aop.TargetSource org.springframework.aop.framework.Advised.getTargetSource()
2019-02-08 12:52:14 DEBUG CglibAopProxy:807 - Method is declared on Advised interface: public abstract void org.springframework.aop.framework.Advised.setTargetSource(org.springframework.aop.TargetSource)
2019-02-08 12:52:14 DEBUG CglibAopProxy:807 - Method is declared on Advised interface: public abstract void org.springframework.aop.framework.Advised.setPreFiltered(boolean)
2019-02-08 12:52:14 DEBUG CglibAopProxy:807 - Method is declared on Advised interface: public abstract void org.springframework.aop.framework.Advised.setExposeProxy(boolean)
2019-02-08 12:52:14 DEBUG CglibAopProxy:807 - Method is declared on Advised interface: public abstract boolean org.springframework.aop.framework.Advised.isExposeProxy()
2019-02-08 12:52:14 DEBUG CglibAopProxy:807 - Method is declared on Advised interface: public abstract boolean org.springframework.aop.framework.Advised.isProxyTargetClass()
2019-02-08 12:52:14 DEBUG CglibAopProxy:807 - Method is declared on Advised interface: public abstract java.lang.Class[] org.springframework.aop.framework.Advised.getProxiedInterfaces()
2019-02-08 12:52:14 DEBUG CglibAopProxy:807 - Method is declared on Advised interface: public abstract boolean org.springframework.aop.framework.Advised.isInterfaceProxied(java.lang.Class)
2019-02-08 12:52:14 DEBUG CglibAopProxy:807 - Method is declared on Advised interface: public abstract java.lang.String org.springframework.aop.framework.Advised.toProxyConfigString()
2019-02-08 12:52:14 DEBUG CglibAopProxy:807 - Method is declared on Advised interface: public abstract void org.springframework.aop.framework.Advised.addAdvice(org.aopalliance.aop.Advice) throws org.springframework.aop.framework.AopConfigException
2019-02-08 12:52:14 DEBUG CglibAopProxy:807 - Method is declared on Advised interface: public abstract void org.springframework.aop.framework.Advised.addAdvice(int,org.aopalliance.aop.Advice) throws org.springframework.aop.framework.AopConfigException
2019-02-08 12:52:14 DEBUG CglibAopProxy:807 - Method is declared on Advised interface: public abstract boolean org.springframework.aop.framework.Advised.isPreFiltered()
2019-02-08 12:52:14 DEBUG CglibAopProxy:807 - Method is declared on Advised interface: public abstract org.springframework.aop.Advisor[] org.springframework.aop.framework.Advised.getAdvisors()
2019-02-08 12:52:14 DEBUG CglibAopProxy:807 - Method is declared on Advised interface: public abstract void org.springframework.aop.framework.Advised.addAdvisor(org.springframework.aop.Advisor) throws org.springframework.aop.framework.AopConfigException
2019-02-08 12:52:14 DEBUG CglibAopProxy:807 - Method is declared on Advised interface: public abstract void org.springframework.aop.framework.Advised.addAdvisor(int,org.springframework.aop.Advisor) throws org.springframework.aop.framework.AopConfigException
2019-02-08 12:52:14 DEBUG CglibAopProxy:807 - Method is declared on Advised interface: public abstract boolean org.springframework.aop.framework.Advised.removeAdvisor(org.springframework.aop.Advisor)
2019-02-08 12:52:14 DEBUG CglibAopProxy:807 - Method is declared on Advised interface: public abstract void org.springframework.aop.framework.Advised.removeAdvisor(int) throws org.springframework.aop.framework.AopConfigException
2019-02-08 12:52:14 DEBUG CglibAopProxy:807 - Method is declared on Advised interface: public abstract boolean org.springframework.aop.framework.Advised.replaceAdvisor(org.springframework.aop.Advisor,org.springframework.aop.Advisor) throws org.springframework.aop.framework.AopConfigException
2019-02-08 12:52:14 DEBUG CglibAopProxy:807 - Method is declared on Advised interface: public abstract boolean org.springframework.aop.framework.Advised.removeAdvice(org.aopalliance.aop.Advice)
2019-02-08 12:52:14 DEBUG CglibAopProxy:807 - Method is declared on Advised interface: public abstract java.lang.Class org.springframework.aop.TargetClassAware.getTargetClass()
2019-02-08 12:52:14 DEBUG DefaultListableBeanFactory:483 - Finished creating instance of bean &apos;insuredPersonService&apos;
2019-02-08 12:52:14 DEBUG AutowiredAnnotationBeanPostProcessor:533 - Autowiring by type from bean name &apos;addContractController&apos; to bean named &apos;insuredPersonService&apos;
2019-02-08 12:52:14 DEBUG InjectionMetadata:85 - Processing injected element of bean &apos;addContractController&apos;: AutowiredFieldElement for private ua.profitsoft.strymeneshenko.service.ClientService ua.profitsoft.strymeneshenko.controllers.mvc.AddContractController.clientService
2019-02-08 12:52:14 DEBUG DefaultListableBeanFactory:251 - Returning cached instance of singleton bean &apos;clientService&apos;
2019-02-08 12:52:14 DEBUG AutowiredAnnotationBeanPostProcessor:533 - Autowiring by type from bean name &apos;addContractController&apos; to bean named &apos;clientService&apos;
2019-02-08 12:52:14 DEBUG InjectionMetadata:85 - Processing injected element of bean &apos;addContractController&apos;: AutowiredFieldElement for private ua.profitsoft.strymeneshenko.service.ContractService ua.profitsoft.strymeneshenko.controllers.mvc.AddContractController.contractService
2019-02-08 12:52:14 DEBUG DefaultListableBeanFactory:221 - Creating shared instance of singleton bean &apos;contractService&apos;
2019-02-08 12:52:14 DEBUG DefaultListableBeanFactory:447 - Creating instance of bean &apos;contractService&apos;
2019-02-08 12:52:14 DEBUG InjectionMetadata:72 - Registered injected element on class [ua.profitsoft.strymeneshenko.service.ContractService]: AutowiredFieldElement for private ua.profitsoft.strymeneshenko.db.dao.IDao ua.profitsoft.strymeneshenko.service.ContractService.dao
2019-02-08 12:52:14 DEBUG DefaultListableBeanFactory:537 - Eagerly caching bean &apos;contractService&apos; to allow for resolving potential circular references
2019-02-08 12:52:14 DEBUG InjectionMetadata:85 - Processing injected element of bean &apos;contractService&apos;: AutowiredFieldElement for private ua.profitsoft.strymeneshenko.db.dao.IDao ua.profitsoft.strymeneshenko.service.ContractService.dao
2019-02-08 12:52:14 DEBUG DefaultListableBeanFactory:221 - Creating shared instance of singleton bean &apos;contractHibernateDAO&apos;
2019-02-08 12:52:14 DEBUG DefaultListableBeanFactory:447 - Creating instance of bean &apos;contractHibernateDAO&apos;
2019-02-08 12:52:14 DEBUG DefaultListableBeanFactory:537 - Eagerly caching bean &apos;contractHibernateDAO&apos; to allow for resolving potential circular references
2019-02-08 12:52:14 DEBUG DefaultListableBeanFactory:251 - Returning cached instance of singleton bean &apos;org.springframework.transaction.config.internalTransactionAdvisor&apos;
2019-02-08 12:52:14 DEBUG DefaultListableBeanFactory:483 - Finished creating instance of bean &apos;contractHibernateDAO&apos;
2019-02-08 12:52:14 DEBUG AutowiredAnnotationBeanPostProcessor:533 - Autowiring by type from bean name &apos;contractService&apos; to bean named &apos;contractHibernateDAO&apos;
2019-02-08 12:52:14 DEBUG DefaultListableBeanFactory:251 - Returning cached instance of singleton bean &apos;org.springframework.transaction.config.internalTransactionAdvisor&apos;
2019-02-08 12:52:14 DEBUG AnnotationTransactionAttributeSource:122 - Adding transactional method &apos;ua.profitsoft.strymeneshenko.service.ContractService.update&apos; with attribute: PROPAGATION_REQUIRED,ISOLATION_DEFAULT
2019-02-08 12:52:14 DEBUG InfrastructureAdvisorAutoProxyCreator:524 - Creating implicit proxy for bean &apos;contractService&apos; with 0 common interceptors and 1 specific interceptors
2019-02-08 12:52:14 DEBUG CglibAopProxy:157 - Creating CGLIB proxy: target source is SingletonTargetSource for target object [ua.profitsoft.strymeneshenko.service.ContractService@66522ead]
2019-02-08 12:52:14 DEBUG CglibAopProxy:853 - Unable to apply any optimizations to advised method: public java.util.List ua.profitsoft.strymeneshenko.service.ContractService.getAllList() throws java.lang.Exception
2019-02-08 12:52:14 DEBUG CglibAopProxy:853 - Unable to apply any optimizations to advised method: public ua.profitsoft.strymeneshenko.db.dao.IDao ua.profitsoft.strymeneshenko.service.ContractService.getDao()
2019-02-08 12:52:14 DEBUG CglibAopProxy:814 - Found &apos;equals&apos; method: public boolean java.lang.Object.equals(java.lang.Object)
2019-02-08 12:52:14 DEBUG CglibAopProxy:853 - Unable to apply any optimizations to advised method: public java.lang.String java.lang.Object.toString()
2019-02-08 12:52:14 DEBUG CglibAopProxy:821 - Found &apos;hashCode&apos; method: public native int java.lang.Object.hashCode()
2019-02-08 12:52:14 DEBUG CglibAopProxy:853 - Unable to apply any optimizations to advised method: protected native java.lang.Object java.lang.Object.clone() throws java.lang.CloneNotSupportedException
2019-02-08 12:52:14 DEBUG CglibAopProxy:853 - Unable to apply any optimizations to advised method: public default void ua.profitsoft.strymeneshenko.service.IService.update(java.lang.Object) throws java.lang.Exception
2019-02-08 12:52:14 DEBUG AnnotationTransactionAttributeSource:122 - Adding transactional method &apos;ua.profitsoft.strymeneshenko.service.ContractService.delete&apos; with attribute: PROPAGATION_REQUIRED,ISOLATION_DEFAULT
2019-02-08 12:52:14 DEBUG CglibAopProxy:853 - Unable to apply any optimizations to advised method: public default void ua.profitsoft.strymeneshenko.service.IService.delete(long) throws java.lang.Exception
2019-02-08 12:52:14 DEBUG AnnotationTransactionAttributeSource:122 - Adding transactional method &apos;ua.profitsoft.strymeneshenko.service.ContractService.read&apos; with attribute: PROPAGATION_REQUIRED,ISOLATION_DEFAULT,readOnly
2019-02-08 12:52:14 DEBUG CglibAopProxy:853 - Unable to apply any optimizations to advised method: public default java.lang.Object ua.profitsoft.strymeneshenko.service.IService.read(long) throws java.lang.Exception
2019-02-08 12:52:14 DEBUG AnnotationTransactionAttributeSource:122 - Adding transactional method &apos;ua.profitsoft.strymeneshenko.service.ContractService.create&apos; with attribute: PROPAGATION_REQUIRED,ISOLATION_DEFAULT
2019-02-08 12:52:14 DEBUG CglibAopProxy:853 - Unable to apply any optimizations to advised method: public default void ua.profitsoft.strymeneshenko.service.IService.create(java.lang.Object) throws java.lang.Exception
2019-02-08 12:52:14 DEBUG CglibAopProxy:807 - Method is declared on Advised interface: public abstract int org.springframework.aop.framework.Advised.indexOf(org.aopalliance.aop.Advice)
2019-02-08 12:52:14 DEBUG CglibAopProxy:807 - Method is declared on Advised interface: public abstract int org.springframework.aop.framework.Advised.indexOf(org.springframework.aop.Advisor)
2019-02-08 12:52:14 DEBUG CglibAopProxy:807 - Method is declared on Advised interface: public abstract boolean org.springframework.aop.framework.Advised.isFrozen()
2019-02-08 12:52:14 DEBUG CglibAopProxy:807 - Method is declared on Advised interface: public abstract org.springframework.aop.TargetSource org.springframework.aop.framework.Advised.getTargetSource()
2019-02-08 12:52:14 DEBUG CglibAopProxy:807 - Method is declared on Advised interface: public abstract void org.springframework.aop.framework.Advised.setTargetSource(org.springframework.aop.TargetSource)
2019-02-08 12:52:14 DEBUG CglibAopProxy:807 - Method is declared on Advised interface: public abstract void org.springframework.aop.framework.Advised.setPreFiltered(boolean)
2019-02-08 12:52:14 DEBUG CglibAopProxy:807 - Method is declared on Advised interface: public abstract void org.springframework.aop.framework.Advised.setExposeProxy(boolean)
2019-02-08 12:52:14 DEBUG CglibAopProxy:807 - Method is declared on Advised interface: public abstract boolean org.springframework.aop.framework.Advised.isExposeProxy()
2019-02-08 12:52:14 DEBUG CglibAopProxy:807 - Method is declared on Advised interface: public abstract boolean org.springframework.aop.framework.Advised.isProxyTargetClass()
2019-02-08 12:52:14 DEBUG CglibAopProxy:807 - Method is declared on Advised interface: public abstract java.lang.Class[] org.springframework.aop.framework.Advised.getProxiedInterfaces()
2019-02-08 12:52:14 DEBUG CglibAopProxy:807 - Method is declared on Advised interface: public abstract boolean org.springframework.aop.framework.Advised.isInterfaceProxied(java.lang.Class)
2019-02-08 12:52:14 DEBUG CglibAopProxy:807 - Method is declared on Advised interface: public abstract java.lang.String org.springframework.aop.framework.Advised.toProxyConfigString()
2019-02-08 12:52:14 DEBUG CglibAopProxy:807 - Method is declared on Advised interface: public abstract void org.springframework.aop.framework.Advised.addAdvice(org.aopalliance.aop.Advice) throws org.springframework.aop.framework.AopConfigException
2019-02-08 12:52:14 DEBUG CglibAopProxy:807 - Method is declared on Advised interface: public abstract void org.springframework.aop.framework.Advised.addAdvice(int,org.aopalliance.aop.Advice) throws org.springframework.aop.framework.AopConfigException
2019-02-08 12:52:14 DEBUG CglibAopProxy:807 - Method is declared on Advised interface: public abstract boolean org.springframework.aop.framework.Advised.isPreFiltered()
2019-02-08 12:52:14 DEBUG CglibAopProxy:807 - Method is declared on Advised interface: public abstract org.springframework.aop.Advisor[] org.springframework.aop.framework.Advised.getAdvisors()
2019-02-08 12:52:14 DEBUG CglibAopProxy:807 - Method is declared on Advised interface: public abstract void org.springframework.aop.framework.Advised.addAdvisor(org.springframework.aop.Advisor) throws org.springframework.aop.framework.AopConfigException
2019-02-08 12:52:14 DEBUG CglibAopProxy:807 - Method is declared on Advised interface: public abstract void org.springframework.aop.framework.Advised.addAdvisor(int,org.springframework.aop.Advisor) throws org.springframework.aop.framework.AopConfigException
2019-02-08 12:52:14 DEBUG CglibAopProxy:807 - Method is declared on Advised interface: public abstract boolean org.springframework.aop.framework.Advised.removeAdvisor(org.springframework.aop.Advisor)
2019-02-08 12:52:14 DEBUG CglibAopProxy:807 - Method is declared on Advised interface: public abstract void org.springframework.aop.framework.Advised.removeAdvisor(int) throws org.springframework.aop.framework.AopConfigException
2019-02-08 12:52:14 DEBUG CglibAopProxy:807 - Method is declared on Advised interface: public abstract boolean org.springframework.aop.framework.Advised.replaceAdvisor(org.springframework.aop.Advisor,org.springframework.aop.Advisor) throws org.springframework.aop.framework.AopConfigException
2019-02-08 12:52:14 DEBUG CglibAopProxy:807 - Method is declared on Advised interface: public abstract boolean org.springframework.aop.framework.Advised.removeAdvice(org.aopalliance.aop.Advice)
2019-02-08 12:52:14 DEBUG CglibAopProxy:807 - Method is declared on Advised interface: public abstract java.lang.Class org.springframework.aop.TargetClassAware.getTargetClass()
2019-02-08 12:52:14 DEBUG DefaultListableBeanFactory:483 - Finished creating instance of bean &apos;contractService&apos;
2019-02-08 12:52:14 DEBUG AutowiredAnnotationBeanPostProcessor:533 - Autowiring by type from bean name &apos;addContractController&apos; to bean named &apos;contractService&apos;
2019-02-08 12:52:14 DEBUG DefaultListableBeanFactory:251 - Returning cached instance of singleton bean &apos;org.springframework.transaction.config.internalTransactionAdvisor&apos;
2019-02-08 12:52:14 DEBUG DefaultListableBeanFactory:483 - Finished creating instance of bean &apos;addContractController&apos;
2019-02-08 12:52:14 DEBUG DefaultListableBeanFactory:221 - Creating shared instance of singleton bean &apos;addInsuredPersonController&apos;
2019-02-08 12:52:14 DEBUG DefaultListableBeanFactory:447 - Creating instance of bean &apos;addInsuredPersonController&apos;
2019-02-08 12:52:14 DEBUG InjectionMetadata:72 - Registered injected element on class [ua.profitsoft.strymeneshenko.controllers.mvc.AddInsuredPersonController]: AutowiredFieldElement for private ua.profitsoft.strymeneshenko.service.InsuredPersonService ua.profitsoft.strymeneshenko.controllers.mvc.AddInsuredPersonController.insuredPersonService
2019-02-08 12:52:14 DEBUG DefaultListableBeanFactory:537 - Eagerly caching bean &apos;addInsuredPersonController&apos; to allow for resolving potential circular references
2019-02-08 12:52:14 DEBUG InjectionMetadata:85 - Processing injected element of bean &apos;addInsuredPersonController&apos;: AutowiredFieldElement for private ua.profitsoft.strymeneshenko.service.InsuredPersonService ua.profitsoft.strymeneshenko.controllers.mvc.AddInsuredPersonController.insuredPersonService
2019-02-08 12:52:14 DEBUG DefaultListableBeanFactory:251 - Returning cached instance of singleton bean &apos;insuredPersonService&apos;
2019-02-08 12:52:14 DEBUG AutowiredAnnotationBeanPostProcessor:533 - Autowiring by type from bean name &apos;addInsuredPersonController&apos; to bean named &apos;insuredPersonService&apos;
2019-02-08 12:52:14 DEBUG DefaultListableBeanFactory:251 - Returning cached instance of singleton bean &apos;org.springframework.transaction.config.internalTransactionAdvisor&apos;
2019-02-08 12:52:14 DEBUG DefaultListableBeanFactory:483 - Finished creating instance of bean &apos;addInsuredPersonController&apos;
2019-02-08 12:52:14 DEBUG DefaultListableBeanFactory:221 - Creating shared instance of singleton bean &apos;deleteContractController&apos;
2019-02-08 12:52:14 DEBUG DefaultListableBeanFactory:447 - Creating instance of bean &apos;deleteContractController&apos;
2019-02-08 12:52:14 DEBUG InjectionMetadata:72 - Registered injected element on class [ua.profitsoft.strymeneshenko.controllers.mvc.DeleteContractController]: AutowiredFieldElement for private ua.profitsoft.strymeneshenko.service.ContractService ua.profitsoft.strymeneshenko.controllers.mvc.DeleteContractController.contractService
2019-02-08 12:52:14 DEBUG DefaultListableBeanFactory:537 - Eagerly caching bean &apos;deleteContractController&apos; to allow for resolving potential circular references
2019-02-08 12:52:14 DEBUG InjectionMetadata:85 - Processing injected element of bean &apos;deleteContractController&apos;: AutowiredFieldElement for private ua.profitsoft.strymeneshenko.service.ContractService ua.profitsoft.strymeneshenko.controllers.mvc.DeleteContractController.contractService
2019-02-08 12:52:14 DEBUG DefaultListableBeanFactory:251 - Returning cached instance of singleton bean &apos;contractService&apos;
2019-02-08 12:52:14 DEBUG AutowiredAnnotationBeanPostProcessor:533 - Autowiring by type from bean name &apos;deleteContractController&apos; to bean named &apos;contractService&apos;
2019-02-08 12:52:14 DEBUG DefaultListableBeanFactory:251 - Returning cached instance of singleton bean &apos;org.springframework.transaction.config.internalTransactionAdvisor&apos;
2019-02-08 12:52:14 DEBUG DefaultListableBeanFactory:483 - Finished creating instance of bean &apos;deleteContractController&apos;
2019-02-08 12:52:14 DEBUG DefaultListableBeanFactory:221 - Creating shared instance of singleton bean &apos;editContractController&apos;
2019-02-08 12:52:14 DEBUG DefaultListableBeanFactory:447 - Creating instance of bean &apos;editContractController&apos;
2019-02-08 12:52:14 DEBUG InjectionMetadata:72 - Registered injected element on class [ua.profitsoft.strymeneshenko.controllers.mvc.EditContractController]: AutowiredFieldElement for private ua.profitsoft.strymeneshenko.service.ContractService ua.profitsoft.strymeneshenko.controllers.mvc.EditContractController.contractService
2019-02-08 12:52:14 DEBUG DefaultListableBeanFactory:537 - Eagerly caching bean &apos;editContractController&apos; to allow for resolving potential circular references
2019-02-08 12:52:14 DEBUG InjectionMetadata:85 - Processing injected element of bean &apos;editContractController&apos;: AutowiredFieldElement for private ua.profitsoft.strymeneshenko.service.ContractService ua.profitsoft.strymeneshenko.controllers.mvc.EditContractController.contractService
2019-02-08 12:52:14 DEBUG DefaultListableBeanFactory:251 - Returning cached instance of singleton bean &apos;contractService&apos;
2019-02-08 12:52:14 DEBUG AutowiredAnnotationBeanPostProcessor:533 - Autowiring by type from bean name &apos;editContractController&apos; to bean named &apos;contractService&apos;
2019-02-08 12:52:14 DEBUG DefaultListableBeanFactory:251 - Returning cached instance of singleton bean &apos;org.springframework.transaction.config.internalTransactionAdvisor&apos;
2019-02-08 12:52:14 DEBUG DefaultListableBeanFactory:483 - Finished creating instance of bean &apos;editContractController&apos;
2019-02-08 12:52:14 DEBUG DefaultListableBeanFactory:221 - Creating shared instance of singleton bean &apos;getContractsFromWebServiceController&apos;
2019-02-08 12:52:14 DEBUG DefaultListableBeanFactory:447 - Creating instance of bean &apos;getContractsFromWebServiceController&apos;
2019-02-08 12:52:14 DEBUG DefaultListableBeanFactory:537 - Eagerly caching bean &apos;getContractsFromWebServiceController&apos; to allow for resolving potential circular references
2019-02-08 12:52:14 DEBUG DefaultListableBeanFactory:251 - Returning cached instance of singleton bean &apos;org.springframework.transaction.config.internalTransactionAdvisor&apos;
2019-02-08 12:52:14 DEBUG DefaultListableBeanFactory:483 - Finished creating instance of bean &apos;getContractsFromWebServiceController&apos;
2019-02-08 12:52:14 DEBUG DefaultListableBeanFactory:221 - Creating shared instance of singleton bean &apos;showContractsController&apos;
2019-02-08 12:52:14 DEBUG DefaultListableBeanFactory:447 - Creating instance of bean &apos;showContractsController&apos;
2019-02-08 12:52:14 DEBUG InjectionMetadata:72 - Registered injected element on class [ua.profitsoft.strymeneshenko.controllers.mvc.ShowContractsController]: AutowiredFieldElement for private ua.profitsoft.strymeneshenko.service.ContractService ua.profitsoft.strymeneshenko.controllers.mvc.ShowContractsController.contractService
2019-02-08 12:52:14 DEBUG DefaultListableBeanFactory:537 - Eagerly caching bean &apos;showContractsController&apos; to allow for resolving potential circular references
2019-02-08 12:52:14 DEBUG InjectionMetadata:85 - Processing injected element of bean &apos;showContractsController&apos;: AutowiredFieldElement for private ua.profitsoft.strymeneshenko.service.ContractService ua.profitsoft.strymeneshenko.controllers.mvc.ShowContractsController.contractService
2019-02-08 12:52:14 DEBUG DefaultListableBeanFactory:251 - Returning cached instance of singleton bean &apos;contractService&apos;
2019-02-08 12:52:14 DEBUG AutowiredAnnotationBeanPostProcessor:533 - Autowiring by type from bean name &apos;showContractsController&apos; to bean named &apos;contractService&apos;
2019-02-08 12:52:14 DEBUG DefaultListableBeanFactory:251 - Returning cached instance of singleton bean &apos;org.springframework.transaction.config.internalTransactionAdvisor&apos;
2019-02-08 12:52:14 DEBUG DefaultListableBeanFactory:483 - Finished creating instance of bean &apos;showContractsController&apos;
2019-02-08 12:52:14 DEBUG DefaultListableBeanFactory:221 - Creating shared instance of singleton bean &apos;showInfoContractController&apos;
2019-02-08 12:52:14 DEBUG DefaultListableBeanFactory:447 - Creating instance of bean &apos;showInfoContractController&apos;
2019-02-08 12:52:14 DEBUG InjectionMetadata:72 - Registered injected element on class [ua.profitsoft.strymeneshenko.controllers.mvc.ShowInfoContractController]: AutowiredFieldElement for private ua.profitsoft.strymeneshenko.service.ContractService ua.profitsoft.strymeneshenko.controllers.mvc.ShowInfoContractController.contractService
2019-02-08 12:52:14 DEBUG DefaultListableBeanFactory:537 - Eagerly caching bean &apos;showInfoContractController&apos; to allow for resolving potential circular references
2019-02-08 12:52:14 DEBUG InjectionMetadata:85 - Processing injected element of bean &apos;showInfoContractController&apos;: AutowiredFieldElement for private ua.profitsoft.strymeneshenko.service.ContractService ua.profitsoft.strymeneshenko.controllers.mvc.ShowInfoContractController.contractService
2019-02-08 12:52:14 DEBUG DefaultListableBeanFactory:251 - Returning cached instance of singleton bean &apos;contractService&apos;
2019-02-08 12:52:14 DEBUG AutowiredAnnotationBeanPostProcessor:533 - Autowiring by type from bean name &apos;showInfoContractController&apos; to bean named &apos;contractService&apos;
2019-02-08 12:52:14 DEBUG DefaultListableBeanFactory:251 - Returning cached instance of singleton bean &apos;org.springframework.transaction.config.internalTransactionAdvisor&apos;
2019-02-08 12:52:14 DEBUG DefaultListableBeanFactory:483 - Finished creating instance of bean &apos;showInfoContractController&apos;
2019-02-08 12:52:14 DEBUG DefaultListableBeanFactory:221 - Creating shared instance of singleton bean &apos;contractEndPoint&apos;
2019-02-08 12:52:14 DEBUG DefaultListableBeanFactory:447 - Creating instance of bean &apos;contractEndPoint&apos;
2019-02-08 12:52:14 DEBUG InjectionMetadata:72 - Registered injected element on class [ua.profitsoft.strymeneshenko.endpoint.ContractEndPoint]: AutowiredMethodElement for public void ua.profitsoft.strymeneshenko.endpoint.ContractEndPoint.setContractService(ua.profitsoft.strymeneshenko.service.ContractService)
2019-02-08 12:52:14 DEBUG DefaultListableBeanFactory:537 - Eagerly caching bean &apos;contractEndPoint&apos; to allow for resolving potential circular references
2019-02-08 12:52:14 DEBUG InjectionMetadata:85 - Processing injected element of bean &apos;contractEndPoint&apos;: AutowiredMethodElement for public void ua.profitsoft.strymeneshenko.endpoint.ContractEndPoint.setContractService(ua.profitsoft.strymeneshenko.service.ContractService)
2019-02-08 12:52:14 DEBUG DefaultListableBeanFactory:251 - Returning cached instance of singleton bean &apos;contractService&apos;
2019-02-08 12:52:14 DEBUG AutowiredAnnotationBeanPostProcessor:533 - Autowiring by type from bean name &apos;contractEndPoint&apos; to bean named &apos;contractService&apos;
2019-02-08 12:52:14 DEBUG DefaultListableBeanFactory:251 - Returning cached instance of singleton bean &apos;org.springframework.transaction.config.internalTransactionAdvisor&apos;
2019-02-08 12:52:14 DEBUG DefaultListableBeanFactory:483 - Finished creating instance of bean &apos;contractEndPoint&apos;
2019-02-08 12:52:14 DEBUG DefaultListableBeanFactory:251 - Returning cached instance of singleton bean &apos;org.springframework.context.annotation.internalConfigurationAnnotationProcessor&apos;
2019-02-08 12:52:14 DEBUG DefaultListableBeanFactory:251 - Returning cached instance of singleton bean &apos;org.springframework.context.annotation.internalAutowiredAnnotationProcessor&apos;
2019-02-08 12:52:14 DEBUG DefaultListableBeanFactory:251 - Returning cached instance of singleton bean &apos;org.springframework.context.annotation.internalRequiredAnnotationProcessor&apos;
2019-02-08 12:52:14 DEBUG DefaultListableBeanFactory:251 - Returning cached instance of singleton bean &apos;org.springframework.context.annotation.internalCommonAnnotationProcessor&apos;
2019-02-08 12:52:14 DEBUG DefaultListableBeanFactory:251 - Returning cached instance of singleton bean &apos;org.springframework.context.annotation.internalPersistenceAnnotationProcessor&apos;
2019-02-08 12:52:14 DEBUG DefaultListableBeanFactory:221 - Creating shared instance of singleton bean &apos;org.springframework.context.event.internalEventListenerProcessor&apos;
2019-02-08 12:52:14 DEBUG DefaultListableBeanFactory:447 - Creating instance of bean &apos;org.springframework.context.event.internalEventListenerProcessor&apos;
2019-02-08 12:52:14 DEBUG DefaultListableBeanFactory:537 - Eagerly caching bean &apos;org.springframework.context.event.internalEventListenerProcessor&apos; to allow for resolving potential circular references
2019-02-08 12:52:14 DEBUG DefaultListableBeanFactory:251 - Returning cached instance of singleton bean &apos;org.springframework.transaction.config.internalTransactionAdvisor&apos;
2019-02-08 12:52:14 DEBUG DefaultListableBeanFactory:483 - Finished creating instance of bean &apos;org.springframework.context.event.internalEventListenerProcessor&apos;
2019-02-08 12:52:14 DEBUG DefaultListableBeanFactory:221 - Creating shared instance of singleton bean &apos;org.springframework.context.event.internalEventListenerFactory&apos;
2019-02-08 12:52:14 DEBUG DefaultListableBeanFactory:447 - Creating instance of bean &apos;org.springframework.context.event.internalEventListenerFactory&apos;
2019-02-08 12:52:14 DEBUG DefaultListableBeanFactory:537 - Eagerly caching bean &apos;org.springframework.context.event.internalEventListenerFactory&apos; to allow for resolving potential circular references
2019-02-08 12:52:14 DEBUG DefaultListableBeanFactory:251 - Returning cached instance of singleton bean &apos;org.springframework.transaction.config.internalTransactionAdvisor&apos;
2019-02-08 12:52:14 DEBUG DefaultListableBeanFactory:483 - Finished creating instance of bean &apos;org.springframework.context.event.internalEventListenerFactory&apos;
2019-02-08 12:52:14 DEBUG DefaultListableBeanFactory:221 - Creating shared instance of singleton bean &apos;individual-1&apos;
2019-02-08 12:52:14 DEBUG DefaultListableBeanFactory:447 - Creating instance of bean &apos;individual-1&apos;
2019-02-08 12:52:14 DEBUG DefaultListableBeanFactory:537 - Eagerly caching bean &apos;individual-1&apos; to allow for resolving potential circular references
2019-02-08 12:52:14 DEBUG DefaultListableBeanFactory:251 - Returning cached instance of singleton bean &apos;org.springframework.transaction.config.internalTransactionAdvisor&apos;
2019-02-08 12:52:14 DEBUG DefaultListableBeanFactory:483 - Finished creating instance of bean &apos;individual-1&apos;
2019-02-08 12:52:14 DEBUG DefaultListableBeanFactory:221 - Creating shared instance of singleton bean &apos;legal-entity&apos;
2019-02-08 12:52:14 DEBUG DefaultListableBeanFactory:447 - Creating instance of bean &apos;legal-entity&apos;
2019-02-08 12:52:14 DEBUG DefaultListableBeanFactory:537 - Eagerly caching bean &apos;legal-entity&apos; to allow for resolving potential circular references
2019-02-08 12:52:14 DEBUG DefaultListableBeanFactory:251 - Returning cached instance of singleton bean &apos;org.springframework.transaction.config.internalTransactionAdvisor&apos;
2019-02-08 12:52:14 DEBUG DefaultListableBeanFactory:483 - Finished creating instance of bean &apos;legal-entity&apos;
2019-02-08 12:52:14 DEBUG DefaultListableBeanFactory:221 - Creating shared instance of singleton bean &apos;insured-person-1&apos;
2019-02-08 12:52:14 DEBUG DefaultListableBeanFactory:447 - Creating instance of bean &apos;insured-person-1&apos;
2019-02-08 12:52:14 DEBUG DefaultListableBeanFactory:537 - Eagerly caching bean &apos;insured-person-1&apos; to allow for resolving potential circular references
2019-02-08 12:52:14 DEBUG DefaultListableBeanFactory:251 - Returning cached instance of singleton bean &apos;org.springframework.transaction.config.internalTransactionAdvisor&apos;
2019-02-08 12:52:14 DEBUG DefaultListableBeanFactory:483 - Finished creating instance of bean &apos;insured-person-1&apos;
2019-02-08 12:52:14 DEBUG DefaultListableBeanFactory:221 - Creating shared instance of singleton bean &apos;insured-person-2&apos;
2019-02-08 12:52:14 DEBUG DefaultListableBeanFactory:447 - Creating instance of bean &apos;insured-person-2&apos;
2019-02-08 12:52:14 DEBUG DefaultListableBeanFactory:537 - Eagerly caching bean &apos;insured-person-2&apos; to allow for resolving potential circular references
2019-02-08 12:52:14 DEBUG DefaultListableBeanFactory:251 - Returning cached instance of singleton bean &apos;org.springframework.transaction.config.internalTransactionAdvisor&apos;
2019-02-08 12:52:14 DEBUG DefaultListableBeanFactory:483 - Finished creating instance of bean &apos;insured-person-2&apos;
2019-02-08 12:52:14 DEBUG DefaultListableBeanFactory:221 - Creating shared instance of singleton bean &apos;contract-1&apos;
2019-02-08 12:52:14 DEBUG DefaultListableBeanFactory:447 - Creating instance of bean &apos;contract-1&apos;
2019-02-08 12:52:14 DEBUG DefaultListableBeanFactory:537 - Eagerly caching bean &apos;contract-1&apos; to allow for resolving potential circular references
2019-02-08 12:52:14 DEBUG DefaultListableBeanFactory:251 - Returning cached instance of singleton bean &apos;insured-person-1&apos;
2019-02-08 12:52:14 DEBUG DefaultListableBeanFactory:251 - Returning cached instance of singleton bean &apos;insured-person-2&apos;
2019-02-08 12:52:14 DEBUG DefaultListableBeanFactory:251 - Returning cached instance of singleton bean &apos;individual-1&apos;
2019-02-08 12:52:14 DEBUG DefaultListableBeanFactory:251 - Returning cached instance of singleton bean &apos;org.springframework.transaction.config.internalTransactionAdvisor&apos;
2019-02-08 12:52:14 DEBUG DefaultListableBeanFactory:483 - Finished creating instance of bean &apos;contract-1&apos;
2019-02-08 12:52:14 DEBUG DefaultListableBeanFactory:251 - Returning cached instance of singleton bean &apos;clientService&apos;
2019-02-08 12:52:14 DEBUG DefaultListableBeanFactory:251 - Returning cached instance of singleton bean &apos;contractService&apos;
2019-02-08 12:52:14 DEBUG DefaultListableBeanFactory:251 - Returning cached instance of singleton bean &apos;insuredPersonService&apos;
2019-02-08 12:52:14 DEBUG DefaultListableBeanFactory:221 - Creating shared instance of singleton bean &apos;clientDAO&apos;
2019-02-08 12:52:14 DEBUG DefaultListableBeanFactory:447 - Creating instance of bean &apos;clientDAO&apos;
2019-02-08 12:52:14 DEBUG InjectionMetadata:72 - Registered injected element on class [ua.profitsoft.strymeneshenko.db.dao.jdbctemplate.ClientDAO]: AutowiredMethodElement for public void ua.profitsoft.strymeneshenko.db.dao.jdbctemplate.ClientDAO.setDataSource(javax.sql.DataSource)
2019-02-08 12:52:14 DEBUG DefaultListableBeanFactory:537 - Eagerly caching bean &apos;clientDAO&apos; to allow for resolving potential circular references
2019-02-08 12:52:14 DEBUG InjectionMetadata:85 - Processing injected element of bean &apos;clientDAO&apos;: AutowiredMethodElement for public void ua.profitsoft.strymeneshenko.db.dao.jdbctemplate.ClientDAO.setDataSource(javax.sql.DataSource)
2019-02-08 12:52:14 DEBUG DefaultListableBeanFactory:251 - Returning cached instance of singleton bean &apos;DataSource&apos;
2019-02-08 12:52:14 DEBUG AutowiredAnnotationBeanPostProcessor:533 - Autowiring by type from bean name &apos;clientDAO&apos; to bean named &apos;DataSource&apos;
2019-02-08 12:52:14 DEBUG DefaultListableBeanFactory:251 - Returning cached instance of singleton bean &apos;org.springframework.transaction.config.internalTransactionAdvisor&apos;
2019-02-08 12:52:14 DEBUG DefaultListableBeanFactory:483 - Finished creating instance of bean &apos;clientDAO&apos;
2019-02-08 12:52:14 DEBUG DefaultListableBeanFactory:221 - Creating shared instance of singleton bean &apos;contractDAO&apos;
2019-02-08 12:52:14 DEBUG DefaultListableBeanFactory:447 - Creating instance of bean &apos;contractDAO&apos;
2019-02-08 12:52:14 DEBUG InjectionMetadata:72 - Registered injected element on class [ua.profitsoft.strymeneshenko.db.dao.jdbctemplate.ContractDAO]: AutowiredMethodElement for public void ua.profitsoft.strymeneshenko.db.dao.jdbctemplate.ContractDAO.setDataSource(javax.sql.DataSource)
2019-02-08 12:52:14 DEBUG InjectionMetadata:72 - Registered injected element on class [ua.profitsoft.strymeneshenko.db.dao.jdbctemplate.ContractDAO]: AutowiredMethodElement for public void ua.profitsoft.strymeneshenko.db.dao.jdbctemplate.ContractDAO.setClientDAO(ua.profitsoft.strymeneshenko.db.dao.jdbctemplate.ClientDAO)
2019-02-08 12:52:14 DEBUG InjectionMetadata:72 - Registered injected element on class [ua.profitsoft.strymeneshenko.db.dao.jdbctemplate.ContractDAO]: AutowiredMethodElement for public void ua.profitsoft.strymeneshenko.db.dao.jdbctemplate.ContractDAO.setInsuredPersonDAO(ua.profitsoft.strymeneshenko.db.dao.jdbctemplate.InsuredPersonDAO)
2019-02-08 12:52:14 DEBUG DefaultListableBeanFactory:537 - Eagerly caching bean &apos;contractDAO&apos; to allow for resolving potential circular references
2019-02-08 12:52:14 DEBUG InjectionMetadata:85 - Processing injected element of bean &apos;contractDAO&apos;: AutowiredMethodElement for public void ua.profitsoft.strymeneshenko.db.dao.jdbctemplate.ContractDAO.setDataSource(javax.sql.DataSource)
2019-02-08 12:52:14 DEBUG DefaultListableBeanFactory:251 - Returning cached instance of singleton bean &apos;DataSource&apos;
2019-02-08 12:52:14 DEBUG AutowiredAnnotationBeanPostProcessor:533 - Autowiring by type from bean name &apos;contractDAO&apos; to bean named &apos;DataSource&apos;
2019-02-08 12:52:14 DEBUG InjectionMetadata:85 - Processing injected element of bean &apos;contractDAO&apos;: AutowiredMethodElement for public void ua.profitsoft.strymeneshenko.db.dao.jdbctemplate.ContractDAO.setClientDAO(ua.profitsoft.strymeneshenko.db.dao.jdbctemplate.ClientDAO)
2019-02-08 12:52:14 DEBUG DefaultListableBeanFactory:251 - Returning cached instance of singleton bean &apos;clientDAO&apos;
2019-02-08 12:52:14 DEBUG AutowiredAnnotationBeanPostProcessor:533 - Autowiring by type from bean name &apos;contractDAO&apos; to bean named &apos;clientDAO&apos;
2019-02-08 12:52:14 DEBUG InjectionMetadata:85 - Processing injected element of bean &apos;contractDAO&apos;: AutowiredMethodElement for public void ua.profitsoft.strymeneshenko.db.dao.jdbctemplate.ContractDAO.setInsuredPersonDAO(ua.profitsoft.strymeneshenko.db.dao.jdbctemplate.InsuredPersonDAO)
2019-02-08 12:52:14 DEBUG DefaultListableBeanFactory:221 - Creating shared instance of singleton bean &apos;insuredPersonDAO&apos;
2019-02-08 12:52:14 DEBUG DefaultListableBeanFactory:447 - Creating instance of bean &apos;insuredPersonDAO&apos;
2019-02-08 12:52:14 DEBUG InjectionMetadata:72 - Registered injected element on class [ua.profitsoft.strymeneshenko.db.dao.jdbctemplate.InsuredPersonDAO]: AutowiredMethodElement for public void ua.profitsoft.strymeneshenko.db.dao.jdbctemplate.InsuredPersonDAO.setDataSource(javax.sql.DataSource)
2019-02-08 12:52:14 DEBUG DefaultListableBeanFactory:537 - Eagerly caching bean &apos;insuredPersonDAO&apos; to allow for resolving potential circular references
2019-02-08 12:52:14 DEBUG InjectionMetadata:85 - Processing injected element of bean &apos;insuredPersonDAO&apos;: AutowiredMethodElement for public void ua.profitsoft.strymeneshenko.db.dao.jdbctemplate.InsuredPersonDAO.setDataSource(javax.sql.DataSource)
2019-02-08 12:52:14 DEBUG DefaultListableBeanFactory:251 - Returning cached instance of singleton bean &apos;DataSource&apos;
2019-02-08 12:52:14 DEBUG AutowiredAnnotationBeanPostProcessor:533 - Autowiring by type from bean name &apos;insuredPersonDAO&apos; to bean named &apos;DataSource&apos;
2019-02-08 12:52:14 DEBUG DefaultListableBeanFactory:251 - Returning cached instance of singleton bean &apos;org.springframework.transaction.config.internalTransactionAdvisor&apos;
2019-02-08 12:52:14 DEBUG DefaultListableBeanFactory:483 - Finished creating instance of bean &apos;insuredPersonDAO&apos;
2019-02-08 12:52:14 DEBUG AutowiredAnnotationBeanPostProcessor:533 - Autowiring by type from bean name &apos;contractDAO&apos; to bean named &apos;insuredPersonDAO&apos;
2019-02-08 12:52:14 DEBUG DefaultListableBeanFactory:251 - Returning cached instance of singleton bean &apos;org.springframework.transaction.config.internalTransactionAdvisor&apos;
2019-02-08 12:52:14 DEBUG DefaultListableBeanFactory:483 - Finished creating instance of bean &apos;contractDAO&apos;
2019-02-08 12:52:14 DEBUG DefaultListableBeanFactory:251 - Returning cached instance of singleton bean &apos;insuredPersonDAO&apos;
2019-02-08 12:52:14 DEBUG DefaultListableBeanFactory:251 - Returning cached instance of singleton bean &apos;clientHibernateDAO&apos;
2019-02-08 12:52:14 DEBUG DefaultListableBeanFactory:251 - Returning cached instance of singleton bean &apos;contractHibernateDAO&apos;
2019-02-08 12:52:14 DEBUG DefaultListableBeanFactory:251 - Returning cached instance of singleton bean &apos;insuredPersonHibernateDAO&apos;
2019-02-08 12:52:14 DEBUG DefaultListableBeanFactory:221 - Creating shared instance of singleton bean &apos;mvcContentNegotiationManager&apos;
2019-02-08 12:52:14 DEBUG DefaultListableBeanFactory:447 - Creating instance of bean &apos;mvcContentNegotiationManager&apos;
2019-02-08 12:52:14 DEBUG DefaultListableBeanFactory:537 - Eagerly caching bean &apos;mvcContentNegotiationManager&apos; to allow for resolving potential circular references
2019-02-08 12:52:14 DEBUG DefaultListableBeanFactory:1672 - Invoking afterPropertiesSet() on bean with name &apos;mvcContentNegotiationManager&apos;
2019-02-08 12:52:14 DEBUG DefaultListableBeanFactory:251 - Returning cached instance of singleton bean &apos;org.springframework.transaction.config.internalTransactionAdvisor&apos;
2019-02-08 12:52:14 DEBUG DefaultListableBeanFactory:483 - Finished creating instance of bean &apos;mvcContentNegotiationManager&apos;
2019-02-08 12:52:14 DEBUG DefaultListableBeanFactory:221 - Creating shared instance of singleton bean &apos;org.springframework.web.servlet.mvc.method.annotation.RequestMappingHandlerMapping#0&apos;
2019-02-08 12:52:14 DEBUG DefaultListableBeanFactory:447 - Creating instance of bean &apos;org.springframework.web.servlet.mvc.method.annotation.RequestMappingHandlerMapping#0&apos;
2019-02-08 12:52:14 DEBUG DefaultListableBeanFactory:537 - Eagerly caching bean &apos;org.springframework.web.servlet.mvc.method.annotation.RequestMappingHandlerMapping#0&apos; to allow for resolving potential circular references
2019-02-08 12:52:14 DEBUG DefaultListableBeanFactory:251 - Returning cached instance of singleton bean &apos;mvcContentNegotiationManager&apos;
2019-02-08 12:52:14 DEBUG DefaultListableBeanFactory:251 - Returning cached instance of singleton bean &apos;org.springframework.transaction.config.internalTransactionAdvisor&apos;
2019-02-08 12:52:14 DEBUG DefaultListableBeanFactory:221 - Creating shared instance of singleton bean &apos;mvcCorsConfigurations&apos;
2019-02-08 12:52:14 DEBUG DefaultListableBeanFactory:447 - Creating instance of bean &apos;mvcCorsConfigurations&apos;
2019-02-08 12:52:14 DEBUG DefaultListableBeanFactory:537 - Eagerly caching bean &apos;mvcCorsConfigurations&apos; to allow for resolving potential circular references
2019-02-08 12:52:14 DEBUG DefaultListableBeanFactory:251 - Returning cached instance of singleton bean &apos;org.springframework.transaction.config.internalTransactionAdvisor&apos;
2019-02-08 12:52:14 DEBUG DefaultListableBeanFactory:483 - Finished creating instance of bean &apos;mvcCorsConfigurations&apos;
2019-02-08 12:52:14 DEBUG DefaultListableBeanFactory:221 - Creating shared instance of singleton bean &apos;org.springframework.web.servlet.handler.MappedInterceptor#0&apos;
2019-02-08 12:52:14 DEBUG DefaultListableBeanFactory:447 - Creating instance of bean &apos;org.springframework.web.servlet.handler.MappedInterceptor#0&apos;
2019-02-08 12:52:14 DEBUG DefaultListableBeanFactory:447 - Creating instance of bean &apos;(inner bean)#ee8e7ff&apos;
2019-02-08 12:52:14 DEBUG DefaultListableBeanFactory:221 - Creating shared instance of singleton bean &apos;org.springframework.format.support.FormattingConversionServiceFactoryBean#0&apos;
2019-02-08 12:52:14 DEBUG DefaultListableBeanFactory:447 - Creating instance of bean &apos;org.springframework.format.support.FormattingConversionServiceFactoryBean#0&apos;
2019-02-08 12:52:14 DEBUG DefaultListableBeanFactory:537 - Eagerly caching bean &apos;org.springframework.format.support.FormattingConversionServiceFactoryBean#0&apos; to allow for resolving potential circular references
2019-02-08 12:52:14 DEBUG DefaultListableBeanFactory:1672 - Invoking afterPropertiesSet() on bean with name &apos;org.springframework.format.support.FormattingConversionServiceFactoryBean#0&apos;
2019-02-08 12:52:14 DEBUG DefaultListableBeanFactory:251 - Returning cached instance of singleton bean &apos;org.springframework.transaction.config.internalTransactionAdvisor&apos;
2019-02-08 12:52:14 DEBUG DefaultListableBeanFactory:483 - Finished creating instance of bean &apos;org.springframework.format.support.FormattingConversionServiceFactoryBean#0&apos;
2019-02-08 12:52:14 DEBUG DefaultListableBeanFactory:251 - Returning cached instance of singleton bean &apos;org.springframework.transaction.config.internalTransactionAdvisor&apos;
2019-02-08 12:52:14 DEBUG DefaultListableBeanFactory:251 - Returning cached instance of singleton bean &apos;org.springframework.transaction.config.internalTransactionAdvisor&apos;
2019-02-08 12:52:14 DEBUG DefaultListableBeanFactory:483 - Finished creating instance of bean &apos;(inner bean)#ee8e7ff&apos;
2019-02-08 12:52:14 DEBUG BeanUtils:450 - No property editor [org.springframework.web.context.request.WebRequestInterceptorEditor] found for type org.springframework.web.context.request.WebRequestInterceptor according to &apos;Editor&apos; suffix convention
2019-02-08 12:52:14 DEBUG DefaultListableBeanFactory:537 - Eagerly caching bean &apos;org.springframework.web.servlet.handler.MappedInterceptor#0&apos; to allow for resolving potential circular references
2019-02-08 12:52:14 DEBUG DefaultListableBeanFactory:251 - Returning cached instance of singleton bean &apos;org.springframework.transaction.config.internalTransactionAdvisor&apos;
2019-02-08 12:52:14 DEBUG DefaultListableBeanFactory:483 - Finished creating instance of bean &apos;org.springframework.web.servlet.handler.MappedInterceptor#0&apos;
2019-02-08 12:52:14 DEBUG DefaultListableBeanFactory:221 - Creating shared instance of singleton bean &apos;org.springframework.web.servlet.handler.MappedInterceptor#1&apos;
2019-02-08 12:52:14 DEBUG DefaultListableBeanFactory:447 - Creating instance of bean &apos;org.springframework.web.servlet.handler.MappedInterceptor#1&apos;
2019-02-08 12:52:14 DEBUG DefaultListableBeanFactory:447 - Creating instance of bean &apos;(inner bean)#cde8c6c&apos;
2019-02-08 12:52:14 DEBUG DefaultListableBeanFactory:447 - Creating instance of bean &apos;(inner bean)#3592c1c4&apos;
2019-02-08 12:52:14 DEBUG DefaultListableBeanFactory:251 - Returning cached instance of singleton bean &apos;org.springframework.transaction.config.internalTransactionAdvisor&apos;
2019-02-08 12:52:14 DEBUG DefaultListableBeanFactory:483 - Finished creating instance of bean &apos;(inner bean)#3592c1c4&apos;
2019-02-08 12:52:14 DEBUG DefaultListableBeanFactory:251 - Returning cached instance of singleton bean &apos;org.springframework.transaction.config.internalTransactionAdvisor&apos;
2019-02-08 12:52:14 DEBUG DefaultListableBeanFactory:483 - Finished creating instance of bean &apos;(inner bean)#cde8c6c&apos;
2019-02-08 12:52:14 DEBUG DefaultListableBeanFactory:537 - Eagerly caching bean &apos;org.springframework.web.servlet.handler.MappedInterceptor#1&apos; to allow for resolving potential circular references
2019-02-08 12:52:14 DEBUG DefaultListableBeanFactory:251 - Returning cached instance of singleton bean &apos;org.springframework.transaction.config.internalTransactionAdvisor&apos;
2019-02-08 12:52:14 DEBUG DefaultListableBeanFactory:483 - Finished creating instance of bean &apos;org.springframework.web.servlet.handler.MappedInterceptor#1&apos;
2019-02-08 12:52:14 DEBUG DefaultListableBeanFactory:1672 - Invoking afterPropertiesSet() on bean with name &apos;org.springframework.web.servlet.mvc.method.annotation.RequestMappingHandlerMapping#0&apos;
2019-02-08 12:52:14 DEBUG RequestMappingHandlerMapping:174 - Looking for request mappings in application context: org.springframework.web.context.support.GenericWebApplicationContext@458c1321: startup date [Fri Feb 08 12:52:11 EET 2019]; root of context hierarchy
2019-02-08 12:52:14 INFO  RequestMappingHandlerMapping:531 - Mapped &quot;{[/addIndividual],methods=[POST]}&quot; onto public org.springframework.web.servlet.ModelAndView ua.profitsoft.strymeneshenko.controllers.mvc.AddClientController.addClient(ua.profitsoft.strymeneshenko.data.Individual,org.springframework.validation.BindingResult,javax.servlet.http.HttpServletRequest) throws java.lang.Exception
2019-02-08 12:52:14 INFO  RequestMappingHandlerMapping:531 - Mapped &quot;{[/addLegalEntity],methods=[POST]}&quot; onto public org.springframework.web.servlet.ModelAndView ua.profitsoft.strymeneshenko.controllers.mvc.AddClientController.addClient(ua.profitsoft.strymeneshenko.data.LegalEntity,org.springframework.validation.BindingResult,javax.servlet.http.HttpServletRequest) throws java.lang.Exception
2019-02-08 12:52:14 INFO  RequestMappingHandlerMapping:531 - Mapped &quot;{[/addContract]}&quot; onto public org.springframework.web.servlet.ModelAndView ua.profitsoft.strymeneshenko.controllers.mvc.AddContractController.index(org.springframework.web.servlet.ModelAndView) throws java.lang.Exception
2019-02-08 12:52:14 INFO  RequestMappingHandlerMapping:531 - Mapped &quot;{[/addContract/exit]}&quot; onto public org.springframework.web.servlet.ModelAndView ua.profitsoft.strymeneshenko.controllers.mvc.AddContractController.exit(org.springframework.web.bind.support.SessionStatus)
2019-02-08 12:52:14 INFO  RequestMappingHandlerMapping:531 - Mapped &quot;{[/addContract/saveContract1],methods=[POST]}&quot; onto public org.springframework.web.servlet.ModelAndView ua.profitsoft.strymeneshenko.controllers.mvc.AddContractController.finishSaveContract1(ua.profitsoft.strymeneshenko.data.Contract,org.springframework.validation.BindingResult)
2019-02-08 12:52:14 INFO  RequestMappingHandlerMapping:531 - Mapped &quot;{[/addContract/saveContract2],methods=[POST]}&quot; onto public org.springframework.web.servlet.ModelAndView ua.profitsoft.strymeneshenko.controllers.mvc.AddContractController.finishSaveContract2(java.lang.Long,ua.profitsoft.strymeneshenko.data.Contract,org.springframework.validation.BindingResult) throws java.lang.Exception
2019-02-08 12:52:14 INFO  RequestMappingHandlerMapping:531 - Mapped &quot;{[/addContract/saveInsuredPersonToContract],methods=[POST]}&quot; onto public org.springframework.web.servlet.ModelAndView ua.profitsoft.strymeneshenko.controllers.mvc.AddContractController.finishInsuredPersonToContract(java.lang.Long,ua.profitsoft.strymeneshenko.data.Contract,org.springframework.validation.BindingResult) throws java.lang.Exception
2019-02-08 12:52:14 INFO  RequestMappingHandlerMapping:531 - Mapped &quot;{[/addContract/finishContract],methods=[POST]}&quot; onto public org.springframework.web.servlet.ModelAndView ua.profitsoft.strymeneshenko.controllers.mvc.AddContractController.finishSaveContract3(ua.profitsoft.strymeneshenko.data.Contract,org.springframework.validation.BindingResult,org.springframework.web.bind.support.SessionStatus) throws java.lang.Exception
2019-02-08 12:52:14 INFO  RequestMappingHandlerMapping:531 - Mapped &quot;{[/addInsuredPerson],methods=[POST]}&quot; onto public org.springframework.web.servlet.ModelAndView ua.profitsoft.strymeneshenko.controllers.mvc.AddInsuredPersonController.goEdit(ua.profitsoft.strymeneshenko.data.InsuredPerson,org.springframework.validation.BindingResult) throws java.lang.Exception
2019-02-08 12:52:14 INFO  RequestMappingHandlerMapping:531 - Mapped &quot;{[/deleteContract],methods=[POST]}&quot; onto public org.springframework.web.servlet.ModelAndView ua.profitsoft.strymeneshenko.controllers.mvc.DeleteContractController.showContracts(java.lang.Long) throws java.lang.Exception
2019-02-08 12:52:14 INFO  RequestMappingHandlerMapping:531 - Mapped &quot;{[/goEditContract],methods=[GET]}&quot; onto public org.springframework.web.servlet.ModelAndView ua.profitsoft.strymeneshenko.controllers.mvc.EditContractController.goEdit(java.lang.Long,org.springframework.web.servlet.ModelAndView) throws java.lang.Exception
2019-02-08 12:52:14 INFO  RequestMappingHandlerMapping:531 - Mapped &quot;{[/applyEditContract],methods=[POST]}&quot; onto public org.springframework.web.servlet.ModelAndView ua.profitsoft.strymeneshenko.controllers.mvc.EditContractController.applyEdit(ua.profitsoft.strymeneshenko.data.Contract) throws java.lang.Exception
2019-02-08 12:52:14 INFO  RequestMappingHandlerMapping:531 - Mapped &quot;{[/editContract],methods=[POST]}&quot; onto public org.springframework.web.servlet.ModelAndView ua.profitsoft.strymeneshenko.controllers.mvc.EditContractController.Edit(ua.profitsoft.strymeneshenko.data.Contract,java.util.Date,java.util.Date,java.util.Date) throws java.lang.Exception
2019-02-08 12:52:14 INFO  RequestMappingHandlerMapping:531 - Mapped &quot;{[/callToWS]}&quot; onto public org.springframework.web.servlet.ModelAndView ua.profitsoft.strymeneshenko.controllers.mvc.GetContractsFromWebServiceController.getContracts()
2019-02-08 12:52:14 INFO  RequestMappingHandlerMapping:531 - Mapped &quot;{[/],methods=[GET]}&quot; onto public org.springframework.web.servlet.ModelAndView ua.profitsoft.strymeneshenko.controllers.mvc.ShowContractsController.showContracts(javax.servlet.http.HttpServletRequest) throws java.lang.Exception
2019-02-08 12:52:14 INFO  RequestMappingHandlerMapping:531 - Mapped &quot;{[/loadContracts],methods=[GET],produces=[application/json]}&quot; onto public java.util.List&lt;ua.profitsoft.strymeneshenko.data.Contract&gt; ua.profitsoft.strymeneshenko.controllers.mvc.ShowContractsController.loadContracts() throws java.lang.Exception
2019-02-08 12:52:14 INFO  RequestMappingHandlerMapping:531 - Mapped &quot;{[/showInfoContract],methods=[GET]}&quot; onto public org.springframework.web.servlet.ModelAndView ua.profitsoft.strymeneshenko.controllers.mvc.ShowInfoContractController.showContractInfo(java.lang.Long,org.springframework.web.servlet.ModelAndView) throws java.lang.Exception
2019-02-08 12:52:14 DEBUG DefaultListableBeanFactory:251 - Returning cached instance of singleton bean &apos;org.springframework.transaction.config.internalTransactionAdvisor&apos;
2019-02-08 12:52:14 DEBUG DefaultListableBeanFactory:483 - Finished creating instance of bean &apos;org.springframework.web.servlet.mvc.method.annotation.RequestMappingHandlerMapping#0&apos;
2019-02-08 12:52:14 DEBUG DefaultListableBeanFactory:251 - Returning cached instance of singleton bean &apos;mvcCorsConfigurations&apos;
2019-02-08 12:52:14 DEBUG DefaultListableBeanFactory:251 - Returning cached instance of singleton bean &apos;org.springframework.format.support.FormattingConversionServiceFactoryBean#0&apos;
2019-02-08 12:52:14 DEBUG DefaultListableBeanFactory:221 - Creating shared instance of singleton bean &apos;org.springframework.validation.beanvalidation.OptionalValidatorFactoryBean#0&apos;
2019-02-08 12:52:14 DEBUG DefaultListableBeanFactory:447 - Creating instance of bean &apos;org.springframework.validation.beanvalidation.OptionalValidatorFactoryBean#0&apos;
2019-02-08 12:52:14 DEBUG DefaultListableBeanFactory:537 - Eagerly caching bean &apos;org.springframework.validation.beanvalidation.OptionalValidatorFactoryBean#0&apos; to allow for resolving potential circular references
2019-02-08 12:52:14 DEBUG DefaultListableBeanFactory:1672 - Invoking afterPropertiesSet() on bean with name &apos;org.springframework.validation.beanvalidation.OptionalValidatorFactoryBean#0&apos;
2019-02-08 12:52:14 DEBUG DefaultTraversableResolver:103 - Found javax.persistence.Persistence on classpath containing &apos;getPersistenceUtil&apos;. Assuming JPA 2 environment. Trying to instantiate JPA aware TraversableResolver
2019-02-08 12:52:14 DEBUG DefaultTraversableResolver:114 - Instantiated JPA aware TraversableResolver of type org.hibernate.validator.internal.engine.resolver.JPATraversableResolver.
2019-02-08 12:52:14 DEBUG OptionalValidatorFactoryBean:43 - Failed to set up a Bean Validation provider
javax.validation.ValidationException: HV000183: Unable to initialize &apos;javax.el.ExpressionFactory&apos;. Check that you have the EL dependencies on the classpath, or use ParameterMessageInterpolator instead
	at org.hibernate.validator.messageinterpolation.ResourceBundleMessageInterpolator.buildExpressionFactory(ResourceBundleMessageInterpolator.java:102)
	at org.hibernate.validator.messageinterpolation.ResourceBundleMessageInterpolator.&lt;init&gt;(ResourceBundleMessageInterpolator.java:45)
	at org.hibernate.validator.internal.engine.ConfigurationImpl.getDefaultMessageInterpolator(ConfigurationImpl.java:423)
	at org.springframework.validation.beanvalidation.LocalValidatorFactoryBean.afterPropertiesSet(LocalValidatorFactoryBean.java:271)
	at org.springframework.validation.beanvalidation.OptionalValidatorFactoryBean.afterPropertiesSet(OptionalValidatorFactoryBean.java:40)
	at org.springframework.beans.factory.support.AbstractAutowireCapableBeanFactory.invokeInitMethods(AbstractAutowireCapableBeanFactory.java:1689)
	at org.springframework.beans.factory.support.AbstractAutowireCapableBeanFactory.initializeBean(AbstractAutowireCapableBeanFactory.java:1627)
	at org.springframework.beans.factory.support.AbstractAutowireCapableBeanFactory.doCreateBean(AbstractAutowireCapableBeanFactory.java:553)
	at org.springframework.beans.factory.support.AbstractAutowireCapableBeanFactory.createBean(AbstractAutowireCapableBeanFactory.java:481)
	at org.springframework.beans.factory.support.AbstractBeanFactory$1.getObject(AbstractBeanFactory.java:312)
	at org.springframework.beans.factory.support.DefaultSingletonBeanRegistry.getSingleton(DefaultSingletonBeanRegistry.java:230)
	at org.springframework.beans.factory.support.AbstractBeanFactory.doGetBean(AbstractBeanFactory.java:308)
	at org.springframework.beans.factory.support.AbstractBeanFactory.getBean(AbstractBeanFactory.java:197)
	at org.springframework.beans.factory.support.DefaultListableBeanFactory.preInstantiateSingletons(DefaultListableBeanFactory.java:761)
	at org.springframework.context.support.AbstractApplicationContext.finishBeanFactoryInitialization(AbstractApplicationContext.java:867)
	at org.springframework.context.support.AbstractApplicationContext.refresh(AbstractApplicationContext.java:543)
	at org.springframework.test.context.web.AbstractGenericWebContextLoader.loadContext(AbstractGenericWebContextLoader.java:130)
	at org.springframework.test.context.web.AbstractGenericWebContextLoader.loadContext(AbstractGenericWebContextLoader.java:61)
	at org.springframework.test.context.support.AbstractDelegatingSmartContextLoader.delegateLoading(AbstractDelegatingSmartContextLoader.java:281)
	at org.springframework.test.context.support.AbstractDelegatingSmartContextLoader.loadContext(AbstractDelegatingSmartContextLoader.java:249)
	at org.springframework.test.context.cache.DefaultCacheAwareContextLoaderDelegate.loadContextInternal(DefaultCacheAwareContextLoaderDelegate.java:98)
	at org.springframework.test.context.cache.DefaultCacheAwareContextLoaderDelegate.loadContext(DefaultCacheAwareContextLoaderDelegate.java:116)
	at org.springframework.test.context.support.DefaultTestContext.getApplicationContext(DefaultTestContext.java:83)
	at org.springframework.test.context.web.ServletTestExecutionListener.setUpRequestContextIfNecessary(ServletTestExecutionListener.java:189)
	at org.springframework.test.context.web.ServletTestExecutionListener.prepareTestInstance(ServletTestExecutionListener.java:131)
	at org.springframework.test.context.TestContextManager.prepareTestInstance(TestContextManager.java:230)
	at org.springframework.test.context.junit4.SpringJUnit4ClassRunner.createTest(SpringJUnit4ClassRunner.java:228)
	at org.springframework.test.context.junit4.SpringJUnit4ClassRunner$1.runReflectiveCall(SpringJUnit4ClassRunner.java:287)
	at org.junit.internal.runners.model.ReflectiveCallable.run(ReflectiveCallable.java:12)
	at org.springframework.test.context.junit4.SpringJUnit4ClassRunner.methodBlock(SpringJUnit4ClassRunner.java:289)
	at org.springframework.test.context.junit4.SpringJUnit4ClassRunner.runChild(SpringJUnit4ClassRunner.java:247)
	at org.springframework.test.context.junit4.SpringJUnit4ClassRunner.runChild(SpringJUnit4ClassRunner.java:94)
	at org.junit.runners.ParentRunner$4.run(ParentRunner.java:330)
	at org.junit.runners.ParentRunner$1.schedule(ParentRunner.java:78)
	at org.junit.runners.ParentRunner.runChildren(ParentRunner.java:328)
	at org.junit.runners.ParentRunner.access$100(ParentRunner.java:65)
	at org.junit.runners.ParentRunner$2.evaluate(ParentRunner.java:292)
	at org.springframework.test.context.junit4.statements.RunBeforeTestClassCallbacks.evaluate(RunBeforeTestClassCallbacks.java:61)
	at org.springframework.test.context.junit4.statements.RunAfterTestClassCallbacks.evaluate(RunAfterTestClassCallbacks.java:70)
	at org.junit.runners.ParentRunner$3.evaluate(ParentRunner.java:305)
	at org.junit.runners.ParentRunner.run(ParentRunner.java:412)
	at org.springframework.test.context.junit4.SpringJUnit4ClassRunner.run(SpringJUnit4ClassRunner.java:191)
	at org.apache.maven.surefire.junit4.JUnit4Provider.execute(JUnit4Provider.java:252)
	at org.apache.maven.surefire.junit4.JUnit4Provider.executeTestSet(JUnit4Provider.java:141)
	at org.apache.maven.surefire.junit4.JUnit4Provider.invoke(JUnit4Provider.java:112)
	at sun.reflect.NativeMethodAccessorImpl.invoke0(Native Method)
	at sun.reflect.NativeMethodAccessorImpl.invoke(NativeMethodAccessorImpl.java:62)
	at sun.reflect.DelegatingMethodAccessorImpl.invoke(DelegatingMethodAccessorImpl.java:43)
	at java.lang.reflect.Method.invoke(Method.java:498)
	at org.apache.maven.surefire.util.ReflectionUtils.invokeMethodWithArray(ReflectionUtils.java:189)
	at org.apache.maven.surefire.booter.ProviderFactory$ProviderProxy.invoke(ProviderFactory.java:165)
	at org.apache.maven.surefire.booter.ProviderFactory.invokeProvider(ProviderFactory.java:85)
	at org.apache.maven.surefire.booter.ForkedBooter.runSuitesInProcess(ForkedBooter.java:115)
	at org.apache.maven.surefire.booter.ForkedBooter.main(ForkedBooter.java:75)
Caused by: java.lang.NoClassDefFoundError: javax/el/ExpressionFactory
	at org.hibernate.validator.messageinterpolation.ResourceBundleMessageInterpolator.buildExpressionFactory(ResourceBundleMessageInterpolator.java:98)
	... 53 more
2019-02-08 12:52:14 DEBUG DefaultListableBeanFactory:251 - Returning cached instance of singleton bean &apos;org.springframework.transaction.config.internalTransactionAdvisor&apos;
2019-02-08 12:52:14 DEBUG DefaultListableBeanFactory:483 - Finished creating instance of bean &apos;org.springframework.validation.beanvalidation.OptionalValidatorFactoryBean#0&apos;
2019-02-08 12:52:14 DEBUG DefaultListableBeanFactory:221 - Creating shared instance of singleton bean &apos;org.springframework.web.servlet.mvc.method.annotation.RequestMappingHandlerAdapter#0&apos;
2019-02-08 12:52:14 DEBUG DefaultListableBeanFactory:447 - Creating instance of bean &apos;org.springframework.web.servlet.mvc.method.annotation.RequestMappingHandlerAdapter#0&apos;
2019-02-08 12:52:14 DEBUG DefaultListableBeanFactory:537 - Eagerly caching bean &apos;org.springframework.web.servlet.mvc.method.annotation.RequestMappingHandlerAdapter#0&apos; to allow for resolving potential circular references
2019-02-08 12:52:14 DEBUG DefaultListableBeanFactory:251 - Returning cached instance of singleton bean &apos;mvcContentNegotiationManager&apos;
2019-02-08 12:52:14 DEBUG DefaultListableBeanFactory:447 - Creating instance of bean &apos;(inner bean)#7f3ca64a&apos;
2019-02-08 12:52:14 DEBUG DefaultListableBeanFactory:251 - Returning cached instance of singleton bean &apos;org.springframework.format.support.FormattingConversionServiceFactoryBean#0&apos;
2019-02-08 12:52:14 DEBUG DefaultListableBeanFactory:251 - Returning cached instance of singleton bean &apos;org.springframework.validation.beanvalidation.OptionalValidatorFactoryBean#0&apos;
2019-02-08 12:52:14 DEBUG DefaultListableBeanFactory:251 - Returning cached instance of singleton bean &apos;org.springframework.transaction.config.internalTransactionAdvisor&apos;
2019-02-08 12:52:14 DEBUG DefaultListableBeanFactory:483 - Finished creating instance of bean &apos;(inner bean)#7f3ca64a&apos;
2019-02-08 12:52:14 DEBUG DefaultListableBeanFactory:447 - Creating instance of bean &apos;(inner bean)#525b1b70&apos;
2019-02-08 12:52:14 DEBUG DefaultListableBeanFactory:251 - Returning cached instance of singleton bean &apos;org.springframework.transaction.config.internalTransactionAdvisor&apos;
2019-02-08 12:52:14 DEBUG DefaultListableBeanFactory:483 - Finished creating instance of bean &apos;(inner bean)#525b1b70&apos;
2019-02-08 12:52:14 DEBUG DefaultListableBeanFactory:447 - Creating instance of bean &apos;(inner bean)#359066bc&apos;
2019-02-08 12:52:14 DEBUG DefaultListableBeanFactory:251 - Returning cached instance of singleton bean &apos;org.springframework.transaction.config.internalTransactionAdvisor&apos;
2019-02-08 12:52:14 DEBUG DefaultListableBeanFactory:483 - Finished creating instance of bean &apos;(inner bean)#359066bc&apos;
2019-02-08 12:52:14 DEBUG DefaultListableBeanFactory:447 - Creating instance of bean &apos;(inner bean)#245253d8&apos;
2019-02-08 12:52:14 DEBUG DefaultListableBeanFactory:251 - Returning cached instance of singleton bean &apos;org.springframework.transaction.config.internalTransactionAdvisor&apos;
2019-02-08 12:52:14 DEBUG DefaultListableBeanFactory:483 - Finished creating instance of bean &apos;(inner bean)#245253d8&apos;
2019-02-08 12:52:14 DEBUG DefaultListableBeanFactory:447 - Creating instance of bean &apos;(inner bean)#d325518&apos;
2019-02-08 12:52:14 DEBUG DefaultListableBeanFactory:251 - Returning cached instance of singleton bean &apos;org.springframework.transaction.config.internalTransactionAdvisor&apos;
2019-02-08 12:52:14 DEBUG DefaultListableBeanFactory:483 - Finished creating instance of bean &apos;(inner bean)#d325518&apos;
2019-02-08 12:52:14 DEBUG DefaultListableBeanFactory:447 - Creating instance of bean &apos;(inner bean)#67fb5025&apos;
2019-02-08 12:52:14 DEBUG DefaultListableBeanFactory:251 - Returning cached instance of singleton bean &apos;org.springframework.transaction.config.internalTransactionAdvisor&apos;
2019-02-08 12:52:14 DEBUG DefaultListableBeanFactory:483 - Finished creating instance of bean &apos;(inner bean)#67fb5025&apos;
2019-02-08 12:52:14 DEBUG DefaultListableBeanFactory:447 - Creating instance of bean &apos;(inner bean)#79b18230&apos;
2019-02-08 12:52:14 DEBUG DefaultListableBeanFactory:251 - Returning cached instance of singleton bean &apos;org.springframework.transaction.config.internalTransactionAdvisor&apos;
2019-02-08 12:52:14 DEBUG DefaultListableBeanFactory:483 - Finished creating instance of bean &apos;(inner bean)#79b18230&apos;
2019-02-08 12:52:14 DEBUG DefaultListableBeanFactory:447 - Creating instance of bean &apos;(inner bean)#5c059a68&apos;
2019-02-08 12:52:14 DEBUG DefaultListableBeanFactory:447 - Creating instance of bean &apos;(inner bean)#2e1eb85f&apos;
2019-02-08 12:52:14 DEBUG DefaultListableBeanFactory:1672 - Invoking afterPropertiesSet() on bean with name &apos;(inner bean)#2e1eb85f&apos;
2019-02-08 12:52:14 DEBUG DefaultListableBeanFactory:251 - Returning cached instance of singleton bean &apos;org.springframework.transaction.config.internalTransactionAdvisor&apos;
2019-02-08 12:52:14 DEBUG DefaultListableBeanFactory:483 - Finished creating instance of bean &apos;(inner bean)#2e1eb85f&apos;
2019-02-08 12:52:14 DEBUG DefaultListableBeanFactory:251 - Returning cached instance of singleton bean &apos;org.springframework.transaction.config.internalTransactionAdvisor&apos;
2019-02-08 12:52:14 DEBUG DefaultListableBeanFactory:251 - Returning cached instance of singleton bean &apos;org.springframework.transaction.config.internalTransactionAdvisor&apos;
2019-02-08 12:52:14 DEBUG DefaultListableBeanFactory:483 - Finished creating instance of bean &apos;(inner bean)#5c059a68&apos;
2019-02-08 12:52:14 DEBUG DefaultListableBeanFactory:447 - Creating instance of bean &apos;(inner bean)#4bf80c29&apos;
2019-02-08 12:52:14 DEBUG DefaultListableBeanFactory:251 - Returning cached instance of singleton bean &apos;org.springframework.transaction.config.internalTransactionAdvisor&apos;
2019-02-08 12:52:14 DEBUG DefaultListableBeanFactory:483 - Finished creating instance of bean &apos;(inner bean)#4bf80c29&apos;
2019-02-08 12:52:14 DEBUG DefaultListableBeanFactory:447 - Creating instance of bean &apos;(inner bean)#32a4ecbe&apos;
2019-02-08 12:52:14 DEBUG DefaultListableBeanFactory:251 - Returning cached instance of singleton bean &apos;org.springframework.transaction.config.internalTransactionAdvisor&apos;
2019-02-08 12:52:14 DEBUG DefaultListableBeanFactory:483 - Finished creating instance of bean &apos;(inner bean)#32a4ecbe&apos;
2019-02-08 12:52:14 DEBUG DefaultListableBeanFactory:1672 - Invoking afterPropertiesSet() on bean with name &apos;org.springframework.web.servlet.mvc.method.annotation.RequestMappingHandlerAdapter#0&apos;
2019-02-08 12:52:14 INFO  RequestMappingHandlerAdapter:532 - Looking for @ControllerAdvice: org.springframework.web.context.support.GenericWebApplicationContext@458c1321: startup date [Fri Feb 08 12:52:11 EET 2019]; root of context hierarchy
2019-02-08 12:52:14 DEBUG DefaultListableBeanFactory:251 - Returning cached instance of singleton bean &apos;org.springframework.transaction.config.internalTransactionAdvisor&apos;
2019-02-08 12:52:14 DEBUG DefaultListableBeanFactory:483 - Finished creating instance of bean &apos;org.springframework.web.servlet.mvc.method.annotation.RequestMappingHandlerAdapter#0&apos;
2019-02-08 12:52:14 DEBUG DefaultListableBeanFactory:221 - Creating shared instance of singleton bean &apos;mvcUriComponentsContributor&apos;
2019-02-08 12:52:14 DEBUG DefaultListableBeanFactory:447 - Creating instance of bean &apos;mvcUriComponentsContributor&apos;
2019-02-08 12:52:14 DEBUG DefaultListableBeanFactory:537 - Eagerly caching bean &apos;mvcUriComponentsContributor&apos; to allow for resolving potential circular references
2019-02-08 12:52:14 DEBUG DefaultListableBeanFactory:447 - Creating instance of bean &apos;(inner bean)#5f726750&apos;
2019-02-08 12:52:14 DEBUG DefaultListableBeanFactory:251 - Returning cached instance of singleton bean &apos;mvcContentNegotiationManager&apos;
2019-02-08 12:52:14 DEBUG DefaultListableBeanFactory:447 - Creating instance of bean &apos;(inner bean)#7f3ca64a#1&apos;
2019-02-08 12:52:14 DEBUG DefaultListableBeanFactory:251 - Returning cached instance of singleton bean &apos;org.springframework.format.support.FormattingConversionServiceFactoryBean#0&apos;
2019-02-08 12:52:14 DEBUG DefaultListableBeanFactory:251 - Returning cached instance of singleton bean &apos;org.springframework.validation.beanvalidation.OptionalValidatorFactoryBean#0&apos;
2019-02-08 12:52:14 DEBUG DefaultListableBeanFactory:251 - Returning cached instance of singleton bean &apos;org.springframework.transaction.config.internalTransactionAdvisor&apos;
2019-02-08 12:52:14 DEBUG DefaultListableBeanFactory:483 - Finished creating instance of bean &apos;(inner bean)#7f3ca64a#1&apos;
2019-02-08 12:52:14 DEBUG DefaultListableBeanFactory:447 - Creating instance of bean &apos;(inner bean)#525b1b70#1&apos;
2019-02-08 12:52:14 DEBUG DefaultListableBeanFactory:251 - Returning cached instance of singleton bean &apos;org.springframework.transaction.config.internalTransactionAdvisor&apos;
2019-02-08 12:52:14 DEBUG DefaultListableBeanFactory:483 - Finished creating instance of bean &apos;(inner bean)#525b1b70#1&apos;
2019-02-08 12:52:14 DEBUG DefaultListableBeanFactory:447 - Creating instance of bean &apos;(inner bean)#359066bc#1&apos;
2019-02-08 12:52:14 DEBUG DefaultListableBeanFactory:251 - Returning cached instance of singleton bean &apos;org.springframework.transaction.config.internalTransactionAdvisor&apos;
2019-02-08 12:52:14 DEBUG DefaultListableBeanFactory:483 - Finished creating instance of bean &apos;(inner bean)#359066bc#1&apos;
2019-02-08 12:52:14 DEBUG DefaultListableBeanFactory:447 - Creating instance of bean &apos;(inner bean)#245253d8#1&apos;
2019-02-08 12:52:14 DEBUG DefaultListableBeanFactory:251 - Returning cached instance of singleton bean &apos;org.springframework.transaction.config.internalTransactionAdvisor&apos;
2019-02-08 12:52:14 DEBUG DefaultListableBeanFactory:483 - Finished creating instance of bean &apos;(inner bean)#245253d8#1&apos;
2019-02-08 12:52:14 DEBUG DefaultListableBeanFactory:447 - Creating instance of bean &apos;(inner bean)#d325518#1&apos;
2019-02-08 12:52:14 DEBUG DefaultListableBeanFactory:251 - Returning cached instance of singleton bean &apos;org.springframework.transaction.config.internalTransactionAdvisor&apos;
2019-02-08 12:52:14 DEBUG DefaultListableBeanFactory:483 - Finished creating instance of bean &apos;(inner bean)#d325518#1&apos;
2019-02-08 12:52:14 DEBUG DefaultListableBeanFactory:447 - Creating instance of bean &apos;(inner bean)#67fb5025#1&apos;
2019-02-08 12:52:14 DEBUG DefaultListableBeanFactory:251 - Returning cached instance of singleton bean &apos;org.springframework.transaction.config.internalTransactionAdvisor&apos;
2019-02-08 12:52:14 DEBUG DefaultListableBeanFactory:483 - Finished creating instance of bean &apos;(inner bean)#67fb5025#1&apos;
2019-02-08 12:52:14 DEBUG DefaultListableBeanFactory:447 - Creating instance of bean &apos;(inner bean)#79b18230#1&apos;
2019-02-08 12:52:14 DEBUG DefaultListableBeanFactory:251 - Returning cached instance of singleton bean &apos;org.springframework.transaction.config.internalTransactionAdvisor&apos;
2019-02-08 12:52:14 DEBUG DefaultListableBeanFactory:483 - Finished creating instance of bean &apos;(inner bean)#79b18230#1&apos;
2019-02-08 12:52:14 DEBUG DefaultListableBeanFactory:447 - Creating instance of bean &apos;(inner bean)#5c059a68#1&apos;
2019-02-08 12:52:14 DEBUG DefaultListableBeanFactory:447 - Creating instance of bean &apos;(inner bean)#2e1eb85f#1&apos;
2019-02-08 12:52:14 DEBUG DefaultListableBeanFactory:1672 - Invoking afterPropertiesSet() on bean with name &apos;(inner bean)#2e1eb85f#1&apos;
2019-02-08 12:52:14 DEBUG DefaultListableBeanFactory:251 - Returning cached instance of singleton bean &apos;org.springframework.transaction.config.internalTransactionAdvisor&apos;
2019-02-08 12:52:14 DEBUG DefaultListableBeanFactory:483 - Finished creating instance of bean &apos;(inner bean)#2e1eb85f#1&apos;
2019-02-08 12:52:14 DEBUG DefaultListableBeanFactory:251 - Returning cached instance of singleton bean &apos;org.springframework.transaction.config.internalTransactionAdvisor&apos;
2019-02-08 12:52:14 DEBUG DefaultListableBeanFactory:251 - Returning cached instance of singleton bean &apos;org.springframework.transaction.config.internalTransactionAdvisor&apos;
2019-02-08 12:52:14 DEBUG DefaultListableBeanFactory:483 - Finished creating instance of bean &apos;(inner bean)#5c059a68#1&apos;
2019-02-08 12:52:14 DEBUG DefaultListableBeanFactory:447 - Creating instance of bean &apos;(inner bean)#4bf80c29#1&apos;
2019-02-08 12:52:14 DEBUG DefaultListableBeanFactory:251 - Returning cached instance of singleton bean &apos;org.springframework.transaction.config.internalTransactionAdvisor&apos;
2019-02-08 12:52:14 DEBUG DefaultListableBeanFactory:483 - Finished creating instance of bean &apos;(inner bean)#4bf80c29#1&apos;
2019-02-08 12:52:14 DEBUG DefaultListableBeanFactory:447 - Creating instance of bean &apos;(inner bean)#32a4ecbe#1&apos;
2019-02-08 12:52:14 DEBUG DefaultListableBeanFactory:251 - Returning cached instance of singleton bean &apos;org.springframework.transaction.config.internalTransactionAdvisor&apos;
2019-02-08 12:52:14 DEBUG DefaultListableBeanFactory:483 - Finished creating instance of bean &apos;(inner bean)#32a4ecbe#1&apos;
2019-02-08 12:52:14 DEBUG DefaultListableBeanFactory:1672 - Invoking afterPropertiesSet() on bean with name &apos;(inner bean)#5f726750&apos;
2019-02-08 12:52:14 INFO  RequestMappingHandlerAdapter:532 - Looking for @ControllerAdvice: org.springframework.web.context.support.GenericWebApplicationContext@458c1321: startup date [Fri Feb 08 12:52:11 EET 2019]; root of context hierarchy
2019-02-08 12:52:14 DEBUG DefaultListableBeanFactory:251 - Returning cached instance of singleton bean &apos;org.springframework.transaction.config.internalTransactionAdvisor&apos;
2019-02-08 12:52:14 DEBUG DefaultListableBeanFactory:483 - Finished creating instance of bean &apos;(inner bean)#5f726750&apos;
2019-02-08 12:52:14 DEBUG DefaultListableBeanFactory:251 - Returning cached instance of singleton bean &apos;org.springframework.format.support.FormattingConversionServiceFactoryBean#0&apos;
2019-02-08 12:52:14 DEBUG DefaultListableBeanFactory:1672 - Invoking afterPropertiesSet() on bean with name &apos;mvcUriComponentsContributor&apos;
2019-02-08 12:52:14 DEBUG DefaultListableBeanFactory:251 - Returning cached instance of singleton bean &apos;org.springframework.transaction.config.internalTransactionAdvisor&apos;
2019-02-08 12:52:14 DEBUG DefaultListableBeanFactory:483 - Finished creating instance of bean &apos;mvcUriComponentsContributor&apos;
2019-02-08 12:52:14 DEBUG DefaultListableBeanFactory:251 - Returning cached instance of singleton bean &apos;org.springframework.web.servlet.handler.MappedInterceptor#0&apos;
2019-02-08 12:52:14 DEBUG DefaultListableBeanFactory:221 - Creating shared instance of singleton bean &apos;org.springframework.web.servlet.mvc.method.annotation.ExceptionHandlerExceptionResolver#0&apos;
2019-02-08 12:52:14 DEBUG DefaultListableBeanFactory:447 - Creating instance of bean &apos;org.springframework.web.servlet.mvc.method.annotation.ExceptionHandlerExceptionResolver#0&apos;
2019-02-08 12:52:14 DEBUG DefaultListableBeanFactory:537 - Eagerly caching bean &apos;org.springframework.web.servlet.mvc.method.annotation.ExceptionHandlerExceptionResolver#0&apos; to allow for resolving potential circular references
2019-02-08 12:52:14 DEBUG DefaultListableBeanFactory:251 - Returning cached instance of singleton bean &apos;mvcContentNegotiationManager&apos;
2019-02-08 12:52:14 DEBUG DefaultListableBeanFactory:447 - Creating instance of bean &apos;(inner bean)#525b1b70#2&apos;
2019-02-08 12:52:14 DEBUG DefaultListableBeanFactory:251 - Returning cached instance of singleton bean &apos;org.springframework.transaction.config.internalTransactionAdvisor&apos;
2019-02-08 12:52:14 DEBUG DefaultListableBeanFactory:483 - Finished creating instance of bean &apos;(inner bean)#525b1b70#2&apos;
2019-02-08 12:52:14 DEBUG DefaultListableBeanFactory:447 - Creating instance of bean &apos;(inner bean)#359066bc#2&apos;
2019-02-08 12:52:14 DEBUG DefaultListableBeanFactory:251 - Returning cached instance of singleton bean &apos;org.springframework.transaction.config.internalTransactionAdvisor&apos;
2019-02-08 12:52:14 DEBUG DefaultListableBeanFactory:483 - Finished creating instance of bean &apos;(inner bean)#359066bc#2&apos;
2019-02-08 12:52:14 DEBUG DefaultListableBeanFactory:447 - Creating instance of bean &apos;(inner bean)#245253d8#2&apos;
2019-02-08 12:52:14 DEBUG DefaultListableBeanFactory:251 - Returning cached instance of singleton bean &apos;org.springframework.transaction.config.internalTransactionAdvisor&apos;
2019-02-08 12:52:14 DEBUG DefaultListableBeanFactory:483 - Finished creating instance of bean &apos;(inner bean)#245253d8#2&apos;
2019-02-08 12:52:14 DEBUG DefaultListableBeanFactory:447 - Creating instance of bean &apos;(inner bean)#d325518#2&apos;
2019-02-08 12:52:14 DEBUG DefaultListableBeanFactory:251 - Returning cached instance of singleton bean &apos;org.springframework.transaction.config.internalTransactionAdvisor&apos;
2019-02-08 12:52:14 DEBUG DefaultListableBeanFactory:483 - Finished creating instance of bean &apos;(inner bean)#d325518#2&apos;
2019-02-08 12:52:14 DEBUG DefaultListableBeanFactory:447 - Creating instance of bean &apos;(inner bean)#67fb5025#2&apos;
2019-02-08 12:52:14 DEBUG DefaultListableBeanFactory:251 - Returning cached instance of singleton bean &apos;org.springframework.transaction.config.internalTransactionAdvisor&apos;
2019-02-08 12:52:14 DEBUG DefaultListableBeanFactory:483 - Finished creating instance of bean &apos;(inner bean)#67fb5025#2&apos;
2019-02-08 12:52:14 DEBUG DefaultListableBeanFactory:447 - Creating instance of bean &apos;(inner bean)#79b18230#2&apos;
2019-02-08 12:52:14 DEBUG DefaultListableBeanFactory:251 - Returning cached instance of singleton bean &apos;org.springframework.transaction.config.internalTransactionAdvisor&apos;
2019-02-08 12:52:14 DEBUG DefaultListableBeanFactory:483 - Finished creating instance of bean &apos;(inner bean)#79b18230#2&apos;
2019-02-08 12:52:14 DEBUG DefaultListableBeanFactory:447 - Creating instance of bean &apos;(inner bean)#5c059a68#2&apos;
2019-02-08 12:52:14 DEBUG DefaultListableBeanFactory:447 - Creating instance of bean &apos;(inner bean)#2e1eb85f#2&apos;
2019-02-08 12:52:14 DEBUG DefaultListableBeanFactory:1672 - Invoking afterPropertiesSet() on bean with name &apos;(inner bean)#2e1eb85f#2&apos;
2019-02-08 12:52:14 DEBUG DefaultListableBeanFactory:251 - Returning cached instance of singleton bean &apos;org.springframework.transaction.config.internalTransactionAdvisor&apos;
2019-02-08 12:52:14 DEBUG DefaultListableBeanFactory:483 - Finished creating instance of bean &apos;(inner bean)#2e1eb85f#2&apos;
2019-02-08 12:52:14 DEBUG DefaultListableBeanFactory:251 - Returning cached instance of singleton bean &apos;org.springframework.transaction.config.internalTransactionAdvisor&apos;
2019-02-08 12:52:14 DEBUG DefaultListableBeanFactory:251 - Returning cached instance of singleton bean &apos;org.springframework.transaction.config.internalTransactionAdvisor&apos;
2019-02-08 12:52:14 DEBUG DefaultListableBeanFactory:483 - Finished creating instance of bean &apos;(inner bean)#5c059a68#2&apos;
2019-02-08 12:52:14 DEBUG DefaultListableBeanFactory:447 - Creating instance of bean &apos;(inner bean)#19b07407&apos;
2019-02-08 12:52:14 DEBUG DefaultListableBeanFactory:251 - Returning cached instance of singleton bean &apos;org.springframework.transaction.config.internalTransactionAdvisor&apos;
2019-02-08 12:52:14 DEBUG DefaultListableBeanFactory:483 - Finished creating instance of bean &apos;(inner bean)#19b07407&apos;
2019-02-08 12:52:14 DEBUG DefaultListableBeanFactory:1672 - Invoking afterPropertiesSet() on bean with name &apos;org.springframework.web.servlet.mvc.method.annotation.ExceptionHandlerExceptionResolver#0&apos;
2019-02-08 12:52:14 DEBUG ExceptionHandlerExceptionResolver:257 - Looking for exception mappings: org.springframework.web.context.support.GenericWebApplicationContext@458c1321: startup date [Fri Feb 08 12:52:11 EET 2019]; root of context hierarchy
2019-02-08 12:52:14 DEBUG DefaultListableBeanFactory:251 - Returning cached instance of singleton bean &apos;org.springframework.transaction.config.internalTransactionAdvisor&apos;
2019-02-08 12:52:14 DEBUG DefaultListableBeanFactory:483 - Finished creating instance of bean &apos;org.springframework.web.servlet.mvc.method.annotation.ExceptionHandlerExceptionResolver#0&apos;
2019-02-08 12:52:14 DEBUG DefaultListableBeanFactory:221 - Creating shared instance of singleton bean &apos;org.springframework.web.servlet.mvc.annotation.ResponseStatusExceptionResolver#0&apos;
2019-02-08 12:52:14 DEBUG DefaultListableBeanFactory:447 - Creating instance of bean &apos;org.springframework.web.servlet.mvc.annotation.ResponseStatusExceptionResolver#0&apos;
2019-02-08 12:52:14 DEBUG DefaultListableBeanFactory:537 - Eagerly caching bean &apos;org.springframework.web.servlet.mvc.annotation.ResponseStatusExceptionResolver#0&apos; to allow for resolving potential circular references
2019-02-08 12:52:14 DEBUG DefaultListableBeanFactory:251 - Returning cached instance of singleton bean &apos;org.springframework.transaction.config.internalTransactionAdvisor&apos;
2019-02-08 12:52:14 DEBUG DefaultListableBeanFactory:483 - Finished creating instance of bean &apos;org.springframework.web.servlet.mvc.annotation.ResponseStatusExceptionResolver#0&apos;
2019-02-08 12:52:14 DEBUG DefaultListableBeanFactory:221 - Creating shared instance of singleton bean &apos;org.springframework.web.servlet.mvc.support.DefaultHandlerExceptionResolver#0&apos;
2019-02-08 12:52:14 DEBUG DefaultListableBeanFactory:447 - Creating instance of bean &apos;org.springframework.web.servlet.mvc.support.DefaultHandlerExceptionResolver#0&apos;
2019-02-08 12:52:14 DEBUG DefaultListableBeanFactory:537 - Eagerly caching bean &apos;org.springframework.web.servlet.mvc.support.DefaultHandlerExceptionResolver#0&apos; to allow for resolving potential circular references
2019-02-08 12:52:14 DEBUG DefaultListableBeanFactory:251 - Returning cached instance of singleton bean &apos;org.springframework.transaction.config.internalTransactionAdvisor&apos;
2019-02-08 12:52:14 DEBUG DefaultListableBeanFactory:483 - Finished creating instance of bean &apos;org.springframework.web.servlet.mvc.support.DefaultHandlerExceptionResolver#0&apos;
2019-02-08 12:52:14 DEBUG DefaultListableBeanFactory:221 - Creating shared instance of singleton bean &apos;org.springframework.web.servlet.handler.BeanNameUrlHandlerMapping&apos;
2019-02-08 12:52:14 DEBUG DefaultListableBeanFactory:447 - Creating instance of bean &apos;org.springframework.web.servlet.handler.BeanNameUrlHandlerMapping&apos;
2019-02-08 12:52:14 DEBUG DefaultListableBeanFactory:537 - Eagerly caching bean &apos;org.springframework.web.servlet.handler.BeanNameUrlHandlerMapping&apos; to allow for resolving potential circular references
2019-02-08 12:52:14 DEBUG DefaultListableBeanFactory:251 - Returning cached instance of singleton bean &apos;mvcCorsConfigurations&apos;
2019-02-08 12:52:14 DEBUG DefaultListableBeanFactory:251 - Returning cached instance of singleton bean &apos;org.springframework.web.servlet.handler.MappedInterceptor#0&apos;
2019-02-08 12:52:14 DEBUG DefaultListableBeanFactory:251 - Returning cached instance of singleton bean &apos;org.springframework.web.servlet.handler.MappedInterceptor#1&apos;
2019-02-08 12:52:14 DEBUG BeanNameUrlHandlerMapping:71 - Looking for URL mappings in application context: org.springframework.web.context.support.GenericWebApplicationContext@458c1321: startup date [Fri Feb 08 12:52:11 EET 2019]; root of context hierarchy
2019-02-08 12:52:14 DEBUG BeanNameUrlHandlerMapping:86 - Rejected bean name &apos;PropertyConfigurer&apos;: no URL paths identified
2019-02-08 12:52:14 DEBUG BeanNameUrlHandlerMapping:86 - Rejected bean name &apos;DataSource&apos;: no URL paths identified
2019-02-08 12:52:14 DEBUG BeanNameUrlHandlerMapping:86 - Rejected bean name &apos;org.springframework.transaction.config.internalTransactionalEventListenerFactory&apos;: no URL paths identified
2019-02-08 12:52:14 DEBUG BeanNameUrlHandlerMapping:86 - Rejected bean name &apos;org.springframework.aop.config.internalAutoProxyCreator&apos;: no URL paths identified
2019-02-08 12:52:14 DEBUG BeanNameUrlHandlerMapping:86 - Rejected bean name &apos;org.springframework.transaction.annotation.AnnotationTransactionAttributeSource#0&apos;: no URL paths identified
2019-02-08 12:52:14 DEBUG BeanNameUrlHandlerMapping:86 - Rejected bean name &apos;org.springframework.transaction.interceptor.TransactionInterceptor#0&apos;: no URL paths identified
2019-02-08 12:52:14 DEBUG BeanNameUrlHandlerMapping:86 - Rejected bean name &apos;org.springframework.transaction.config.internalTransactionAdvisor&apos;: no URL paths identified
2019-02-08 12:52:14 DEBUG BeanNameUrlHandlerMapping:86 - Rejected bean name &apos;sessionFactory&apos;: no URL paths identified
2019-02-08 12:52:14 DEBUG BeanNameUrlHandlerMapping:86 - Rejected bean name &apos;txManager&apos;: no URL paths identified
2019-02-08 12:52:14 DEBUG BeanNameUrlHandlerMapping:86 - Rejected bean name &apos;addClientController&apos;: no URL paths identified
2019-02-08 12:52:14 DEBUG BeanNameUrlHandlerMapping:86 - Rejected bean name &apos;addContractController&apos;: no URL paths identified
2019-02-08 12:52:14 DEBUG BeanNameUrlHandlerMapping:86 - Rejected bean name &apos;addInsuredPersonController&apos;: no URL paths identified
2019-02-08 12:52:14 DEBUG BeanNameUrlHandlerMapping:86 - Rejected bean name &apos;deleteContractController&apos;: no URL paths identified
2019-02-08 12:52:14 DEBUG BeanNameUrlHandlerMapping:86 - Rejected bean name &apos;editContractController&apos;: no URL paths identified
2019-02-08 12:52:14 DEBUG BeanNameUrlHandlerMapping:86 - Rejected bean name &apos;getContractsFromWebServiceController&apos;: no URL paths identified
2019-02-08 12:52:14 DEBUG BeanNameUrlHandlerMapping:86 - Rejected bean name &apos;showContractsController&apos;: no URL paths identified
2019-02-08 12:52:14 DEBUG BeanNameUrlHandlerMapping:86 - Rejected bean name &apos;showInfoContractController&apos;: no URL paths identified
2019-02-08 12:52:14 DEBUG BeanNameUrlHandlerMapping:86 - Rejected bean name &apos;contractEndPoint&apos;: no URL paths identified
2019-02-08 12:52:14 DEBUG BeanNameUrlHandlerMapping:86 - Rejected bean name &apos;org.springframework.context.annotation.internalConfigurationAnnotationProcessor&apos;: no URL paths identified
2019-02-08 12:52:14 DEBUG BeanNameUrlHandlerMapping:86 - Rejected bean name &apos;org.springframework.context.annotation.internalAutowiredAnnotationProcessor&apos;: no URL paths identified
2019-02-08 12:52:14 DEBUG BeanNameUrlHandlerMapping:86 - Rejected bean name &apos;org.springframework.context.annotation.internalRequiredAnnotationProcessor&apos;: no URL paths identified
2019-02-08 12:52:14 DEBUG BeanNameUrlHandlerMapping:86 - Rejected bean name &apos;org.springframework.context.annotation.internalCommonAnnotationProcessor&apos;: no URL paths identified
2019-02-08 12:52:14 DEBUG BeanNameUrlHandlerMapping:86 - Rejected bean name &apos;org.springframework.context.annotation.internalPersistenceAnnotationProcessor&apos;: no URL paths identified
2019-02-08 12:52:14 DEBUG BeanNameUrlHandlerMapping:86 - Rejected bean name &apos;org.springframework.context.event.internalEventListenerProcessor&apos;: no URL paths identified
2019-02-08 12:52:14 DEBUG BeanNameUrlHandlerMapping:86 - Rejected bean name &apos;org.springframework.context.event.internalEventListenerFactory&apos;: no URL paths identified
2019-02-08 12:52:14 DEBUG BeanNameUrlHandlerMapping:86 - Rejected bean name &apos;individual-1&apos;: no URL paths identified
2019-02-08 12:52:14 DEBUG BeanNameUrlHandlerMapping:86 - Rejected bean name &apos;legal-entity&apos;: no URL paths identified
2019-02-08 12:52:14 DEBUG BeanNameUrlHandlerMapping:86 - Rejected bean name &apos;insured-person-1&apos;: no URL paths identified
2019-02-08 12:52:14 DEBUG BeanNameUrlHandlerMapping:86 - Rejected bean name &apos;insured-person-2&apos;: no URL paths identified
2019-02-08 12:52:14 DEBUG BeanNameUrlHandlerMapping:86 - Rejected bean name &apos;contract-1&apos;: no URL paths identified
2019-02-08 12:52:14 DEBUG BeanNameUrlHandlerMapping:86 - Rejected bean name &apos;clientService&apos;: no URL paths identified
2019-02-08 12:52:14 DEBUG BeanNameUrlHandlerMapping:86 - Rejected bean name &apos;contractService&apos;: no URL paths identified
2019-02-08 12:52:14 DEBUG BeanNameUrlHandlerMapping:86 - Rejected bean name &apos;insuredPersonService&apos;: no URL paths identified
2019-02-08 12:52:14 DEBUG BeanNameUrlHandlerMapping:86 - Rejected bean name &apos;clientDAO&apos;: no URL paths identified
2019-02-08 12:52:14 DEBUG BeanNameUrlHandlerMapping:86 - Rejected bean name &apos;contractDAO&apos;: no URL paths identified
2019-02-08 12:52:14 DEBUG BeanNameUrlHandlerMapping:86 - Rejected bean name &apos;insuredPersonDAO&apos;: no URL paths identified
2019-02-08 12:52:14 DEBUG BeanNameUrlHandlerMapping:86 - Rejected bean name &apos;clientHibernateDAO&apos;: no URL paths identified
2019-02-08 12:52:14 DEBUG BeanNameUrlHandlerMapping:86 - Rejected bean name &apos;contractHibernateDAO&apos;: no URL paths identified
2019-02-08 12:52:14 DEBUG BeanNameUrlHandlerMapping:86 - Rejected bean name &apos;insuredPersonHibernateDAO&apos;: no URL paths identified
2019-02-08 12:52:14 DEBUG BeanNameUrlHandlerMapping:86 - Rejected bean name &apos;mvcContentNegotiationManager&apos;: no URL paths identified
2019-02-08 12:52:14 DEBUG BeanNameUrlHandlerMapping:86 - Rejected bean name &apos;org.springframework.web.servlet.mvc.method.annotation.RequestMappingHandlerMapping#0&apos;: no URL paths identified
2019-02-08 12:52:14 DEBUG BeanNameUrlHandlerMapping:86 - Rejected bean name &apos;mvcCorsConfigurations&apos;: no URL paths identified
2019-02-08 12:52:14 DEBUG BeanNameUrlHandlerMapping:86 - Rejected bean name &apos;org.springframework.format.support.FormattingConversionServiceFactoryBean#0&apos;: no URL paths identified
2019-02-08 12:52:14 DEBUG BeanNameUrlHandlerMapping:86 - Rejected bean name &apos;org.springframework.validation.beanvalidation.OptionalValidatorFactoryBean#0&apos;: no URL paths identified
2019-02-08 12:52:14 DEBUG BeanNameUrlHandlerMapping:86 - Rejected bean name &apos;org.springframework.web.servlet.mvc.method.annotation.RequestMappingHandlerAdapter#0&apos;: no URL paths identified
2019-02-08 12:52:14 DEBUG BeanNameUrlHandlerMapping:86 - Rejected bean name &apos;mvcUriComponentsContributor&apos;: no URL paths identified
2019-02-08 12:52:14 DEBUG BeanNameUrlHandlerMapping:86 - Rejected bean name &apos;org.springframework.web.servlet.handler.MappedInterceptor#0&apos;: no URL paths identified
2019-02-08 12:52:14 DEBUG BeanNameUrlHandlerMapping:86 - Rejected bean name &apos;org.springframework.web.servlet.mvc.method.annotation.ExceptionHandlerExceptionResolver#0&apos;: no URL paths identified
2019-02-08 12:52:14 DEBUG BeanNameUrlHandlerMapping:86 - Rejected bean name &apos;org.springframework.web.servlet.mvc.annotation.ResponseStatusExceptionResolver#0&apos;: no URL paths identified
2019-02-08 12:52:14 DEBUG BeanNameUrlHandlerMapping:86 - Rejected bean name &apos;org.springframework.web.servlet.mvc.support.DefaultHandlerExceptionResolver#0&apos;: no URL paths identified
2019-02-08 12:52:14 DEBUG BeanNameUrlHandlerMapping:86 - Rejected bean name &apos;org.springframework.web.servlet.handler.BeanNameUrlHandlerMapping&apos;: no URL paths identified
2019-02-08 12:52:14 DEBUG BeanNameUrlHandlerMapping:86 - Rejected bean name &apos;org.springframework.web.servlet.mvc.HttpRequestHandlerAdapter&apos;: no URL paths identified
2019-02-08 12:52:14 DEBUG BeanNameUrlHandlerMapping:86 - Rejected bean name &apos;org.springframework.web.servlet.mvc.SimpleControllerHandlerAdapter&apos;: no URL paths identified
2019-02-08 12:52:14 DEBUG BeanNameUrlHandlerMapping:86 - Rejected bean name &apos;mvcViewResolver&apos;: no URL paths identified
2019-02-08 12:52:14 DEBUG BeanNameUrlHandlerMapping:86 - Rejected bean name &apos;mvcResourceUrlProvider&apos;: no URL paths identified
2019-02-08 12:52:14 DEBUG BeanNameUrlHandlerMapping:86 - Rejected bean name &apos;org.springframework.web.servlet.handler.MappedInterceptor#1&apos;: no URL paths identified
2019-02-08 12:52:14 DEBUG BeanNameUrlHandlerMapping:86 - Rejected bean name &apos;org.springframework.web.servlet.resource.ResourceHttpRequestHandler#0&apos;: no URL paths identified
2019-02-08 12:52:14 DEBUG BeanNameUrlHandlerMapping:86 - Rejected bean name &apos;mvcPathMatcher&apos;: no URL paths identified
2019-02-08 12:52:14 DEBUG BeanNameUrlHandlerMapping:86 - Rejected bean name &apos;mvcUrlPathHelper&apos;: no URL paths identified
2019-02-08 12:52:14 DEBUG BeanNameUrlHandlerMapping:86 - Rejected bean name &apos;org.springframework.web.servlet.handler.SimpleUrlHandlerMapping#0&apos;: no URL paths identified
2019-02-08 12:52:14 DEBUG BeanNameUrlHandlerMapping:86 - Rejected bean name &apos;objectMapper&apos;: no URL paths identified
2019-02-08 12:52:14 DEBUG BeanNameUrlHandlerMapping:86 - Rejected bean name &apos;environment&apos;: no URL paths identified
2019-02-08 12:52:14 DEBUG BeanNameUrlHandlerMapping:86 - Rejected bean name &apos;systemProperties&apos;: no URL paths identified
2019-02-08 12:52:14 DEBUG BeanNameUrlHandlerMapping:86 - Rejected bean name &apos;systemEnvironment&apos;: no URL paths identified
2019-02-08 12:52:14 DEBUG BeanNameUrlHandlerMapping:86 - Rejected bean name &apos;servletContext&apos;: no URL paths identified
2019-02-08 12:52:14 DEBUG BeanNameUrlHandlerMapping:86 - Rejected bean name &apos;contextParameters&apos;: no URL paths identified
2019-02-08 12:52:14 DEBUG BeanNameUrlHandlerMapping:86 - Rejected bean name &apos;contextAttributes&apos;: no URL paths identified
2019-02-08 12:52:14 DEBUG BeanNameUrlHandlerMapping:86 - Rejected bean name &apos;org.springframework.context.annotation.ConfigurationClassPostProcessor.importRegistry&apos;: no URL paths identified
2019-02-08 12:52:14 DEBUG BeanNameUrlHandlerMapping:86 - Rejected bean name &apos;messageSource&apos;: no URL paths identified
2019-02-08 12:52:14 DEBUG BeanNameUrlHandlerMapping:86 - Rejected bean name &apos;applicationEventMulticaster&apos;: no URL paths identified
2019-02-08 12:52:14 DEBUG DefaultListableBeanFactory:251 - Returning cached instance of singleton bean &apos;org.springframework.transaction.config.internalTransactionAdvisor&apos;
2019-02-08 12:52:14 DEBUG DefaultListableBeanFactory:483 - Finished creating instance of bean &apos;org.springframework.web.servlet.handler.BeanNameUrlHandlerMapping&apos;
2019-02-08 12:52:14 DEBUG DefaultListableBeanFactory:221 - Creating shared instance of singleton bean &apos;org.springframework.web.servlet.mvc.HttpRequestHandlerAdapter&apos;
2019-02-08 12:52:14 DEBUG DefaultListableBeanFactory:447 - Creating instance of bean &apos;org.springframework.web.servlet.mvc.HttpRequestHandlerAdapter&apos;
2019-02-08 12:52:14 DEBUG DefaultListableBeanFactory:537 - Eagerly caching bean &apos;org.springframework.web.servlet.mvc.HttpRequestHandlerAdapter&apos; to allow for resolving potential circular references
2019-02-08 12:52:14 DEBUG DefaultListableBeanFactory:251 - Returning cached instance of singleton bean &apos;org.springframework.transaction.config.internalTransactionAdvisor&apos;
2019-02-08 12:52:14 DEBUG DefaultListableBeanFactory:483 - Finished creating instance of bean &apos;org.springframework.web.servlet.mvc.HttpRequestHandlerAdapter&apos;
2019-02-08 12:52:14 DEBUG DefaultListableBeanFactory:221 - Creating shared instance of singleton bean &apos;org.springframework.web.servlet.mvc.SimpleControllerHandlerAdapter&apos;
2019-02-08 12:52:14 DEBUG DefaultListableBeanFactory:447 - Creating instance of bean &apos;org.springframework.web.servlet.mvc.SimpleControllerHandlerAdapter&apos;
2019-02-08 12:52:14 DEBUG DefaultListableBeanFactory:537 - Eagerly caching bean &apos;org.springframework.web.servlet.mvc.SimpleControllerHandlerAdapter&apos; to allow for resolving potential circular references
2019-02-08 12:52:14 DEBUG DefaultListableBeanFactory:251 - Returning cached instance of singleton bean &apos;org.springframework.transaction.config.internalTransactionAdvisor&apos;
2019-02-08 12:52:14 DEBUG DefaultListableBeanFactory:483 - Finished creating instance of bean &apos;org.springframework.web.servlet.mvc.SimpleControllerHandlerAdapter&apos;
2019-02-08 12:52:14 DEBUG DefaultListableBeanFactory:221 - Creating shared instance of singleton bean &apos;mvcViewResolver&apos;
2019-02-08 12:52:14 DEBUG DefaultListableBeanFactory:447 - Creating instance of bean &apos;mvcViewResolver&apos;
2019-02-08 12:52:14 DEBUG DefaultListableBeanFactory:537 - Eagerly caching bean &apos;mvcViewResolver&apos; to allow for resolving potential circular references
2019-02-08 12:52:14 DEBUG DefaultListableBeanFactory:447 - Creating instance of bean &apos;(inner bean)#124d26ba&apos;
2019-02-08 12:52:14 DEBUG DefaultListableBeanFactory:251 - Returning cached instance of singleton bean &apos;org.springframework.transaction.config.internalTransactionAdvisor&apos;
2019-02-08 12:52:14 DEBUG DefaultListableBeanFactory:483 - Finished creating instance of bean &apos;(inner bean)#124d26ba&apos;
2019-02-08 12:52:14 DEBUG DefaultListableBeanFactory:447 - Creating instance of bean &apos;(inner bean)#4a89ef44&apos;
2019-02-08 12:52:14 DEBUG DefaultListableBeanFactory:251 - Returning cached instance of singleton bean &apos;org.springframework.transaction.config.internalTransactionAdvisor&apos;
2019-02-08 12:52:14 DEBUG DefaultListableBeanFactory:483 - Finished creating instance of bean &apos;(inner bean)#4a89ef44&apos;
2019-02-08 12:52:14 DEBUG DefaultListableBeanFactory:1672 - Invoking afterPropertiesSet() on bean with name &apos;mvcViewResolver&apos;
2019-02-08 12:52:14 DEBUG DefaultListableBeanFactory:251 - Returning cached instance of singleton bean &apos;org.springframework.transaction.config.internalTransactionAdvisor&apos;
2019-02-08 12:52:14 DEBUG DefaultListableBeanFactory:483 - Finished creating instance of bean &apos;mvcViewResolver&apos;
2019-02-08 12:52:14 DEBUG DefaultListableBeanFactory:221 - Creating shared instance of singleton bean &apos;mvcResourceUrlProvider&apos;
2019-02-08 12:52:14 DEBUG DefaultListableBeanFactory:447 - Creating instance of bean &apos;mvcResourceUrlProvider&apos;
2019-02-08 12:52:14 DEBUG DefaultListableBeanFactory:537 - Eagerly caching bean &apos;mvcResourceUrlProvider&apos; to allow for resolving potential circular references
2019-02-08 12:52:14 DEBUG DefaultListableBeanFactory:251 - Returning cached instance of singleton bean &apos;org.springframework.transaction.config.internalTransactionAdvisor&apos;
2019-02-08 12:52:14 DEBUG DefaultListableBeanFactory:483 - Finished creating instance of bean &apos;mvcResourceUrlProvider&apos;
2019-02-08 12:52:14 DEBUG DefaultListableBeanFactory:251 - Returning cached instance of singleton bean &apos;org.springframework.web.servlet.handler.MappedInterceptor#1&apos;
2019-02-08 12:52:14 DEBUG DefaultListableBeanFactory:221 - Creating shared instance of singleton bean &apos;org.springframework.web.servlet.resource.ResourceHttpRequestHandler#0&apos;
2019-02-08 12:52:14 DEBUG DefaultListableBeanFactory:447 - Creating instance of bean &apos;org.springframework.web.servlet.resource.ResourceHttpRequestHandler#0&apos;
2019-02-08 12:52:14 DEBUG DefaultListableBeanFactory:537 - Eagerly caching bean &apos;org.springframework.web.servlet.resource.ResourceHttpRequestHandler#0&apos; to allow for resolving potential circular references
2019-02-08 12:52:14 DEBUG DefaultListableBeanFactory:1672 - Invoking afterPropertiesSet() on bean with name &apos;org.springframework.web.servlet.resource.ResourceHttpRequestHandler#0&apos;
2019-02-08 12:52:14 DEBUG DefaultListableBeanFactory:251 - Returning cached instance of singleton bean &apos;org.springframework.transaction.config.internalTransactionAdvisor&apos;
2019-02-08 12:52:14 DEBUG DefaultListableBeanFactory:483 - Finished creating instance of bean &apos;org.springframework.web.servlet.resource.ResourceHttpRequestHandler#0&apos;
2019-02-08 12:52:14 DEBUG DefaultListableBeanFactory:221 - Creating shared instance of singleton bean &apos;mvcPathMatcher&apos;
2019-02-08 12:52:14 DEBUG DefaultListableBeanFactory:447 - Creating instance of bean &apos;mvcPathMatcher&apos;
2019-02-08 12:52:14 DEBUG DefaultListableBeanFactory:537 - Eagerly caching bean &apos;mvcPathMatcher&apos; to allow for resolving potential circular references
2019-02-08 12:52:14 DEBUG DefaultListableBeanFactory:251 - Returning cached instance of singleton bean &apos;org.springframework.transaction.config.internalTransactionAdvisor&apos;
2019-02-08 12:52:14 DEBUG DefaultListableBeanFactory:483 - Finished creating instance of bean &apos;mvcPathMatcher&apos;
2019-02-08 12:52:14 DEBUG DefaultListableBeanFactory:221 - Creating shared instance of singleton bean &apos;mvcUrlPathHelper&apos;
2019-02-08 12:52:14 DEBUG DefaultListableBeanFactory:447 - Creating instance of bean &apos;mvcUrlPathHelper&apos;
2019-02-08 12:52:14 DEBUG DefaultListableBeanFactory:537 - Eagerly caching bean &apos;mvcUrlPathHelper&apos; to allow for resolving potential circular references
2019-02-08 12:52:14 DEBUG DefaultListableBeanFactory:251 - Returning cached instance of singleton bean &apos;org.springframework.transaction.config.internalTransactionAdvisor&apos;
2019-02-08 12:52:14 DEBUG DefaultListableBeanFactory:483 - Finished creating instance of bean &apos;mvcUrlPathHelper&apos;
2019-02-08 12:52:14 DEBUG DefaultListableBeanFactory:221 - Creating shared instance of singleton bean &apos;org.springframework.web.servlet.handler.SimpleUrlHandlerMapping#0&apos;
2019-02-08 12:52:14 DEBUG DefaultListableBeanFactory:447 - Creating instance of bean &apos;org.springframework.web.servlet.handler.SimpleUrlHandlerMapping#0&apos;
2019-02-08 12:52:14 DEBUG DefaultListableBeanFactory:537 - Eagerly caching bean &apos;org.springframework.web.servlet.handler.SimpleUrlHandlerMapping#0&apos; to allow for resolving potential circular references
2019-02-08 12:52:14 DEBUG DefaultListableBeanFactory:251 - Returning cached instance of singleton bean &apos;mvcPathMatcher&apos;
2019-02-08 12:52:14 DEBUG DefaultListableBeanFactory:251 - Returning cached instance of singleton bean &apos;mvcUrlPathHelper&apos;
2019-02-08 12:52:14 DEBUG DefaultListableBeanFactory:251 - Returning cached instance of singleton bean &apos;mvcCorsConfigurations&apos;
2019-02-08 12:52:14 DEBUG DefaultListableBeanFactory:251 - Returning cached instance of singleton bean &apos;org.springframework.web.servlet.handler.MappedInterceptor#0&apos;
2019-02-08 12:52:14 DEBUG DefaultListableBeanFactory:251 - Returning cached instance of singleton bean &apos;org.springframework.web.servlet.handler.MappedInterceptor#1&apos;
2019-02-08 12:52:14 DEBUG DefaultListableBeanFactory:251 - Returning cached instance of singleton bean &apos;org.springframework.web.servlet.resource.ResourceHttpRequestHandler#0&apos;
2019-02-08 12:52:14 INFO  SimpleUrlHandlerMapping:341 - Mapped URL path [/static/**] onto handler &apos;org.springframework.web.servlet.resource.ResourceHttpRequestHandler#0&apos;
2019-02-08 12:52:14 DEBUG DefaultListableBeanFactory:251 - Returning cached instance of singleton bean &apos;org.springframework.transaction.config.internalTransactionAdvisor&apos;
2019-02-08 12:52:14 DEBUG DefaultListableBeanFactory:483 - Finished creating instance of bean &apos;org.springframework.web.servlet.handler.SimpleUrlHandlerMapping#0&apos;
2019-02-08 12:52:14 DEBUG DefaultListableBeanFactory:251 - Returning cached instance of singleton bean &apos;objectMapper&apos;
2019-02-08 12:52:14 DEBUG DefaultListableBeanFactory:251 - Returning cached instance of singleton bean &apos;org.springframework.transaction.config.internalTransactionalEventListenerFactory&apos;
2019-02-08 12:52:14 DEBUG DefaultListableBeanFactory:251 - Returning cached instance of singleton bean &apos;org.springframework.context.event.internalEventListenerFactory&apos;
2019-02-08 12:52:14 DEBUG GenericWebApplicationContext:785 - Unable to locate LifecycleProcessor with name &apos;lifecycleProcessor&apos;: using default [org.springframework.context.support.DefaultLifecycleProcessor@383cb5ce]
2019-02-08 12:52:14 DEBUG DefaultListableBeanFactory:251 - Returning cached instance of singleton bean &apos;lifecycleProcessor&apos;
2019-02-08 12:52:14 DEBUG DefaultListableBeanFactory:251 - Returning cached instance of singleton bean &apos;mvcResourceUrlProvider&apos;
2019-02-08 12:52:14 DEBUG ResourceUrlProvider:139 - Looking for resource handler mappings
2019-02-08 12:52:14 DEBUG DefaultListableBeanFactory:251 - Returning cached instance of singleton bean &apos;org.springframework.web.servlet.handler.SimpleUrlHandlerMapping#0&apos;
2019-02-08 12:52:14 DEBUG ResourceUrlProvider:151 - Found resource handler mapping: URL pattern=&quot;/static/**&quot;, locations=[class path resource [static/]], resolvers=[org.springframework.web.servlet.resource.PathResourceResolver@25a1a012]
2019-02-08 12:52:14 DEBUG ResourceUrlProvider:139 - Looking for resource handler mappings
2019-02-08 12:52:14 DEBUG DefaultListableBeanFactory:251 - Returning cached instance of singleton bean &apos;org.springframework.web.servlet.handler.SimpleUrlHandlerMapping#0&apos;
2019-02-08 12:52:14 DEBUG ResourceUrlProvider:151 - Found resource handler mapping: URL pattern=&quot;/static/**&quot;, locations=[class path resource [static/]], resolvers=[org.springframework.web.servlet.resource.PathResourceResolver@25a1a012]
2019-02-08 12:52:14 DEBUG PropertySourcesPropertyResolver:92 - Could not find key &apos;spring.liveBeansView.mbeanDomain&apos; in any property source
2019-02-08 12:52:14 DEBUG DefaultCacheAwareContextLoaderDelegate:118 - Storing ApplicationContext in cache under key [[WebMergedContextConfiguration@7494e528 testClass = AddInsuredPersonControllerTest, locations = &apos;{classpath:mvc-context.xml}&apos;, classes = &apos;{}&apos;, contextInitializerClasses = &apos;[]&apos;, activeProfiles = &apos;{}&apos;, propertySourceLocations = &apos;{}&apos;, propertySourceProperties = &apos;{}&apos;, contextCustomizers = set[[empty]], resourceBasePath = &apos;src/main/webapp&apos;, contextLoader = &apos;org.springframework.test.context.web.WebDelegatingSmartContextLoader&apos;, parent = [null]]]
2019-02-08 12:52:14 DEBUG cache:290 - Spring test ApplicationContext cache statistics: [DefaultContextCache@b950f82 size = 1, maxSize = 32, parentContextCount = 0, hitCount = 0, missCount = 1]
2019-02-08 12:52:14 DEBUG ServletTestExecutionListener:201 - Setting up MockHttpServletRequest, MockHttpServletResponse, ServletWebRequest, and RequestContextHolder for test context [DefaultTestContext@30b8a058 testClass = AddInsuredPersonControllerTest, testInstance = ua.profitsoft.strymeneshenko.controllers.mvc.AddInsuredPersonControllerTest@5d352de0, testMethod = [null], testException = [null], mergedContextConfiguration = [WebMergedContextConfiguration@7494e528 testClass = AddInsuredPersonControllerTest, locations = &apos;{classpath:mvc-context.xml}&apos;, classes = &apos;{}&apos;, contextInitializerClasses = &apos;[]&apos;, activeProfiles = &apos;{}&apos;, propertySourceLocations = &apos;{}&apos;, propertySourceProperties = &apos;{}&apos;, contextCustomizers = set[[empty]], resourceBasePath = &apos;src/main/webapp&apos;, contextLoader = &apos;org.springframework.test.context.web.WebDelegatingSmartContextLoader&apos;, parent = [null]]].
2019-02-08 12:52:14 DEBUG DependencyInjectionTestExecutionListener:81 - Performing dependency injection for test context [[DefaultTestContext@30b8a058 testClass = AddInsuredPersonControllerTest, testInstance = ua.profitsoft.strymeneshenko.controllers.mvc.AddInsuredPersonControllerTest@5d352de0, testMethod = [null], testException = [null], mergedContextConfiguration = [WebMergedContextConfiguration@7494e528 testClass = AddInsuredPersonControllerTest, locations = &apos;{classpath:mvc-context.xml}&apos;, classes = &apos;{}&apos;, contextInitializerClasses = &apos;[]&apos;, activeProfiles = &apos;{}&apos;, propertySourceLocations = &apos;{}&apos;, propertySourceProperties = &apos;{}&apos;, contextCustomizers = set[[empty]], resourceBasePath = &apos;src/main/webapp&apos;, contextLoader = &apos;org.springframework.test.context.web.WebDelegatingSmartContextLoader&apos;, parent = [null]]]].
2019-02-08 12:52:14 DEBUG DefaultCacheAwareContextLoaderDelegate:129 - Retrieved ApplicationContext from cache with key [[WebMergedContextConfiguration@7494e528 testClass = AddInsuredPersonControllerTest, locations = &apos;{classpath:mvc-context.xml}&apos;, classes = &apos;{}&apos;, contextInitializerClasses = &apos;[]&apos;, activeProfiles = &apos;{}&apos;, propertySourceLocations = &apos;{}&apos;, propertySourceProperties = &apos;{}&apos;, contextCustomizers = set[[empty]], resourceBasePath = &apos;src/main/webapp&apos;, contextLoader = &apos;org.springframework.test.context.web.WebDelegatingSmartContextLoader&apos;, parent = [null]]]
2019-02-08 12:52:14 DEBUG cache:290 - Spring test ApplicationContext cache statistics: [DefaultContextCache@b950f82 size = 1, maxSize = 32, parentContextCount = 0, hitCount = 1, missCount = 1]
2019-02-08 12:52:14 DEBUG InjectionMetadata:85 - Processing injected element of bean &apos;ua.profitsoft.strymeneshenko.controllers.mvc.AddInsuredPersonControllerTest&apos;: AutowiredFieldElement for private org.springframework.web.context.WebApplicationContext ua.profitsoft.strymeneshenko.controllers.mvc.AddInsuredPersonControllerTest.wac
2019-02-08 12:52:14 DEBUG AutowiredAnnotationBeanPostProcessor:533 - Autowiring by type from bean name &apos;ua.profitsoft.strymeneshenko.controllers.mvc.AddInsuredPersonControllerTest&apos; to bean named &apos;org.springframework.web.context.support.GenericWebApplicationContext@458c1321&apos;
2019-02-08 12:52:14 DEBUG DefaultListableBeanFactory:251 - Returning cached instance of singleton bean &apos;org.springframework.transaction.config.internalTransactionAdvisor&apos;
2019-02-08 12:52:14 DEBUG AbstractDirtiesContextTestExecutionListener:106 - Before test method: context [DefaultTestContext@30b8a058 testClass = AddInsuredPersonControllerTest, testInstance = ua.profitsoft.strymeneshenko.controllers.mvc.AddInsuredPersonControllerTest@5d352de0, testMethod = goEdit@AddInsuredPersonControllerTest, testException = [null], mergedContextConfiguration = [WebMergedContextConfiguration@7494e528 testClass = AddInsuredPersonControllerTest, locations = &apos;{classpath:mvc-context.xml}&apos;, classes = &apos;{}&apos;, contextInitializerClasses = &apos;[]&apos;, activeProfiles = &apos;{}&apos;, propertySourceLocations = &apos;{}&apos;, propertySourceProperties = &apos;{}&apos;, contextCustomizers = set[[empty]], resourceBasePath = &apos;src/main/webapp&apos;, contextLoader = &apos;org.springframework.test.context.web.WebDelegatingSmartContextLoader&apos;, parent = [null]]], class annotated with @DirtiesContext [false] with mode [null], method annotated with @DirtiesContext [false] with mode [null].
2019-02-08 12:52:14 DEBUG TestDispatcherServlet:118 - Initializing servlet &apos;&apos;
2019-02-08 12:52:14 DEBUG StandardServletEnvironment:106 - Adding PropertySource &apos;servletConfigInitParams&apos; with lowest search precedence
2019-02-08 12:52:14 DEBUG StandardServletEnvironment:106 - Adding PropertySource &apos;servletContextInitParams&apos; with lowest search precedence
2019-02-08 12:52:14 DEBUG StandardServletEnvironment:106 - Adding PropertySource &apos;systemProperties&apos; with lowest search precedence
2019-02-08 12:52:14 DEBUG StandardServletEnvironment:106 - Adding PropertySource &apos;systemEnvironment&apos; with lowest search precedence
2019-02-08 12:52:14 DEBUG StandardServletEnvironment:125 - Initialized StandardServletEnvironment with PropertySources [StubPropertySource@2053481312 {name=&apos;servletConfigInitParams&apos;, properties=java.lang.Object@30a7653e}, StubPropertySource@2097102621 {name=&apos;servletContextInitParams&apos;, properties=java.lang.Object@6401188a}, MapPropertySource@866699721 {name=&apos;systemProperties&apos;, properties={idea.version=2018.3.4, java.runtime.name=Java(TM) SE Runtime Environment, sun.boot.library.path=C:\Program Files\Java\jdk1.8.0_201\jre\bin, java.vm.version=25.201-b09, java.vm.vendor=Oracle Corporation, java.vendor.url=http://java.oracle.com/, path.separator=;, java.vm.name=Java HotSpot(TM) 64-Bit Server VM, file.encoding.pkg=sun.io, user.country=RU, user.script=, sun.java.launcher=SUN_STANDARD, sun.os.patch.level=Service Pack 1, java.vm.specification.name=Java Virtual Machine Specification, user.dir=C:\Users\user\workspace\ProfITsoftTasks-task8, java.runtime.version=1.8.0_201-b09, basedir=C:\Users\user\workspace\ProfITsoftTasks-task8, java.awt.graphicsenv=sun.awt.Win32GraphicsEnvironment, java.endorsed.dirs=C:\Program Files\Java\jdk1.8.0_201\jre\lib\endorsed, os.arch=amd64, surefire.real.class.path=C:\Users\user\workspace\ProfITsoftTasks-task8\target\surefire\surefirebooter4227925705341608614.jar, java.io.tmpdir=C:\Users\user\AppData\Local\Temp\, line.separator=
, java.vm.specification.vendor=Oracle Corporation, user.variant=, os.name=Windows 7, sun.jnu.encoding=Cp1251, java.library.path=C:\Program Files\Java\jdk1.8.0_201\jre\bin;C:\Windows\Sun\Java\bin;C:\Windows\system32;C:\Windows;C:\Program Files (x86)\Common Files\Oracle\Java\javapath;C:\Program Files (x86)\Intel\iCLS Client\;C:\Program Files\Intel\iCLS Client\;C:\Windows\system32;C:\Windows;C:\Windows\System32\Wbem;C:\Windows\System32\WindowsPowerShell\v1.0\;C:\Program Files\Intel\Intel(R) Management Engine Components\DAL;C:\Program Files (x86)\Intel\Intel(R) Management Engine Components\DAL;C:\Program Files\Intel\Intel(R) Management Engine Components\IPT;C:\Program Files (x86)\Intel\Intel(R) Management Engine Components\IPT;C:\Program Files\TortoiseSVN\bin;C:\Users\user\AppData\Local\GitHubDesktop\bin;., surefire.test.class.path=C:\Users\user\workspace\ProfITsoftTasks-task8\target\test-classes;C:\Users\user\workspace\ProfITsoftTasks-task8\target\classes;C:\Users\user\.m2\repository\junit\junit\4.13-beta-2\junit-4.13-beta-2.jar;C:\Users\user\.m2\repository\org\hamcrest\hamcrest-core\1.3\hamcrest-core-1.3.jar;C:\Users\user\.m2\repository\org\apache\commons\commons-csv\1.6\commons-csv-1.6.jar;C:\Users\user\.m2\repository\log4j\log4j\1.2.17\log4j-1.2.17.jar;C:\Users\user\.m2\repository\commons-dbcp\commons-dbcp\1.2.2\commons-dbcp-1.2.2.jar;C:\Users\user\.m2\repository\commons-pool\commons-pool\1.3\commons-pool-1.3.jar;C:\Users\user\.m2\repository\mysql\mysql-connector-java\8.0.13\mysql-connector-java-8.0.13.jar;C:\Users\user\.m2\repository\com\google\protobuf\protobuf-java\3.6.1\protobuf-java-3.6.1.jar;C:\Users\user\.m2\repository\org\springframework\spring-context\4.3.21.RELEASE\spring-context-4.3.21.RELEASE.jar;C:\Users\user\.m2\repository\org\springframework\spring-aop\4.3.21.RELEASE\spring-aop-4.3.21.RELEASE.jar;C:\Users\user\.m2\repository\org\springframework\spring-beans\4.3.21.RELEASE\spring-beans-4.3.21.RELEASE.jar;C:\Users\user\.m2\repository\org\springframework\spring-expression\4.3.21.RELEASE\spring-expression-4.3.21.RELEASE.jar;C:\Users\user\.m2\repository\org\springframework\spring-orm\4.3.21.RELEASE\spring-orm-4.3.21.RELEASE.jar;C:\Users\user\.m2\repository\org\springframework\spring-tx\4.3.21.RELEASE\spring-tx-4.3.21.RELEASE.jar;C:\Users\user\.m2\repository\org\springframework\spring-core\4.3.21.RELEASE\spring-core-4.3.21.RELEASE.jar;C:\Users\user\.m2\repository\org\springframework\spring-jdbc\4.3.21.RELEASE\spring-jdbc-4.3.21.RELEASE.jar;C:\Users\user\.m2\repository\org\springframework\spring-test\4.3.21.RELEASE\spring-test-4.3.21.RELEASE.jar;C:\Users\user\.m2\repository\org\hibernate\hibernate-core\5.3.5.Final\hibernate-core-5.3.5.Final.jar;C:\Users\user\.m2\repository\org\jboss\logging\jboss-logging\3.3.2.Final\jboss-logging-3.3.2.Final.jar;C:\Users\user\.m2\repository\javax\persistence\javax.persistence-api\2.2\javax.persistence-api-2.2.jar;C:\Users\user\.m2\repository\org\javassist\javassist\3.23.1-GA\javassist-3.23.1-GA.jar;C:\Users\user\.m2\repository\net\bytebuddy\byte-buddy\1.8.17\byte-buddy-1.8.17.jar;C:\Users\user\.m2\repository\antlr\antlr\2.7.7\antlr-2.7.7.jar;C:\Users\user\.m2\repository\org\jboss\spec\javax\transaction\jboss-transaction-api_1.2_spec\1.1.1.Final\jboss-transaction-api_1.2_spec-1.1.1.Final.jar;C:\Users\user\.m2\repository\org\jboss\jandex\2.0.5.Final\jandex-2.0.5.Final.jar;C:\Users\user\.m2\repository\com\fasterxml\classmate\1.3.4\classmate-1.3.4.jar;C:\Users\user\.m2\repository\javax\activation\javax.activation-api\1.2.0\javax.activation-api-1.2.0.jar;C:\Users\user\.m2\repository\dom4j\dom4j\1.6.1\dom4j-1.6.1.jar;C:\Users\user\.m2\repository\org\hibernate\common\hibernate-commons-annotations\5.0.4.Final\hibernate-commons-annotations-5.0.4.Final.jar;C:\Users\user\.m2\repository\org\springframework\spring-aspects\4.3.21.RELEASE\spring-aspects-4.3.21.RELEASE.jar;C:\Users\user\.m2\repository\org\aspectj\aspectjweaver\1.8.9\aspectjweaver-1.8.9.jar;C:\Users\user\.m2\repository\org\springframework\ws\spring-ws-core\3.0.6.RELEASE\spring-ws-core-3.0.6.RELEASE.jar;C:\Users\user\.m2\repository\org\springframework\ws\spring-xml\3.0.6.RELEASE\spring-xml-3.0.6.RELEASE.jar;C:\Users\user\.m2\repository\org\springframework\spring-oxm\5.0.10.RELEASE\spring-oxm-5.0.10.RELEASE.jar;C:\Users\user\.m2\repository\commons-io\commons-io\2.5\commons-io-2.5.jar;C:\Users\user\.m2\repository\wsdl4j\wsdl4j\1.6.3\wsdl4j-1.6.3.jar;C:\Users\user\.m2\repository\javax\servlet\javax.servlet-api\3.1.0\javax.servlet-api-3.1.0.jar;C:\Users\user\.m2\repository\javax\servlet\jstl\1.2\jstl-1.2.jar;C:\Users\user\.m2\repository\org\springframework\spring-web\4.2.2.RELEASE\spring-web-4.2.2.RELEASE.jar;C:\Users\user\.m2\repository\commons-logging\commons-logging\1.1.1\commons-logging-1.1.1.jar;C:\Users\user\.m2\repository\taglibs\standard\1.0\standard-1.0.jar;C:\Users\user\.m2\repository\org\springframework\spring-webmvc\4.2.2.RELEASE\spring-webmvc-4.2.2.RELEASE.jar;C:\Users\user\.m2\repository\org\hibernate\hibernate-validator\5.3.5.Final\hibernate-validator-5.3.5.Final.jar;C:\Users\user\.m2\repository\javax\validation\validation-api\1.1.0.Final\validation-api-1.1.0.Final.jar;C:\Users\user\.m2\repository\org\junit\jupiter\junit-jupiter-api\5.3.2\junit-jupiter-api-5.3.2.jar;C:\Users\user\.m2\repository\org\apiguardian\apiguardian-api\1.0.0\apiguardian-api-1.0.0.jar;C:\Users\user\.m2\repository\org\opentest4j\opentest4j\1.1.1\opentest4j-1.1.1.jar;C:\Users\user\.m2\repository\org\junit\platform\junit-platform-commons\1.3.2\junit-platform-commons-1.3.2.jar;C:\Users\user\.m2\repository\com\fasterxml\jackson\core\jackson-core\2.9.8\jackson-core-2.9.8.jar;C:\Users\user\.m2\repository\com\fasterxml\jackson\core\jackson-databind\2.9.8\jackson-databind-2.9.8.jar;C:\Users\user\.m2\repository\com\fasterxml\jackson\core\jackson-annotations\2.9.0\jackson-annotations-2.9.0.jar;C:\Users\user\.m2\repository\org\mapstruct\mapstruct\1.2.0.Final\mapstruct-1.2.0.Final.jar;C:\Users\user\.m2\repository\org\mapstruct\mapstruct-processor\1.2.0.Final\mapstruct-processor-1.2.0.Final.jar;, java.specification.name=Java Platform API Specification, java.class.version=52.0, sun.management.compiler=HotSpot 64-Bit Tiered Compilers, os.version=6.1, user.home=C:\Users\user, user.timezone=Europe/Helsinki, java.awt.printerjob=sun.awt.windows.WPrinterJob, file.encoding=Cp1251, java.specification.version=1.8, java.class.path=C:\Users\user\workspace\ProfITsoftTasks-task8\target\test-classes;C:\Users\user\workspace\ProfITsoftTasks-task8\target\classes;C:\Users\user\.m2\repository\junit\junit\4.13-beta-2\junit-4.13-beta-2.jar;C:\Users\user\.m2\repository\org\hamcrest\hamcrest-core\1.3\hamcrest-core-1.3.jar;C:\Users\user\.m2\repository\org\apache\commons\commons-csv\1.6\commons-csv-1.6.jar;C:\Users\user\.m2\repository\log4j\log4j\1.2.17\log4j-1.2.17.jar;C:\Users\user\.m2\repository\commons-dbcp\commons-dbcp\1.2.2\commons-dbcp-1.2.2.jar;C:\Users\user\.m2\repository\commons-pool\commons-pool\1.3\commons-pool-1.3.jar;C:\Users\user\.m2\repository\mysql\mysql-connector-java\8.0.13\mysql-connector-java-8.0.13.jar;C:\Users\user\.m2\repository\com\google\protobuf\protobuf-java\3.6.1\protobuf-java-3.6.1.jar;C:\Users\user\.m2\repository\org\springframework\spring-context\4.3.21.RELEASE\spring-context-4.3.21.RELEASE.jar;C:\Users\user\.m2\repository\org\springframework\spring-aop\4.3.21.RELEASE\spring-aop-4.3.21.RELEASE.jar;C:\Users\user\.m2\repository\org\springframework\spring-beans\4.3.21.RELEASE\spring-beans-4.3.21.RELEASE.jar;C:\Users\user\.m2\repository\org\springframework\spring-expression\4.3.21.RELEASE\spring-expression-4.3.21.RELEASE.jar;C:\Users\user\.m2\repository\org\springframework\spring-orm\4.3.21.RELEASE\spring-orm-4.3.21.RELEASE.jar;C:\Users\user\.m2\repository\org\springframework\spring-tx\4.3.21.RELEASE\spring-tx-4.3.21.RELEASE.jar;C:\Users\user\.m2\repository\org\springframework\spring-core\4.3.21.RELEASE\spring-core-4.3.21.RELEASE.jar;C:\Users\user\.m2\repository\org\springframework\spring-jdbc\4.3.21.RELEASE\spring-jdbc-4.3.21.RELEASE.jar;C:\Users\user\.m2\repository\org\springframework\spring-test\4.3.21.RELEASE\spring-test-4.3.21.RELEASE.jar;C:\Users\user\.m2\repository\org\hibernate\hibernate-core\5.3.5.Final\hibernate-core-5.3.5.Final.jar;C:\Users\user\.m2\repository\org\jboss\logging\jboss-logging\3.3.2.Final\jboss-logging-3.3.2.Final.jar;C:\Users\user\.m2\repository\javax\persistence\javax.persistence-api\2.2\javax.persistence-api-2.2.jar;C:\Users\user\.m2\repository\org\javassist\javassist\3.23.1-GA\javassist-3.23.1-GA.jar;C:\Users\user\.m2\repository\net\bytebuddy\byte-buddy\1.8.17\byte-buddy-1.8.17.jar;C:\Users\user\.m2\repository\antlr\antlr\2.7.7\antlr-2.7.7.jar;C:\Users\user\.m2\repository\org\jboss\spec\javax\transaction\jboss-transaction-api_1.2_spec\1.1.1.Final\jboss-transaction-api_1.2_spec-1.1.1.Final.jar;C:\Users\user\.m2\repository\org\jboss\jandex\2.0.5.Final\jandex-2.0.5.Final.jar;C:\Users\user\.m2\repository\com\fasterxml\classmate\1.3.4\classmate-1.3.4.jar;C:\Users\user\.m2\repository\javax\activation\javax.activation-api\1.2.0\javax.activation-api-1.2.0.jar;C:\Users\user\.m2\repository\dom4j\dom4j\1.6.1\dom4j-1.6.1.jar;C:\Users\user\.m2\repository\org\hibernate\common\hibernate-commons-annotations\5.0.4.Final\hibernate-commons-annotations-5.0.4.Final.jar;C:\Users\user\.m2\repository\org\springframework\spring-aspects\4.3.21.RELEASE\spring-aspects-4.3.21.RELEASE.jar;C:\Users\user\.m2\repository\org\aspectj\aspectjweaver\1.8.9\aspectjweaver-1.8.9.jar;C:\Users\user\.m2\repository\org\springframework\ws\spring-ws-core\3.0.6.RELEASE\spring-ws-core-3.0.6.RELEASE.jar;C:\Users\user\.m2\repository\org\springframework\ws\spring-xml\3.0.6.RELEASE\spring-xml-3.0.6.RELEASE.jar;C:\Users\user\.m2\repository\org\springframework\spring-oxm\5.0.10.RELEASE\spring-oxm-5.0.10.RELEASE.jar;C:\Users\user\.m2\repository\commons-io\commons-io\2.5\commons-io-2.5.jar;C:\Users\user\.m2\repository\wsdl4j\wsdl4j\1.6.3\wsdl4j-1.6.3.jar;C:\Users\user\.m2\repository\javax\servlet\javax.servlet-api\3.1.0\javax.servlet-api-3.1.0.jar;C:\Users\user\.m2\repository\javax\servlet\jstl\1.2\jstl-1.2.jar;C:\Users\user\.m2\repository\org\springframework\spring-web\4.2.2.RELEASE\spring-web-4.2.2.RELEASE.jar;C:\Users\user\.m2\repository\commons-logging\commons-logging\1.1.1\commons-logging-1.1.1.jar;C:\Users\user\.m2\repository\taglibs\standard\1.0\standard-1.0.jar;C:\Users\user\.m2\repository\org\springframework\spring-webmvc\4.2.2.RELEASE\spring-webmvc-4.2.2.RELEASE.jar;C:\Users\user\.m2\repository\org\hibernate\hibernate-validator\5.3.5.Final\hibernate-validator-5.3.5.Final.jar;C:\Users\user\.m2\repository\javax\validation\validation-api\1.1.0.Final\validation-api-1.1.0.Final.jar;C:\Users\user\.m2\repository\org\junit\jupiter\junit-jupiter-api\5.3.2\junit-jupiter-api-5.3.2.jar;C:\Users\user\.m2\repository\org\apiguardian\apiguardian-api\1.0.0\apiguardian-api-1.0.0.jar;C:\Users\user\.m2\repository\org\opentest4j\opentest4j\1.1.1\opentest4j-1.1.1.jar;C:\Users\user\.m2\repository\org\junit\platform\junit-platform-commons\1.3.2\junit-platform-commons-1.3.2.jar;C:\Users\user\.m2\repository\com\fasterxml\jackson\core\jackson-core\2.9.8\jackson-core-2.9.8.jar;C:\Users\user\.m2\repository\com\fasterxml\jackson\core\jackson-databind\2.9.8\jackson-databind-2.9.8.jar;C:\Users\user\.m2\repository\com\fasterxml\jackson\core\jackson-annotations\2.9.0\jackson-annotations-2.9.0.jar;C:\Users\user\.m2\repository\org\mapstruct\mapstruct\1.2.0.Final\mapstruct-1.2.0.Final.jar;C:\Users\user\.m2\repository\org\mapstruct\mapstruct-processor\1.2.0.Final\mapstruct-processor-1.2.0.Final.jar;, user.name=user, java.vm.specification.version=1.8, sun.java.command=C:\Users\user\workspace\ProfITsoftTasks-task8\target\surefire\surefirebooter4227925705341608614.jar C:\Users\user\workspace\ProfITsoftTasks-task8\target\surefire\surefire9148846104882782049tmp C:\Users\user\workspace\ProfITsoftTasks-task8\target\surefire\surefire_0634498095086772429tmp, java.home=C:\Program Files\Java\jdk1.8.0_201\jre, sun.arch.data.model=64, user.language=ru, java.specification.vendor=Oracle Corporation, awt.toolkit=sun.awt.windows.WToolkit, java.vm.info=mixed mode, java.version=1.8.0_201, java.ext.dirs=C:\Program Files\Java\jdk1.8.0_201\jre\lib\ext;C:\Windows\Sun\Java\lib\ext, sun.boot.class.path=C:\Program Files\Java\jdk1.8.0_201\jre\lib\resources.jar;C:\Program Files\Java\jdk1.8.0_201\jre\lib\rt.jar;C:\Program Files\Java\jdk1.8.0_201\jre\lib\sunrsasign.jar;C:\Program Files\Java\jdk1.8.0_201\jre\lib\jsse.jar;C:\Program Files\Java\jdk1.8.0_201\jre\lib\jce.jar;C:\Program Files\Java\jdk1.8.0_201\jre\lib\charsets.jar;C:\Program Files\Java\jdk1.8.0_201\jre\lib\jfr.jar;C:\Program Files\Java\jdk1.8.0_201\jre\classes, java.vendor=Oracle Corporation, localRepository=C:\Users\user\.m2\repository, file.separator=\, java.vendor.url.bug=http://bugreport.sun.com/bugreport/, sun.io.unicode.encoding=UnicodeLittle, sun.cpu.endian=little, sun.desktop=windows, sun.cpu.isalist=amd64}}, SystemEnvironmentPropertySource@942523415 {name=&apos;systemEnvironment&apos;, properties={PATH=C:\Program Files (x86)\Common Files\Oracle\Java\javapath;C:\Program Files (x86)\Intel\iCLS Client\;C:\Program Files\Intel\iCLS Client\;C:\Windows\system32;C:\Windows;C:\Windows\System32\Wbem;C:\Windows\System32\WindowsPowerShell\v1.0\;C:\Program Files\Intel\Intel(R) Management Engine Components\DAL;C:\Program Files (x86)\Intel\Intel(R) Management Engine Components\DAL;C:\Program Files\Intel\Intel(R) Management Engine Components\IPT;C:\Program Files (x86)\Intel\Intel(R) Management Engine Components\IPT;C:\Program Files\TortoiseSVN\bin;C:\Users\user\AppData\Local\GitHubDesktop\bin, LOCALAPPDATA=C:\Users\user\AppData\Local, PROCESSOR_LEVEL=6, SYSTEMDRIVE=C:, COMMONPROGRAMFILES(X86)=C:\Program Files (x86)\Common Files, FP_NO_HOST_CHECK=NO, USERDOMAIN=ws14, LOGONSERVER=\\WS14, JAVA_HOME=C:\Program Files\Java\jdk1.8.0_201, PROMPT=$P$G, SESSIONNAME=Console, ALLUSERSPROFILE=C:\ProgramData, PROGRAMFILES(X86)=C:\Program Files (x86), PROCESSOR_ARCHITECTURE=AMD64, JRE_HOME=C:\Program Files\Java\jre1.8.0_201, PROGRAMFILES=C:\Program Files, WINDOWS_TRACING_FLAGS=3, =C:=C:\Users\user\workspace\ProfITsoftTasks-task8, APPDATA=C:\Users\user\AppData\Roaming, PSMODULEPATH=C:\Windows\system32\WindowsPowerShell\v1.0\Modules\, PROGRAMW6432=C:\Program Files, PROGRAMDATA=C:\ProgramData, SYSTEMROOT=C:\Windows, USERNAME=user, PATHEXT=.COM;.EXE;.BAT;.CMD;.VBS;.VBE;.JS;.JSE;.WSF;.WSH;.MSC, OS=Windows_NT, COMMONPROGRAMW6432=C:\Program Files\Common Files, COMPUTERNAME=WS14, COMMONPROGRAMFILES=C:\Program Files\Common Files, COMSPEC=C:\Windows\system32\cmd.exe, PROCESSOR_REVISION=3c03, WINDIR=C:\Windows, HOMEPATH=\Users\user, TEMP=C:\Users\user\AppData\Local\Temp, HOMEDRIVE=C:, PROCESSOR_IDENTIFIER=Intel64 Family 6 Model 60 Stepping 3, GenuineIntel, USERPROFILE=C:\Users\user, TMP=C:\Users\user\AppData\Local\Temp, WINDOWS_TRACING_LOGFILE=C:\BVTBin\Tests\installpackage\csilogfile.log, PUBLIC=C:\Users\Public, NUMBER_OF_PROCESSORS=4, =::=::\}}]
2019-02-08 12:52:14 INFO  MockServletContext:440 - Initializing Spring FrameworkServlet &apos;&apos;
2019-02-08 12:52:14 INFO  TestDispatcherServlet:488 - FrameworkServlet &apos;&apos;: initialization started
2019-02-08 12:52:14 DEBUG TestDispatcherServlet:506 - Unable to locate MultipartResolver with name &apos;multipartResolver&apos;: no multipart request handling provided
2019-02-08 12:52:14 DEBUG DefaultListableBeanFactory:447 - Creating instance of bean &apos;org.springframework.web.servlet.i18n.AcceptHeaderLocaleResolver&apos;
2019-02-08 12:52:14 DEBUG DefaultListableBeanFactory:251 - Returning cached instance of singleton bean &apos;org.springframework.transaction.config.internalTransactionAdvisor&apos;
2019-02-08 12:52:14 DEBUG DefaultListableBeanFactory:483 - Finished creating instance of bean &apos;org.springframework.web.servlet.i18n.AcceptHeaderLocaleResolver&apos;
2019-02-08 12:52:14 DEBUG TestDispatcherServlet:528 - Unable to locate LocaleResolver with name &apos;localeResolver&apos;: using default [org.springframework.web.servlet.i18n.AcceptHeaderLocaleResolver@3fdcde7a]
2019-02-08 12:52:14 DEBUG DefaultListableBeanFactory:447 - Creating instance of bean &apos;org.springframework.web.servlet.theme.FixedThemeResolver&apos;
2019-02-08 12:52:14 DEBUG DefaultListableBeanFactory:251 - Returning cached instance of singleton bean &apos;org.springframework.transaction.config.internalTransactionAdvisor&apos;
2019-02-08 12:52:14 DEBUG DefaultListableBeanFactory:483 - Finished creating instance of bean &apos;org.springframework.web.servlet.theme.FixedThemeResolver&apos;
2019-02-08 12:52:14 DEBUG TestDispatcherServlet:550 - Unable to locate ThemeResolver with name &apos;themeResolver&apos;: using default [org.springframework.web.servlet.theme.FixedThemeResolver@7b351446]
2019-02-08 12:52:14 DEBUG DefaultListableBeanFactory:251 - Returning cached instance of singleton bean &apos;org.springframework.web.servlet.mvc.method.annotation.RequestMappingHandlerMapping#0&apos;
2019-02-08 12:52:14 DEBUG DefaultListableBeanFactory:251 - Returning cached instance of singleton bean &apos;org.springframework.web.servlet.handler.BeanNameUrlHandlerMapping&apos;
2019-02-08 12:52:14 DEBUG DefaultListableBeanFactory:251 - Returning cached instance of singleton bean &apos;org.springframework.web.servlet.handler.SimpleUrlHandlerMapping#0&apos;
2019-02-08 12:52:14 DEBUG DefaultListableBeanFactory:251 - Returning cached instance of singleton bean &apos;org.springframework.web.servlet.mvc.method.annotation.RequestMappingHandlerAdapter#0&apos;
2019-02-08 12:52:14 DEBUG DefaultListableBeanFactory:251 - Returning cached instance of singleton bean &apos;org.springframework.web.servlet.mvc.HttpRequestHandlerAdapter&apos;
2019-02-08 12:52:14 DEBUG DefaultListableBeanFactory:251 - Returning cached instance of singleton bean &apos;org.springframework.web.servlet.mvc.SimpleControllerHandlerAdapter&apos;
2019-02-08 12:52:14 DEBUG DefaultListableBeanFactory:251 - Returning cached instance of singleton bean &apos;org.springframework.web.servlet.mvc.method.annotation.ExceptionHandlerExceptionResolver#0&apos;
2019-02-08 12:52:14 DEBUG DefaultListableBeanFactory:251 - Returning cached instance of singleton bean &apos;org.springframework.web.servlet.mvc.annotation.ResponseStatusExceptionResolver#0&apos;
2019-02-08 12:52:14 DEBUG DefaultListableBeanFactory:251 - Returning cached instance of singleton bean &apos;org.springframework.web.servlet.mvc.support.DefaultHandlerExceptionResolver#0&apos;
2019-02-08 12:52:14 DEBUG DefaultListableBeanFactory:447 - Creating instance of bean &apos;org.springframework.web.servlet.view.DefaultRequestToViewNameTranslator&apos;
2019-02-08 12:52:14 DEBUG DefaultListableBeanFactory:251 - Returning cached instance of singleton bean &apos;org.springframework.transaction.config.internalTransactionAdvisor&apos;
2019-02-08 12:52:14 DEBUG DefaultListableBeanFactory:483 - Finished creating instance of bean &apos;org.springframework.web.servlet.view.DefaultRequestToViewNameTranslator&apos;
2019-02-08 12:52:14 DEBUG TestDispatcherServlet:688 - Unable to locate RequestToViewNameTranslator with name &apos;viewNameTranslator&apos;: using default [org.springframework.web.servlet.view.DefaultRequestToViewNameTranslator@1a21f43f]
2019-02-08 12:52:14 DEBUG DefaultListableBeanFactory:251 - Returning cached instance of singleton bean &apos;mvcViewResolver&apos;
2019-02-08 12:52:14 DEBUG DefaultListableBeanFactory:447 - Creating instance of bean &apos;org.springframework.web.servlet.support.SessionFlashMapManager&apos;
2019-02-08 12:52:14 DEBUG DefaultListableBeanFactory:251 - Returning cached instance of singleton bean &apos;org.springframework.transaction.config.internalTransactionAdvisor&apos;
2019-02-08 12:52:14 DEBUG DefaultListableBeanFactory:483 - Finished creating instance of bean &apos;org.springframework.web.servlet.support.SessionFlashMapManager&apos;
2019-02-08 12:52:14 DEBUG TestDispatcherServlet:750 - Unable to locate FlashMapManager with name &apos;flashMapManager&apos;: using default [org.springframework.web.servlet.support.SessionFlashMapManager@15d3793b]
2019-02-08 12:52:14 DEBUG TestDispatcherServlet:567 - Published WebApplicationContext of servlet &apos;&apos; as ServletContext attribute with name [org.springframework.web.servlet.FrameworkServlet.CONTEXT.]
2019-02-08 12:52:14 INFO  TestDispatcherServlet:507 - FrameworkServlet &apos;&apos;: initialization completed in 17 ms
2019-02-08 12:52:14 DEBUG TestDispatcherServlet:139 - Servlet &apos;&apos; configured successfully
2019-02-08 12:52:14 DEBUG TestDispatcherServlet:861 - DispatcherServlet with name &apos;&apos; processing POST request for [/addInsuredPerson]
2019-02-08 12:52:14 DEBUG RequestMappingHandlerMapping:319 - Looking up handler method for path /addInsuredPerson
2019-02-08 12:52:14 DEBUG RequestMappingHandlerMapping:326 - Returning handler method [public org.springframework.web.servlet.ModelAndView ua.profitsoft.strymeneshenko.controllers.mvc.AddInsuredPersonController.goEdit(ua.profitsoft.strymeneshenko.data.InsuredPerson,org.springframework.validation.BindingResult) throws java.lang.Exception]
2019-02-08 12:52:14 DEBUG DefaultListableBeanFactory:251 - Returning cached instance of singleton bean &apos;addInsuredPersonController&apos;
2019-02-08 12:52:15 DEBUG DefaultListableBeanFactory:251 - Returning cached instance of singleton bean &apos;txManager&apos;
2019-02-08 12:52:15 DEBUG HibernateTransactionManager:371 - Creating new transaction with name [ua.profitsoft.strymeneshenko.service.InsuredPersonService.create]: PROPAGATION_REQUIRED,ISOLATION_DEFAULT
2019-02-08 12:52:15 DEBUG StatisticsInitiator:101 - Statistics initialized [enabled=false]
2019-02-08 12:52:15 DEBUG HibernateTransactionManager:436 - Opened new Session [SessionImpl(2131723476&lt;open&gt;)] for Hibernate transaction
2019-02-08 12:52:15 DEBUG HibernateTransactionManager:446 - Preparing JDBC Connection of Hibernate Session [SessionImpl(2131723476&lt;open&gt;)]
2019-02-08 12:52:15 DEBUG DriverManagerDataSource:142 - Creating new JDBC DriverManager Connection to [jdbc:mysql://localhost:3306/insurance?serverTimezone=UTC]
2019-02-08 12:52:15 DEBUG TransactionImpl:56 - On TransactionImpl creation, JpaCompliance#isJpaTransactionComplianceEnabled == false
2019-02-08 12:52:15 DEBUG TransactionImpl:78 - begin
2019-02-08 12:52:15 DEBUG HibernateTransactionManager:514 - Exposing Hibernate transaction as JDBC transaction [com.mysql.cj.jdbc.ConnectionImpl@26c8b296]
2019-02-08 12:52:15 DEBUG IntegratorServiceImpl:46 - Adding Integrator [org.hibernate.cfg.beanvalidation.BeanValidationIntegrator].
2019-02-08 12:52:15 DEBUG IntegratorServiceImpl:46 - Adding Integrator [org.hibernate.secure.spi.JaccIntegrator].
2019-02-08 12:52:15 DEBUG IntegratorServiceImpl:46 - Adding Integrator [org.hibernate.cache.internal.CollectionCacheInvalidator].
2019-02-08 12:52:15 DEBUG LocalXmlResourceResolver:57 - Interpreting public/system identifier : [-//Hibernate/Hibernate Configuration DTD 3.0//EN] - [http://hibernate.sourceforge.net/hibernate-configuration-3.0.dtd]
2019-02-08 12:52:15 WARN  deprecation:91 - HHH90000012: Recognized obsolete hibernate namespace http://hibernate.sourceforge.net/hibernate-configuration. Use namespace http://www.hibernate.org/dtd/hibernate-configuration instead.  Support for obsolete DTD/XSD namespaces may be removed at any time.
2019-02-08 12:52:15 DEBUG LocalXmlResourceResolver:95 - Recognized hibernate-configuration identifier; attempting to resolve on classpath under org/hibernate/
2019-02-08 12:52:15 DEBUG JaxbCfgProcessor:116 - cfg.xml document did not define namespaces; wrapping in custom event reader to introduce namespace information
2019-02-08 12:52:15 DEBUG Configuration:722 - Building session factory using internal StandardServiceRegistryBuilder
2019-02-08 12:52:15 DEBUG ServiceBinding:68 - Overriding existing service binding [org.hibernate.secure.spi.JaccService]
2019-02-08 12:52:15 DEBUG Configuration:652 - Building session factory using provided StandardServiceRegistry
2019-02-08 12:52:15 DEBUG RegionFactoryInitiator:118 - Cannot default RegionFactory based on registered strategies as `[]` RegionFactory strategies were registered
2019-02-08 12:52:15 DEBUG RegionFactoryInitiator:49 - Cache region factory : org.hibernate.cache.internal.NoCachingRegionFactory
2019-02-08 12:52:15 DEBUG BasicTypeRegistry:156 - Adding type registration boolean -&gt; org.hibernate.type.BooleanType@52045dbe
2019-02-08 12:52:15 DEBUG BasicTypeRegistry:156 - Adding type registration boolean -&gt; org.hibernate.type.BooleanType@52045dbe
2019-02-08 12:52:15 DEBUG BasicTypeRegistry:156 - Adding type registration java.lang.Boolean -&gt; org.hibernate.type.BooleanType@52045dbe
2019-02-08 12:52:15 DEBUG BasicTypeRegistry:156 - Adding type registration numeric_boolean -&gt; org.hibernate.type.NumericBooleanType@565b064f
2019-02-08 12:52:15 DEBUG BasicTypeRegistry:156 - Adding type registration true_false -&gt; org.hibernate.type.TrueFalseType@58c34bb3
2019-02-08 12:52:15 DEBUG BasicTypeRegistry:156 - Adding type registration yes_no -&gt; org.hibernate.type.YesNoType@20a8a64e
2019-02-08 12:52:15 DEBUG BasicTypeRegistry:156 - Adding type registration byte -&gt; org.hibernate.type.ByteType@65b3a85a
2019-02-08 12:52:15 DEBUG BasicTypeRegistry:156 - Adding type registration byte -&gt; org.hibernate.type.ByteType@65b3a85a
2019-02-08 12:52:15 DEBUG BasicTypeRegistry:156 - Adding type registration java.lang.Byte -&gt; org.hibernate.type.ByteType@65b3a85a
2019-02-08 12:52:15 DEBUG BasicTypeRegistry:156 - Adding type registration character -&gt; org.hibernate.type.CharacterType@2cae1042
2019-02-08 12:52:15 DEBUG BasicTypeRegistry:156 - Adding type registration char -&gt; org.hibernate.type.CharacterType@2cae1042
2019-02-08 12:52:15 DEBUG BasicTypeRegistry:156 - Adding type registration java.lang.Character -&gt; org.hibernate.type.CharacterType@2cae1042
2019-02-08 12:52:15 DEBUG BasicTypeRegistry:156 - Adding type registration short -&gt; org.hibernate.type.ShortType@f667fe
2019-02-08 12:52:15 DEBUG BasicTypeRegistry:156 - Adding type registration short -&gt; org.hibernate.type.ShortType@f667fe
2019-02-08 12:52:15 DEBUG BasicTypeRegistry:156 - Adding type registration java.lang.Short -&gt; org.hibernate.type.ShortType@f667fe
2019-02-08 12:52:15 DEBUG BasicTypeRegistry:156 - Adding type registration integer -&gt; org.hibernate.type.IntegerType@10c626be
2019-02-08 12:52:15 DEBUG BasicTypeRegistry:156 - Adding type registration int -&gt; org.hibernate.type.IntegerType@10c626be
2019-02-08 12:52:15 DEBUG BasicTypeRegistry:156 - Adding type registration java.lang.Integer -&gt; org.hibernate.type.IntegerType@10c626be
2019-02-08 12:52:15 DEBUG BasicTypeRegistry:156 - Adding type registration long -&gt; org.hibernate.type.LongType@201b6b6f
2019-02-08 12:52:15 DEBUG BasicTypeRegistry:156 - Adding type registration long -&gt; org.hibernate.type.LongType@201b6b6f
2019-02-08 12:52:15 DEBUG BasicTypeRegistry:156 - Adding type registration java.lang.Long -&gt; org.hibernate.type.LongType@201b6b6f
2019-02-08 12:52:15 DEBUG BasicTypeRegistry:156 - Adding type registration float -&gt; org.hibernate.type.FloatType@67ab1c47
2019-02-08 12:52:15 DEBUG BasicTypeRegistry:156 - Adding type registration float -&gt; org.hibernate.type.FloatType@67ab1c47
2019-02-08 12:52:15 DEBUG BasicTypeRegistry:156 - Adding type registration java.lang.Float -&gt; org.hibernate.type.FloatType@67ab1c47
2019-02-08 12:52:15 DEBUG BasicTypeRegistry:156 - Adding type registration double -&gt; org.hibernate.type.DoubleType@5b444398
2019-02-08 12:52:15 DEBUG BasicTypeRegistry:156 - Adding type registration double -&gt; org.hibernate.type.DoubleType@5b444398
2019-02-08 12:52:15 DEBUG BasicTypeRegistry:156 - Adding type registration java.lang.Double -&gt; org.hibernate.type.DoubleType@5b444398
2019-02-08 12:52:15 DEBUG BasicTypeRegistry:156 - Adding type registration big_decimal -&gt; org.hibernate.type.BigDecimalType@79145d5a
2019-02-08 12:52:15 DEBUG BasicTypeRegistry:156 - Adding type registration java.math.BigDecimal -&gt; org.hibernate.type.BigDecimalType@79145d5a
2019-02-08 12:52:15 DEBUG BasicTypeRegistry:156 - Adding type registration big_integer -&gt; org.hibernate.type.BigIntegerType@505a9d7c
2019-02-08 12:52:15 DEBUG BasicTypeRegistry:156 - Adding type registration java.math.BigInteger -&gt; org.hibernate.type.BigIntegerType@505a9d7c
2019-02-08 12:52:15 DEBUG BasicTypeRegistry:156 - Adding type registration string -&gt; org.hibernate.type.StringType@10993713
2019-02-08 12:52:15 DEBUG BasicTypeRegistry:156 - Adding type registration java.lang.String -&gt; org.hibernate.type.StringType@10993713
2019-02-08 12:52:15 DEBUG BasicTypeRegistry:156 - Adding type registration nstring -&gt; org.hibernate.type.StringNVarcharType@72cf2de5
2019-02-08 12:52:15 DEBUG BasicTypeRegistry:156 - Adding type registration ncharacter -&gt; org.hibernate.type.CharacterNCharType@4ee37ca3
2019-02-08 12:52:15 DEBUG BasicTypeRegistry:156 - Adding type registration url -&gt; org.hibernate.type.UrlType@422c3c7a
2019-02-08 12:52:15 DEBUG BasicTypeRegistry:156 - Adding type registration java.net.URL -&gt; org.hibernate.type.UrlType@422c3c7a
2019-02-08 12:52:15 DEBUG BasicTypeRegistry:156 - Adding type registration Duration -&gt; org.hibernate.type.DurationType@75e91545
2019-02-08 12:52:15 DEBUG BasicTypeRegistry:156 - Adding type registration java.time.Duration -&gt; org.hibernate.type.DurationType@75e91545
2019-02-08 12:52:15 DEBUG BasicTypeRegistry:156 - Adding type registration Instant -&gt; org.hibernate.type.InstantType@4fbda97b
2019-02-08 12:52:15 DEBUG BasicTypeRegistry:156 - Adding type registration java.time.Instant -&gt; org.hibernate.type.InstantType@4fbda97b
2019-02-08 12:52:15 DEBUG BasicTypeRegistry:156 - Adding type registration LocalDateTime -&gt; org.hibernate.type.LocalDateTimeType@4879f0f2
2019-02-08 12:52:15 DEBUG BasicTypeRegistry:156 - Adding type registration java.time.LocalDateTime -&gt; org.hibernate.type.LocalDateTimeType@4879f0f2
2019-02-08 12:52:15 DEBUG BasicTypeRegistry:156 - Adding type registration LocalDate -&gt; org.hibernate.type.LocalDateType@5b43fbf6
2019-02-08 12:52:15 DEBUG BasicTypeRegistry:156 - Adding type registration java.time.LocalDate -&gt; org.hibernate.type.LocalDateType@5b43fbf6
2019-02-08 12:52:15 DEBUG BasicTypeRegistry:156 - Adding type registration LocalTime -&gt; org.hibernate.type.LocalTimeType@a4b2d8f
2019-02-08 12:52:15 DEBUG BasicTypeRegistry:156 - Adding type registration java.time.LocalTime -&gt; org.hibernate.type.LocalTimeType@a4b2d8f
2019-02-08 12:52:15 DEBUG BasicTypeRegistry:156 - Adding type registration OffsetDateTime -&gt; org.hibernate.type.OffsetDateTimeType@2fea7088
2019-02-08 12:52:15 DEBUG BasicTypeRegistry:156 - Adding type registration java.time.OffsetDateTime -&gt; org.hibernate.type.OffsetDateTimeType@2fea7088
2019-02-08 12:52:15 DEBUG BasicTypeRegistry:156 - Adding type registration OffsetTime -&gt; org.hibernate.type.OffsetTimeType@40f1be1b
2019-02-08 12:52:15 DEBUG BasicTypeRegistry:156 - Adding type registration java.time.OffsetTime -&gt; org.hibernate.type.OffsetTimeType@40f1be1b
2019-02-08 12:52:15 DEBUG BasicTypeRegistry:156 - Adding type registration ZonedDateTime -&gt; org.hibernate.type.ZonedDateTimeType@66ce957f
2019-02-08 12:52:15 DEBUG BasicTypeRegistry:156 - Adding type registration java.time.ZonedDateTime -&gt; org.hibernate.type.ZonedDateTimeType@66ce957f
2019-02-08 12:52:15 DEBUG BasicTypeRegistry:156 - Adding type registration date -&gt; org.hibernate.type.DateType@3b220bcb
2019-02-08 12:52:15 DEBUG BasicTypeRegistry:156 - Adding type registration java.sql.Date -&gt; org.hibernate.type.DateType@3b220bcb
2019-02-08 12:52:15 DEBUG BasicTypeRegistry:156 - Adding type registration time -&gt; org.hibernate.type.TimeType@12bfd80d
2019-02-08 12:52:15 DEBUG BasicTypeRegistry:156 - Adding type registration java.sql.Time -&gt; org.hibernate.type.TimeType@12bfd80d
2019-02-08 12:52:15 DEBUG BasicTypeRegistry:156 - Adding type registration timestamp -&gt; org.hibernate.type.TimestampType@6c6c5427
2019-02-08 12:52:15 DEBUG BasicTypeRegistry:156 - Adding type registration java.sql.Timestamp -&gt; org.hibernate.type.TimestampType@6c6c5427
2019-02-08 12:52:15 DEBUG BasicTypeRegistry:156 - Adding type registration java.util.Date -&gt; org.hibernate.type.TimestampType@6c6c5427
2019-02-08 12:52:15 DEBUG BasicTypeRegistry:156 - Adding type registration dbtimestamp -&gt; org.hibernate.type.DbTimestampType@13c3c1e1
2019-02-08 12:52:15 DEBUG BasicTypeRegistry:156 - Adding type registration calendar -&gt; org.hibernate.type.CalendarType@285c08c8
2019-02-08 12:52:15 DEBUG BasicTypeRegistry:156 - Adding type registration java.util.Calendar -&gt; org.hibernate.type.CalendarType@285c08c8
2019-02-08 12:52:15 DEBUG BasicTypeRegistry:156 - Adding type registration java.util.GregorianCalendar -&gt; org.hibernate.type.CalendarType@285c08c8
2019-02-08 12:52:15 DEBUG BasicTypeRegistry:156 - Adding type registration calendar_date -&gt; org.hibernate.type.CalendarDateType@2c88b9fc
2019-02-08 12:52:15 DEBUG BasicTypeRegistry:156 - Adding type registration locale -&gt; org.hibernate.type.LocaleType@1dd0e7c4
2019-02-08 12:52:15 DEBUG BasicTypeRegistry:156 - Adding type registration java.util.Locale -&gt; org.hibernate.type.LocaleType@1dd0e7c4
2019-02-08 12:52:15 DEBUG BasicTypeRegistry:156 - Adding type registration currency -&gt; org.hibernate.type.CurrencyType@242aa8d9
2019-02-08 12:52:15 DEBUG BasicTypeRegistry:156 - Adding type registration java.util.Currency -&gt; org.hibernate.type.CurrencyType@242aa8d9
2019-02-08 12:52:15 DEBUG BasicTypeRegistry:156 - Adding type registration timezone -&gt; org.hibernate.type.TimeZoneType@4721d212
2019-02-08 12:52:15 DEBUG BasicTypeRegistry:156 - Adding type registration java.util.TimeZone -&gt; org.hibernate.type.TimeZoneType@4721d212
2019-02-08 12:52:15 DEBUG BasicTypeRegistry:156 - Adding type registration class -&gt; org.hibernate.type.ClassType@62dae540
2019-02-08 12:52:15 DEBUG BasicTypeRegistry:156 - Adding type registration java.lang.Class -&gt; org.hibernate.type.ClassType@62dae540
2019-02-08 12:52:15 DEBUG BasicTypeRegistry:156 - Adding type registration uuid-binary -&gt; org.hibernate.type.UUIDBinaryType@636e8cc
2019-02-08 12:52:15 DEBUG BasicTypeRegistry:156 - Adding type registration java.util.UUID -&gt; org.hibernate.type.UUIDBinaryType@636e8cc
2019-02-08 12:52:15 DEBUG BasicTypeRegistry:156 - Adding type registration uuid-char -&gt; org.hibernate.type.UUIDCharType@12dae582
2019-02-08 12:52:15 DEBUG BasicTypeRegistry:156 - Adding type registration binary -&gt; org.hibernate.type.BinaryType@652a7737
2019-02-08 12:52:15 DEBUG BasicTypeRegistry:156 - Adding type registration byte[] -&gt; org.hibernate.type.BinaryType@652a7737
2019-02-08 12:52:15 DEBUG BasicTypeRegistry:156 - Adding type registration [B -&gt; org.hibernate.type.BinaryType@652a7737
2019-02-08 12:52:15 DEBUG BasicTypeRegistry:156 - Adding type registration wrapper-binary -&gt; org.hibernate.type.WrapperBinaryType@1e1d3956
2019-02-08 12:52:15 DEBUG BasicTypeRegistry:156 - Adding type registration Byte[] -&gt; org.hibernate.type.WrapperBinaryType@1e1d3956
2019-02-08 12:52:15 DEBUG BasicTypeRegistry:156 - Adding type registration [Ljava.lang.Byte; -&gt; org.hibernate.type.WrapperBinaryType@1e1d3956
2019-02-08 12:52:15 DEBUG BasicTypeRegistry:156 - Adding type registration row_version -&gt; org.hibernate.type.RowVersionType@f0e995e
2019-02-08 12:52:15 DEBUG BasicTypeRegistry:156 - Adding type registration image -&gt; org.hibernate.type.ImageType@71b3bc45
2019-02-08 12:52:15 DEBUG BasicTypeRegistry:156 - Adding type registration characters -&gt; org.hibernate.type.CharArrayType@3a62c01e
2019-02-08 12:52:15 DEBUG BasicTypeRegistry:156 - Adding type registration char[] -&gt; org.hibernate.type.CharArrayType@3a62c01e
2019-02-08 12:52:15 DEBUG BasicTypeRegistry:156 - Adding type registration [C -&gt; org.hibernate.type.CharArrayType@3a62c01e
2019-02-08 12:52:15 DEBUG BasicTypeRegistry:156 - Adding type registration wrapper-characters -&gt; org.hibernate.type.CharacterArrayType@5357c287
2019-02-08 12:52:15 DEBUG BasicTypeRegistry:156 - Adding type registration [Ljava.lang.Character; -&gt; org.hibernate.type.CharacterArrayType@5357c287
2019-02-08 12:52:15 DEBUG BasicTypeRegistry:156 - Adding type registration Character[] -&gt; org.hibernate.type.CharacterArrayType@5357c287
2019-02-08 12:52:15 DEBUG BasicTypeRegistry:156 - Adding type registration text -&gt; org.hibernate.type.TextType@485a3466
2019-02-08 12:52:15 DEBUG BasicTypeRegistry:156 - Adding type registration ntext -&gt; org.hibernate.type.NTextType@4264b240
2019-02-08 12:52:15 DEBUG BasicTypeRegistry:156 - Adding type registration blob -&gt; org.hibernate.type.BlobType@76f7d241
2019-02-08 12:52:15 DEBUG BasicTypeRegistry:156 - Adding type registration java.sql.Blob -&gt; org.hibernate.type.BlobType@76f7d241
2019-02-08 12:52:15 DEBUG BasicTypeRegistry:156 - Adding type registration materialized_blob -&gt; org.hibernate.type.MaterializedBlobType@3829ac1
2019-02-08 12:52:15 DEBUG BasicTypeRegistry:156 - Adding type registration clob -&gt; org.hibernate.type.ClobType@44828f6b
2019-02-08 12:52:15 DEBUG BasicTypeRegistry:156 - Adding type registration java.sql.Clob -&gt; org.hibernate.type.ClobType@44828f6b
2019-02-08 12:52:15 DEBUG BasicTypeRegistry:156 - Adding type registration nclob -&gt; org.hibernate.type.NClobType@4de41af9
2019-02-08 12:52:15 DEBUG BasicTypeRegistry:156 - Adding type registration java.sql.NClob -&gt; org.hibernate.type.NClobType@4de41af9
2019-02-08 12:52:15 DEBUG BasicTypeRegistry:156 - Adding type registration materialized_clob -&gt; org.hibernate.type.MaterializedClobType@305f7627
2019-02-08 12:52:15 DEBUG BasicTypeRegistry:156 - Adding type registration materialized_nclob -&gt; org.hibernate.type.MaterializedNClobType@29e6eb25
2019-02-08 12:52:15 DEBUG BasicTypeRegistry:156 - Adding type registration serializable -&gt; org.hibernate.type.SerializableType@7bc10d84
2019-02-08 12:52:15 DEBUG BasicTypeRegistry:156 - Adding type registration object -&gt; org.hibernate.type.ObjectType@2f9a01c1
2019-02-08 12:52:15 DEBUG BasicTypeRegistry:156 - Adding type registration java.lang.Object -&gt; org.hibernate.type.ObjectType@2f9a01c1
2019-02-08 12:52:15 DEBUG BasicTypeRegistry:156 - Adding type registration imm_date -&gt; org.hibernate.type.AdaptedImmutableType@b768a65
2019-02-08 12:52:15 DEBUG BasicTypeRegistry:156 - Adding type registration imm_time -&gt; org.hibernate.type.AdaptedImmutableType@6897a4a
2019-02-08 12:52:15 DEBUG BasicTypeRegistry:156 - Adding type registration imm_timestamp -&gt; org.hibernate.type.AdaptedImmutableType@6986f93e
2019-02-08 12:52:15 DEBUG BasicTypeRegistry:156 - Adding type registration imm_dbtimestamp -&gt; org.hibernate.type.AdaptedImmutableType@6bce313
2019-02-08 12:52:15 DEBUG BasicTypeRegistry:156 - Adding type registration imm_calendar -&gt; org.hibernate.type.AdaptedImmutableType@39266403
2019-02-08 12:52:15 DEBUG BasicTypeRegistry:156 - Adding type registration imm_calendar_date -&gt; org.hibernate.type.AdaptedImmutableType@74b00247
2019-02-08 12:52:15 DEBUG BasicTypeRegistry:156 - Adding type registration imm_binary -&gt; org.hibernate.type.AdaptedImmutableType@2aa14ae6
2019-02-08 12:52:15 DEBUG BasicTypeRegistry:156 - Adding type registration imm_serializable -&gt; org.hibernate.type.AdaptedImmutableType@4be490da
2019-02-08 12:52:15 DEBUG LocalXmlResourceResolver:57 - Interpreting public/system identifier : [-//Hibernate/Hibernate Mapping DTD 3.0//EN] - [http://hibernate.sourceforge.net/hibernate-mapping-3.0.dtd]
2019-02-08 12:52:15 WARN  deprecation:75 - HHH90000012: Recognized obsolete hibernate namespace http://hibernate.sourceforge.net/hibernate-mapping. Use namespace http://www.hibernate.org/dtd/hibernate-mapping instead.  Support for obsolete DTD/XSD namespaces may be removed at any time.
2019-02-08 12:52:15 DEBUG LocalXmlResourceResolver:79 - Recognized legacy hibernate-mapping identifier; attempting to resolve on classpath under org/hibernate/
2019-02-08 12:52:15 DEBUG MappingBinder:59 - Performing JAXB binding of hbm.xml document : Origin(name=mapping/Client.xbm.xml,type=RESOURCE)
2019-02-08 12:52:15 DEBUG LocalXmlResourceResolver:57 - Interpreting public/system identifier : [-//Hibernate/Hibernate Mapping DTD 3.0//EN] - [http://hibernate.sourceforge.net/hibernate-mapping-3.0.dtd]
2019-02-08 12:52:15 WARN  deprecation:75 - HHH90000012: Recognized obsolete hibernate namespace http://hibernate.sourceforge.net/hibernate-mapping. Use namespace http://www.hibernate.org/dtd/hibernate-mapping instead.  Support for obsolete DTD/XSD namespaces may be removed at any time.
2019-02-08 12:52:15 DEBUG LocalXmlResourceResolver:79 - Recognized legacy hibernate-mapping identifier; attempting to resolve on classpath under org/hibernate/
2019-02-08 12:52:15 DEBUG MappingBinder:59 - Performing JAXB binding of hbm.xml document : Origin(name=mapping/InsuredPerson.xbm.xml,type=RESOURCE)
2019-02-08 12:52:15 DEBUG LocalXmlResourceResolver:57 - Interpreting public/system identifier : [-//Hibernate/Hibernate Mapping DTD 3.0//EN] - [http://hibernate.sourceforge.net/hibernate-mapping-3.0.dtd]
2019-02-08 12:52:15 WARN  deprecation:75 - HHH90000012: Recognized obsolete hibernate namespace http://hibernate.sourceforge.net/hibernate-mapping. Use namespace http://www.hibernate.org/dtd/hibernate-mapping instead.  Support for obsolete DTD/XSD namespaces may be removed at any time.
2019-02-08 12:52:15 DEBUG LocalXmlResourceResolver:79 - Recognized legacy hibernate-mapping identifier; attempting to resolve on classpath under org/hibernate/
2019-02-08 12:52:15 DEBUG MappingBinder:59 - Performing JAXB binding of hbm.xml document : Origin(name=mapping/Contract.xbm.xml,type=RESOURCE)
2019-02-08 12:52:15 DEBUG DefaultIdentifierGeneratorFactory:81 - Registering IdentifierGenerator strategy [uuid2] -&gt; [org.hibernate.id.UUIDGenerator]
2019-02-08 12:52:15 DEBUG DefaultIdentifierGeneratorFactory:81 - Registering IdentifierGenerator strategy [guid] -&gt; [org.hibernate.id.GUIDGenerator]
2019-02-08 12:52:15 DEBUG DefaultIdentifierGeneratorFactory:81 - Registering IdentifierGenerator strategy [uuid] -&gt; [org.hibernate.id.UUIDHexGenerator]
2019-02-08 12:52:15 DEBUG DefaultIdentifierGeneratorFactory:81 - Registering IdentifierGenerator strategy [uuid.hex] -&gt; [org.hibernate.id.UUIDHexGenerator]
2019-02-08 12:52:15 DEBUG DefaultIdentifierGeneratorFactory:81 - Registering IdentifierGenerator strategy [assigned] -&gt; [org.hibernate.id.Assigned]
2019-02-08 12:52:15 DEBUG DefaultIdentifierGeneratorFactory:81 - Registering IdentifierGenerator strategy [identity] -&gt; [org.hibernate.id.IdentityGenerator]
2019-02-08 12:52:15 DEBUG DefaultIdentifierGeneratorFactory:81 - Registering IdentifierGenerator strategy [select] -&gt; [org.hibernate.id.SelectGenerator]
2019-02-08 12:52:15 DEBUG DefaultIdentifierGeneratorFactory:81 - Registering IdentifierGenerator strategy [sequence] -&gt; [org.hibernate.id.enhanced.SequenceStyleGenerator]
2019-02-08 12:52:15 DEBUG DefaultIdentifierGeneratorFactory:81 - Registering IdentifierGenerator strategy [seqhilo] -&gt; [org.hibernate.id.SequenceHiLoGenerator]
2019-02-08 12:52:15 DEBUG DefaultIdentifierGeneratorFactory:81 - Registering IdentifierGenerator strategy [increment] -&gt; [org.hibernate.id.IncrementGenerator]
2019-02-08 12:52:15 DEBUG DefaultIdentifierGeneratorFactory:81 - Registering IdentifierGenerator strategy [foreign] -&gt; [org.hibernate.id.ForeignGenerator]
2019-02-08 12:52:15 DEBUG DefaultIdentifierGeneratorFactory:81 - Registering IdentifierGenerator strategy [sequence-identity] -&gt; [org.hibernate.id.SequenceIdentityGenerator]
2019-02-08 12:52:15 DEBUG DefaultIdentifierGeneratorFactory:81 - Registering IdentifierGenerator strategy [enhanced-sequence] -&gt; [org.hibernate.id.enhanced.SequenceStyleGenerator]
2019-02-08 12:52:15 DEBUG DefaultIdentifierGeneratorFactory:81 - Registering IdentifierGenerator strategy [enhanced-table] -&gt; [org.hibernate.id.enhanced.TableGenerator]
2019-02-08 12:52:15 WARN  pooling:73 - HHH10001002: Using Hibernate built-in connection pool (not for production use!)
2019-02-08 12:52:15 INFO  pooling:129 - HHH10001005: using driver [com.mysql.cj.jdbc.Driver] at URL [jdbc:mysql://localhost:3306/insurance?serverTimezone=UTC]
2019-02-08 12:52:15 INFO  pooling:135 - HHH10001001: Connection properties: {user=root, password=root}
2019-02-08 12:52:15 INFO  pooling:143 - HHH10001003: Autocommit mode: false
2019-02-08 12:52:15 DEBUG DriverManagerConnectionProviderImpl:384 - Initializing Connection pool with 1 Connections
2019-02-08 12:52:15 INFO  DriverManagerConnectionProviderImpl:281 - HHH000115: Hibernate connection pool size: 20 (min=1)
2019-02-08 12:52:15 DEBUG JdbcEnvironmentInitiator:72 - Database -&gt;
       name : MySQL
    version : 5.7.25-log
      major : 5
      minor : 7
2019-02-08 12:52:15 DEBUG JdbcEnvironmentInitiator:83 - Driver -&gt;
       name : MySQL Connector/J
    version : mysql-connector-java-8.0.13 (Revision: 66459e9d39c8fd09767992bc592acd2053279be6)
      major : 8
      minor : 0
2019-02-08 12:52:15 DEBUG JdbcEnvironmentInitiator:389 - JDBC version : 4.2
2019-02-08 12:52:15 INFO  Dialect:157 - HHH000400: Using dialect: org.hibernate.dialect.MySQLDialect
2019-02-08 12:52:15 DEBUG IdentifierHelperBuilder:117 - JDBC driver metadata reported database stores quoted identifiers in more than one case
2019-02-08 12:52:15 DEBUG IdentifierHelperBuilder:191 - IdentifierCaseStrategy for both quoted and unquoted identifiers was set to the same strategy [LOWER]; that will likely lead to problems in schema update and validation if using quoted identifiers
2019-02-08 12:52:15 DEBUG Namespace:47 - Created database namespace [logicalName=Name{catalog=null, schema=null}, physicalName=Name{catalog=null, schema=null}]
2019-02-08 12:52:15 DEBUG TypeConfiguration$Scope:142 - Scoping TypeConfiguration [org.hibernate.type.spi.TypeConfiguration@55c1ced9] to MetadataBuildingContext [org.hibernate.boot.internal.MetadataBuildingContextRootImpl@49cc9b2a]
2019-02-08 12:52:15 DEBUG ModelBinder:236 - Mapping class: ua.profitsoft.strymeneshenko.data.Client -&gt; client
2019-02-08 12:52:15 DEBUG ModelBinder:2552 - Mapped property: id -&gt; [id]
2019-02-08 12:52:15 DEBUG PrimaryKey:35 - Forcing column [id] to be non-null as it is part of the primary key for table [client]
2019-02-08 12:52:15 DEBUG ModelBinder:2552 - Mapped property: adress -&gt; [adress]
2019-02-08 12:52:15 DEBUG ModelBinder:2552 - Mapped property: firstName -&gt; [firstName]
2019-02-08 12:52:15 DEBUG ModelBinder:2552 - Mapped property: lastName -&gt; [lastName]
2019-02-08 12:52:15 DEBUG ModelBinder:2552 - Mapped property: nameOrganization -&gt; [nameOrganization]
2019-02-08 12:52:15 DEBUG ModelBinder:236 - Mapping class: ua.profitsoft.strymeneshenko.data.InsuredPerson -&gt; insuredperson
2019-02-08 12:52:15 DEBUG ModelBinder:2552 - Mapped property: id -&gt; [id]
2019-02-08 12:52:15 DEBUG PrimaryKey:35 - Forcing column [id] to be non-null as it is part of the primary key for table [insuredperson]
2019-02-08 12:52:15 DEBUG ModelBinder:2552 - Mapped property: firstName -&gt; [firstName]
2019-02-08 12:52:15 DEBUG ModelBinder:2552 - Mapped property: lastName -&gt; [lastName]
2019-02-08 12:52:15 DEBUG ModelBinder:2552 - Mapped property: dateOfBirth -&gt; [dateOfBirth]
2019-02-08 12:52:15 DEBUG ModelBinder:2552 - Mapped property: cost -&gt; [cost]
2019-02-08 12:52:15 DEBUG ModelBinder:2552 - Mapped property: identificationNumber -&gt; [identificationNumber]
2019-02-08 12:52:15 DEBUG ModelBinder:236 - Mapping class: ua.profitsoft.strymeneshenko.data.Contract -&gt; contract
2019-02-08 12:52:15 DEBUG ModelBinder:2552 - Mapped property: number -&gt; [number]
2019-02-08 12:52:15 DEBUG PrimaryKey:35 - Forcing column [number] to be non-null as it is part of the primary key for table [contract]
2019-02-08 12:52:15 DEBUG ModelBinder:2552 - Mapped property: dateConclusion -&gt; [dateConclusion]
2019-02-08 12:52:15 DEBUG ModelBinder:2552 - Mapped property: startDate -&gt; [startDate]
2019-02-08 12:52:15 DEBUG ModelBinder:2552 - Mapped property: endDate -&gt; [endDate]
2019-02-08 12:52:15 DEBUG ModelBinder:2552 - Mapped property: persons -&gt; []
2019-02-08 12:52:15 DEBUG ModelBinder:2552 - Mapped property: client -&gt; [Client_id]
2019-02-08 12:52:15 DEBUG ModelBinder:3262 - Mapping collection: ua.profitsoft.strymeneshenko.data.Contract.persons -&gt; contract_insuredperson
2019-02-08 12:52:15 DEBUG PrimaryKey:35 - Forcing column [contract_number] to be non-null as it is part of the primary key for table [contract_insuredperson]
2019-02-08 12:52:15 DEBUG PrimaryKey:35 - Forcing column [insuredperson_id] to be non-null as it is part of the primary key for table [contract_insuredperson]
2019-02-08 12:52:15 DEBUG ModelBinder:3137 - Mapped collection : ua.profitsoft.strymeneshenko.data.Contract.persons
2019-02-08 12:52:15 DEBUG ModelBinder:3138 -    + table -&gt; contract
2019-02-08 12:52:15 DEBUG ModelBinder:3139 -    + key -&gt; Contract_number
2019-02-08 12:52:15 DEBUG ModelBinder:3147 -    + element -&gt; InsuredPerson_id
2019-02-08 12:52:15 DEBUG InFlightMetadataCollectorImpl:1873 - Resolving reference to class: ua.profitsoft.strymeneshenko.data.Client
2019-02-08 12:52:15 DEBUG InFlightMetadataCollectorImpl:1873 - Resolving reference to class: ua.profitsoft.strymeneshenko.data.InsuredPerson
2019-02-08 12:52:15 DEBUG InFlightMetadataCollectorImpl:1873 - Resolving reference to class: ua.profitsoft.strymeneshenko.data.Contract
2019-02-08 12:52:15 DEBUG InFlightMetadataCollectorImpl:1873 - Resolving reference to class: ua.profitsoft.strymeneshenko.data.Client
2019-02-08 12:52:15 DEBUG InFlightMetadataCollectorImpl:1873 - Resolving reference to class: ua.profitsoft.strymeneshenko.data.InsuredPerson
2019-02-08 12:52:15 DEBUG InFlightMetadataCollectorImpl:1873 - Resolving reference to class: ua.profitsoft.strymeneshenko.data.Contract
2019-02-08 12:52:15 DEBUG SessionFactoryImpl:197 - Building session factory
2019-02-08 12:52:15 DEBUG Settings:70 - SessionFactory name : null
2019-02-08 12:52:15 DEBUG Settings:71 - Automatic flush during beforeCompletion(): enabled
2019-02-08 12:52:15 DEBUG Settings:72 - Automatic session close at end of transaction: disabled
2019-02-08 12:52:15 DEBUG Settings:74 - Statistics: disabled
2019-02-08 12:52:15 DEBUG Settings:76 - Deleted entity synthetic identifier rollback: disabled
2019-02-08 12:52:15 DEBUG Settings:77 - Default entity-mode: pojo
2019-02-08 12:52:15 DEBUG Settings:78 - Check Nullability in Core (should be disabled when Bean Validation is on): enabled
2019-02-08 12:52:15 DEBUG Settings:79 - Allow initialization of lazy state outside session : enabled
2019-02-08 12:52:15 DEBUG Settings:81 - Using BatchFetchStyle : LEGACY
2019-02-08 12:52:15 DEBUG Settings:82 - Default batch fetch size: -1
2019-02-08 12:52:15 DEBUG Settings:83 - Maximum outer join fetch depth: 2
2019-02-08 12:52:15 DEBUG Settings:84 - Default null ordering: NONE
2019-02-08 12:52:15 DEBUG Settings:85 - Order SQL updates by primary key: disabled
2019-02-08 12:52:15 DEBUG Settings:86 - Order SQL inserts for batching: disabled
2019-02-08 12:52:15 DEBUG Settings:88 - multi-tenancy strategy : NONE
2019-02-08 12:52:15 DEBUG Settings:90 - JTA Track by Thread: enabled
2019-02-08 12:52:15 DEBUG Settings:92 - Query language substitutions: {}
2019-02-08 12:52:15 DEBUG Settings:93 - Named query checking : enabled
2019-02-08 12:52:15 DEBUG Settings:95 - Second-level cache: disabled
2019-02-08 12:52:15 DEBUG Settings:96 - Second-level query cache: disabled
2019-02-08 12:52:15 DEBUG Settings:97 - Second-level query cache factory: null
2019-02-08 12:52:15 DEBUG Settings:98 - Second-level cache region prefix: null
2019-02-08 12:52:15 DEBUG Settings:99 - Optimize second-level cache for minimal puts: disabled
2019-02-08 12:52:15 DEBUG Settings:100 - Structured second-level cache entries: disabled
2019-02-08 12:52:15 DEBUG Settings:101 - Second-level cache direct-reference entries: disabled
2019-02-08 12:52:15 DEBUG Settings:102 - Automatic eviction of collection cache: disabled
2019-02-08 12:52:15 DEBUG Settings:104 - JDBC batch size: 15
2019-02-08 12:52:15 DEBUG Settings:105 - JDBC batch updates for versioned data: enabled
2019-02-08 12:52:15 DEBUG Settings:106 - Scrollable result sets: enabled
2019-02-08 12:52:15 DEBUG Settings:107 - Wrap result sets: disabled
2019-02-08 12:52:15 DEBUG Settings:108 - JDBC3 getGeneratedKeys(): enabled
2019-02-08 12:52:15 DEBUG Settings:109 - JDBC result set fetch size: null
2019-02-08 12:52:15 DEBUG Settings:110 - Connection release mode: AFTER_TRANSACTION
2019-02-08 12:52:15 DEBUG Settings:111 - Generate SQL with comments: disabled
2019-02-08 12:52:15 DEBUG Settings:113 - JPA compliance - query : 
2019-02-08 12:52:15 DEBUG Settings:114 - JPA compliance - closed-handling : 
2019-02-08 12:52:15 DEBUG Settings:115 - JPA compliance - lists : 
2019-02-08 12:52:15 DEBUG Settings:116 - JPA compliance - transactions : 
2019-02-08 12:52:15 DEBUG SessionFactoryImpl:252 - Session factory constructed with filter configurations : {}
2019-02-08 12:52:15 DEBUG SessionFactoryImpl:253 - Instantiating session factory with properties: {sun.desktop=windows, awt.toolkit=sun.awt.windows.WToolkit, file.encoding.pkg=sun.io, java.specification.version=1.8, sun.cpu.isalist=amd64, sun.jnu.encoding=Cp1251, hibernate.dialect=org.hibernate.dialect.MySQLDialect, java.class.path=C:\Users\user\workspace\ProfITsoftTasks-task8\target\test-classes;C:\Users\user\workspace\ProfITsoftTasks-task8\target\classes;C:\Users\user\.m2\repository\junit\junit\4.13-beta-2\junit-4.13-beta-2.jar;C:\Users\user\.m2\repository\org\hamcrest\hamcrest-core\1.3\hamcrest-core-1.3.jar;C:\Users\user\.m2\repository\org\apache\commons\commons-csv\1.6\commons-csv-1.6.jar;C:\Users\user\.m2\repository\log4j\log4j\1.2.17\log4j-1.2.17.jar;C:\Users\user\.m2\repository\commons-dbcp\commons-dbcp\1.2.2\commons-dbcp-1.2.2.jar;C:\Users\user\.m2\repository\commons-pool\commons-pool\1.3\commons-pool-1.3.jar;C:\Users\user\.m2\repository\mysql\mysql-connector-java\8.0.13\mysql-connector-java-8.0.13.jar;C:\Users\user\.m2\repository\com\google\protobuf\protobuf-java\3.6.1\protobuf-java-3.6.1.jar;C:\Users\user\.m2\repository\org\springframework\spring-context\4.3.21.RELEASE\spring-context-4.3.21.RELEASE.jar;C:\Users\user\.m2\repository\org\springframework\spring-aop\4.3.21.RELEASE\spring-aop-4.3.21.RELEASE.jar;C:\Users\user\.m2\repository\org\springframework\spring-beans\4.3.21.RELEASE\spring-beans-4.3.21.RELEASE.jar;C:\Users\user\.m2\repository\org\springframework\spring-expression\4.3.21.RELEASE\spring-expression-4.3.21.RELEASE.jar;C:\Users\user\.m2\repository\org\springframework\spring-orm\4.3.21.RELEASE\spring-orm-4.3.21.RELEASE.jar;C:\Users\user\.m2\repository\org\springframework\spring-tx\4.3.21.RELEASE\spring-tx-4.3.21.RELEASE.jar;C:\Users\user\.m2\repository\org\springframework\spring-core\4.3.21.RELEASE\spring-core-4.3.21.RELEASE.jar;C:\Users\user\.m2\repository\org\springframework\spring-jdbc\4.3.21.RELEASE\spring-jdbc-4.3.21.RELEASE.jar;C:\Users\user\.m2\repository\org\springframework\spring-test\4.3.21.RELEASE\spring-test-4.3.21.RELEASE.jar;C:\Users\user\.m2\repository\org\hibernate\hibernate-core\5.3.5.Final\hibernate-core-5.3.5.Final.jar;C:\Users\user\.m2\repository\org\jboss\logging\jboss-logging\3.3.2.Final\jboss-logging-3.3.2.Final.jar;C:\Users\user\.m2\repository\javax\persistence\javax.persistence-api\2.2\javax.persistence-api-2.2.jar;C:\Users\user\.m2\repository\org\javassist\javassist\3.23.1-GA\javassist-3.23.1-GA.jar;C:\Users\user\.m2\repository\net\bytebuddy\byte-buddy\1.8.17\byte-buddy-1.8.17.jar;C:\Users\user\.m2\repository\antlr\antlr\2.7.7\antlr-2.7.7.jar;C:\Users\user\.m2\repository\org\jboss\spec\javax\transaction\jboss-transaction-api_1.2_spec\1.1.1.Final\jboss-transaction-api_1.2_spec-1.1.1.Final.jar;C:\Users\user\.m2\repository\org\jboss\jandex\2.0.5.Final\jandex-2.0.5.Final.jar;C:\Users\user\.m2\repository\com\fasterxml\classmate\1.3.4\classmate-1.3.4.jar;C:\Users\user\.m2\repository\javax\activation\javax.activation-api\1.2.0\javax.activation-api-1.2.0.jar;C:\Users\user\.m2\repository\dom4j\dom4j\1.6.1\dom4j-1.6.1.jar;C:\Users\user\.m2\repository\org\hibernate\common\hibernate-commons-annotations\5.0.4.Final\hibernate-commons-annotations-5.0.4.Final.jar;C:\Users\user\.m2\repository\org\springframework\spring-aspects\4.3.21.RELEASE\spring-aspects-4.3.21.RELEASE.jar;C:\Users\user\.m2\repository\org\aspectj\aspectjweaver\1.8.9\aspectjweaver-1.8.9.jar;C:\Users\user\.m2\repository\org\springframework\ws\spring-ws-core\3.0.6.RELEASE\spring-ws-core-3.0.6.RELEASE.jar;C:\Users\user\.m2\repository\org\springframework\ws\spring-xml\3.0.6.RELEASE\spring-xml-3.0.6.RELEASE.jar;C:\Users\user\.m2\repository\org\springframework\spring-oxm\5.0.10.RELEASE\spring-oxm-5.0.10.RELEASE.jar;C:\Users\user\.m2\repository\commons-io\commons-io\2.5\commons-io-2.5.jar;C:\Users\user\.m2\repository\wsdl4j\wsdl4j\1.6.3\wsdl4j-1.6.3.jar;C:\Users\user\.m2\repository\javax\servlet\javax.servlet-api\3.1.0\javax.servlet-api-3.1.0.jar;C:\Users\user\.m2\repository\javax\servlet\jstl\1.2\jstl-1.2.jar;C:\Users\user\.m2\repository\org\springframework\spring-web\4.2.2.RELEASE\spring-web-4.2.2.RELEASE.jar;C:\Users\user\.m2\repository\commons-logging\commons-logging\1.1.1\commons-logging-1.1.1.jar;C:\Users\user\.m2\repository\taglibs\standard\1.0\standard-1.0.jar;C:\Users\user\.m2\repository\org\springframework\spring-webmvc\4.2.2.RELEASE\spring-webmvc-4.2.2.RELEASE.jar;C:\Users\user\.m2\repository\org\hibernate\hibernate-validator\5.3.5.Final\hibernate-validator-5.3.5.Final.jar;C:\Users\user\.m2\repository\javax\validation\validation-api\1.1.0.Final\validation-api-1.1.0.Final.jar;C:\Users\user\.m2\repository\org\junit\jupiter\junit-jupiter-api\5.3.2\junit-jupiter-api-5.3.2.jar;C:\Users\user\.m2\repository\org\apiguardian\apiguardian-api\1.0.0\apiguardian-api-1.0.0.jar;C:\Users\user\.m2\repository\org\opentest4j\opentest4j\1.1.1\opentest4j-1.1.1.jar;C:\Users\user\.m2\repository\org\junit\platform\junit-platform-commons\1.3.2\junit-platform-commons-1.3.2.jar;C:\Users\user\.m2\repository\com\fasterxml\jackson\core\jackson-core\2.9.8\jackson-core-2.9.8.jar;C:\Users\user\.m2\repository\com\fasterxml\jackson\core\jackson-databind\2.9.8\jackson-databind-2.9.8.jar;C:\Users\user\.m2\repository\com\fasterxml\jackson\core\jackson-annotations\2.9.0\jackson-annotations-2.9.0.jar;C:\Users\user\.m2\repository\org\mapstruct\mapstruct\1.2.0.Final\mapstruct-1.2.0.Final.jar;C:\Users\user\.m2\repository\org\mapstruct\mapstruct-processor\1.2.0.Final\mapstruct-processor-1.2.0.Final.jar;, java.vm.vendor=Oracle Corporation, sun.arch.data.model=64, hbm2ddl.auto=update, user.variant=, java.vendor.url=http://java.oracle.com/, user.timezone=Europe/Helsinki, os.name=Windows 7, java.vm.specification.version=1.8, hibernate.jdbc.batch_versioned_data=true, sun.java.launcher=SUN_STANDARD, user.country=RU, sun.boot.library.path=C:\Program Files\Java\jdk1.8.0_201\jre\bin, sun.java.command=C:\Users\user\workspace\ProfITsoftTasks-task8\target\surefire\surefirebooter4227925705341608614.jar C:\Users\user\workspace\ProfITsoftTasks-task8\target\surefire\surefire9148846104882782049tmp C:\Users\user\workspace\ProfITsoftTasks-task8\target\surefire\surefire_0634498095086772429tmp, surefire.test.class.path=C:\Users\user\workspace\ProfITsoftTasks-task8\target\test-classes;C:\Users\user\workspace\ProfITsoftTasks-task8\target\classes;C:\Users\user\.m2\repository\junit\junit\4.13-beta-2\junit-4.13-beta-2.jar;C:\Users\user\.m2\repository\org\hamcrest\hamcrest-core\1.3\hamcrest-core-1.3.jar;C:\Users\user\.m2\repository\org\apache\commons\commons-csv\1.6\commons-csv-1.6.jar;C:\Users\user\.m2\repository\log4j\log4j\1.2.17\log4j-1.2.17.jar;C:\Users\user\.m2\repository\commons-dbcp\commons-dbcp\1.2.2\commons-dbcp-1.2.2.jar;C:\Users\user\.m2\repository\commons-pool\commons-pool\1.3\commons-pool-1.3.jar;C:\Users\user\.m2\repository\mysql\mysql-connector-java\8.0.13\mysql-connector-java-8.0.13.jar;C:\Users\user\.m2\repository\com\google\protobuf\protobuf-java\3.6.1\protobuf-java-3.6.1.jar;C:\Users\user\.m2\repository\org\springframework\spring-context\4.3.21.RELEASE\spring-context-4.3.21.RELEASE.jar;C:\Users\user\.m2\repository\org\springframework\spring-aop\4.3.21.RELEASE\spring-aop-4.3.21.RELEASE.jar;C:\Users\user\.m2\repository\org\springframework\spring-beans\4.3.21.RELEASE\spring-beans-4.3.21.RELEASE.jar;C:\Users\user\.m2\repository\org\springframework\spring-expression\4.3.21.RELEASE\spring-expression-4.3.21.RELEASE.jar;C:\Users\user\.m2\repository\org\springframework\spring-orm\4.3.21.RELEASE\spring-orm-4.3.21.RELEASE.jar;C:\Users\user\.m2\repository\org\springframework\spring-tx\4.3.21.RELEASE\spring-tx-4.3.21.RELEASE.jar;C:\Users\user\.m2\repository\org\springframework\spring-core\4.3.21.RELEASE\spring-core-4.3.21.RELEASE.jar;C:\Users\user\.m2\repository\org\springframework\spring-jdbc\4.3.21.RELEASE\spring-jdbc-4.3.21.RELEASE.jar;C:\Users\user\.m2\repository\org\springframework\spring-test\4.3.21.RELEASE\spring-test-4.3.21.RELEASE.jar;C:\Users\user\.m2\repository\org\hibernate\hibernate-core\5.3.5.Final\hibernate-core-5.3.5.Final.jar;C:\Users\user\.m2\repository\org\jboss\logging\jboss-logging\3.3.2.Final\jboss-logging-3.3.2.Final.jar;C:\Users\user\.m2\repository\javax\persistence\javax.persistence-api\2.2\javax.persistence-api-2.2.jar;C:\Users\user\.m2\repository\org\javassist\javassist\3.23.1-GA\javassist-3.23.1-GA.jar;C:\Users\user\.m2\repository\net\bytebuddy\byte-buddy\1.8.17\byte-buddy-1.8.17.jar;C:\Users\user\.m2\repository\antlr\antlr\2.7.7\antlr-2.7.7.jar;C:\Users\user\.m2\repository\org\jboss\spec\javax\transaction\jboss-transaction-api_1.2_spec\1.1.1.Final\jboss-transaction-api_1.2_spec-1.1.1.Final.jar;C:\Users\user\.m2\repository\org\jboss\jandex\2.0.5.Final\jandex-2.0.5.Final.jar;C:\Users\user\.m2\repository\com\fasterxml\classmate\1.3.4\classmate-1.3.4.jar;C:\Users\user\.m2\repository\javax\activation\javax.activation-api\1.2.0\javax.activation-api-1.2.0.jar;C:\Users\user\.m2\repository\dom4j\dom4j\1.6.1\dom4j-1.6.1.jar;C:\Users\user\.m2\repository\org\hibernate\common\hibernate-commons-annotations\5.0.4.Final\hibernate-commons-annotations-5.0.4.Final.jar;C:\Users\user\.m2\repository\org\springframework\spring-aspects\4.3.21.RELEASE\spring-aspects-4.3.21.RELEASE.jar;C:\Users\user\.m2\repository\org\aspectj\aspectjweaver\1.8.9\aspectjweaver-1.8.9.jar;C:\Users\user\.m2\repository\org\springframework\ws\spring-ws-core\3.0.6.RELEASE\spring-ws-core-3.0.6.RELEASE.jar;C:\Users\user\.m2\repository\org\springframework\ws\spring-xml\3.0.6.RELEASE\spring-xml-3.0.6.RELEASE.jar;C:\Users\user\.m2\repository\org\springframework\spring-oxm\5.0.10.RELEASE\spring-oxm-5.0.10.RELEASE.jar;C:\Users\user\.m2\repository\commons-io\commons-io\2.5\commons-io-2.5.jar;C:\Users\user\.m2\repository\wsdl4j\wsdl4j\1.6.3\wsdl4j-1.6.3.jar;C:\Users\user\.m2\repository\javax\servlet\javax.servlet-api\3.1.0\javax.servlet-api-3.1.0.jar;C:\Users\user\.m2\repository\javax\servlet\jstl\1.2\jstl-1.2.jar;C:\Users\user\.m2\repository\org\springframework\spring-web\4.2.2.RELEASE\spring-web-4.2.2.RELEASE.jar;C:\Users\user\.m2\repository\commons-logging\commons-logging\1.1.1\commons-logging-1.1.1.jar;C:\Users\user\.m2\repository\taglibs\standard\1.0\standard-1.0.jar;C:\Users\user\.m2\repository\org\springframework\spring-webmvc\4.2.2.RELEASE\spring-webmvc-4.2.2.RELEASE.jar;C:\Users\user\.m2\repository\org\hibernate\hibernate-validator\5.3.5.Final\hibernate-validator-5.3.5.Final.jar;C:\Users\user\.m2\repository\javax\validation\validation-api\1.1.0.Final\validation-api-1.1.0.Final.jar;C:\Users\user\.m2\repository\org\junit\jupiter\junit-jupiter-api\5.3.2\junit-jupiter-api-5.3.2.jar;C:\Users\user\.m2\repository\org\apiguardian\apiguardian-api\1.0.0\apiguardian-api-1.0.0.jar;C:\Users\user\.m2\repository\org\opentest4j\opentest4j\1.1.1\opentest4j-1.1.1.jar;C:\Users\user\.m2\repository\org\junit\platform\junit-platform-commons\1.3.2\junit-platform-commons-1.3.2.jar;C:\Users\user\.m2\repository\com\fasterxml\jackson\core\jackson-core\2.9.8\jackson-core-2.9.8.jar;C:\Users\user\.m2\repository\com\fasterxml\jackson\core\jackson-databind\2.9.8\jackson-databind-2.9.8.jar;C:\Users\user\.m2\repository\com\fasterxml\jackson\core\jackson-annotations\2.9.0\jackson-annotations-2.9.0.jar;C:\Users\user\.m2\repository\org\mapstruct\mapstruct\1.2.0.Final\mapstruct-1.2.0.Final.jar;C:\Users\user\.m2\repository\org\mapstruct\mapstruct-processor\1.2.0.Final\mapstruct-processor-1.2.0.Final.jar;, sun.cpu.endian=little, user.home=C:\Users\user, user.language=ru, java.specification.vendor=Oracle Corporation, java.home=C:\Program Files\Java\jdk1.8.0_201\jre, file.separator=\, basedir=C:\Users\user\workspace\ProfITsoftTasks-task8, line.separator=
, java.vm.specification.vendor=Oracle Corporation, java.specification.name=Java Platform API Specification, java.awt.graphicsenv=sun.awt.Win32GraphicsEnvironment, surefire.real.class.path=C:\Users\user\workspace\ProfITsoftTasks-task8\target\surefire\surefirebooter4227925705341608614.jar, sun.boot.class.path=C:\Program Files\Java\jdk1.8.0_201\jre\lib\resources.jar;C:\Program Files\Java\jdk1.8.0_201\jre\lib\rt.jar;C:\Program Files\Java\jdk1.8.0_201\jre\lib\sunrsasign.jar;C:\Program Files\Java\jdk1.8.0_201\jre\lib\jsse.jar;C:\Program Files\Java\jdk1.8.0_201\jre\lib\jce.jar;C:\Program Files\Java\jdk1.8.0_201\jre\lib\charsets.jar;C:\Program Files\Java\jdk1.8.0_201\jre\lib\jfr.jar;C:\Program Files\Java\jdk1.8.0_201\jre\classes, hibernate.hbm2ddl.auto=update, user.script=, connection.password=root, sun.management.compiler=HotSpot 64-Bit Tiered Compilers, java.runtime.version=1.8.0_201-b09, user.name=user, path.separator=;, hibernate.connection.username=****, os.version=6.1, java.endorsed.dirs=C:\Program Files\Java\jdk1.8.0_201\jre\lib\endorsed, hibernate.enable_lazy_load_no_trans=true, java.runtime.name=Java(TM) SE Runtime Environment, hibernate.connection.url=jdbc:mysql://localhost:3306/insurance?serverTimezone=UTC, file.encoding=Cp1251, java.vm.name=Java HotSpot(TM) 64-Bit Server VM, hibernate.show_sql=true, show_sql=true, localRepository=C:\Users\user\.m2\repository, hibernate.connection.driver_class=com.mysql.cj.jdbc.Driver, java.vendor.url.bug=http://bugreport.sun.com/bugreport/, java.io.tmpdir=C:\Users\user\AppData\Local\Temp\, idea.version=2018.3.4, java.version=1.8.0_201, user.dir=C:\Users\user\workspace\ProfITsoftTasks-task8, os.arch=amd64, connection.username=root, java.vm.specification.name=Java Virtual Machine Specification, hibernate.connection.password=****, java.awt.printerjob=sun.awt.windows.WPrinterJob, sun.os.patch.level=Service Pack 1, hibernate.boot.CfgXmlAccessService.key=org.hibernate.boot.cfgxml.spi.LoadedConfig@25c1f5ee, java.library.path=C:\Program Files\Java\jdk1.8.0_201\jre\bin;C:\Windows\Sun\Java\bin;C:\Windows\system32;C:\Windows;C:\Program Files (x86)\Common Files\Oracle\Java\javapath;C:\Program Files (x86)\Intel\iCLS Client\;C:\Program Files\Intel\iCLS Client\;C:\Windows\system32;C:\Windows;C:\Windows\System32\Wbem;C:\Windows\System32\WindowsPowerShell\v1.0\;C:\Program Files\Intel\Intel(R) Management Engine Components\DAL;C:\Program Files (x86)\Intel\Intel(R) Management Engine Components\DAL;C:\Program Files\Intel\Intel(R) Management Engine Components\IPT;C:\Program Files (x86)\Intel\Intel(R) Management Engine Components\IPT;C:\Program Files\TortoiseSVN\bin;C:\Users\user\AppData\Local\GitHubDesktop\bin;., java.vendor=Oracle Corporation, java.vm.info=mixed mode, java.vm.version=25.201-b09, hibernate.bytecode.use_reflection_optimizer=true, sun.io.unicode.encoding=UnicodeLittle, java.ext.dirs=C:\Program Files\Java\jdk1.8.0_201\jre\lib\ext;C:\Windows\Sun\Java\lib\ext, java.class.version=52.0}
2019-02-08 12:52:15 DEBUG DefaultTraversableResolver:103 - Found javax.persistence.Persistence on classpath containing &apos;getPersistenceUtil&apos;. Assuming JPA 2 environment. Trying to instantiate JPA aware TraversableResolver
2019-02-08 12:52:15 DEBUG DefaultTraversableResolver:114 - Instantiated JPA aware TraversableResolver of type org.hibernate.validator.internal.engine.resolver.JPATraversableResolver.
2019-02-08 12:52:15 DEBUG ValidationXmlParser:99 - Trying to load META-INF/validation.xml for XML based Validator configuration.
2019-02-08 12:52:15 DEBUG ResourceLoaderHelper:54 - Trying to load META-INF/validation.xml via TCCL
2019-02-08 12:52:15 DEBUG ResourceLoaderHelper:60 - Trying to load META-INF/validation.xml via Hibernate Validator&apos;s class loader
2019-02-08 12:52:15 DEBUG ValidationXmlParser:106 - No META-INF/validation.xml found. Using annotation based configuration only.
2019-02-08 12:52:15 DEBUG TypeSafeActivator:94 - Unable to acquire Bean Validation ValidatorFactory, skipping activation
2019-02-08 12:52:15 DEBUG JaccIntegrator:80 - Skipping JACC integration as it was not enabled
2019-02-08 12:52:15 DEBUG SessionFactoryImpl:292 - Instantiated session factory
2019-02-08 12:52:15 DEBUG TypeConfiguration$Scope:147 - Scoping TypeConfiguration [org.hibernate.type.spi.TypeConfiguration@55c1ced9] to SessionFactoryImpl [org.hibernate.internal.SessionFactoryImpl@4bce62b]
2019-02-08 12:52:15 DEBUG ClassLoaderAccessImpl:60 - Not known whether passed class name [ua.profitsoft.strymeneshenko.data.InsuredPerson] is safe
2019-02-08 12:52:15 DEBUG ClassLoaderAccessImpl:62 - No temp ClassLoader provided; using live ClassLoader for loading potentially unsafe class : ua.profitsoft.strymeneshenko.data.InsuredPerson
2019-02-08 12:52:15 DEBUG ClassLoaderAccessImpl:60 - Not known whether passed class name [ua.profitsoft.strymeneshenko.data.InsuredPerson] is safe
2019-02-08 12:52:15 DEBUG ClassLoaderAccessImpl:62 - No temp ClassLoader provided; using live ClassLoader for loading potentially unsafe class : ua.profitsoft.strymeneshenko.data.InsuredPerson
2019-02-08 12:52:15 DEBUG ClassLoaderAccessImpl:60 - Not known whether passed class name [ua.profitsoft.strymeneshenko.data.Contract] is safe
2019-02-08 12:52:15 DEBUG ClassLoaderAccessImpl:62 - No temp ClassLoader provided; using live ClassLoader for loading potentially unsafe class : ua.profitsoft.strymeneshenko.data.Contract
2019-02-08 12:52:15 DEBUG ClassLoaderAccessImpl:60 - Not known whether passed class name [ua.profitsoft.strymeneshenko.data.Contract] is safe
2019-02-08 12:52:15 DEBUG ClassLoaderAccessImpl:62 - No temp ClassLoader provided; using live ClassLoader for loading potentially unsafe class : ua.profitsoft.strymeneshenko.data.Contract
2019-02-08 12:52:15 DEBUG ClassLoaderAccessImpl:60 - Not known whether passed class name [ua.profitsoft.strymeneshenko.data.Client] is safe
2019-02-08 12:52:15 DEBUG ClassLoaderAccessImpl:62 - No temp ClassLoader provided; using live ClassLoader for loading potentially unsafe class : ua.profitsoft.strymeneshenko.data.Client
2019-02-08 12:52:15 DEBUG ClassLoaderAccessImpl:60 - Not known whether passed class name [ua.profitsoft.strymeneshenko.data.Individual] is safe
2019-02-08 12:52:15 DEBUG ClassLoaderAccessImpl:62 - No temp ClassLoader provided; using live ClassLoader for loading potentially unsafe class : ua.profitsoft.strymeneshenko.data.Individual
2019-02-08 12:52:15 DEBUG ClassLoaderAccessImpl:60 - Not known whether passed class name [ua.profitsoft.strymeneshenko.data.Individual] is safe
2019-02-08 12:52:15 DEBUG ClassLoaderAccessImpl:62 - No temp ClassLoader provided; using live ClassLoader for loading potentially unsafe class : ua.profitsoft.strymeneshenko.data.Individual
2019-02-08 12:52:15 DEBUG ClassLoaderAccessImpl:60 - Not known whether passed class name [ua.profitsoft.strymeneshenko.data.LegalEntity] is safe
2019-02-08 12:52:15 DEBUG ClassLoaderAccessImpl:62 - No temp ClassLoader provided; using live ClassLoader for loading potentially unsafe class : ua.profitsoft.strymeneshenko.data.LegalEntity
2019-02-08 12:52:15 DEBUG ClassLoaderAccessImpl:60 - Not known whether passed class name [ua.profitsoft.strymeneshenko.data.LegalEntity] is safe
2019-02-08 12:52:15 DEBUG ClassLoaderAccessImpl:62 - No temp ClassLoader provided; using live ClassLoader for loading potentially unsafe class : ua.profitsoft.strymeneshenko.data.LegalEntity
2019-02-08 12:52:15 DEBUG ClassLoaderAccessImpl:60 - Not known whether passed class name [ua.profitsoft.strymeneshenko.data.Client] is safe
2019-02-08 12:52:15 DEBUG ClassLoaderAccessImpl:62 - No temp ClassLoader provided; using live ClassLoader for loading potentially unsafe class : ua.profitsoft.strymeneshenko.data.Client
2019-02-08 12:52:15 DEBUG AbstractCollectionPersister:673 - Static SQL for collection: ua.profitsoft.strymeneshenko.data.Contract.persons
2019-02-08 12:52:15 DEBUG AbstractCollectionPersister:675 -  Row insert: insert into contract_insuredperson (Contract_number, InsuredPerson_id) values (?, ?)
2019-02-08 12:52:15 DEBUG AbstractCollectionPersister:678 -  Row update: update contract_insuredperson set InsuredPerson_id=? where Contract_number=? and InsuredPerson_id=?
2019-02-08 12:52:15 DEBUG AbstractCollectionPersister:681 -  Row delete: delete from contract_insuredperson where Contract_number=? and InsuredPerson_id=?
2019-02-08 12:52:15 DEBUG AbstractCollectionPersister:684 -  One-shot delete: delete from contract_insuredperson where Contract_number=?
2019-02-08 12:52:15 DEBUG AbstractEntityPersister:3781 - Static SQL for entity: ua.profitsoft.strymeneshenko.data.InsuredPerson
2019-02-08 12:52:15 DEBUG AbstractEntityPersister:3786 -  Version select: select id from insuredperson where id =?
2019-02-08 12:52:15 DEBUG AbstractEntityPersister:3789 -  Snapshot select: select insuredper_.id, insuredper_.firstName as firstNam2_3_, insuredper_.lastName as lastName3_3_, insuredper_.dateOfBirth as dateOfBi4_3_, insuredper_.cost as cost5_3_, insuredper_.identificationNumber as identifi6_3_ from insuredperson insuredper_ where insuredper_.id=?
2019-02-08 12:52:15 DEBUG AbstractEntityPersister:394 -  Insert 0: insert into insuredperson (firstName, lastName, dateOfBirth, cost, identificationNumber, id) values (?, ?, ?, ?, ?, ?)
2019-02-08 12:52:15 DEBUG AbstractEntityPersister:394 -  Update 0: update insuredperson set firstName=?, lastName=?, dateOfBirth=?, cost=?, identificationNumber=? where id=?
2019-02-08 12:52:15 DEBUG AbstractEntityPersister:394 -  Delete 0: delete from insuredperson where id=?
2019-02-08 12:52:15 DEBUG AbstractEntityPersister:3797 -  Identity insert: insert into insuredperson (firstName, lastName, dateOfBirth, cost, identificationNumber) values (?, ?, ?, ?, ?)
2019-02-08 12:52:15 DEBUG QuerySpacesImpl:174 - Adding QuerySpace : uid = &lt;gen:0&gt; -&gt; org.hibernate.loader.plan.build.internal.spaces.EntityQuerySpaceImpl@44faa4f2]
2019-02-08 12:52:15 DEBUG MetamodelGraphWalker:139 - Visiting attribute path : firstName
2019-02-08 12:52:15 DEBUG MetamodelGraphWalker:139 - Visiting attribute path : lastName
2019-02-08 12:52:15 DEBUG MetamodelGraphWalker:139 - Visiting attribute path : dateOfBirth
2019-02-08 12:52:15 DEBUG MetamodelGraphWalker:139 - Visiting attribute path : cost
2019-02-08 12:52:15 DEBUG MetamodelGraphWalker:139 - Visiting attribute path : identificationNumber
2019-02-08 12:52:15 DEBUG FetchStyleLoadPlanBuildingAssociationVisitationStrategy:150 - Building LoadPlan...
2019-02-08 12:52:15 DEBUG LoadQueryJoinAndFetchProcessor:119 - processing queryspace &lt;gen:0&gt;
2019-02-08 12:52:15 DEBUG LoadPlanTreePrinter:55 - LoadPlan(entity=ua.profitsoft.strymeneshenko.data.InsuredPerson)
    - Returns
       - EntityReturnImpl(entity=ua.profitsoft.strymeneshenko.data.InsuredPerson, querySpaceUid=&lt;gen:0&gt;, path=ua.profitsoft.strymeneshenko.data.InsuredPerson)
    - QuerySpaces
       - EntityQuerySpaceImpl(uid=&lt;gen:0&gt;, entity=ua.profitsoft.strymeneshenko.data.InsuredPerson)
          - SQL table alias mapping - insuredper0_
          - alias suffix - 0_
          - suffixed key columns - {id1_3_0_}

2019-02-08 12:52:15 DEBUG EntityLoader:137 - Static select for entity ua.profitsoft.strymeneshenko.data.InsuredPerson [NONE]: select insuredper0_.id as id1_3_0_, insuredper0_.firstName as firstNam2_3_0_, insuredper0_.lastName as lastName3_3_0_, insuredper0_.dateOfBirth as dateOfBi4_3_0_, insuredper0_.cost as cost5_3_0_, insuredper0_.identificationNumber as identifi6_3_0_ from insuredperson insuredper0_ where insuredper0_.id=?
2019-02-08 12:52:15 DEBUG QuerySpacesImpl:174 - Adding QuerySpace : uid = &lt;gen:0&gt; -&gt; org.hibernate.loader.plan.build.internal.spaces.EntityQuerySpaceImpl@1216eb3f]
2019-02-08 12:52:15 DEBUG MetamodelGraphWalker:139 - Visiting attribute path : firstName
2019-02-08 12:52:15 DEBUG MetamodelGraphWalker:139 - Visiting attribute path : lastName
2019-02-08 12:52:15 DEBUG MetamodelGraphWalker:139 - Visiting attribute path : dateOfBirth
2019-02-08 12:52:15 DEBUG MetamodelGraphWalker:139 - Visiting attribute path : cost
2019-02-08 12:52:15 DEBUG MetamodelGraphWalker:139 - Visiting attribute path : identificationNumber
2019-02-08 12:52:15 DEBUG FetchStyleLoadPlanBuildingAssociationVisitationStrategy:150 - Building LoadPlan...
2019-02-08 12:52:15 DEBUG LoadQueryJoinAndFetchProcessor:119 - processing queryspace &lt;gen:0&gt;
2019-02-08 12:52:15 DEBUG LoadPlanTreePrinter:55 - LoadPlan(entity=ua.profitsoft.strymeneshenko.data.InsuredPerson)
    - Returns
       - EntityReturnImpl(entity=ua.profitsoft.strymeneshenko.data.InsuredPerson, querySpaceUid=&lt;gen:0&gt;, path=ua.profitsoft.strymeneshenko.data.InsuredPerson)
    - QuerySpaces
       - EntityQuerySpaceImpl(uid=&lt;gen:0&gt;, entity=ua.profitsoft.strymeneshenko.data.InsuredPerson)
          - SQL table alias mapping - insuredper0_
          - alias suffix - 0_
          - suffixed key columns - {id1_3_0_}

2019-02-08 12:52:15 DEBUG EntityLoader:137 - Static select for entity ua.profitsoft.strymeneshenko.data.InsuredPerson [READ]: select insuredper0_.id as id1_3_0_, insuredper0_.firstName as firstNam2_3_0_, insuredper0_.lastName as lastName3_3_0_, insuredper0_.dateOfBirth as dateOfBi4_3_0_, insuredper0_.cost as cost5_3_0_, insuredper0_.identificationNumber as identifi6_3_0_ from insuredperson insuredper0_ where insuredper0_.id=?
2019-02-08 12:52:15 DEBUG Loader:38 - Static select for action ACTION_MERGE on entity ua.profitsoft.strymeneshenko.data.InsuredPerson: select insuredper0_.id as id1_3_0_, insuredper0_.firstName as firstNam2_3_0_, insuredper0_.lastName as lastName3_3_0_, insuredper0_.dateOfBirth as dateOfBi4_3_0_, insuredper0_.cost as cost5_3_0_, insuredper0_.identificationNumber as identifi6_3_0_ from insuredperson insuredper0_ where insuredper0_.id=?
2019-02-08 12:52:15 DEBUG Loader:38 - Static select for action ACTION_REFRESH on entity ua.profitsoft.strymeneshenko.data.InsuredPerson: select insuredper0_.id as id1_3_0_, insuredper0_.firstName as firstNam2_3_0_, insuredper0_.lastName as lastName3_3_0_, insuredper0_.dateOfBirth as dateOfBi4_3_0_, insuredper0_.cost as cost5_3_0_, insuredper0_.identificationNumber as identifi6_3_0_ from insuredperson insuredper0_ where insuredper0_.id=?
2019-02-08 12:52:15 DEBUG AbstractEntityPersister:3781 - Static SQL for entity: ua.profitsoft.strymeneshenko.data.Contract
2019-02-08 12:52:15 DEBUG AbstractEntityPersister:3786 -  Version select: select number from contract where number =?
2019-02-08 12:52:15 DEBUG AbstractEntityPersister:3789 -  Snapshot select: select contract_.number, contract_.dateConclusion as dateConc2_1_, contract_.startDate as startDat3_1_, contract_.endDate as endDate4_1_, contract_.Client_id as Client_i5_1_ from contract contract_ where contract_.number=?
2019-02-08 12:52:15 DEBUG AbstractEntityPersister:394 -  Insert 0: insert into contract (dateConclusion, startDate, endDate, Client_id, number) values (?, ?, ?, ?, ?)
2019-02-08 12:52:15 DEBUG AbstractEntityPersister:394 -  Update 0: update contract set dateConclusion=?, startDate=?, endDate=?, Client_id=? where number=?
2019-02-08 12:52:15 DEBUG AbstractEntityPersister:394 -  Delete 0: delete from contract where number=?
2019-02-08 12:52:15 DEBUG AbstractEntityPersister:3797 -  Identity insert: insert into contract (dateConclusion, startDate, endDate, Client_id) values (?, ?, ?, ?)
2019-02-08 12:52:15 DEBUG QuerySpacesImpl:174 - Adding QuerySpace : uid = &lt;gen:0&gt; -&gt; org.hibernate.loader.plan.build.internal.spaces.EntityQuerySpaceImpl@482ba4b1]
2019-02-08 12:52:15 DEBUG MetamodelGraphWalker:139 - Visiting attribute path : dateConclusion
2019-02-08 12:52:15 DEBUG MetamodelGraphWalker:139 - Visiting attribute path : startDate
2019-02-08 12:52:15 DEBUG MetamodelGraphWalker:139 - Visiting attribute path : endDate
2019-02-08 12:52:15 DEBUG MetamodelGraphWalker:139 - Visiting attribute path : persons
2019-02-08 12:52:15 DEBUG QuerySpacesImpl:174 - Adding QuerySpace : uid = &lt;gen:1&gt; -&gt; org.hibernate.loader.plan.build.internal.spaces.CollectionQuerySpaceImpl@1510b9a2]
2019-02-08 12:52:15 DEBUG QuerySpacesImpl:174 - Adding QuerySpace : uid = &lt;gen:2&gt; -&gt; org.hibernate.loader.plan.build.internal.spaces.EntityQuerySpaceImpl@76a6f045]
2019-02-08 12:52:15 DEBUG MetamodelGraphWalker:139 - Visiting attribute path : client
2019-02-08 12:52:15 DEBUG QuerySpacesImpl:174 - Adding QuerySpace : uid = &lt;gen:3&gt; -&gt; org.hibernate.loader.plan.build.internal.spaces.EntityQuerySpaceImpl@633ddc0c]
2019-02-08 12:52:15 DEBUG FetchStyleLoadPlanBuildingAssociationVisitationStrategy:150 - Building LoadPlan...
2019-02-08 12:52:15 DEBUG LoadQueryJoinAndFetchProcessor:119 - processing queryspace &lt;gen:0&gt;
2019-02-08 12:52:15 DEBUG LoadPlanTreePrinter:55 - LoadPlan(entity=ua.profitsoft.strymeneshenko.data.Contract)
    - Returns
       - EntityReturnImpl(entity=ua.profitsoft.strymeneshenko.data.Contract, querySpaceUid=&lt;gen:0&gt;, path=ua.profitsoft.strymeneshenko.data.Contract)
          - CollectionAttributeFetchImpl(collection=ua.profitsoft.strymeneshenko.data.Contract.persons, querySpaceUid=&lt;gen:1&gt;, path=ua.profitsoft.strymeneshenko.data.Contract.persons)
             - (collection element) CollectionFetchableElementEntityGraph(entity=ua.profitsoft.strymeneshenko.data.InsuredPerson, querySpaceUid=&lt;gen:2&gt;, path=ua.profitsoft.strymeneshenko.data.Contract.persons.&lt;elements&gt;)
          - EntityAttributeFetchImpl(entity=ua.profitsoft.strymeneshenko.data.Client, querySpaceUid=&lt;gen:3&gt;, path=ua.profitsoft.strymeneshenko.data.Contract.client)
    - QuerySpaces
       - EntityQuerySpaceImpl(uid=&lt;gen:0&gt;, entity=ua.profitsoft.strymeneshenko.data.Contract)
          - SQL table alias mapping - contract0_
          - alias suffix - 0_
          - suffixed key columns - {number1_1_0_}

2019-02-08 12:52:15 DEBUG EntityLoader:137 - Static select for entity ua.profitsoft.strymeneshenko.data.Contract [NONE]: select contract0_.number as number1_1_0_, contract0_.dateConclusion as dateConc2_1_0_, contract0_.startDate as startDat3_1_0_, contract0_.endDate as endDate4_1_0_, contract0_.Client_id as Client_i5_1_0_ from contract contract0_ where contract0_.number=?
2019-02-08 12:52:15 DEBUG QuerySpacesImpl:174 - Adding QuerySpace : uid = &lt;gen:0&gt; -&gt; org.hibernate.loader.plan.build.internal.spaces.EntityQuerySpaceImpl@4bcdd11]
2019-02-08 12:52:15 DEBUG MetamodelGraphWalker:139 - Visiting attribute path : dateConclusion
2019-02-08 12:52:15 DEBUG MetamodelGraphWalker:139 - Visiting attribute path : startDate
2019-02-08 12:52:15 DEBUG MetamodelGraphWalker:139 - Visiting attribute path : endDate
2019-02-08 12:52:15 DEBUG MetamodelGraphWalker:139 - Visiting attribute path : persons
2019-02-08 12:52:15 DEBUG QuerySpacesImpl:174 - Adding QuerySpace : uid = &lt;gen:1&gt; -&gt; org.hibernate.loader.plan.build.internal.spaces.CollectionQuerySpaceImpl@5514579e]
2019-02-08 12:52:15 DEBUG QuerySpacesImpl:174 - Adding QuerySpace : uid = &lt;gen:2&gt; -&gt; org.hibernate.loader.plan.build.internal.spaces.EntityQuerySpaceImpl@58c42c8c]
2019-02-08 12:52:15 DEBUG MetamodelGraphWalker:139 - Visiting attribute path : client
2019-02-08 12:52:15 DEBUG QuerySpacesImpl:174 - Adding QuerySpace : uid = &lt;gen:3&gt; -&gt; org.hibernate.loader.plan.build.internal.spaces.EntityQuerySpaceImpl@3af236d0]
2019-02-08 12:52:15 DEBUG FetchStyleLoadPlanBuildingAssociationVisitationStrategy:150 - Building LoadPlan...
2019-02-08 12:52:15 DEBUG LoadQueryJoinAndFetchProcessor:119 - processing queryspace &lt;gen:0&gt;
2019-02-08 12:52:15 DEBUG LoadPlanTreePrinter:55 - LoadPlan(entity=ua.profitsoft.strymeneshenko.data.Contract)
    - Returns
       - EntityReturnImpl(entity=ua.profitsoft.strymeneshenko.data.Contract, querySpaceUid=&lt;gen:0&gt;, path=ua.profitsoft.strymeneshenko.data.Contract)
          - CollectionAttributeFetchImpl(collection=ua.profitsoft.strymeneshenko.data.Contract.persons, querySpaceUid=&lt;gen:1&gt;, path=ua.profitsoft.strymeneshenko.data.Contract.persons)
             - (collection element) CollectionFetchableElementEntityGraph(entity=ua.profitsoft.strymeneshenko.data.InsuredPerson, querySpaceUid=&lt;gen:2&gt;, path=ua.profitsoft.strymeneshenko.data.Contract.persons.&lt;elements&gt;)
          - EntityAttributeFetchImpl(entity=ua.profitsoft.strymeneshenko.data.Client, querySpaceUid=&lt;gen:3&gt;, path=ua.profitsoft.strymeneshenko.data.Contract.client)
    - QuerySpaces
       - EntityQuerySpaceImpl(uid=&lt;gen:0&gt;, entity=ua.profitsoft.strymeneshenko.data.Contract)
          - SQL table alias mapping - contract0_
          - alias suffix - 0_
          - suffixed key columns - {number1_1_0_}

2019-02-08 12:52:15 DEBUG EntityLoader:137 - Static select for entity ua.profitsoft.strymeneshenko.data.Contract [READ]: select contract0_.number as number1_1_0_, contract0_.dateConclusion as dateConc2_1_0_, contract0_.startDate as startDat3_1_0_, contract0_.endDate as endDate4_1_0_, contract0_.Client_id as Client_i5_1_0_ from contract contract0_ where contract0_.number=?
2019-02-08 12:52:15 DEBUG Loader:38 - Static select for action ACTION_MERGE on entity ua.profitsoft.strymeneshenko.data.Contract: select contract0_.number as number1_1_2_, contract0_.dateConclusion as dateConc2_1_2_, contract0_.startDate as startDat3_1_2_, contract0_.endDate as endDate4_1_2_, contract0_.Client_id as Client_i5_1_2_, persons1_.Contract_number as Contract1_2_4_, insuredper2_.id as InsuredP2_2_4_, insuredper2_.id as id1_3_0_, insuredper2_.firstName as firstNam2_3_0_, insuredper2_.lastName as lastName3_3_0_, insuredper2_.dateOfBirth as dateOfBi4_3_0_, insuredper2_.cost as cost5_3_0_, insuredper2_.identificationNumber as identifi6_3_0_, client3_.id as id1_0_1_, client3_.adress as adress3_0_1_, client3_.firstName as firstNam4_0_1_, client3_.lastName as lastName5_0_1_, client3_.nameOrganization as nameOrga6_0_1_, client3_.CLIENT_TYPE as CLIENT_T2_0_1_ from contract contract0_ left outer join contract_insuredperson persons1_ on contract0_.number=persons1_.Contract_number left outer join insuredperson insuredper2_ on persons1_.InsuredPerson_id=insuredper2_.id inner join client client3_ on contract0_.Client_id=client3_.id where contract0_.number=?
2019-02-08 12:52:15 DEBUG Loader:38 - Static select for action ACTION_REFRESH on entity ua.profitsoft.strymeneshenko.data.Contract: select contract0_.number as number1_1_2_, contract0_.dateConclusion as dateConc2_1_2_, contract0_.startDate as startDat3_1_2_, contract0_.endDate as endDate4_1_2_, contract0_.Client_id as Client_i5_1_2_, persons1_.Contract_number as Contract1_2_4_, insuredper2_.id as InsuredP2_2_4_, insuredper2_.id as id1_3_0_, insuredper2_.firstName as firstNam2_3_0_, insuredper2_.lastName as lastName3_3_0_, insuredper2_.dateOfBirth as dateOfBi4_3_0_, insuredper2_.cost as cost5_3_0_, insuredper2_.identificationNumber as identifi6_3_0_, client3_.id as id1_0_1_, client3_.adress as adress3_0_1_, client3_.firstName as firstNam4_0_1_, client3_.lastName as lastName5_0_1_, client3_.nameOrganization as nameOrga6_0_1_, client3_.CLIENT_TYPE as CLIENT_T2_0_1_ from contract contract0_ left outer join contract_insuredperson persons1_ on contract0_.number=persons1_.Contract_number left outer join insuredperson insuredper2_ on persons1_.InsuredPerson_id=insuredper2_.id inner join client client3_ on contract0_.Client_id=client3_.id where contract0_.number=?
2019-02-08 12:52:15 DEBUG AbstractEntityPersister:3781 - Static SQL for entity: ua.profitsoft.strymeneshenko.data.Individual
2019-02-08 12:52:15 DEBUG AbstractEntityPersister:3786 -  Version select: select id from client where id =?
2019-02-08 12:52:15 DEBUG AbstractEntityPersister:3789 -  Snapshot select: select individual_.id, individual_.adress as adress3_0_, individual_.firstName as firstNam4_0_, individual_.lastName as lastName5_0_ from client individual_ where individual_.id=?
2019-02-08 12:52:15 DEBUG AbstractEntityPersister:394 -  Insert 0: insert into client (adress, firstName, lastName, CLIENT_TYPE, id) values (?, ?, ?, &apos;Individual&apos;, ?)
2019-02-08 12:52:15 DEBUG AbstractEntityPersister:394 -  Update 0: update client set adress=?, firstName=?, lastName=? where id=?
2019-02-08 12:52:15 DEBUG AbstractEntityPersister:394 -  Delete 0: delete from client where id=?
2019-02-08 12:52:15 DEBUG AbstractEntityPersister:3797 -  Identity insert: insert into client (adress, firstName, lastName, CLIENT_TYPE) values (?, ?, ?, &apos;Individual&apos;)
2019-02-08 12:52:15 DEBUG QuerySpacesImpl:174 - Adding QuerySpace : uid = &lt;gen:0&gt; -&gt; org.hibernate.loader.plan.build.internal.spaces.EntityQuerySpaceImpl@23564dd2]
2019-02-08 12:52:15 DEBUG MetamodelGraphWalker:139 - Visiting attribute path : adress
2019-02-08 12:52:15 DEBUG MetamodelGraphWalker:139 - Visiting attribute path : firstName
2019-02-08 12:52:15 DEBUG MetamodelGraphWalker:139 - Visiting attribute path : lastName
2019-02-08 12:52:15 DEBUG FetchStyleLoadPlanBuildingAssociationVisitationStrategy:150 - Building LoadPlan...
2019-02-08 12:52:15 DEBUG LoadQueryJoinAndFetchProcessor:119 - processing queryspace &lt;gen:0&gt;
2019-02-08 12:52:15 DEBUG LoadPlanTreePrinter:55 - LoadPlan(entity=ua.profitsoft.strymeneshenko.data.Individual)
    - Returns
       - EntityReturnImpl(entity=ua.profitsoft.strymeneshenko.data.Individual, querySpaceUid=&lt;gen:0&gt;, path=ua.profitsoft.strymeneshenko.data.Individual)
    - QuerySpaces
       - EntityQuerySpaceImpl(uid=&lt;gen:0&gt;, entity=ua.profitsoft.strymeneshenko.data.Individual)
          - SQL table alias mapping - individual0_
          - alias suffix - 0_
          - suffixed key columns - {id1_0_0_}

2019-02-08 12:52:15 DEBUG EntityLoader:137 - Static select for entity ua.profitsoft.strymeneshenko.data.Individual [NONE]: select individual0_.id as id1_0_0_, individual0_.adress as adress3_0_0_, individual0_.firstName as firstNam4_0_0_, individual0_.lastName as lastName5_0_0_ from client individual0_ where individual0_.id=? and individual0_.CLIENT_TYPE=&apos;Individual&apos;
2019-02-08 12:52:15 DEBUG QuerySpacesImpl:174 - Adding QuerySpace : uid = &lt;gen:0&gt; -&gt; org.hibernate.loader.plan.build.internal.spaces.EntityQuerySpaceImpl@6bf570c]
2019-02-08 12:52:15 DEBUG MetamodelGraphWalker:139 - Visiting attribute path : adress
2019-02-08 12:52:15 DEBUG MetamodelGraphWalker:139 - Visiting attribute path : firstName
2019-02-08 12:52:15 DEBUG MetamodelGraphWalker:139 - Visiting attribute path : lastName
2019-02-08 12:52:15 DEBUG FetchStyleLoadPlanBuildingAssociationVisitationStrategy:150 - Building LoadPlan...
2019-02-08 12:52:15 DEBUG LoadQueryJoinAndFetchProcessor:119 - processing queryspace &lt;gen:0&gt;
2019-02-08 12:52:15 DEBUG LoadPlanTreePrinter:55 - LoadPlan(entity=ua.profitsoft.strymeneshenko.data.Individual)
    - Returns
       - EntityReturnImpl(entity=ua.profitsoft.strymeneshenko.data.Individual, querySpaceUid=&lt;gen:0&gt;, path=ua.profitsoft.strymeneshenko.data.Individual)
    - QuerySpaces
       - EntityQuerySpaceImpl(uid=&lt;gen:0&gt;, entity=ua.profitsoft.strymeneshenko.data.Individual)
          - SQL table alias mapping - individual0_
          - alias suffix - 0_
          - suffixed key columns - {id1_0_0_}

2019-02-08 12:52:15 DEBUG EntityLoader:137 - Static select for entity ua.profitsoft.strymeneshenko.data.Individual [READ]: select individual0_.id as id1_0_0_, individual0_.adress as adress3_0_0_, individual0_.firstName as firstNam4_0_0_, individual0_.lastName as lastName5_0_0_ from client individual0_ where individual0_.id=? and individual0_.CLIENT_TYPE=&apos;Individual&apos;
2019-02-08 12:52:15 DEBUG Loader:38 - Static select for action ACTION_MERGE on entity ua.profitsoft.strymeneshenko.data.Individual: select individual0_.id as id1_0_0_, individual0_.adress as adress3_0_0_, individual0_.firstName as firstNam4_0_0_, individual0_.lastName as lastName5_0_0_ from client individual0_ where individual0_.id=? and individual0_.CLIENT_TYPE=&apos;Individual&apos;
2019-02-08 12:52:15 DEBUG Loader:38 - Static select for action ACTION_REFRESH on entity ua.profitsoft.strymeneshenko.data.Individual: select individual0_.id as id1_0_0_, individual0_.adress as adress3_0_0_, individual0_.firstName as firstNam4_0_0_, individual0_.lastName as lastName5_0_0_ from client individual0_ where individual0_.id=? and individual0_.CLIENT_TYPE=&apos;Individual&apos;
2019-02-08 12:52:15 DEBUG AbstractEntityPersister:3781 - Static SQL for entity: ua.profitsoft.strymeneshenko.data.LegalEntity
2019-02-08 12:52:15 DEBUG AbstractEntityPersister:3786 -  Version select: select id from client where id =?
2019-02-08 12:52:15 DEBUG AbstractEntityPersister:3789 -  Snapshot select: select legalentit_.id, legalentit_.adress as adress3_0_, legalentit_.nameOrganization as nameOrga6_0_ from client legalentit_ where legalentit_.id=?
2019-02-08 12:52:15 DEBUG AbstractEntityPersister:394 -  Insert 0: insert into client (adress, nameOrganization, CLIENT_TYPE, id) values (?, ?, &apos;LegalEntity&apos;, ?)
2019-02-08 12:52:15 DEBUG AbstractEntityPersister:394 -  Update 0: update client set adress=?, nameOrganization=? where id=?
2019-02-08 12:52:15 DEBUG AbstractEntityPersister:394 -  Delete 0: delete from client where id=?
2019-02-08 12:52:15 DEBUG AbstractEntityPersister:3797 -  Identity insert: insert into client (adress, nameOrganization, CLIENT_TYPE) values (?, ?, &apos;LegalEntity&apos;)
2019-02-08 12:52:15 DEBUG QuerySpacesImpl:174 - Adding QuerySpace : uid = &lt;gen:0&gt; -&gt; org.hibernate.loader.plan.build.internal.spaces.EntityQuerySpaceImpl@935d3f9]
2019-02-08 12:52:15 DEBUG MetamodelGraphWalker:139 - Visiting attribute path : adress
2019-02-08 12:52:15 DEBUG MetamodelGraphWalker:139 - Visiting attribute path : nameOrganization
2019-02-08 12:52:15 DEBUG FetchStyleLoadPlanBuildingAssociationVisitationStrategy:150 - Building LoadPlan...
2019-02-08 12:52:15 DEBUG LoadQueryJoinAndFetchProcessor:119 - processing queryspace &lt;gen:0&gt;
2019-02-08 12:52:15 DEBUG LoadPlanTreePrinter:55 - LoadPlan(entity=ua.profitsoft.strymeneshenko.data.LegalEntity)
    - Returns
       - EntityReturnImpl(entity=ua.profitsoft.strymeneshenko.data.LegalEntity, querySpaceUid=&lt;gen:0&gt;, path=ua.profitsoft.strymeneshenko.data.LegalEntity)
    - QuerySpaces
       - EntityQuerySpaceImpl(uid=&lt;gen:0&gt;, entity=ua.profitsoft.strymeneshenko.data.LegalEntity)
          - SQL table alias mapping - legalentit0_
          - alias suffix - 0_
          - suffixed key columns - {id1_0_0_}

2019-02-08 12:52:15 DEBUG EntityLoader:137 - Static select for entity ua.profitsoft.strymeneshenko.data.LegalEntity [NONE]: select legalentit0_.id as id1_0_0_, legalentit0_.adress as adress3_0_0_, legalentit0_.nameOrganization as nameOrga6_0_0_ from client legalentit0_ where legalentit0_.id=? and legalentit0_.CLIENT_TYPE=&apos;LegalEntity&apos;
2019-02-08 12:52:15 DEBUG QuerySpacesImpl:174 - Adding QuerySpace : uid = &lt;gen:0&gt; -&gt; org.hibernate.loader.plan.build.internal.spaces.EntityQuerySpaceImpl@5db0003d]
2019-02-08 12:52:15 DEBUG MetamodelGraphWalker:139 - Visiting attribute path : adress
2019-02-08 12:52:15 DEBUG MetamodelGraphWalker:139 - Visiting attribute path : nameOrganization
2019-02-08 12:52:15 DEBUG FetchStyleLoadPlanBuildingAssociationVisitationStrategy:150 - Building LoadPlan...
2019-02-08 12:52:15 DEBUG LoadQueryJoinAndFetchProcessor:119 - processing queryspace &lt;gen:0&gt;
2019-02-08 12:52:15 DEBUG LoadPlanTreePrinter:55 - LoadPlan(entity=ua.profitsoft.strymeneshenko.data.LegalEntity)
    - Returns
       - EntityReturnImpl(entity=ua.profitsoft.strymeneshenko.data.LegalEntity, querySpaceUid=&lt;gen:0&gt;, path=ua.profitsoft.strymeneshenko.data.LegalEntity)
    - QuerySpaces
       - EntityQuerySpaceImpl(uid=&lt;gen:0&gt;, entity=ua.profitsoft.strymeneshenko.data.LegalEntity)
          - SQL table alias mapping - legalentit0_
          - alias suffix - 0_
          - suffixed key columns - {id1_0_0_}

2019-02-08 12:52:15 DEBUG EntityLoader:137 - Static select for entity ua.profitsoft.strymeneshenko.data.LegalEntity [READ]: select legalentit0_.id as id1_0_0_, legalentit0_.adress as adress3_0_0_, legalentit0_.nameOrganization as nameOrga6_0_0_ from client legalentit0_ where legalentit0_.id=? and legalentit0_.CLIENT_TYPE=&apos;LegalEntity&apos;
2019-02-08 12:52:15 DEBUG Loader:38 - Static select for action ACTION_MERGE on entity ua.profitsoft.strymeneshenko.data.LegalEntity: select legalentit0_.id as id1_0_0_, legalentit0_.adress as adress3_0_0_, legalentit0_.nameOrganization as nameOrga6_0_0_ from client legalentit0_ where legalentit0_.id=? and legalentit0_.CLIENT_TYPE=&apos;LegalEntity&apos;
2019-02-08 12:52:15 DEBUG Loader:38 - Static select for action ACTION_REFRESH on entity ua.profitsoft.strymeneshenko.data.LegalEntity: select legalentit0_.id as id1_0_0_, legalentit0_.adress as adress3_0_0_, legalentit0_.nameOrganization as nameOrga6_0_0_ from client legalentit0_ where legalentit0_.id=? and legalentit0_.CLIENT_TYPE=&apos;LegalEntity&apos;
2019-02-08 12:52:15 DEBUG AbstractEntityPersister:3781 - Static SQL for entity: ua.profitsoft.strymeneshenko.data.Client
2019-02-08 12:52:15 DEBUG AbstractEntityPersister:3786 -  Version select: select id from client where id =?
2019-02-08 12:52:15 DEBUG AbstractEntityPersister:3789 -  Snapshot select: select client_.id, client_.adress as adress3_0_ from client client_ where client_.id=?
2019-02-08 12:52:15 DEBUG AbstractEntityPersister:394 -  Insert 0: insert into client (adress, CLIENT_TYPE, id) values (?, &apos;ua.profitsoft.strymeneshenko.data.Client&apos;, ?)
2019-02-08 12:52:15 DEBUG AbstractEntityPersister:394 -  Update 0: update client set adress=? where id=?
2019-02-08 12:52:15 DEBUG AbstractEntityPersister:394 -  Delete 0: delete from client where id=?
2019-02-08 12:52:15 DEBUG AbstractEntityPersister:3797 -  Identity insert: insert into client (adress, CLIENT_TYPE) values (?, &apos;ua.profitsoft.strymeneshenko.data.Client&apos;)
2019-02-08 12:52:15 DEBUG QuerySpacesImpl:174 - Adding QuerySpace : uid = &lt;gen:0&gt; -&gt; org.hibernate.loader.plan.build.internal.spaces.EntityQuerySpaceImpl@589fb74d]
2019-02-08 12:52:15 DEBUG MetamodelGraphWalker:139 - Visiting attribute path : adress
2019-02-08 12:52:15 DEBUG MetamodelGraphWalker:139 - Visiting attribute path : firstName
2019-02-08 12:52:15 DEBUG MetamodelGraphWalker:139 - Visiting attribute path : lastName
2019-02-08 12:52:15 DEBUG MetamodelGraphWalker:139 - Visiting attribute path : nameOrganization
2019-02-08 12:52:15 DEBUG FetchStyleLoadPlanBuildingAssociationVisitationStrategy:150 - Building LoadPlan...
2019-02-08 12:52:15 DEBUG LoadQueryJoinAndFetchProcessor:119 - processing queryspace &lt;gen:0&gt;
2019-02-08 12:52:15 DEBUG LoadPlanTreePrinter:55 - LoadPlan(entity=ua.profitsoft.strymeneshenko.data.Client)
    - Returns
       - EntityReturnImpl(entity=ua.profitsoft.strymeneshenko.data.Client, querySpaceUid=&lt;gen:0&gt;, path=ua.profitsoft.strymeneshenko.data.Client)
    - QuerySpaces
       - EntityQuerySpaceImpl(uid=&lt;gen:0&gt;, entity=ua.profitsoft.strymeneshenko.data.Client)
          - SQL table alias mapping - client0_
          - alias suffix - 0_
          - suffixed key columns - {id1_0_0_}

2019-02-08 12:52:15 DEBUG EntityLoader:137 - Static select for entity ua.profitsoft.strymeneshenko.data.Client [NONE]: select client0_.id as id1_0_0_, client0_.adress as adress3_0_0_, client0_.firstName as firstNam4_0_0_, client0_.lastName as lastName5_0_0_, client0_.nameOrganization as nameOrga6_0_0_, client0_.CLIENT_TYPE as CLIENT_T2_0_0_ from client client0_ where client0_.id=?
2019-02-08 12:52:15 DEBUG QuerySpacesImpl:174 - Adding QuerySpace : uid = &lt;gen:0&gt; -&gt; org.hibernate.loader.plan.build.internal.spaces.EntityQuerySpaceImpl@7de147e9]
2019-02-08 12:52:15 DEBUG MetamodelGraphWalker:139 - Visiting attribute path : adress
2019-02-08 12:52:15 DEBUG MetamodelGraphWalker:139 - Visiting attribute path : firstName
2019-02-08 12:52:15 DEBUG MetamodelGraphWalker:139 - Visiting attribute path : lastName
2019-02-08 12:52:15 DEBUG MetamodelGraphWalker:139 - Visiting attribute path : nameOrganization
2019-02-08 12:52:15 DEBUG FetchStyleLoadPlanBuildingAssociationVisitationStrategy:150 - Building LoadPlan...
2019-02-08 12:52:15 DEBUG LoadQueryJoinAndFetchProcessor:119 - processing queryspace &lt;gen:0&gt;
2019-02-08 12:52:15 DEBUG LoadPlanTreePrinter:55 - LoadPlan(entity=ua.profitsoft.strymeneshenko.data.Client)
    - Returns
       - EntityReturnImpl(entity=ua.profitsoft.strymeneshenko.data.Client, querySpaceUid=&lt;gen:0&gt;, path=ua.profitsoft.strymeneshenko.data.Client)
    - QuerySpaces
       - EntityQuerySpaceImpl(uid=&lt;gen:0&gt;, entity=ua.profitsoft.strymeneshenko.data.Client)
          - SQL table alias mapping - client0_
          - alias suffix - 0_
          - suffixed key columns - {id1_0_0_}

2019-02-08 12:52:15 DEBUG EntityLoader:137 - Static select for entity ua.profitsoft.strymeneshenko.data.Client [READ]: select client0_.id as id1_0_0_, client0_.adress as adress3_0_0_, client0_.firstName as firstNam4_0_0_, client0_.lastName as lastName5_0_0_, client0_.nameOrganization as nameOrga6_0_0_, client0_.CLIENT_TYPE as CLIENT_T2_0_0_ from client client0_ where client0_.id=?
2019-02-08 12:52:15 DEBUG Loader:38 - Static select for action ACTION_MERGE on entity ua.profitsoft.strymeneshenko.data.Client: select client0_.id as id1_0_0_, client0_.adress as adress3_0_0_, client0_.firstName as firstNam4_0_0_, client0_.lastName as lastName5_0_0_, client0_.nameOrganization as nameOrga6_0_0_, client0_.CLIENT_TYPE as CLIENT_T2_0_0_ from client client0_ where client0_.id=?
2019-02-08 12:52:15 DEBUG Loader:38 - Static select for action ACTION_REFRESH on entity ua.profitsoft.strymeneshenko.data.Client: select client0_.id as id1_0_0_, client0_.adress as adress3_0_0_, client0_.firstName as firstNam4_0_0_, client0_.lastName as lastName5_0_0_, client0_.nameOrganization as nameOrga6_0_0_, client0_.CLIENT_TYPE as CLIENT_T2_0_0_ from client client0_ where client0_.id=?
2019-02-08 12:52:15 DEBUG QuerySpacesImpl:174 - Adding QuerySpace : uid = &lt;gen:0&gt; -&gt; org.hibernate.loader.plan.build.internal.spaces.CollectionQuerySpaceImpl@37d699a1]
2019-02-08 12:52:15 DEBUG QuerySpacesImpl:174 - Adding QuerySpace : uid = &lt;gen:1&gt; -&gt; org.hibernate.loader.plan.build.internal.spaces.EntityQuerySpaceImpl@7f42b194]
2019-02-08 12:52:15 DEBUG MetamodelGraphWalker:139 - Visiting attribute path : firstName
2019-02-08 12:52:15 DEBUG MetamodelGraphWalker:139 - Visiting attribute path : lastName
2019-02-08 12:52:15 DEBUG MetamodelGraphWalker:139 - Visiting attribute path : dateOfBirth
2019-02-08 12:52:15 DEBUG MetamodelGraphWalker:139 - Visiting attribute path : cost
2019-02-08 12:52:15 DEBUG MetamodelGraphWalker:139 - Visiting attribute path : identificationNumber
2019-02-08 12:52:15 DEBUG FetchStyleLoadPlanBuildingAssociationVisitationStrategy:150 - Building LoadPlan...
2019-02-08 12:52:15 DEBUG LoadQueryJoinAndFetchProcessor:119 - processing queryspace &lt;gen:0&gt;
2019-02-08 12:52:15 DEBUG LoadPlanTreePrinter:55 - LoadPlan(collection=ua.profitsoft.strymeneshenko.data.Contract.persons)
    - Returns
       - CollectionReturnImpl(collection=ua.profitsoft.strymeneshenko.data.Contract.persons, querySpaceUid=&lt;gen:0&gt;, path=[ua.profitsoft.strymeneshenko.data.Contract.persons])
          - (collection element) CollectionFetchableElementEntityGraph(entity=ua.profitsoft.strymeneshenko.data.InsuredPerson, querySpaceUid=&lt;gen:1&gt;, path=[ua.profitsoft.strymeneshenko.data.Contract.persons].&lt;elements&gt;)
    - QuerySpaces
       - CollectionQuerySpaceImpl(uid=&lt;gen:0&gt;, collection=ua.profitsoft.strymeneshenko.data.Contract.persons)
          - SQL table alias mapping - persons0_
          - alias suffix - 0_
          - suffixed key columns - {Contract1_2_0_}
          - entity-element alias suffix - 1_
          - 1_entity-element suffixed key columns - id1_3_1_
          - JOIN (JoinDefinedByMetadata(elements)) : &lt;gen:0&gt; -&gt; &lt;gen:1&gt;
             - EntityQuerySpaceImpl(uid=&lt;gen:1&gt;, entity=ua.profitsoft.strymeneshenko.data.InsuredPerson)
                - SQL table alias mapping - insuredper1_
                - alias suffix - 1_
                - suffixed key columns - {id1_3_1_}

2019-02-08 12:52:15 DEBUG CollectionLoader:83 - Static select for collection ua.profitsoft.strymeneshenko.data.Contract.persons: select persons0_.Contract_number as Contract1_2_0_, persons0_.InsuredPerson_id as InsuredP2_2_0_, insuredper1_.id as id1_3_1_, insuredper1_.firstName as firstNam2_3_1_, insuredper1_.lastName as lastName3_3_1_, insuredper1_.dateOfBirth as dateOfBi4_3_1_, insuredper1_.cost as cost5_3_1_, insuredper1_.identificationNumber as identifi6_3_1_ from contract_insuredperson persons0_ inner join insuredperson insuredper1_ on persons0_.InsuredPerson_id=insuredper1_.id where persons0_.Contract_number=?
2019-02-08 12:52:15 INFO  access:47 - HHH10001501: Connection obtained from JdbcConnectionAccess [org.hibernate.engine.jdbc.env.internal.JdbcEnvironmentInitiator$ConnectionProviderJdbcConnectionAccess@e26a3df] for (non-JTA) DDL execution was not in auto-commit mode; the Connection &apos;local transaction&apos; will be committed and the Connection will be set into auto-commit mode.
2019-02-08 12:52:15 DEBUG Table:528 - No alter strings for table : client
2019-02-08 12:52:15 DEBUG Table:528 - No alter strings for table : contract
2019-02-08 12:52:15 DEBUG Table:528 - No alter strings for table : contract_insuredperson
2019-02-08 12:52:15 DEBUG Table:528 - No alter strings for table : insuredperson
2019-02-08 12:52:15 DEBUG JtaPlatformInitiator:43 - No JtaPlatform was specified, checking resolver
2019-02-08 12:52:15 DEBUG JtaPlatformResolverInitiator:33 - No JtaPlatformResolver was specified, using default [org.hibernate.engine.transaction.jta.platform.internal.StandardJtaPlatformResolver]
2019-02-08 12:52:15 DEBUG StandardJtaPlatformResolver:129 - Could not resolve JtaPlatform, using default [org.hibernate.engine.transaction.jta.platform.internal.NoJtaPlatform]
2019-02-08 12:52:15 DEBUG NamedQueryRepository:151 - Checking 0 named HQL queries
2019-02-08 12:52:15 DEBUG NamedQueryRepository:167 - Checking 0 named SQL queries
2019-02-08 12:52:15 DEBUG SessionFactoryRegistry:74 - Registering SessionFactory: 7b1f59ae-55b9-4239-a634-b01aa2a3f848 (&lt;unnamed&gt;)
2019-02-08 12:52:15 DEBUG SessionFactoryRegistry:81 - Not binding SessionFactory to JNDI, no JNDI name configured
2019-02-08 12:52:15 DEBUG StatisticsInitiator:101 - Statistics initialized [enabled=false]
2019-02-08 12:52:15 DEBUG TransactionImpl:56 - On TransactionImpl creation, JpaCompliance#isJpaTransactionComplianceEnabled == false
2019-02-08 12:52:15 DEBUG TransactionImpl:78 - begin
2019-02-08 12:52:15 DEBUG ActionQueue:281 - Executing identity-insert immediately
2019-02-08 12:52:15 DEBUG SQL:94 - insert into insuredperson (firstName, lastName, dateOfBirth, cost, identificationNumber) values (?, ?, ?, ?, ?)
Hibernate: insert into insuredperson (firstName, lastName, dateOfBirth, cost, identificationNumber) values (?, ?, ?, ?, ?)
2019-02-08 12:52:15 DEBUG SqlExceptionHelper:126 - could not execute statement [n/a]
java.sql.SQLIntegrityConstraintViolationException: Column &apos;firstName&apos; cannot be null
	at com.mysql.cj.jdbc.exceptions.SQLError.createSQLException(SQLError.java:117)
	at com.mysql.cj.jdbc.exceptions.SQLError.createSQLException(SQLError.java:97)
	at com.mysql.cj.jdbc.exceptions.SQLExceptionsMapping.translateException(SQLExceptionsMapping.java:122)
	at com.mysql.cj.jdbc.ClientPreparedStatement.executeInternal(ClientPreparedStatement.java:974)
	at com.mysql.cj.jdbc.ClientPreparedStatement.executeUpdateInternal(ClientPreparedStatement.java:1113)
	at com.mysql.cj.jdbc.ClientPreparedStatement.executeUpdateInternal(ClientPreparedStatement.java:1061)
	at com.mysql.cj.jdbc.ClientPreparedStatement.executeLargeUpdate(ClientPreparedStatement.java:1381)
	at com.mysql.cj.jdbc.ClientPreparedStatement.executeUpdate(ClientPreparedStatement.java:1046)
	at org.hibernate.engine.jdbc.internal.ResultSetReturnImpl.executeUpdate(ResultSetReturnImpl.java:175)
	at org.hibernate.dialect.identity.GetGeneratedKeysDelegate.executeAndExtract(GetGeneratedKeysDelegate.java:57)
	at org.hibernate.id.insert.AbstractReturningDelegate.performInsert(AbstractReturningDelegate.java:42)
	at org.hibernate.persister.entity.AbstractEntityPersister.insert(AbstractEntityPersister.java:3072)
	at org.hibernate.persister.entity.AbstractEntityPersister.insert(AbstractEntityPersister.java:3663)
	at org.hibernate.action.internal.EntityIdentityInsertAction.execute(EntityIdentityInsertAction.java:81)
	at org.hibernate.engine.spi.ActionQueue.execute(ActionQueue.java:645)
	at org.hibernate.engine.spi.ActionQueue.addResolvedEntityInsertAction(ActionQueue.java:282)
	at org.hibernate.engine.spi.ActionQueue.addInsertAction(ActionQueue.java:263)
	at org.hibernate.engine.spi.ActionQueue.addAction(ActionQueue.java:317)
	at org.hibernate.event.internal.AbstractSaveEventListener.addInsertAction(AbstractSaveEventListener.java:359)
	at org.hibernate.event.internal.AbstractSaveEventListener.performSaveOrReplicate(AbstractSaveEventListener.java:292)
	at org.hibernate.event.internal.AbstractSaveEventListener.performSave(AbstractSaveEventListener.java:200)
	at org.hibernate.event.internal.AbstractSaveEventListener.saveWithGeneratedId(AbstractSaveEventListener.java:131)
	at org.hibernate.event.internal.DefaultSaveOrUpdateEventListener.saveWithGeneratedOrRequestedId(DefaultSaveOrUpdateEventListener.java:192)
	at org.hibernate.event.internal.DefaultSaveEventListener.saveWithGeneratedOrRequestedId(DefaultSaveEventListener.java:38)
	at org.hibernate.event.internal.DefaultSaveOrUpdateEventListener.entityIsTransient(DefaultSaveOrUpdateEventListener.java:177)
	at org.hibernate.event.internal.DefaultSaveEventListener.performSaveOrUpdate(DefaultSaveEventListener.java:32)
	at org.hibernate.event.internal.DefaultSaveOrUpdateEventListener.onSaveOrUpdate(DefaultSaveOrUpdateEventListener.java:73)
	at org.hibernate.internal.SessionImpl.fireSave(SessionImpl.java:709)
	at org.hibernate.internal.SessionImpl.save(SessionImpl.java:701)
	at org.hibernate.internal.SessionImpl.save(SessionImpl.java:696)
	at ua.profitsoft.strymeneshenko.db.dao.hibernate.InsuredPersonHibernateDAO.create(InsuredPersonHibernateDAO.java:18)
	at ua.profitsoft.strymeneshenko.db.dao.hibernate.InsuredPersonHibernateDAO.create(InsuredPersonHibernateDAO.java:13)
	at ua.profitsoft.strymeneshenko.service.IService.create(IService.java:12)
	at ua.profitsoft.strymeneshenko.service.IService$$FastClassBySpringCGLIB$$e5fe419c.invoke(&lt;generated&gt;)
	at org.springframework.cglib.proxy.MethodProxy.invoke(MethodProxy.java:204)
	at org.springframework.aop.framework.CglibAopProxy$CglibMethodInvocation.invokeJoinpoint(CglibAopProxy.java:736)
	at org.springframework.aop.framework.ReflectiveMethodInvocation.proceed(ReflectiveMethodInvocation.java:157)
	at org.springframework.transaction.interceptor.TransactionInterceptor$1.proceedWithInvocation(TransactionInterceptor.java:99)
	at org.springframework.transaction.interceptor.TransactionAspectSupport.invokeWithinTransaction(TransactionAspectSupport.java:282)
	at org.springframework.transaction.interceptor.TransactionInterceptor.invoke(TransactionInterceptor.java:96)
	at org.springframework.aop.framework.ReflectiveMethodInvocation.proceed(ReflectiveMethodInvocation.java:179)
	at org.springframework.aop.framework.CglibAopProxy$DynamicAdvisedInterceptor.intercept(CglibAopProxy.java:671)
	at ua.profitsoft.strymeneshenko.service.InsuredPersonService$$EnhancerBySpringCGLIB$$b1863283.create(&lt;generated&gt;)
	at ua.profitsoft.strymeneshenko.controllers.mvc.AddInsuredPersonController.goEdit(AddInsuredPersonController.java:38)
	at sun.reflect.NativeMethodAccessorImpl.invoke0(Native Method)
	at sun.reflect.NativeMethodAccessorImpl.invoke(NativeMethodAccessorImpl.java:62)
	at sun.reflect.DelegatingMethodAccessorImpl.invoke(DelegatingMethodAccessorImpl.java:43)
	at java.lang.reflect.Method.invoke(Method.java:498)
	at org.springframework.web.method.support.InvocableHandlerMethod.doInvoke(InvocableHandlerMethod.java:221)
	at org.springframework.web.method.support.InvocableHandlerMethod.invokeForRequest(InvocableHandlerMethod.java:137)
	at org.springframework.web.servlet.mvc.method.annotation.ServletInvocableHandlerMethod.invokeAndHandle(ServletInvocableHandlerMethod.java:110)
	at org.springframework.web.servlet.mvc.method.annotation.RequestMappingHandlerAdapter.invokeHandlerMethod(RequestMappingHandlerAdapter.java:806)
	at org.springframework.web.servlet.mvc.method.annotation.RequestMappingHandlerAdapter.handleInternal(RequestMappingHandlerAdapter.java:729)
	at org.springframework.web.servlet.mvc.method.AbstractHandlerMethodAdapter.handle(AbstractHandlerMethodAdapter.java:85)
	at org.springframework.web.servlet.DispatcherServlet.doDispatch(DispatcherServlet.java:959)
	at org.springframework.web.servlet.DispatcherServlet.doService(DispatcherServlet.java:893)
	at org.springframework.web.servlet.FrameworkServlet.processRequest(FrameworkServlet.java:970)
	at org.springframework.web.servlet.FrameworkServlet.doPost(FrameworkServlet.java:872)
	at javax.servlet.http.HttpServlet.service(HttpServlet.java:707)
	at org.springframework.web.servlet.FrameworkServlet.service(FrameworkServlet.java:846)
	at org.springframework.test.web.servlet.TestDispatcherServlet.service(TestDispatcherServlet.java:71)
	at javax.servlet.http.HttpServlet.service(HttpServlet.java:790)
	at org.springframework.mock.web.MockFilterChain$ServletFilterProxy.doFilter(MockFilterChain.java:160)
	at org.springframework.mock.web.MockFilterChain.doFilter(MockFilterChain.java:127)
	at org.springframework.test.web.servlet.MockMvc.perform(MockMvc.java:151)
	at ua.profitsoft.strymeneshenko.controllers.mvc.AddInsuredPersonControllerTest.goEdit(AddInsuredPersonControllerTest.java:37)
	at sun.reflect.NativeMethodAccessorImpl.invoke0(Native Method)
	at sun.reflect.NativeMethodAccessorImpl.invoke(NativeMethodAccessorImpl.java:62)
	at sun.reflect.DelegatingMethodAccessorImpl.invoke(DelegatingMethodAccessorImpl.java:43)
	at java.lang.reflect.Method.invoke(Method.java:498)
	at org.junit.runners.model.FrameworkMethod$1.runReflectiveCall(FrameworkMethod.java:59)
	at org.junit.internal.runners.model.ReflectiveCallable.run(ReflectiveCallable.java:12)
	at org.junit.runners.model.FrameworkMethod.invokeExplosively(FrameworkMethod.java:56)
	at org.junit.internal.runners.statements.InvokeMethod.evaluate(InvokeMethod.java:17)
	at org.junit.internal.runners.statements.RunBefores.evaluate(RunBefores.java:26)
	at org.springframework.test.context.junit4.statements.RunBeforeTestMethodCallbacks.evaluate(RunBeforeTestMethodCallbacks.java:75)
	at org.springframework.test.context.junit4.statements.RunAfterTestMethodCallbacks.evaluate(RunAfterTestMethodCallbacks.java:86)
	at org.springframework.test.context.junit4.statements.SpringRepeat.evaluate(SpringRepeat.java:84)
	at org.junit.runners.ParentRunner.runLeaf(ParentRunner.java:365)
	at org.springframework.test.context.junit4.SpringJUnit4ClassRunner.runChild(SpringJUnit4ClassRunner.java:252)
	at org.springframework.test.context.junit4.SpringJUnit4ClassRunner.runChild(SpringJUnit4ClassRunner.java:94)
	at org.junit.runners.ParentRunner$4.run(ParentRunner.java:330)
	at org.junit.runners.ParentRunner$1.schedule(ParentRunner.java:78)
	at org.junit.runners.ParentRunner.runChildren(ParentRunner.java:328)
	at org.junit.runners.ParentRunner.access$100(ParentRunner.java:65)
	at org.junit.runners.ParentRunner$2.evaluate(ParentRunner.java:292)
	at org.springframework.test.context.junit4.statements.RunBeforeTestClassCallbacks.evaluate(RunBeforeTestClassCallbacks.java:61)
	at org.springframework.test.context.junit4.statements.RunAfterTestClassCallbacks.evaluate(RunAfterTestClassCallbacks.java:70)
	at org.junit.runners.ParentRunner$3.evaluate(ParentRunner.java:305)
	at org.junit.runners.ParentRunner.run(ParentRunner.java:412)
	at org.springframework.test.context.junit4.SpringJUnit4ClassRunner.run(SpringJUnit4ClassRunner.java:191)
	at org.apache.maven.surefire.junit4.JUnit4Provider.execute(JUnit4Provider.java:252)
	at org.apache.maven.surefire.junit4.JUnit4Provider.executeTestSet(JUnit4Provider.java:141)
	at org.apache.maven.surefire.junit4.JUnit4Provider.invoke(JUnit4Provider.java:112)
	at sun.reflect.NativeMethodAccessorImpl.invoke0(Native Method)
	at sun.reflect.NativeMethodAccessorImpl.invoke(NativeMethodAccessorImpl.java:62)
	at sun.reflect.DelegatingMethodAccessorImpl.invoke(DelegatingMethodAccessorImpl.java:43)
	at java.lang.reflect.Method.invoke(Method.java:498)
	at org.apache.maven.surefire.util.ReflectionUtils.invokeMethodWithArray(ReflectionUtils.java:189)
	at org.apache.maven.surefire.booter.ProviderFactory$ProviderProxy.invoke(ProviderFactory.java:165)
	at org.apache.maven.surefire.booter.ProviderFactory.invokeProvider(ProviderFactory.java:85)
	at org.apache.maven.surefire.booter.ForkedBooter.runSuitesInProcess(ForkedBooter.java:115)
	at org.apache.maven.surefire.booter.ForkedBooter.main(ForkedBooter.java:75)
2019-02-08 12:52:15 WARN  SqlExceptionHelper:137 - SQL Error: 1048, SQLState: 23000
2019-02-08 12:52:15 ERROR SqlExceptionHelper:142 - Column &apos;firstName&apos; cannot be null
2019-02-08 12:52:15 DEBUG HibernateTransactionManager:855 - Initiating transaction rollback
2019-02-08 12:52:15 DEBUG HibernateTransactionManager:604 - Rolling back Hibernate transaction on Session [SessionImpl(2131723476&lt;open&gt;)]
2019-02-08 12:52:15 DEBUG TransactionImpl:136 - rolling back
2019-02-08 12:52:15 DEBUG HibernateTransactionManager:680 - Closing Hibernate Session [SessionImpl(2131723476&lt;open&gt;)] after transaction
2019-02-08 12:52:15 DEBUG ExceptionHandlerExceptionResolver:133 - Resolving exception from handler [public org.springframework.web.servlet.ModelAndView ua.profitsoft.strymeneshenko.controllers.mvc.AddInsuredPersonController.goEdit(ua.profitsoft.strymeneshenko.data.InsuredPerson,org.springframework.validation.BindingResult) throws java.lang.Exception]: org.hibernate.exception.ConstraintViolationException: could not execute statement
2019-02-08 12:52:15 DEBUG ResponseStatusExceptionResolver:133 - Resolving exception from handler [public org.springframework.web.servlet.ModelAndView ua.profitsoft.strymeneshenko.controllers.mvc.AddInsuredPersonController.goEdit(ua.profitsoft.strymeneshenko.data.InsuredPerson,org.springframework.validation.BindingResult) throws java.lang.Exception]: org.hibernate.exception.ConstraintViolationException: could not execute statement
2019-02-08 12:52:15 DEBUG DefaultHandlerExceptionResolver:133 - Resolving exception from handler [public org.springframework.web.servlet.ModelAndView ua.profitsoft.strymeneshenko.controllers.mvc.AddInsuredPersonController.goEdit(ua.profitsoft.strymeneshenko.data.InsuredPerson,org.springframework.validation.BindingResult) throws java.lang.Exception]: org.hibernate.exception.ConstraintViolationException: could not execute statement
2019-02-08 12:52:15 DEBUG TestDispatcherServlet:993 - Could not complete request
org.hibernate.exception.ConstraintViolationException: could not execute statement
	at org.hibernate.exception.internal.SQLExceptionTypeDelegate.convert(SQLExceptionTypeDelegate.java:59)
	at org.hibernate.exception.internal.StandardSQLExceptionConverter.convert(StandardSQLExceptionConverter.java:42)
	at org.hibernate.engine.jdbc.spi.SqlExceptionHelper.convert(SqlExceptionHelper.java:113)
	at org.hibernate.engine.jdbc.spi.SqlExceptionHelper.convert(SqlExceptionHelper.java:99)
	at org.hibernate.engine.jdbc.internal.ResultSetReturnImpl.executeUpdate(ResultSetReturnImpl.java:178)
	at org.hibernate.dialect.identity.GetGeneratedKeysDelegate.executeAndExtract(GetGeneratedKeysDelegate.java:57)
	at org.hibernate.id.insert.AbstractReturningDelegate.performInsert(AbstractReturningDelegate.java:42)
	at org.hibernate.persister.entity.AbstractEntityPersister.insert(AbstractEntityPersister.java:3072)
	at org.hibernate.persister.entity.AbstractEntityPersister.insert(AbstractEntityPersister.java:3663)
	at org.hibernate.action.internal.EntityIdentityInsertAction.execute(EntityIdentityInsertAction.java:81)
	at org.hibernate.engine.spi.ActionQueue.execute(ActionQueue.java:645)
	at org.hibernate.engine.spi.ActionQueue.addResolvedEntityInsertAction(ActionQueue.java:282)
	at org.hibernate.engine.spi.ActionQueue.addInsertAction(ActionQueue.java:263)
	at org.hibernate.engine.spi.ActionQueue.addAction(ActionQueue.java:317)
	at org.hibernate.event.internal.AbstractSaveEventListener.addInsertAction(AbstractSaveEventListener.java:359)
	at org.hibernate.event.internal.AbstractSaveEventListener.performSaveOrReplicate(AbstractSaveEventListener.java:292)
	at org.hibernate.event.internal.AbstractSaveEventListener.performSave(AbstractSaveEventListener.java:200)
	at org.hibernate.event.internal.AbstractSaveEventListener.saveWithGeneratedId(AbstractSaveEventListener.java:131)
	at org.hibernate.event.internal.DefaultSaveOrUpdateEventListener.saveWithGeneratedOrRequestedId(DefaultSaveOrUpdateEventListener.java:192)
	at org.hibernate.event.internal.DefaultSaveEventListener.saveWithGeneratedOrRequestedId(DefaultSaveEventListener.java:38)
	at org.hibernate.event.internal.DefaultSaveOrUpdateEventListener.entityIsTransient(DefaultSaveOrUpdateEventListener.java:177)
	at org.hibernate.event.internal.DefaultSaveEventListener.performSaveOrUpdate(DefaultSaveEventListener.java:32)
	at org.hibernate.event.internal.DefaultSaveOrUpdateEventListener.onSaveOrUpdate(DefaultSaveOrUpdateEventListener.java:73)
	at org.hibernate.internal.SessionImpl.fireSave(SessionImpl.java:709)
	at org.hibernate.internal.SessionImpl.save(SessionImpl.java:701)
	at org.hibernate.internal.SessionImpl.save(SessionImpl.java:696)
	at ua.profitsoft.strymeneshenko.db.dao.hibernate.InsuredPersonHibernateDAO.create(InsuredPersonHibernateDAO.java:18)
	at ua.profitsoft.strymeneshenko.db.dao.hibernate.InsuredPersonHibernateDAO.create(InsuredPersonHibernateDAO.java:13)
	at ua.profitsoft.strymeneshenko.service.IService.create(IService.java:12)
	at ua.profitsoft.strymeneshenko.service.IService$$FastClassBySpringCGLIB$$e5fe419c.invoke(&lt;generated&gt;)
	at org.springframework.cglib.proxy.MethodProxy.invoke(MethodProxy.java:204)
	at org.springframework.aop.framework.CglibAopProxy$CglibMethodInvocation.invokeJoinpoint(CglibAopProxy.java:736)
	at org.springframework.aop.framework.ReflectiveMethodInvocation.proceed(ReflectiveMethodInvocation.java:157)
	at org.springframework.transaction.interceptor.TransactionInterceptor$1.proceedWithInvocation(TransactionInterceptor.java:99)
	at org.springframework.transaction.interceptor.TransactionAspectSupport.invokeWithinTransaction(TransactionAspectSupport.java:282)
	at org.springframework.transaction.interceptor.TransactionInterceptor.invoke(TransactionInterceptor.java:96)
	at org.springframework.aop.framework.ReflectiveMethodInvocation.proceed(ReflectiveMethodInvocation.java:179)
	at org.springframework.aop.framework.CglibAopProxy$DynamicAdvisedInterceptor.intercept(CglibAopProxy.java:671)
	at ua.profitsoft.strymeneshenko.service.InsuredPersonService$$EnhancerBySpringCGLIB$$b1863283.create(&lt;generated&gt;)
	at ua.profitsoft.strymeneshenko.controllers.mvc.AddInsuredPersonController.goEdit(AddInsuredPersonController.java:38)
	at sun.reflect.NativeMethodAccessorImpl.invoke0(Native Method)
	at sun.reflect.NativeMethodAccessorImpl.invoke(NativeMethodAccessorImpl.java:62)
	at sun.reflect.DelegatingMethodAccessorImpl.invoke(DelegatingMethodAccessorImpl.java:43)
	at java.lang.reflect.Method.invoke(Method.java:498)
	at org.springframework.web.method.support.InvocableHandlerMethod.doInvoke(InvocableHandlerMethod.java:221)
	at org.springframework.web.method.support.InvocableHandlerMethod.invokeForRequest(InvocableHandlerMethod.java:137)
	at org.springframework.web.servlet.mvc.method.annotation.ServletInvocableHandlerMethod.invokeAndHandle(ServletInvocableHandlerMethod.java:110)
	at org.springframework.web.servlet.mvc.method.annotation.RequestMappingHandlerAdapter.invokeHandlerMethod(RequestMappingHandlerAdapter.java:806)
	at org.springframework.web.servlet.mvc.method.annotation.RequestMappingHandlerAdapter.handleInternal(RequestMappingHandlerAdapter.java:729)
	at org.springframework.web.servlet.mvc.method.AbstractHandlerMethodAdapter.handle(AbstractHandlerMethodAdapter.java:85)
	at org.springframework.web.servlet.DispatcherServlet.doDispatch(DispatcherServlet.java:959)
	at org.springframework.web.servlet.DispatcherServlet.doService(DispatcherServlet.java:893)
	at org.springframework.web.servlet.FrameworkServlet.processRequest(FrameworkServlet.java:970)
	at org.springframework.web.servlet.FrameworkServlet.doPost(FrameworkServlet.java:872)
	at javax.servlet.http.HttpServlet.service(HttpServlet.java:707)
	at org.springframework.web.servlet.FrameworkServlet.service(FrameworkServlet.java:846)
	at org.springframework.test.web.servlet.TestDispatcherServlet.service(TestDispatcherServlet.java:71)
	at javax.servlet.http.HttpServlet.service(HttpServlet.java:790)
	at org.springframework.mock.web.MockFilterChain$ServletFilterProxy.doFilter(MockFilterChain.java:160)
	at org.springframework.mock.web.MockFilterChain.doFilter(MockFilterChain.java:127)
	at org.springframework.test.web.servlet.MockMvc.perform(MockMvc.java:151)
	at ua.profitsoft.strymeneshenko.controllers.mvc.AddInsuredPersonControllerTest.goEdit(AddInsuredPersonControllerTest.java:37)
	at sun.reflect.NativeMethodAccessorImpl.invoke0(Native Method)
	at sun.reflect.NativeMethodAccessorImpl.invoke(NativeMethodAccessorImpl.java:62)
	at sun.reflect.DelegatingMethodAccessorImpl.invoke(DelegatingMethodAccessorImpl.java:43)
	at java.lang.reflect.Method.invoke(Method.java:498)
	at org.junit.runners.model.FrameworkMethod$1.runReflectiveCall(FrameworkMethod.java:59)
	at org.junit.internal.runners.model.ReflectiveCallable.run(ReflectiveCallable.java:12)
	at org.junit.runners.model.FrameworkMethod.invokeExplosively(FrameworkMethod.java:56)
	at org.junit.internal.runners.statements.InvokeMethod.evaluate(InvokeMethod.java:17)
	at org.junit.internal.runners.statements.RunBefores.evaluate(RunBefores.java:26)
	at org.springframework.test.context.junit4.statements.RunBeforeTestMethodCallbacks.evaluate(RunBeforeTestMethodCallbacks.java:75)
	at org.springframework.test.context.junit4.statements.RunAfterTestMethodCallbacks.evaluate(RunAfterTestMethodCallbacks.java:86)
	at org.springframework.test.context.junit4.statements.SpringRepeat.evaluate(SpringRepeat.java:84)
	at org.junit.runners.ParentRunner.runLeaf(ParentRunner.java:365)
	at org.springframework.test.context.junit4.SpringJUnit4ClassRunner.runChild(SpringJUnit4ClassRunner.java:252)
	at org.springframework.test.context.junit4.SpringJUnit4ClassRunner.runChild(SpringJUnit4ClassRunner.java:94)
	at org.junit.runners.ParentRunner$4.run(ParentRunner.java:330)
	at org.junit.runners.ParentRunner$1.schedule(ParentRunner.java:78)
	at org.junit.runners.ParentRunner.runChildren(ParentRunner.java:328)
	at org.junit.runners.ParentRunner.access$100(ParentRunner.java:65)
	at org.junit.runners.ParentRunner$2.evaluate(ParentRunner.java:292)
	at org.springframework.test.context.junit4.statements.RunBeforeTestClassCallbacks.evaluate(RunBeforeTestClassCallbacks.java:61)
	at org.springframework.test.context.junit4.statements.RunAfterTestClassCallbacks.evaluate(RunAfterTestClassCallbacks.java:70)
	at org.junit.runners.ParentRunner$3.evaluate(ParentRunner.java:305)
	at org.junit.runners.ParentRunner.run(ParentRunner.java:412)
	at org.springframework.test.context.junit4.SpringJUnit4ClassRunner.run(SpringJUnit4ClassRunner.java:191)
	at org.apache.maven.surefire.junit4.JUnit4Provider.execute(JUnit4Provider.java:252)
	at org.apache.maven.surefire.junit4.JUnit4Provider.executeTestSet(JUnit4Provider.java:141)
	at org.apache.maven.surefire.junit4.JUnit4Provider.invoke(JUnit4Provider.java:112)
	at sun.reflect.NativeMethodAccessorImpl.invoke0(Native Method)
	at sun.reflect.NativeMethodAccessorImpl.invoke(NativeMethodAccessorImpl.java:62)
	at sun.reflect.DelegatingMethodAccessorImpl.invoke(DelegatingMethodAccessorImpl.java:43)
	at java.lang.reflect.Method.invoke(Method.java:498)
	at org.apache.maven.surefire.util.ReflectionUtils.invokeMethodWithArray(ReflectionUtils.java:189)
	at org.apache.maven.surefire.booter.ProviderFactory$ProviderProxy.invoke(ProviderFactory.java:165)
	at org.apache.maven.surefire.booter.ProviderFactory.invokeProvider(ProviderFactory.java:85)
	at org.apache.maven.surefire.booter.ForkedBooter.runSuitesInProcess(ForkedBooter.java:115)
	at org.apache.maven.surefire.booter.ForkedBooter.main(ForkedBooter.java:75)
Caused by: java.sql.SQLIntegrityConstraintViolationException: Column &apos;firstName&apos; cannot be null
	at com.mysql.cj.jdbc.exceptions.SQLError.createSQLException(SQLError.java:117)
	at com.mysql.cj.jdbc.exceptions.SQLError.createSQLException(SQLError.java:97)
	at com.mysql.cj.jdbc.exceptions.SQLExceptionsMapping.translateException(SQLExceptionsMapping.java:122)
	at com.mysql.cj.jdbc.ClientPreparedStatement.executeInternal(ClientPreparedStatement.java:974)
	at com.mysql.cj.jdbc.ClientPreparedStatement.executeUpdateInternal(ClientPreparedStatement.java:1113)
	at com.mysql.cj.jdbc.ClientPreparedStatement.executeUpdateInternal(ClientPreparedStatement.java:1061)
	at com.mysql.cj.jdbc.ClientPreparedStatement.executeLargeUpdate(ClientPreparedStatement.java:1381)
	at com.mysql.cj.jdbc.ClientPreparedStatement.executeUpdate(ClientPreparedStatement.java:1046)
	at org.hibernate.engine.jdbc.internal.ResultSetReturnImpl.executeUpdate(ResultSetReturnImpl.java:175)
	... 94 more
2019-02-08 12:52:15 DEBUG AbstractDirtiesContextTestExecutionListener:106 - After test method: context [DefaultTestContext@30b8a058 testClass = AddInsuredPersonControllerTest, testInstance = ua.profitsoft.strymeneshenko.controllers.mvc.AddInsuredPersonControllerTest@5d352de0, testMethod = goEdit@AddInsuredPersonControllerTest, testException = org.springframework.web.util.NestedServletException: Request processing failed; nested exception is org.hibernate.exception.ConstraintViolationException: could not execute statement, mergedContextConfiguration = [WebMergedContextConfiguration@7494e528 testClass = AddInsuredPersonControllerTest, locations = &apos;{classpath:mvc-context.xml}&apos;, classes = &apos;{}&apos;, contextInitializerClasses = &apos;[]&apos;, activeProfiles = &apos;{}&apos;, propertySourceLocations = &apos;{}&apos;, propertySourceProperties = &apos;{}&apos;, contextCustomizers = set[[empty]], resourceBasePath = &apos;src/main/webapp&apos;, contextLoader = &apos;org.springframework.test.context.web.WebDelegatingSmartContextLoader&apos;, parent = [null]]], class annotated with @DirtiesContext [false] with mode [null], method annotated with @DirtiesContext [false] with mode [null].
2019-02-08 12:52:15 DEBUG ServletTestExecutionListener:165 - Resetting RequestContextHolder for test context [DefaultTestContext@30b8a058 testClass = AddInsuredPersonControllerTest, testInstance = ua.profitsoft.strymeneshenko.controllers.mvc.AddInsuredPersonControllerTest@5d352de0, testMethod = goEdit@AddInsuredPersonControllerTest, testException = org.springframework.web.util.NestedServletException: Request processing failed; nested exception is org.hibernate.exception.ConstraintViolationException: could not execute statement, mergedContextConfiguration = [WebMergedContextConfiguration@7494e528 testClass = AddInsuredPersonControllerTest, locations = &apos;{classpath:mvc-context.xml}&apos;, classes = &apos;{}&apos;, contextInitializerClasses = &apos;[]&apos;, activeProfiles = &apos;{}&apos;, propertySourceLocations = &apos;{}&apos;, propertySourceProperties = &apos;{}&apos;, contextCustomizers = set[[empty]], resourceBasePath = &apos;src/main/webapp&apos;, contextLoader = &apos;org.springframework.test.context.web.WebDelegatingSmartContextLoader&apos;, parent = [null]]].
</system-out>
  </testcase>
</testsuite>